14492 7507 734
Valid size: 2870
Epoch 0
P, R, F1:
1 1
0 0
0 0
P, R, F1:
1 1
0 0
0 0
P, R, F1
1 1
0 0
0 0

Epoch 5
P, R, F1:
1 1
0 0
0 0
P, R, F1:
1 1
0 0
0 0
P, R, F1
1 1
0 0
0 0

Epoch 10
P, R, F1:
1 1
0 0
0 0
P, R, F1:
1 1
0 0
0 0
P, R, F1
1 1
0 0
0 0

Epoch 15
P, R, F1:
          1           1
0.000233333 0.000666667
0.000466558  0.00133245
P, R, F1:
   0.666667    0.666667
 0.00027355 0.000895255
0.000546876  0.00178811
P, R, F1
1 1
0 0
0 0

Epoch 20
P, R, F1:
  0.475862   0.475862
 0.0050479      0.021
0.00998983  0.0402249
P, R, F1:
  0.548387   0.564516
0.00340854  0.0134288
0.00677496  0.0262336
P, R, F1
  0.571429   0.571429
0.00602015  0.0297872
 0.0119148  0.0566229

Epoch 25
P, R, F1:
 0.496978  0.502538
0.0069746     0.028
0.0137562 0.0530445
P, R, F1:
  0.611872   0.616438
0.00456977  0.0188004
0.00907179  0.0364879
P, R, F1
  0.588235   0.588235
0.00914151  0.0382979
 0.0180032  0.0719137

Epoch 30
P, R, F1:
 0.417532  0.418685
0.0093715 0.0383333
0.0183316 0.0702361
P, R, F1:
  0.548387   0.548387
0.00682873   0.029991
 0.0134895  0.0568718
P, R, F1
 0.416667  0.416667
0.0135083 0.0510638
0.0261682  0.090978

Epoch 35
P, R, F1:
 0.346301   0.35567
0.0417529  0.119667
 0.074521  0.179081
P, R, F1:
 0.450649   0.45951
0.0361772 0.0957923
0.0669776  0.158535
P, R, F1
  0.30597   0.30597
0.0550235  0.148936
0.0932733  0.200349

Epoch 40
P, R, F1:
 0.427701  0.436027
0.0261938     0.076
0.0493644  0.129439
P, R, F1:
 0.488239       0.5
0.0208376 0.0537153
0.0399694 0.0970089
P, R, F1
 0.367647  0.367647
0.0354257  0.093617
0.0646243  0.149233

Epoch 45
P, R, F1:
 0.380616  0.397547
0.0658337  0.147333
 0.112252   0.21499
P, R, F1:
 0.410263  0.438486
0.0496016   0.10564
 0.088503  0.170261
P, R, F1
 0.337949      0.34
0.0789876  0.174468
 0.128047  0.230604

Epoch 50
P, R, F1:
 0.454731  0.474708
0.0388721 0.0946667
0.0716217  0.157854
P, R, F1:
  0.44474  0.468571
0.0283906 0.0644584
0.0533739  0.113327
P, R, F1
 0.396078       0.4
0.0464461  0.110638
0.0831424  0.173333

Epoch 55
P, R, F1:
 0.338818  0.364023
0.0983152     0.183
 0.152406  0.243559
P, R, F1:
 0.391464  0.429412
0.0743938  0.136526
 0.125027  0.207182
P, R, F1
0.271676 0.277228
0.112116 0.204255
0.158728 0.235212

Epoch 60
P, R, F1:
 0.392572  0.414956
0.0758019  0.151667
 0.127068  0.222141
P, R, F1:
 0.390026  0.423135
0.0542858   0.10385
0.0953063  0.166769
P, R, F1
 0.323037  0.328859
0.0848264  0.170213
 0.134369   0.22432

Epoch 65
P, R, F1:
0.381058 0.403807
0.082865 0.159333
0.136128 0.228504
P, R, F1:
 0.397585  0.436338
0.0607539  0.112355
 0.105402  0.178696
P, R, F1
 0.314947  0.320988
0.0912202  0.174468
 0.141467  0.226063

Epoch 70
P, R, F1:
 0.370428  0.394841
0.0854386  0.161333
 0.138851  0.229069
P, R, F1:
 0.394318  0.435277
0.0624355  0.114145
 0.107802  0.180862
P, R, F1
 0.296429  0.302469
0.0943769  0.174468
 0.143171  0.221292

Epoch 75
P, R, F1:
 0.372803  0.396188
0.0835661     0.158
 0.136528  0.225908
P, R, F1:
 0.398223  0.438053
0.0613417  0.110564
 0.106308  0.176564
P, R, F1
  0.29827  0.304348
0.0916819  0.170213
 0.140253  0.218324

Epoch 80
P, R, F1:
 0.393413  0.415878
0.0803824  0.153667
  0.13349  0.224413
P, R, F1:
 0.380037  0.420402
0.0573157  0.103402
0.0996088   0.16598
P, R, F1
 0.320143  0.326667
0.0863573  0.170213
 0.136023  0.223808

Epoch 85
P, R, F1:
 0.386986  0.409443
0.0821719     0.157
 0.135559  0.226969
P, R, F1:
  0.39277  0.433384
0.0592977  0.107878
 0.103039  0.172754
P, R, F1
 0.308311  0.314465
0.0887064  0.170213
 0.137773  0.220872

Epoch 90
P, R, F1:
  0.37514       0.4
0.0849255  0.158667
 0.138497  0.227208
P, R, F1:
 0.397922  0.437956
0.0614245  0.111459
 0.106421  0.177695
P, R, F1
 0.296748  0.301887
0.0926913  0.170213
 0.141259  0.217687

Epoch 95
P, R, F1:
 0.376302  0.401095
0.0847453  0.158667
 0.138336  0.227384
P, R, F1:
 0.396588  0.436123
0.0612908  0.111012
 0.106173  0.176976
P, R, F1
 0.296748  0.301887
0.0926913  0.170213
 0.141259  0.217687

Epoch 100
P, R, F1:
 0.378203  0.402481
0.0844235  0.158667
 0.138035  0.227606
P, R, F1:
 0.396696   0.43685
0.0607972  0.109669
 0.105436  0.175324
P, R, F1
 0.293062  0.298137
0.0920834  0.170213
 0.140135  0.216704

Epoch 105
P, R, F1:
 0.377797  0.402069
0.0844792  0.158667
 0.138082   0.22754
P, R, F1:
 0.396563  0.436391
0.0609521  0.109669
 0.105664  0.175286
P, R, F1
 0.293062  0.298137
0.0916578  0.170213
 0.139642  0.216704

Epoch 110
P, R, F1:
 0.375899  0.400138
0.0846105  0.158667
  0.13813   0.22723
P, R, F1:
 0.396563  0.436391
0.0611932  0.110116
 0.106026  0.175858
P, R, F1
 0.294894       0.3
0.0920834  0.170213
 0.140343  0.217195

Epoch 115
P, R, F1:
 0.377102  0.401651
0.0846884  0.158667
 0.138315  0.227473
P, R, F1:
 0.396563  0.436391
0.0611932  0.110116
 0.106026  0.175858
P, R, F1
 0.294894       0.3
0.0926913  0.170213
 0.141048  0.217195

Epoch 120
P, R, F1:
 0.377102  0.401651
0.0846884  0.158667
 0.138315  0.227473
P, R, F1:
 0.395977  0.435746
0.0611932  0.110116
 0.106005  0.175805
P, R, F1
 0.294894       0.3
0.0926913  0.170213
 0.141048  0.217195

Epoch 125
P, R, F1:
 0.377102  0.401651
0.0846996  0.158667
 0.138329  0.227473
P, R, F1:
 0.395977  0.435746
0.0611932  0.110116
 0.106005  0.175805
P, R, F1
 0.294894       0.3
0.0926913  0.170213
 0.141048  0.217195

Epoch 130
P, R, F1:
 0.377425  0.402338
0.0847141  0.158667
 0.138371  0.227583
P, R, F1:
 0.395083  0.434911
0.0612111  0.110116
 0.105999  0.175737
P, R, F1
 0.294894       0.3
0.0926913  0.170213
 0.141048  0.217195

Epoch 135
P, R, F1:
 0.377425  0.402338
0.0847141  0.158667
 0.138371  0.227583
P, R, F1:
 0.395083  0.434911
0.0612111  0.110116
 0.105999  0.175737
P, R, F1
 0.294894       0.3
0.0926913  0.170213
 0.141048  0.217195

Epoch 140
P, R, F1:
 0.377425  0.402338
0.0847141  0.158667
 0.138371  0.227583
P, R, F1:
 0.395083  0.434911
0.0612111  0.110116
 0.105999  0.175737
P, R, F1
 0.294894       0.3
0.0926913  0.170213
 0.141048  0.217195

Epoch 145
P, R, F1:
 0.377425  0.402338
0.0847141  0.158667
 0.138371  0.227583
P, R, F1:
 0.395083  0.434911
0.0612111  0.110116
 0.105999  0.175737
P, R, F1
 0.294894       0.3
0.0926913  0.170213
 0.141048  0.217195

Epoch 150
P, R, F1:
 0.377425  0.402338
0.0847141  0.158667
 0.138371  0.227583
P, R, F1:
 0.395083  0.434911
0.0612111  0.110116
 0.105999  0.175737
P, R, F1
 0.294894       0.3
0.0926913  0.170213
 0.141048  0.217195

Epoch 155
P, R, F1:
 0.377425  0.402338
0.0847141  0.158667
 0.138371  0.227583
P, R, F1:
 0.395083  0.434911
0.0612111  0.110116
 0.105999  0.175737
P, R, F1
 0.294894       0.3
0.0926913  0.170213
 0.141048  0.217195

Epoch 160
P, R, F1:
 0.377425  0.402338
0.0847141  0.158667
 0.138371  0.227583
P, R, F1:
 0.395083  0.434911
0.0612111  0.110116
 0.105999  0.175737
P, R, F1
 0.294894       0.3
0.0926913  0.170213
 0.141048  0.217195

Epoch 165
P, R, F1:
 0.377425  0.402338
0.0847141  0.158667
 0.138371  0.227583
P, R, F1:
 0.395083  0.434911
0.0612111  0.110116
 0.105999  0.175737
P, R, F1
 0.294894       0.3
0.0926913  0.170213
 0.141048  0.217195

Epoch 170
P, R, F1:
 0.377425  0.402338
0.0847141  0.158667
 0.138371  0.227583
P, R, F1:
 0.395083  0.434911
0.0612111  0.110116
 0.105999  0.175737
P, R, F1
 0.294894       0.3
0.0926913  0.170213
 0.141048  0.217195

Epoch 175
P, R, F1:
 0.377425  0.402338
0.0847141  0.158667
 0.138371  0.227583
P, R, F1:
 0.395083  0.434911
0.0612111  0.110116
 0.105999  0.175737
P, R, F1
 0.294894       0.3
0.0926913  0.170213
 0.141048  0.217195

Epoch 180
P, R, F1:
 0.377425  0.402338
0.0847141  0.158667
 0.138371  0.227583
P, R, F1:
 0.395083  0.434911
0.0612111  0.110116
 0.105999  0.175737
P, R, F1
 0.294894       0.3
0.0926913  0.170213
 0.141048  0.217195

Epoch 185
P, R, F1:
 0.377425  0.402338
0.0847141  0.158667
 0.138371  0.227583
P, R, F1:
 0.395083  0.434911
0.0612111  0.110116
 0.105999  0.175737
P, R, F1
 0.294894       0.3
0.0926913  0.170213
 0.141048  0.217195

Epoch 190
P, R, F1:
 0.377425  0.402338
0.0847141  0.158667
 0.138371  0.227583
P, R, F1:
 0.395083  0.434911
0.0612111  0.110116
 0.105999  0.175737
P, R, F1
 0.294894       0.3
0.0926913  0.170213
 0.141048  0.217195

Epoch 195
P, R, F1:
 0.377425  0.402338
0.0847141  0.158667
 0.138371  0.227583
P, R, F1:
 0.395083  0.434911
0.0612111  0.110116
 0.105999  0.175737
P, R, F1
 0.294894       0.3
0.0926913  0.170213
 0.141048  0.217195

Best: 
Drop: 0
 0.391464  0.429412
0.0743938  0.136526
 0.125027  0.207182
 0.271676  0.277228
 0.112116  0.204255
 0.158728  0.235212
