14492 7507 734
Valid size: 2870
Epoch 0
P, R, F1:
1 1
0 0
0 0
P, R, F1:
1 1
0 0
0 0
P, R, F1
1 1
0 0
0 0

Epoch 5
P, R, F1:
1 1
0 0
0 0
P, R, F1:
1 1
0 0
0 0
P, R, F1
1 1
0 0
0 0

Epoch 10
P, R, F1:
1 1
0 0
0 0
P, R, F1:
1 1
0 0
0 0
P, R, F1
1 1
0 0
0 0

Epoch 15
P, R, F1:
          1           1
0.000233333 0.000666667
0.000466558  0.00133245
P, R, F1:
   0.666667    0.666667
 0.00027355 0.000895255
0.000546876  0.00178811
P, R, F1
1 1
0 0
0 0

Epoch 20
P, R, F1:
  0.475862   0.475862
 0.0050479      0.021
0.00998983  0.0402249
P, R, F1:
  0.548387   0.564516
0.00340854  0.0134288
0.00677496  0.0262336
P, R, F1
  0.571429   0.571429
0.00602015  0.0297872
 0.0119148  0.0566229

