9471 6281 892
Valid size: 2298
Epoch 5
Train:
Target:
 0.324268  0.324268
0.0194692  0.046435
0.0367329 0.0812369
Val:
Target:
 0.306011  0.306011
0.0214556 0.0439906
0.0400997 0.0769231
Train:
Agent:
0.587857 0.598996
0.560122 0.617891
0.573655 0.608297
Val:
Agent:
0.530398 0.539078
0.498077 0.553824
 0.51373 0.546352
Train:
DSE:
0.572579 0.586034
0.430034  0.49949
0.491174 0.539312
Val:
DSE:
0.566355 0.575955
0.408668 0.471218
0.474761 0.518349
is from:
4450,1060,2048,737,1375,3137
Train:0.359863 0.234938 0.284282
1574,421,737,245,439,1176
Val:0.332429 0.208333 0.256142
488,124,232,79,140,349
Test:0.340517 0.226361 0.271945
is about:
539,170,236,49,110,3064
Train: 0.207627 0.0159922  0.029697
231,70,99,19,43,1145
Val: 0.191919 0.0165939 0.0305466
60,22,26,3,10,338
Test:  0.115385 0.00887574  0.0164835
