9471 6281 892
Valid size: 2298
Epoch 5
Train:
Target:
1 1
0 0
0 0
Val:
Target:
1 1
0 0
0 0
Train:
Agent:
0.598473 0.604178
0.500999 0.560214
0.545415 0.581366
Val:
Agent:
0.564157 0.567982
0.479115 0.532578
 0.51817 0.549711
Train:
DSE:
0.582069 0.584138
0.195688 0.214286
0.292904 0.313549
Val:
DSE:
0.550909 0.552727
0.183094 0.202811
0.274844  0.29674
is from:
1985,105,189,52,716,3137
Train: 0.275132 0.0165763 0.0312688
727,42,69,20,246,1176
Val: 0.289855 0.0170068 0.0321285
220,15,24,7,72,349
Test: 0.291667 0.0200573 0.0375335
is about:
0,0,0,0,0,3064
Train:1 0 0
0,0,0,0,0,1145
Val:1 0 0
0,0,0,0,0,338
Test:1 0 0
