9471 6281 892
Valid size: 2298
Epoch 5
Train:
Target:
1 1
0 0
0 0
Val:
Target:
1 1
0 0
0 0
Train:
Agent:
0.575979 0.579355
0.554981 0.620027
0.565285 0.599001
Val:
Agent:
 0.53672 0.540317
0.510669 0.577195
 0.52337 0.558148
Train:
DSE:
0.385226 0.432617
 0.66725 0.731122
0.488452 0.543585
Val:
DSE:
0.385867 0.431504
0.633132  0.69344
0.479499 0.531977
is from:
7730,1707,2725,764,1747,3137
Train:0.280367 0.243545 0.260662
2794,668,1014,262,598,1176
Val:0.258383 0.222789 0.239269
954,204,310,81,194,349
Test: 0.26129 0.232092 0.245827
is about:
0,0,0,0,0,3064
Train:1 0 0
0,0,0,0,0,1145
Val:1 0 0
0,0,0,0,0,338
Test:1 0 0
