9471 6281 892
Valid size: 2298
Epoch 5
Train:
Target:
0.191853 0.196683
0.368819 0.748951
0.252408  0.31155
Val:
Target:
0.177715 0.182481
0.357205 0.710134
0.237347 0.290351
Train:
Agent:
 0.70312 0.707411
0.338075 0.386916
0.456605 0.500232
Val:
Agent:
0.647783 0.649015
0.321056 0.369688
0.429327 0.471056
Train:
DSE:
1 1
0 0
0 0
Val:
DSE:
1 1
0 0
0 0
is from:
0,0,0,0,0,3137
Train:1 0 0
0,0,0,0,0,1176
Val:1 0 0
0,0,0,0,0,349
Test:1 0 0
is about:
0,0,0,0,0,3064
Train:1 0 0
0,0,0,0,0,1145
Val:1 0 0
0,0,0,0,0,338
Test:1 0 0
