9471 6281 892
Valid size: 2298
Epoch 5
Train:
Target:
1 1
0 0
0 0
Val:
Target:
1 1
0 0
0 0
Train:
Agent:
0.567226 0.573994
0.513888  0.57757
0.539241 0.575777
Val:
Agent:
0.508969 0.514763
0.470991 0.537535
0.489244 0.525903
Train:
DSE:
0.513619 0.534415
0.616405 0.685459
0.560338 0.600586
Val:
DSE:
0.478938 0.500799
0.560918  0.62249
0.516696 0.555053
is from:
6089,3127,5427,1493,1612,3137
Train:0.275106 0.475932 0.348669
2256,1233,2002,496,535,1176
Val:0.247752 0.421769 0.312146
753,430,686,172,175,349
Test:0.250729 0.492837 0.332367
is about:
0,0,0,0,0,3064
Train:1 0 0
0,0,0,0,0,1145
Val:1 0 0
0,0,0,0,0,338
Test:1 0 0
