9471 6281 892
Valid size: 2298
Epoch 5
Train:
Target:
 0.329602  0.333333
0.0202937 0.0401438
0.0382333 0.0716578
Val:
Target:
 0.312865  0.315789
0.0231489 0.0424195
0.0431083 0.0747922
Train:
Agent:
1 1
0 0
0 0
Val:
Agent:
1 1
0 0
0 0
Train:
DSE:
0.556238 0.556238
0.249121 0.296939
0.344121 0.387185
Val:
DSE:
0.558946 0.558946
0.225569 0.269746
0.321424 0.363883
is from:
0,0,0,0,0,3137
Train:1 0 0
0,0,0,0,0,1176
Val:1 0 0
0,0,0,0,0,349
Test:1 0 0
is about:
317,0,0,0,74,3064
Train:1 0 0
140,0,0,0,31,1145
Val:1 0 0
23,0,0,0,3,338
Test:1 0 0
