9471 6281 892
Valid size: 2298
Epoch 5
Train:
Target:
1 1
0 0
0 0
Val:
Target:
1 1
0 0
0 0
Train:
Agent:
0.676661 0.681044
 0.43224 0.486515
0.527513 0.567574
Val:
Agent:
0.631523 0.635029
0.399962 0.450425
0.489751 0.527029
Train:
DSE:
0.497314 0.518928
0.624325 0.696939
0.553628 0.594902
Val:
DSE:
0.467394 0.492039
0.568833 0.636546
0.513149 0.555041
is from:
4598,310,532,163,1375,3137
Train: 0.306391 0.0519605 0.0888525
1649,148,225,68,444,1176
Val: 0.302222 0.0578231 0.0970735
593,37,58,19,163,349
Test: 0.327586 0.0544413 0.0933661
is about:
0,0,0,0,0,3064
Train:1 0 0
0,0,0,0,0,1145
Val:1 0 0
0,0,0,0,0,338
Test:1 0 0
