9471 6281 892
Valid size: 2298
Epoch 5
Train:
Target:
1 1
0 0
0 0
Val:
Target:
1 1
0 0
0 0
Train:
Agent:
0.641156 0.645602
0.462477 0.524433
0.537352 0.578743
Val:
Agent:
0.605187 0.608299
0.434207 0.497167
0.505634 0.547147
Train:
DSE:
0.522399 0.531891
 0.42235 0.472704
0.467077 0.500554
Val:
DSE:
0.505198 0.512593
0.415072 0.463855
0.455721 0.487008
is from:
4036,459,865,251,1273,3137
Train: 0.290173 0.0800128  0.125437
1509,160,311,89,452,1176
Val: 0.286174 0.0756803  0.119704
486,72,125,31,146,349
Test:    0.248 0.0888252  0.130802
is about:
0,0,0,0,0,3064
Train:1 0 0
0,0,0,0,0,1145
Val:1 0 0
0,0,0,0,0,338
Test:1 0 0
