9471 6281 892
Valid size: 2298
Epoch 5
Train:
Target:
0.243194 0.250706
0.468721 0.770222
0.320235 0.378282
Val:
Target:
0.242335 0.249218
0.481393 0.756481
0.322382 0.374921
Train:
Agent:
0.679801  0.68605
0.475227 0.526035
0.559397  0.59548
Val:
Agent:
0.623457    0.625
0.418266 0.466006
0.500653 0.533918
Train:
DSE:
0.388016 0.422983
0.718817 0.784949
0.503983 0.549733
Val:
DSE:
0.372691 0.404805
0.675626 0.741633
0.480389 0.523739
is from:
6249,1318,2397,802,1592,3137
Train:0.334585 0.255658 0.289845
2222,567,921,251,499,1176
Val: 0.27253 0.213435  0.23939
749,155,266,73,171,349
Test:0.274436 0.209169 0.237398
is about:
30878,10844,13112,1351,3317,3064
Train:0.103035 0.440927 0.167038
11027,3779,4552,457,1099,1145
Val:0.100395 0.399127 0.160435
3233,1201,1411,121,343,338
Test:0.0857548  0.357988  0.138365
