9471 6281 892
Valid size: 2298
Epoch 5
Train:
Target:
1 1
0 0
0 0
Val:
Target:
1 1
0 0
0 0
Train:
Agent:
0.674834 0.682847
0.433186 0.485714
0.527659 0.567653
Val:
Agent:
0.608004 0.614937
0.388872 0.436261
0.474353 0.510414
Train:
DSE:
0.539135 0.562573
0.552709 0.609184
0.545838 0.584951
Val:
DSE:
0.508594  0.53478
0.506854 0.560241
0.507723 0.547214
is from:
4079,1371,2767,1050,1301,3137
Train:0.379472 0.334715 0.355691
1478,586,1058,352,418,1176
Val:0.332703  0.29932  0.31513
461,163,307,101,132,349
Test: 0.32899 0.289398 0.307927
is about:
0,0,0,0,0,3064
Train:1 0 0
0,0,0,0,0,1145
Val:1 0 0
0,0,0,0,0,338
Test:1 0 0
