9471 6281 892
Valid size: 2298
Epoch 5
Train:
Target:
1 1
0 0
0 0
Val:
Target:
1 1
0 0
0 0
Train:
Agent:
0.656006 0.656757
0.300326 0.368224
0.412024  0.47188
Val:
Agent:
0.623795 0.625301
0.287171 0.347025
0.393288 0.446343
Train:
DSE:
0.597594 0.619587
0.572403 0.635969
0.584727 0.627671
Val:
DSE:
0.503012 0.525132
0.481454 0.532129
0.491997 0.528607
is from:
3085,1053,2070,756,992,3137
Train:0.365217 0.240995 0.290378
1116,458,803,249,306,1176
Val:0.310087 0.211735 0.251642
338,122,220,61,93,349
Test:0.277273 0.174785 0.214411
is about:
0,0,0,0,0,3064
Train:1 0 0
0,0,0,0,0,1145
Val:1 0 0
0,0,0,0,0,338
Test:1 0 0
