9471 6281 892
Valid size: 2298
Epoch 5
Train:
Target:
0.330549 0.330657
 0.17757 0.420312
0.231031 0.370133
Val:
Target:
0.311067 0.311067
0.163036 0.357423
0.213942 0.332638
Train:
Agent:
0.579832 0.588575
 0.47135 0.527637
0.519993 0.556442
Val:
Agent:
 0.51266 0.519231
0.427641 0.481586
0.466307 0.499701
Train:
DSE:
0.619436 0.645685
0.515026  0.57398
0.562426 0.607724
Val:
DSE:
0.560273 0.589558
0.440559 0.491299
0.493257 0.535962
is from:
3708,24,44,17,1192,3137
Train:  0.386364 0.00541919  0.0106885
1271,12,19,6,355,1176
Val:  0.315789 0.00510204  0.0100418
369,1,3,2,102,349
Test:  0.666667 0.00573066  0.0113636
is about:
5183,3243,4794,920,1016,3064
Train:0.191907 0.300261 0.234156
1675,1103,1538,256,285,1145
Val: 0.16645 0.223581 0.190831
523,321,478,98,106,338
Test:0.205021 0.289941 0.240196
