9471 6281 892
Valid size: 2298
Epoch 5
Train:
Target:
  0.329897   0.329897
0.00425417 0.00958658
0.00840003  0.0186317
Val:
Target:
  0.285714   0.285714
0.00391464 0.00942655
0.00772345   0.018251
Train:
Agent:
0.721066 0.721066
0.210803 0.230174
0.326233 0.348956
Val:
Agent:
0.755981 0.755981
0.205775 0.220963
0.323496 0.341972
Train:
DSE:
0.521181 0.546813
0.700468 0.759949
0.597669    0.636
Val:
DSE:
0.453296 0.481916
0.589897 0.649264
0.512653 0.553211
is from:
2257,771,1535,539,652,3137
Train: 0.35114  0.17182 0.230736
772,269,546,191,217,1176
Val:0.349817 0.162415 0.221835
245,106,173,44,53,349
Test:0.254335 0.126074 0.168582
is about:
178,51,62,7,28,3064
Train:  0.112903  0.0022846 0.00447857
75,17,22,5,11,1145
Val:  0.227273 0.00436681 0.00856898
15,4,5,1,1,338
Test:       0.2 0.00295858  0.0058309
