9471 6281 892
Valid size: 2298
Epoch 5
Train:
Target:
 0.32424 0.332182
0.130091 0.280707
0.185682 0.304283
Val:
Target:
0.283417 0.290452
0.108221 0.226237
0.156633 0.254354
Train:
Agent:
 0.75943 0.763791
0.257821 0.285714
0.384954 0.415864
Val:
Agent:
0.709472 0.710383
0.244775 0.271246
0.363975  0.39259
Train:
DSE:
0.625095 0.638611
0.508355 0.575765
0.560713 0.605562
Val:
DSE:
0.557855 0.573068
0.438272 0.490629
0.490886 0.528654
is from:
1897,0,0,0,726,3137
Train:1 0 0
706,0,0,0,229,1176
Val:1 0 0
214,0,0,0,64,349
Test:1 0 0
is about:
3066,288,495,138,648,3064
Train: 0.278788 0.0450392 0.0775499
1074,108,163,37,191,1145
Val: 0.226994 0.0323144 0.0565749
317,39,67,20,70,338
Test: 0.298507 0.0591716 0.0987654
