9471 6281 892
Valid size: 2298
Epoch 5
Train:
Target:
0.281183 0.281183
0.141456 0.368784
0.188222  0.31908
Val:
Target:
0.256973 0.256973
0.139657 0.330715
0.180965 0.289218
Train:
Agent:
1 1
0 0
0 0
Val:
Agent:
1 1
0 0
0 0
Train:
DSE:
0.532422 0.563287
0.677195 0.734184
0.596145 0.637481
Val:
DSE:
0.453659 0.486229
0.557694  0.61245
0.500326 0.542089
is from:
0,0,0,0,0,3137
Train:1 0 0
0,0,0,0,0,1176
Val:1 0 0
0,0,0,0,0,349
Test:1 0 0
is about:
6641,4725,6386,957,992,3064
Train:0.149859 0.312337  0.20254
2301,1727,2237,300,304,1145
Val:0.134108 0.262009  0.17741
671,504,657,100,103,338
Test:0.152207 0.295858 0.201005
