9471 6281 892
Valid size: 2298
Epoch 5
Train:
Target:
0.298516  0.30438
0.245404 0.461055
0.269367 0.366682
Val:
Target:
 0.28312 0.290598
0.227112 0.410055
0.252042 0.340143
Train:
Agent:
1 1
0 0
0 0
Val:
Agent:
1 1
0 0
0 0
Train:
DSE:
 0.57256 0.600424
0.651728 0.712755
0.609584 0.651785
Val:
DSE:
0.478957  0.51256
 0.51838  0.57162
0.497889 0.540481
is from:
0,0,0,0,0,3137
Train:1 0 0
0,0,0,0,0,1176
Val:1 0 0
0,0,0,0,0,349
Test:1 0 0
is about:
7283,1182,1681,302,1223,3064
Train:0.179655 0.098564 0.127292
2484,473,656,101,357,1145
Val: 0.153963 0.0882096   0.11216
773,107,154,29,125,338
Test: 0.188312 0.0857988  0.117886
