9471 6281 892
Valid size: 2298
Epoch 5
Train:
Target:
1 1
0 0
0 0
Val:
Target:
1 1
0 0
0 0
Train:
Agent:
0.580169 0.580169
0.160833 0.218692
0.251849 0.317648
Val:
Agent:
0.550476 0.550476
0.157544 0.201841
0.244977 0.295378
Train:
DSE:
0.536907  0.55247
0.543167 0.608673
0.540019 0.579211
Val:
DSE:
0.507263 0.524559
0.500727 0.552878
0.503974 0.538347
is from:
2115,1166,1937,513,548,3137
Train:0.264843 0.163532 0.202207
716,418,667,154,170,1176
Val:0.230885 0.130952 0.167119
226,123,200,56,59,349
Test:    0.28 0.160458 0.204007
is about:
0,0,0,0,0,3064
Train:1 0 0
0,0,0,0,0,1145
Val:1 0 0
0,0,0,0,0,338
Test:1 0 0
