9471 6281 892
Valid size: 2298
Epoch 5
Train:
Target:
1 1
0 0
0 0
Val:
Target:
1 1
0 0
0 0
Train:
Agent:
 0.652985  0.654851
0.0614694 0.0915888
 0.112362  0.160702
Val:
Agent:
 0.594862  0.596838
0.0677529  0.103399
  0.12165  0.176262
Train:
DSE:
0.610796 0.641363
0.613165 0.672449
0.611978 0.656538
Val:
DSE:
0.474924 0.508175
0.466646  0.52075
0.470749 0.514386
is from:
665,273,595,197,202,3137
Train: 0.331092 0.0627989  0.105573
315,151,275,73,74,1176
Val: 0.265455 0.0620748   0.10062
73,29,68,25,25,349
Test: 0.367647 0.0716332  0.119904
is about:
0,0,0,0,0,3064
Train:1 0 0
0,0,0,0,0,1145
Val:1 0 0
0,0,0,0,0,338
Test:1 0 0
