9471 6281 892
Valid size: 2298
Epoch 5
Train:
Target:
  0.245902   0.245902
  0.001537 0.00449371
 0.0030549 0.00882613
Val:
Target:
      0.25       0.25
0.00104739 0.00314218
0.00208605 0.00620636
Train:
Agent:
0.563326 0.564103
0.148938 0.190387
0.235589  0.28469
Val:
Agent:
0.596195 0.598309
0.159334   0.1983
0.251463 0.297875
Train:
DSE:
0.564469   0.5909
0.673936 0.731122
0.614365 0.653575
Val:
DSE:
0.441715 0.468681
0.521662 0.570281
0.478371 0.514514
is from:
1811,367,674,221,510,3137
Train: 0.327893 0.0704495   0.11598
699,161,265,73,170,1176
Val: 0.275472 0.0620748  0.101319
171,28,59,25,56,349
Test: 0.423729 0.0716332  0.122549
is about:
96,0,0,0,11,3064
Train:1 0 0
28,0,0,0,2,1145
Val:1 0 0
8,0,0,0,1,338
Test:1 0 0
