9471 6281 892
Valid size: 2298
Epoch 5
Train:
Target:
  0.259669   0.259669
0.00720371  0.0140803
 0.0140185  0.0267121
Val:
Target:
 0.255556  0.255556
0.0088243 0.0180676
0.0170595 0.0337491
Train:
Agent:
1 1
0 0
0 0
Val:
Agent:
1 1
0 0
0 0
Train:
DSE:
0.497263 0.530672
 0.73178 0.781378
0.592147 0.632072
Val:
DSE:
0.420508 0.455084
0.602412 0.661312
0.495286  0.53915
is from:
0,0,0,0,0,3137
Train:1 0 0
0,0,0,0,0,1176
Val:1 0 0
0,0,0,0,0,349
Test:1 0 0
is about:
297,150,187,22,32,3064
Train:  0.117647 0.00718016  0.0135343
144,70,93,18,19,1145
Val: 0.193548 0.0157205 0.0290792
31,14,15,0,1,338
Test:   0    0 -nan
