9471 6281 892
Valid size: 2298
Epoch 5
Train:
Target:
  0.538462   0.538462
0.00117336 0.00209706
0.00234161 0.00417786
Val:
Target:
          1           1
0.000851008  0.00235664
 0.00170057  0.00470219
Train:
Agent:
1 1
0 0
0 0
Val:
Agent:
1 1
0 0
0 0
Train:
DSE:
0.583482 0.613111
0.675603 0.727806
0.626173 0.665553
Val:
DSE:
0.455247 0.489498
0.506619  0.56158
0.479561 0.523067
is from:
0,0,0,0,0,3137
Train:1 0 0
0,0,0,0,0,1176
Val:1 0 0
0,0,0,0,0,349
Test:1 0 0
is about:
14,0,0,0,2,3064
Train:1 0 0
5,0,0,0,2,1145
Val:1 0 0
0,0,0,0,0,338
Test:1 0 0
