9471 6281 892
Valid size: 2298
Epoch 5
Train:
Target:
1 1
0 0
0 0
Val:
Target:
1 1
0 0
0 0
Train:
Agent:
0.516251 0.516532
0.294059 0.395194
0.374691 0.447788
Val:
Agent:
0.487319 0.487319
0.274027 0.365439
0.350796 0.417669
Train:
DSE:
0.523111 0.559334
0.739504  0.78648
0.612764 0.653738
Val:
DSE:
0.425056 0.462445
0.570103 0.627845
0.487009 0.532599
is from:
4547,312,505,141,1106,3137
Train: 0.279208 0.0449474   0.07743
1670,154,227,45,329,1176
Val: 0.198238 0.0382653 0.0641483
505,29,46,13,117,349
Test: 0.282609 0.0372493 0.0658228
is about:
0,0,0,0,0,3064
Train:1 0 0
0,0,0,0,0,1145
Val:1 0 0
0,0,0,0,0,338
Test:1 0 0
