9471 6281 892
Valid size: 2298
Epoch 5
Train:
Target:
0.264706 0.266072
0.201326 0.402037
0.228706 0.320219
Val:
Target:
0.256508 0.258295
0.188273 0.369992
0.217156 0.304215
Train:
Agent:
1 1
0 0
0 0
Val:
Agent:
1 1
0 0
0 0
Train:
DSE:
0.619506 0.643778
0.627026 0.689286
0.623244 0.665755
Val:
DSE:
0.508262  0.53214
0.476881 0.531459
0.492072   0.5318
is from:
0,0,0,0,0,3137
Train:1 0 0
0,0,0,0,0,1176
Val:1 0 0
0,0,0,0,0,349
Test:1 0 0
is about:
6327,911,1258,202,1025,3064
Train: 0.160572 0.0659269 0.0934752
2166,371,474,59,302,1145
Val: 0.124473 0.0515284 0.0728845
664,110,143,19,109,338
Test: 0.132867  0.056213 0.0790021
