9471 6281 892
Valid size: 2298
Epoch 5
Train:
Target:
 0.295658  0.295658
0.0263524  0.116836
0.0483917  0.167487
Val:
Target:
  0.32874   0.32874
0.0307785  0.117046
0.0562871  0.172629
Train:
Agent:
1 1
0 0
0 0
Val:
Agent:
1 1
0 0
0 0
Train:
DSE:
  0.5924 0.606163
0.525841  0.58801
 0.55714 0.596948
Val:
DSE:
0.540612 0.556962
0.475258 0.523427
0.505833 0.539674
is from:
0,0,0,0,0,3137
Train:1 0 0
0,0,0,0,0,1176
Val:1 0 0
0,0,0,0,0,349
Test:1 0 0
is about:
1412,733,1023,148,251,3064
Train: 0.144673 0.0483029 0.0724248
518,275,386,61,81,1145
Val: 0.158031 0.0532751 0.0796865
130,56,81,12,20,338
Test: 0.148148  0.035503 0.0572792
