9471 6281 892
Valid size: 2298
Epoch 5
Train:
Target:
 0.181903  0.181903
0.0264279  0.115938
0.0461508  0.141616
Val:
Target:
 0.162531  0.162531
 0.024531  0.102907
0.0426281  0.126022
Train:
Agent:
0.478718 0.479649
0.361468 0.474766
0.411912 0.477195
Val:
Agent:
0.460777 0.461144
0.350152 0.441926
0.397919 0.451331
Train:
DSE:
0.618072 0.637041
0.588229 0.654592
0.602781 0.645697
Val:
DSE:
0.532757 0.553816
0.489604 0.548193
 0.51027  0.55099
is from:
4567,2586,4519,1230,1240,3137
Train:0.272184 0.392094 0.321317
1558,963,1543,358,358,1176
Val:0.232016 0.304422 0.263332
463,304,460,100,100,349
Test:0.217391 0.286533 0.247219
is about:
1600,1099,1484,255,267,3064
Train: 0.171833 0.0832245  0.112137
594,415,540,66,74,1145
Val: 0.122222 0.0576419 0.0783383
118,84,108,17,17,338
Test: 0.157407 0.0502959 0.0762332
