9471 6281 892
Valid size: 2298
Epoch 5
Train:
Target:
 0.393574  0.393574
0.0501753  0.116537
0.0890038  0.179827
Val:
Target:
 0.365439  0.365439
0.0500856   0.10055
 0.088097  0.157707
Train:
Agent:
 0.63127 0.631877
0.353249 0.416555
0.453004 0.502105
Val:
Agent:
0.617179 0.617747
 0.33187 0.384561
0.431639 0.474029
Train:
DSE:
1 1
0 0
0 0
Val:
DSE:
1 1
0 0
0 0
is from:
0,0,0,0,0,3137
Train:1 0 0
0,0,0,0,0,1176
Val:1 0 0
0,0,0,0,0,349
Test:1 0 0
is about:
0,0,0,0,0,3064
Train:1 0 0
0,0,0,0,0,1145
Val:1 0 0
0,0,0,0,0,338
Test:1 0 0
