9471 6281 892
Valid size: 2298
Epoch 0
Train:
Target:
1 1
0 0
0 0
Val:
Target:
1 1
0 0
0 0
Train:
Agent:
1 1
0 0
0 0
Val:
Agent:
1 1
0 0
0 0
Train:
DSE:
1 1
0 0
0 0
Val:
DSE:
1 1
0 0
0 0
is from:
0,0,0
Train:1 0 0
0,0,0
Val:1 0 0
0,0,0
Test:1 0 0
is about:
0,0,0
Train:1 0 0
0,0,0
Val:1 0 0
0,0,0
Test:1 0 0
Epoch 5
Train:
Target:
1 1
0 0
0 0
Val:
Target:
1 1
0 0
0 0
Train:
Agent:
 0.903614  0.903614
0.0193706 0.0200267
0.0379281  0.039185
Val:
Agent:
 0.916667  0.916667
0.0288008 0.0311615
0.0558469  0.060274
Train:
DSE:
      0.75       0.75
0.00578231 0.00688776
 0.0114761  0.0136502
Val:
DSE:
       0.6        0.6
0.00368139 0.00401606
0.00731788 0.00797872
is from:
0,0,0
Train:1 0 0
0,0,0
Val:1 0 0
0,0,0
Test:1 0 0
is about:
1,0,0
Train:   0    0 -nan
0,0,0
Val:1 0 0
0,0,0
Test:1 0 0
Epoch 10
Train:
Target:
1 1
0 0
0 0
Val:
Target:
1 1
0 0
0 0
Train:
Agent:
0.386314 0.409455
0.603402 0.667023
 0.47105 0.507425
Val:
Agent:
0.375169 0.395513
 0.58039 0.643768
0.455742  0.48999
Train:
DSE:
0.462058 0.484816
0.513497 0.579592
0.486422 0.527985
Val:
DSE:
0.453589 0.476135
0.484884 0.546185
0.468715  0.50876
is from:
8711,1663,1668
Train:0.190908 0.530124 0.280722
3091,566,566
Val:0.183112 0.481293 0.265292
894,171,171
Test:0.191275 0.489971 0.275141
is about:
8722,1668,1668
Train:0.191241 0.531718 0.281305
3091,566,566
Val:0.183112 0.481293 0.265292
895,171,171
Test:0.191061 0.489971  0.27492
Epoch 15
Train:
Target:
 0.200988  0.200988
0.0178343 0.0365488
0.0327615 0.0618504
Val:
Target:
 0.212766  0.212766
0.0233057 0.0471328
0.0420098 0.0771704
Train:
Agent:
 0.65032 0.654997
0.455535 0.503071
0.535773 0.569068
Val:
Agent:
0.607237 0.612695
 0.41472 0.461048
0.492845 0.526163
Train:
DSE:
0.540852 0.563016
0.477986  0.53801
0.507479 0.550229
Val:
DSE:
0.529697 0.551543
0.439843 0.491968
0.480606 0.520055
is from:
4031,1303,1310
Train:0.323245 0.415365  0.36356
1371,411,411
Val:0.299781  0.34949 0.322733
468,132,132
Test:0.282051 0.378223 0.323133
is about:
2912,959,1310
Train:0.329327 0.305706 0.317077
985,302,411
Val:0.306599 0.256803   0.2795
303,92,132
Test: 0.30363  0.26361 0.282209
Epoch 20
Train:
Target:
0.397905 0.406225
0.113152 0.272019
0.176198 0.325844
Val:
Target:
0.401087 0.407779
0.101222 0.232522
0.161649 0.296165
Train:
Agent:
0.639468 0.650146
0.485727 0.520427
0.552094 0.578099
Val:
Agent:
0.598583 0.606983
0.427875  0.46813
0.499034  0.52859
Train:
DSE:
0.531628 0.553387
0.530657 0.597449
0.531142 0.574574
Val:
DSE:
0.528884 0.549137
0.490467 0.548862
0.508952 0.548999
is from:
4340,1354,1373
Train:0.311982 0.431623 0.362177
1441,431,435
Val:0.299098 0.366497 0.329385
511,139,141
Test:0.272016 0.398281 0.323256
is about:
4414,1362,1373
Train:0.308564 0.434173 0.360747
1445,427,435
Val:0.295502 0.363095  0.32583
521,141,141
Test:0.270633 0.404011 0.324138
Epoch 25
Train:
Target:
0.269727 0.310758
0.542856 0.701618
0.360389 0.430736
Val:
Target:
0.251371 0.300154
0.505897 0.646504
0.335859  0.40997
Train:
Agent:
0.672122  0.68884
0.456965 0.495594
0.544044 0.576453
Val:
Agent:
0.627996 0.642562
0.393645 0.432011
0.483942 0.516659
Train:
DSE:
0.618038 0.636221
0.458257 0.517092
0.526287 0.570504
Val:
DSE:
0.595286 0.613577
0.417822 0.465863
0.491011 0.529613
is from:
2920,1090,1188
Train:0.373288 0.347466 0.359914
974,330,360
Val:0.338809 0.280612 0.306977
319,114,124
Test:0.357367 0.326648 0.341317
is about:
3256,1188,1188
Train:0.364865 0.378706 0.371656
1082,360,360
Val:0.332717 0.306122 0.318866
360,124,124
Test:0.344444 0.355301 0.349788
Epoch 30
Train:
Target:
 0.34416 0.368339
0.387936 0.595267
0.364739 0.455082
Val:
Target:
0.323962 0.347603
0.342106 0.530244
0.332787 0.419923
Train:
Agent:
0.758306 0.765144
0.389486 0.431242
 0.51464 0.551598
Val:
Agent:
0.710429 0.714286
0.334364  0.36898
0.454716 0.486598
Train:
DSE:
0.662122 0.679186
0.386282 0.440051
0.487915 0.534072
Val:
DSE:
0.655822 0.676941
0.350793 0.395582
0.457092 0.499357
is from:
2076,883,951
Train:0.425337 0.281479 0.338768
598,241,270
Val: 0.40301 0.204932 0.271702
222,96,105
Test:0.432432 0.275072 0.336252
is about:
2289,951,951
Train:0.415465 0.303156 0.350534
677,270,270
Val:0.398818 0.229592 0.291419
253,105,105
Test: 0.41502  0.30086 0.348837
Epoch 35
Train:
Target:
 0.32468 0.356011
0.462082 0.637208
0.381383 0.456804
Val:
Target:
0.307217  0.34221
0.414367 0.577376
0.352837 0.429723
Train:
Agent:
 0.66122 0.676056
0.529212 0.568224
0.587897 0.617468
Val:
Agent:
0.607715 0.620451
0.457437 0.498584
0.521975 0.552881
Train:
DSE:
0.621257 0.638586
0.489763 0.548724
0.547729 0.590255
Val:
DSE:
0.586193 0.604269
0.441667  0.48929
0.503769 0.540735
is from:
3892,1353,1400
Train:0.347636 0.431304 0.384977
1292,419,438
Val:0.324303 0.356293 0.339546
450,147,151
Test:0.326667 0.421203  0.36796
is about:
3902,1342,1400
Train:0.343926 0.427797 0.381304
1282,416,438
Val:0.324493 0.353741 0.338487
450,141,151
Test:0.313333 0.404011 0.352941
Epoch 40
Train:
Target:
0.334845 0.387921
 0.49761 0.625824
0.400315 0.478957
Val:
Target:
0.326631 0.390992
0.451433 0.572663
0.379023 0.464703
Train:
Agent:
0.726675 0.733955
0.466679 0.509746
0.568354 0.601641
Val:
Agent:
0.678361  0.68559
0.398803 0.436969
0.502305 0.533747
Train:
DSE:
0.596559  0.62014
 0.56768 0.631633
0.581762 0.625833
Val:
DSE:
0.553387 0.578059
0.493965 0.545515
 0.52199 0.561316
is from:
3728,1323,1397
Train:0.354882 0.421741 0.385433
1199,387,413
Val:0.322769 0.329082 0.325895
440,144,151
Test:0.327273 0.412607 0.365019
is about:
3754,1342,1397
Train:0.357485 0.427797 0.389494
1194,394,413
Val:0.329983 0.335034 0.332489
453,145,151
Test:0.320088 0.415473 0.361596
Epoch 45
Train:
Target:
0.346675 0.387488
 0.48126 0.626123
0.403029 0.478715
Val:
Target:
0.335454  0.38242
0.438811 0.578162
0.380234 0.460347
Train:
Agent:
0.694714 0.706474
0.516139 0.552203
0.592258 0.619884
Val:
Agent:
0.641214 0.653218
0.436415 0.473088
0.519354 0.548749
Train:
DSE:
0.581638 0.605769
0.592619 0.655612
0.587077 0.629706
Val:
DSE:
0.544631 0.571146
0.521978 0.576975
0.533064 0.574046
is from:
4349,1479,1500
Train:0.340078  0.47147 0.395138
1419,441,450
Val:0.310782    0.375 0.339884
504,158,160
Test:0.313492 0.452722 0.370457
is about:
4434,1495,1500
Train:0.337167  0.47657 0.394928
1441,446,450
Val:0.309507 0.379252 0.340848
519,160,160
Test:0.308285 0.458453 0.368664
Epoch 50
Train:
Target:
 0.28986 0.344888
0.608312 0.720192
0.392632 0.466417
Val:
Target:
0.281812 0.348574
0.552195 0.655145
0.373175  0.45504
Train:
Agent:
0.715093 0.724794
0.493863 0.530841
0.584237 0.612838
Val:
Agent:
0.653359 0.663943
0.415407 0.451841
0.507894 0.537733
Train:
DSE:
  0.6007  0.62357
 0.57478 0.637245
0.587455 0.630333
Val:
DSE:
0.560428 0.587781
0.503002 0.554886
0.530165  0.57086
is from:
3761,1345,1419
Train:0.357618 0.428754 0.389968
1211,392,416
Val:0.323699 0.333333 0.328446
452,144,154
Test:0.318584 0.412607 0.359551
is about:
3971,1419,1419
Train:0.357341 0.452343 0.399268
1290,416,416
Val:0.322481 0.353741 0.337388
481,154,154
Test:0.320166 0.441261 0.371084
Epoch 55
Train:
Target:
0.362219 0.402253
0.474299 0.613541
0.410751 0.485923
Val:
Target:
0.349547 0.394889
0.420976 0.553024
0.381951 0.460766
Train:
Agent:
0.685692 0.700097
0.534558 0.569826
0.600766  0.62828
Val:
Agent:
0.615615 0.630647
0.452396 0.490085
0.521534 0.551551
Train:
DSE:
0.538109 0.571018
0.650881 0.708418
0.589147  0.63234
Val:
DSE:
0.491661 0.527621
0.575885 0.629853
0.530451 0.574222
is from:
4358,1382,1573
Train:0.317118 0.440548 0.368779
1488,416,476
Val: 0.27957 0.353741 0.312312
518,152,169
Test:0.293436  0.43553 0.350634
is about:
5000,1573,1573
Train:  0.3146 0.501434 0.386629
1722,476,476
Val:0.276423 0.404762 0.328502
591,169,169
Test:0.285956 0.484241 0.359574
Epoch 60
Train:
Target:
 0.33644 0.378343
0.531044 0.660875
0.411914 0.481203
Val:
Target:
0.320595 0.367901
0.477302  0.60487
 0.38356 0.457523
Train:
Agent:
0.664806 0.680036
0.565802 0.600801
0.611322 0.637968
Val:
Agent:
 0.59122 0.606705
0.474134 0.509915
0.526243 0.554115
Train:
DSE:
0.595108  0.62115
0.589634 0.651531
0.592359 0.635978
Val:
DSE:
0.549568  0.57805
 0.51508 0.566265
0.531766 0.572097
is from:
4315,1422,1559
Train:0.329548 0.453299 0.381643
1464,427,475
Val:0.291667 0.363095 0.323485
504,154,162
Test:0.305556 0.441261 0.361079
is about:
4684,1549,1559
Train:  0.3307 0.493784 0.396113
1596,470,475
Val:0.294486  0.39966 0.339105
545,162,162
Test:0.297248 0.464183 0.362416
Epoch 65
Train:
Target:
0.321212  0.36669
0.557294 0.681546
0.407532 0.476831
Val:
Target:
0.304023 0.357937
0.494533 0.615868
0.376553 0.452743
Train:
Agent:
0.680563 0.693267
0.549297 0.585848
0.607925 0.635047
Val:
Agent:
0.609257 0.624357
 0.45955 0.497875
0.523919 0.553989
Train:
DSE:
0.600722  0.62662
0.579537 0.640051
0.589939 0.633264
Val:
DSE:
0.553984 0.582173
0.505207 0.556225
0.528473 0.568903
is from:
3998,1342,1514
Train:0.335668 0.427797 0.376174
1342,401,455
Val:0.298808 0.340986 0.318507
461,146,160
Test:0.316703 0.418338 0.360494
is about:
4489,1514,1514
Train:0.337269 0.482627 0.397063
1518,455,455
Val:0.299736 0.386905 0.337788
513,160,160
Test:0.311891 0.458453  0.37123
Epoch 70
Train:
Target:
0.333984 0.379456
  0.5388  0.66417
 0.41236 0.482976
Val:
Target:
0.313953 0.368023
0.484399 0.608798
0.380981 0.458737
Train:
Agent:
0.687876 0.700893
0.541957 0.578905
 0.60626 0.634085
Val:
Agent:
 0.61415 0.628696
0.453594 0.493626
  0.5218 0.553033
Train:
DSE:
0.598472 0.625062
0.585226 0.645663
0.591775 0.635195
Val:
DSE:
 0.54742 0.576259
0.506847 0.557564
0.526353 0.566757
is from:
3955,1331,1504
Train:0.336536 0.424291 0.375353
1336,402,455
Val:0.300898 0.341837 0.320064
456,141,158
Test:0.309211 0.404011 0.350311
is about:
4448,1504,1504
Train:0.338129 0.479439 0.396572
1508,455,455
Val:0.301724 0.386905 0.339046
509,158,158
Test:0.310413 0.452722 0.368298
Epoch 75
Train:
Target:
0.332561 0.380246
0.560501 0.681246
0.417442 0.488069
Val:
Target:
0.312619 0.369466
0.497283 0.615082
0.383899 0.461637
Train:
Agent:
0.691201 0.703466
0.538903 0.577303
0.605624 0.634171
Val:
Agent:
0.621566 0.635802
 0.45001  0.49221
0.522055 0.554867
Train:
DSE:
 0.60304 0.628822
0.577883 0.637755
0.590194 0.633257
Val:
DSE:
0.555268 0.582809
0.502028 0.554217
0.527307 0.568154
is from:
3823,1315,1493
Train:0.343971  0.41919 0.377874
1283,395,453
Val:0.307872 0.335884 0.321269
447,143,158
Test:0.319911 0.409742 0.359296
is about:
4387,1493,1493
Train:0.340324 0.475932 0.396863
1482,453,453
Val:0.305668 0.385204 0.340858
497,158,158
Test:0.317907 0.452722 0.373522
Epoch 80
Train:
Target:
0.335934  0.38412
0.552826  0.67166
0.417915 0.488735
Val:
Target:
0.316416 0.373362
0.489086 0.608013
0.384244 0.462634
Train:
Agent:
0.688504 0.701116
0.543231 0.579706
0.607301 0.634657
Val:
Agent:
0.617052 0.631304
0.453197 0.494334
0.522582 0.554486
Train:
DSE:
0.589443 0.617445
0.599547 0.660714
0.594452 0.638347
Val:
DSE:
0.537814 0.568407
 0.52097 0.574967
0.529258 0.571668
is from:
4032,1343,1532
Train:0.333085 0.428116 0.374669
1369,403,464
Val:0.294375 0.342687 0.316699
476,142,159
Test:0.298319 0.406877 0.344242
is about:
4577,1532,1532
Train:0.334717 0.488365   0.3972
1570,464,464
Val:0.295541 0.394558 0.337946
537,159,159
Test:0.296089 0.455587 0.358916
Epoch 85
Train:
Target:
0.338783 0.385879
0.542436 0.665668
0.417077 0.488551
Val:
Target:
0.319265 0.374249
0.482484 0.602514
0.384261 0.461709
Train:
Agent:
0.684707 0.697682
0.551013  0.58745
0.610628 0.637838
Val:
Agent:
0.610031 0.624361
0.459417 0.497875
0.524119  0.55399
Train:
DSE:
0.594135 0.621406
0.592847 0.653316
0.593491 0.636962
Val:
DSE:
0.543668 0.573649
0.513987 0.566934
0.528411 0.570272
is from:
4132,1382,1536
Train:0.334463 0.440548 0.380245
1407,418,465
Val:0.297086 0.355442 0.323655
474,146,159
Test:0.308017 0.418338   0.3548
is about:
4574,1536,1536
Train:0.335811  0.48964 0.398392
1564,465,465
Val:0.297315 0.395408 0.339416
520,159,159
Test:0.305769 0.455587 0.365938
Epoch 90
Train:
Target:
0.339796 0.387001
0.545752 0.668364
0.418824 0.490177
Val:
Target:
0.319073 0.375161
0.484819 0.604085
0.384859 0.462864
Train:
Agent:
0.689518 0.702236
0.542049 0.578905
0.606954 0.634634
Val:
Agent:
0.618318 0.632084
0.450567  0.49221
0.521279 0.553446
Train:
DSE:
0.598726 0.625704
0.588567  0.64949
0.593603 0.637375
Val:
DSE:
0.547634 0.576687
0.511756 0.564257
0.529087 0.570404
is from:
3932,1341,1516
Train:0.341048 0.427478 0.379403
1335,403,460
Val:0.301873 0.342687 0.320988
452,143,159
Test:0.316372 0.409742 0.357054
is about:
4447,1507,1516
Train: 0.33888 0.480395 0.397416
1515,455,460
Val: 0.30033 0.386905 0.338164
508,159,159
Test:0.312992 0.455587 0.371062
Epoch 95
Train:
Target:
0.341452 0.388881
0.543827 0.666866
0.419508 0.491276
Val:
Target:
0.321299 0.376724
0.481707 0.601728
0.385481 0.463355
Train:
Agent:
0.686496 0.699365
0.544965 0.581041
0.607598 0.634736
Val:
Agent:
0.615956 0.629534
0.452445 0.492918
0.521689 0.552912
Train:
DSE:
0.596062 0.622963
0.590398 0.651531
0.593216 0.636927
Val:
DSE:
0.545264 0.574728
 0.51276 0.564926
0.528513 0.569785
is from:
4058,1361,1523
Train:0.335387 0.433854 0.378318
1384,411,460
Val:0.296965  0.34949 0.321094
463,145,159
Test:0.313175 0.415473 0.357143
is about:
4503,1523,1523
Train:0.338219 0.485496 0.398691
1546,460,460
Val:0.297542 0.391156 0.337987
512,159,159
Test:0.310547 0.455587 0.369338
Epoch 100
Train:
Target:
0.341378 0.388624
0.544318 0.667466
0.419598 0.491233
Val:
Target:
0.321106 0.376562
0.481646 0.600943
0.385323    0.463
Train:
Agent:
0.689244 0.701917
0.542138 0.579172
0.606904 0.634664
Val:
Agent:
0.616239 0.630017
0.450418  0.49221
 0.52044 0.552652
Train:
DSE:
0.596001 0.622939
0.591682 0.652806
0.593834 0.637523
Val:
DSE:
 0.54308 0.572783
 0.51276 0.564926
0.527484 0.568827
is from:
3972,1350,1522
Train:0.339879 0.430347   0.3798
1339,403,456
Val:0.300971 0.342687 0.320477
463,145,159
Test:0.313175 0.415473 0.357143
is about:
4500,1522,1522
Train:0.338222 0.485177 0.398586
1528,456,456
Val:0.298429 0.387755 0.337278
515,159,159
Test:0.308738 0.455587 0.368056
Epoch 105
Train:
Target:
0.343466   0.3907
0.543705 0.667166
0.420988 0.492807
Val:
Target:
0.320454 0.376246
0.479965 0.599372
0.384316 0.462294
Train:
Agent:
0.689541 0.702202
0.542677 0.579706
0.607357 0.635102
Val:
Agent:
0.617025  0.63089
0.450494  0.49221
 0.52077 0.552988
Train:
DSE:
0.597645 0.624481
0.589654  0.65051
0.593623  0.63723
Val:
DSE:
0.546529 0.575716
0.510417 0.562918
0.527856 0.569245
is from:
4008,1362,1522
Train: 0.33982 0.434173 0.381246
1357,405,457
Val:0.298452 0.344388 0.319779
462,147,159
Test:0.318182 0.421203 0.362515
is about:
4479,1522,1522
Train:0.339808 0.485177 0.399685
1524,457,457
Val:0.299869 0.388605 0.338519
507,159,159
Test:0.313609 0.455587 0.371495
Epoch 110
Train:
Target:
0.342495 0.389916
0.544855 0.667765
0.420601 0.492346
Val:
Target:
0.321197 0.376837
0.481235 0.600943
0.385257 0.463207
Train:
Agent:
0.688542 0.701179
0.543157 0.579973
0.607269 0.634843
Val:
Agent:
0.616821 0.630662
0.451202 0.492918
 0.52117 0.553347
Train:
DSE:
0.597503 0.624572
  0.5889 0.649235
 0.59317 0.636664
Val:
DSE:
0.546529 0.575716
0.510417 0.562918
0.527856 0.569245
is from:
3950,1346,1516
Train:0.340759 0.429072  0.37985
1341,400,458
Val:0.298285 0.340136 0.317839
457,145,159
Test:0.317287 0.415473 0.359801
is about:
4466,1513,1516
Train:0.338782 0.482308 0.398001
1525,456,458
Val:0.299016 0.387755 0.337653
507,159,159
Test:0.313609 0.455587 0.371495
Epoch 115
Train:
Target:
0.343111 0.390492
0.544131 0.667166
0.420848 0.492641
Val:
Target:
0.320355 0.376139
0.479988 0.599372
0.384252 0.462213
Train:
Agent:
0.688103 0.700732
0.543418 0.579973
0.607262  0.63466
Val:
Agent:
0.616284 0.630113
 0.45126 0.492918
0.521017 0.553135
Train:
DSE:
0.597503 0.624572
  0.5889 0.649235
 0.59317 0.636664
Val:
DSE:
0.546529 0.575716
0.510417 0.562918
0.527856 0.569245
is from:
4001,1348,1516
Train:0.336916  0.42971 0.377697
1358,406,458
Val:0.298969 0.345238 0.320442
460,144,159
Test:0.313043 0.412607 0.355995
is about:
4453,1509,1516
Train:0.338873 0.481033 0.397628
1518,455,458
Val:0.299736 0.386905 0.337788
510,159,159
Test:0.311765 0.455587 0.370198
Epoch 120
Train:
Target:
0.343156 0.390583
 0.54465 0.667466
0.421037 0.492795
Val:
Target:
 0.32051 0.376246
0.480183 0.599372
0.384426 0.462294
Train:
Agent:
0.688443 0.701083
 0.54324 0.579706
0.607282 0.634644
Val:
Agent:
0.616284 0.630113
0.451282 0.492918
0.521031 0.553135
Train:
DSE:
0.597554 0.624603
 0.58941 0.649745
0.593454 0.636926
Val:
DSE:
0.546529 0.575716
0.510417 0.562918
0.527856 0.569245
is from:
3993,1359,1518
Train:0.340346 0.433216 0.381206
1354,403,458
Val:0.297637 0.342687 0.318577
463,145,159
Test:0.313175 0.415473 0.357143
is about:
4474,1516,1518
Train:0.338847 0.483264 0.398371
1527,456,458
Val:0.298625 0.387755 0.337403
510,159,159
Test:0.311765 0.455587 0.370198
Epoch 125
Train:
Target:
0.343059 0.390433
 0.54472 0.667466
0.420986 0.492676
Val:
Target:
0.320216 0.375976
0.480146 0.599372
0.384202  0.46209
Train:
Agent:
0.688223  0.70086
 0.54344 0.579973
0.607322 0.634712
Val:
Agent:
0.616284 0.630113
0.451319 0.492918
0.521056 0.553135
Train:
DSE:
0.597695 0.624512
0.589867  0.65102
0.593755 0.637491
Val:
DSE:
0.546725 0.576005
0.511087 0.563588
0.528305 0.569729
is from:
3921,1340,1520
Train: 0.34175  0.42716 0.379711
1328,400,458
Val:0.301205 0.340136 0.319489
462,146,159
Test:0.316017 0.418338 0.360049
is about:
4443,1508,1520
Train: 0.33941 0.480714 0.397889
1501,449,458
Val:0.299134 0.381803  0.33545
509,158,159
Test:0.310413 0.452722 0.368298
Epoch 130
Train:
Target:
0.342354 0.389777
0.544565 0.667466
0.420408 0.492154
Val:
Target:
0.321352 0.376943
 0.48128 0.600943
0.385383 0.463288
Train:
Agent:
0.687884 0.700509
0.543588  0.58024
0.607282 0.634728
Val:
Agent:
0.616284 0.630113
0.451319 0.492918
0.521056 0.553135
Train:
DSE:
0.597791 0.624633
0.589718  0.65051
0.593727 0.637309
Val:
DSE:
0.546725 0.576005
0.510752 0.563588
0.528126 0.569729
is from:
4019,1354,1519
Train:  0.3369 0.431623 0.378424
1368,409,458
Val:0.298977 0.347789 0.321541
460,144,159
Test:0.313043 0.412607 0.355995
is about:
4444,1505,1519
Train:0.338659 0.479758 0.397045
1500,449,458
Val:0.299333 0.381803 0.335575
509,159,159
Test:0.312377 0.455587 0.370629
Epoch 135
Train:
Target:
0.342907 0.390284
0.544906 0.667765
0.420927 0.492639
Val:
Target:
 0.32051 0.376246
  0.4803 0.599372
0.384463 0.462294
Train:
Agent:
0.687884 0.700509
0.543588  0.58024
0.607282 0.634728
Val:
Agent:
0.616284 0.630113
0.451319 0.492918
0.521056 0.553135
Train:
DSE:
0.597839 0.624694
 0.58959 0.650255
0.593686 0.637219
Val:
DSE:
0.546416 0.575716
0.510417 0.562918
0.527803 0.569245
is from:
3968,1353,1519
Train:0.340978 0.431304 0.380859
1347,403,458
Val:0.299183 0.342687 0.319461
461,145,159
Test:0.314534 0.415473 0.358025
is about:
4462,1513,1519
Train:0.339086 0.482308  0.39821
1511,453,458
Val:0.299801 0.385204 0.337179
510,159,159
Test:0.311765 0.455587 0.370198
Epoch 140
Train:
Target:
0.342753 0.390109
0.545041 0.668065
0.420851 0.492581
Val:
Target:
0.320666 0.376353
0.481085 0.600157
0.384827 0.462609
Train:
Agent:
0.687785 0.700414
0.543499 0.579973
0.607188 0.634529
Val:
Agent:
0.616284 0.630113
0.451319 0.492918
0.521056 0.553135
Train:
DSE:
0.597645 0.624481
0.589718  0.65051
0.593655  0.63723
Val:
DSE:
0.546725 0.576005
0.510752 0.563588
0.528126 0.569729
is from:
3980,1356,1519
Train:0.340704  0.43226 0.381059
1351,403,458
Val:0.298298 0.342687 0.318955
460,145,159
Test:0.315217 0.415473 0.358467
is about:
4480,1519,1519
Train:0.339062 0.484221 0.398845
1530,458,458
Val:0.299346 0.389456 0.338507
510,159,159
Test:0.311765 0.455587 0.370198
Epoch 145
Train:
Target:
0.342608 0.389985
0.544441 0.667466
0.420563 0.492319
Val:
Target:
0.320805 0.376516
0.481085 0.600157
0.384927 0.462732
Train:
Agent:
0.687884 0.700509
0.543588  0.58024
0.607282 0.634728
Val:
Agent:
0.616284 0.630113
0.451319 0.492918
0.521056 0.553135
Train:
DSE:
0.597645 0.624481
0.589718  0.65051
0.593655  0.63723
Val:
DSE:
0.546725 0.576005
0.510752 0.563588
0.528126 0.569729
is from:
3969,1354,1519
Train:0.341144 0.431623 0.381086
1353,403,458
Val:0.297857 0.342687 0.318703
463,146,159
Test:0.315335 0.418338 0.359606
is about:
4449,1508,1519
Train:0.338953 0.480714 0.397574
1503,450,458
Val:0.299401 0.382653 0.335946
509,159,159
Test:0.312377 0.455587 0.370629
Epoch 150
Train:
Target:
0.342608 0.389985
0.544441 0.667466
0.420563 0.492319
Val:
Target:
0.320666 0.376353
0.481085 0.600157
0.384827 0.462609
Train:
Agent:
0.687785 0.700414
0.543499 0.579973
0.607188 0.634529
Val:
Agent:
0.616284 0.630113
0.451319 0.492918
0.521056 0.553135
Train:
DSE:
0.597645 0.624481
0.589718  0.65051
0.593655  0.63723
Val:
DSE:
0.546725 0.576005
0.510752 0.563588
0.528126 0.569729
is from:
4018,1351,1519
Train:0.336237 0.430666 0.377638
1363,408,458
Val: 0.29934 0.346939 0.321386
460,144,159
Test:0.313043 0.412607 0.355995
is about:
4481,1519,1519
Train:0.338987 0.484221 0.398792
1530,458,458
Val:0.299346 0.389456 0.338507
510,159,159
Test:0.311765 0.455587 0.370198
Epoch 155
Train:
Target:
0.342659 0.390043
0.544441 0.667466
0.420601 0.492366
Val:
Target:
0.320372 0.376083
  0.4803 0.599372
0.384363 0.462171
Train:
Agent:
0.687785 0.700414
0.543499 0.579973
0.607188 0.634529
Val:
Agent:
0.616284 0.630113
0.451319 0.492918
0.521056 0.553135
Train:
DSE:
0.597645 0.624481
0.589718  0.65051
0.593655  0.63723
Val:
DSE:
0.546725 0.576005
0.510752 0.563588
0.528126 0.569729
is from:
3974,1355,1519
Train:0.340966 0.431941   0.3811
1349,402,458
Val:0.297999 0.341837 0.318416
461,145,159
Test:0.314534 0.415473 0.358025
is about:
4451,1509,1519
Train:0.339025 0.481033 0.397733
1511,452,458
Val: 0.29914 0.384354 0.336435
510,159,159
Test:0.311765 0.455587 0.370198
Epoch 160
Train:
Target:
0.342674 0.390043
0.544441 0.667466
0.420613 0.492366
Val:
Target:
0.320372 0.376083
  0.4803 0.599372
0.384363 0.462171
Train:
Agent:
0.687785 0.700414
0.543499 0.579973
0.607188 0.634529
Val:
Agent:
0.616284 0.630113
0.451319 0.492918
0.521056 0.553135
Train:
DSE:
0.597645 0.624481
0.589718  0.65051
0.593655  0.63723
Val:
DSE:
0.546725 0.576005
0.510752 0.563588
0.528126 0.569729
is from:
4013,1349,1519
Train:0.336157 0.430029 0.377343
1366,408,458
Val:0.298682 0.346939 0.321007
461,144,159
Test:0.312364 0.412607 0.355556
is about:
4447,1506,1519
Train:0.338655 0.480077 0.397152
1509,452,458
Val:0.299536 0.384354 0.336685
510,159,159
Test:0.311765 0.455587 0.370198
Epoch 165
Train:
Target:
0.342674 0.390043
0.544441 0.667466
0.420613 0.492366
Val:
Target:
0.320372 0.376083
  0.4803 0.599372
0.384363 0.462171
Train:
Agent:
0.687785 0.700414
0.543499 0.579973
0.607188 0.634529
Val:
Agent:
0.616284 0.630113
0.451319 0.492918
0.521056 0.553135
Train:
DSE:
0.597645 0.624481
0.589718  0.65051
0.593655  0.63723
Val:
DSE:
0.546725 0.576005
0.510752 0.563588
0.528126 0.569729
is from:
4014,1355,1519
Train:0.337569 0.431941 0.378968
1363,406,458
Val:0.297872 0.345238 0.319811
462,145,159
Test:0.313853 0.415473 0.357583
is about:
4481,1519,1519
Train:0.338987 0.484221 0.398792
1530,458,458
Val:0.299346 0.389456 0.338507
510,159,159
Test:0.311765 0.455587 0.370198
Epoch 170
Train:
Target:
0.342674 0.390043
0.544441 0.667466
0.420613 0.492366
Val:
Target:
0.320372 0.376083
  0.4803 0.599372
0.384363 0.462171
Train:
Agent:
0.687785 0.700414
0.543499 0.579973
0.607188 0.634529
Val:
Agent:
0.616284 0.630113
0.451319 0.492918
0.521056 0.553135
Train:
DSE:
0.597645 0.624481
0.589718  0.65051
0.593655  0.63723
Val:
DSE:
0.546725 0.576005
0.510752 0.563588
0.528126 0.569729
is from:
3951,1347,1519
Train:0.340926 0.429391 0.380079
1334,400,458
Val: 0.29985 0.340136 0.318725
460,145,159
Test:0.315217 0.415473 0.358467
is about:
4472,1515,1519
Train:0.338775 0.482945 0.398213
1525,456,458
Val:0.299016 0.387755 0.337653
510,159,159
Test:0.311765 0.455587 0.370198
Epoch 175
Train:
Target:
0.342674 0.390043
0.544441 0.667466
0.420613 0.492366
Val:
Target:
0.320372 0.376083
  0.4803 0.599372
0.384363 0.462171
Train:
Agent:
0.687785 0.700414
0.543499 0.579973
0.607188 0.634529
Val:
Agent:
0.616284 0.630113
0.451319 0.492918
0.521056 0.553135
Train:
DSE:
0.597645 0.624481
0.589718  0.65051
0.593655  0.63723
Val:
DSE:
0.546725 0.576005
0.510752 0.563588
0.528126 0.569729
is from:
4009,1358,1519
Train:0.338738 0.432898 0.380073
1362,406,458
Val:0.298091 0.345238 0.319937
463,146,159
Test:0.315335 0.418338 0.359606
is about:
4480,1519,1519
Train:0.339062 0.484221 0.398845
1530,458,458
Val:0.299346 0.389456 0.338507
510,159,159
Test:0.311765 0.455587 0.370198
Epoch 180
Train:
Target:
0.342674 0.390043
0.544441 0.667466
0.420613 0.492366
Val:
Target:
0.320372 0.376083
  0.4803 0.599372
0.384363 0.462171
Train:
Agent:
0.687785 0.700414
0.543499 0.579973
0.607188 0.634529
Val:
Agent:
0.616284 0.630113
0.451319 0.492918
0.521056 0.553135
Train:
DSE:
0.597645 0.624481
0.589718  0.65051
0.593655  0.63723
Val:
DSE:
0.546725 0.576005
0.510752 0.563588
0.528126 0.569729
is from:
4007,1350,1519
Train: 0.33691 0.430347  0.37794
1365,407,458
Val:0.298168 0.346088 0.320346
460,144,159
Test:0.313043 0.412607 0.355995
is about:
4478,1518,1519
Train:0.338991 0.483902 0.398687
1528,458,458
Val:0.299738 0.389456 0.338757
510,159,159
Test:0.311765 0.455587 0.370198
Epoch 185
Train:
Target:
0.342674 0.390043
0.544441 0.667466
0.420613 0.492366
Val:
Target:
0.320372 0.376083
  0.4803 0.599372
0.384363 0.462171
Train:
Agent:
0.687785 0.700414
0.543499 0.579973
0.607188 0.634529
Val:
Agent:
0.616284 0.630113
0.451319 0.492918
0.521056 0.553135
Train:
DSE:
0.597645 0.624481
0.589718  0.65051
0.593655  0.63723
Val:
DSE:
0.546725 0.576005
0.510752 0.563588
0.528126 0.569729
is from:
4018,1348,1519
Train: 0.33549  0.42971 0.376799
1367,409,458
Val:0.299195 0.347789 0.321667
459,144,159
Test:0.313725 0.412607 0.356436
is about:
4464,1513,1519
Train:0.338934 0.482308 0.398106
1516,455,458
Val:0.300132 0.386905 0.338039
510,159,159
Test:0.311765 0.455587 0.370198
Epoch 190
Train:
Target:
0.342674 0.390043
0.544441 0.667466
0.420613 0.492366
Val:
Target:
0.320372 0.376083
  0.4803 0.599372
0.384363 0.462171
Train:
Agent:
0.687785 0.700414
0.543499 0.579973
0.607188 0.634529
Val:
Agent:
0.616284 0.630113
0.451319 0.492918
0.521056 0.553135
Train:
DSE:
0.597645 0.624481
0.589718  0.65051
0.593655  0.63723
Val:
DSE:
0.546725 0.576005
0.510752 0.563588
0.528126 0.569729
is from:
3956,1346,1519
Train:0.340243 0.429072 0.379529
1341,400,458
Val:0.298285 0.340136 0.317839
459,144,159
Test:0.313725 0.412607 0.356436
is about:
4481,1519,1519
Train:0.338987 0.484221 0.398792
1530,458,458
Val:0.299346 0.389456 0.338507
510,159,159
Test:0.311765 0.455587 0.370198
Epoch 195
Train:
Target:
0.342674 0.390043
0.544441 0.667466
0.420613 0.492366
Val:
Target:
0.320372 0.376083
  0.4803 0.599372
0.384363 0.462171
Train:
Agent:
0.687785 0.700414
0.543499 0.579973
0.607188 0.634529
Val:
Agent:
0.616284 0.630113
0.451319 0.492918
0.521056 0.553135
Train:
DSE:
0.597645 0.624481
0.589718  0.65051
0.593655  0.63723
Val:
DSE:
0.546725 0.576005
0.510752 0.563588
0.528126 0.569729
is from:
4009,1350,1519
Train:0.336742 0.430347 0.377834
1363,406,458
Val:0.297872 0.345238 0.319811
458,143,159
Test:0.312227 0.409742 0.354399
is about:
4336,1478,1519
Train:0.340867 0.471151 0.395557
1464,437,458
Val:0.298497 0.371599 0.331061
500,156,159
Test:   0.312 0.446991 0.367491
Best: 
OCLASS_WEIGHT_TARGET: 0
Validation:
Target
0.321299 0.376724
0.481707 0.601728
0.385481 0.463355
Agent
 0.59122 0.606705
0.474134 0.509915
0.526243 0.554115
DSE
0.544631 0.571146
0.521978 0.576975
0.533064 0.574046
Test:
Target
0.283911 0.320681
0.478922 0.612813
 0.35649 0.421036
Agent
0.591958 0.607143
0.518698 0.543779
0.552912 0.573717
DSE
0.524426 0.540486
0.556322 0.616092
0.539903 0.575818
