9471 6281 892
Valid size: 2298
Epoch 0
Train:
Target:
1 1
0 0
0 0
Val:
Target:
1 1
0 0
0 0
Train:
Agent:
1 1
0 0
0 0
Val:
Agent:
1 1
0 0
0 0
Train:
DSE:
1 1
0 0
0 0
Val:
DSE:
1 1
0 0
0 0
is from:
0,0,0
Train:1 0 0
0,0,0
Val:1 0 0
0,0,0
Test:1 0 0
is about:
0,0,0
Train:1 0 0
0,0,0
Val:1 0 0
0,0,0
Test:1 0 0
Epoch 5
Train:
Target:
1 1
0 0
0 0
Val:
Target:
1 1
0 0
0 0
Train:
Agent:
1 1
0 0
0 0
Val:
Agent:
1 1
0 0
0 0
Train:
DSE:
1 1
0 0
0 0
Val:
DSE:
1 1
0 0
0 0
is from:
0,0,0
Train:1 0 0
0,0,0
Val:1 0 0
0,0,0
Test:1 0 0
is about:
0,0,0
Train:1 0 0
0,0,0
Val:1 0 0
0,0,0
Test:1 0 0
Epoch 10
Train:
Target:
1 1
0 0
0 0
Val:
Target:
1 1
0 0
0 0
Train:
Agent:
0.660529 0.664589
0.372643 0.416021
0.476477 0.511717
Val:
Agent:
0.614345 0.618063
0.352216 0.394476
0.447736 0.481583
Train:
DSE:
0.495779 0.511985
0.440558 0.492857
 0.46654 0.502239
Val:
DSE:
0.489282 0.503577
 0.41448 0.467202
0.448786 0.484708
is from:
3012,1007,1068
Train:0.334329 0.321007 0.327533
1119,337,352
Val:0.301162 0.286565 0.293682
409,112,120
Test:0.273839 0.320917 0.295515
is about:
0,0,0
Train:1 0 0
0,0,0
Val:1 0 0
0,0,0
Test:1 0 0
Epoch 15
Train:
Target:
1 1
0 0
0 0
Val:
Target:
1 1
0 0
0 0
Train:
Agent:
0.575819 0.588252
0.466803 0.531642
0.515611 0.558516
Val:
Agent:
  0.5264 0.533184
0.426037 0.487252
0.470931 0.509184
Train:
DSE:
0.461007 0.485639
0.570594 0.644388
 0.50998 0.553862
Val:
DSE:
0.458234 0.478961
0.532609 0.607764
 0.49263  0.53573
is from:
4665,1272,1467
Train:0.272669 0.405483  0.32607
1605,416,468
Val: 0.25919 0.353741 0.299173
508,132,151
Test:0.259843 0.378223 0.308051
is about:
0,0,0
Train:1 0 0
0,0,0
Val:1 0 0
0,0,0
Test:1 0 0
Epoch 20
Train:
Target:
1 1
0 0
0 0
Val:
Target:
1 1
0 0
0 0
Train:
Agent:
0.625195 0.637892
0.461678 0.504673
0.531136 0.563516
Val:
Agent:
 0.57578 0.585409
0.410785 0.447592
0.479485 0.507307
Train:
DSE:
0.484663 0.507244
 0.60032  0.67602
0.536327 0.579595
Val:
DSE:
0.464009 0.486234
0.551121 0.617135
0.503827  0.54392
is from:
4282,1260,1466
Train:0.294255 0.401658 0.339668
1451,382,448
Val:0.263267  0.32483 0.290826
441,123,146
Test:0.278912 0.352436 0.311392
is about:
0,0,0
Train:1 0 0
0,0,0
Val:1 0 0
0,0,0
Test:1 0 0
Epoch 25
Train:
Target:
1 1
0 0
0 0
Val:
Target:
1 1
0 0
0 0
Train:
Agent:
0.645626 0.657782
0.466828 0.511348
0.541859 0.575395
Val:
Agent:
0.573435 0.582677
0.413001 0.456799
0.480171 0.512116
Train:
DSE:
 0.58036 0.604061
0.533619  0.59949
0.556009 0.601767
Val:
DSE:
0.554539 0.579063
0.469155 0.522088
0.508286 0.549102
is from:
3057,1085,1357
Train:0.354923 0.345872 0.350339
987,312,398
Val:0.316109 0.265306 0.288488
306,98,125
Test:0.320261 0.280802 0.299237
is about:
0,0,0
Train:1 0 0
0,0,0
Val:1 0 0
0,0,0
Test:1 0 0
Epoch 30
Train:
Target:
1 1
0 0
0 0
Val:
Target:
1 1
0 0
0 0
Train:
Agent:
0.572808 0.584553
 0.57823 0.623231
0.575506 0.603272
Val:
Agent:
0.511526 0.520992
0.509371 0.562323
0.510446 0.540869
Train:
DSE:
0.585458  0.60876
0.559299    0.625
 0.57208 0.616773
Val:
DSE:
0.548769 0.575246
 0.48692  0.54083
0.515998 0.557507
is from:
4240,1381,1649
Train:0.325708  0.44023 0.374407
1468,422,501
Val:0.287466 0.358844 0.319213
524,153,174
Test:0.291985 0.438395 0.350515
is about:
0,0,0
Train:1 0 0
0,0,0
Val:1 0 0
0,0,0
Test:1 0 0
Epoch 35
Train:
Target:
1 1
0 0
0 0
Val:
Target:
1 1
0 0
0 0
Train:
Agent:
0.596212 0.612123
0.552827 0.588251
0.573701  0.59995
Val:
Agent:
0.531889 0.547906
0.488675 0.529745
0.509367 0.538673
Train:
DSE:
0.637321 0.655719
0.510995  0.57398
 0.56721 0.612133
Val:
DSE:
0.579092  0.60311
0.438325 0.488621
0.498971 0.539862
is from:
3809,1325,1407
Train: 0.34786 0.422378 0.381515
1272,409,451
Val:0.321541 0.347789  0.33415
441,135,149
Test:0.306122 0.386819 0.341772
is about:
0,0,0
Train:1 0 0
0,0,0
Val:1 0 0
0,0,0
Test:1 0 0
Epoch 40
Train:
Target:
1 1
0 0
0 0
Val:
Target:
1 1
0 0
0 0
Train:
Agent:
0.723272 0.728841
0.419883 0.466222
0.531318 0.568675
Val:
Agent:
0.658087  0.66287
0.363527 0.402975
0.468342 0.501236
Train:
DSE:
0.648675 0.667076
0.487399 0.548724
 0.55659  0.60214
Val:
DSE:
 0.58426 0.604692
0.415423 0.463186
0.485584 0.524563
is from:
2705,1102,1188
Train:0.407394 0.351291 0.377268
864,306,336
Val:0.354167 0.260204      0.3
310,100,110
Test:0.322581 0.286533  0.30349
is about:
0,0,0
Train:1 0 0
0,0,0
Val:1 0 0
0,0,0
Test:1 0 0
Epoch 45
Train:
Target:
1 1
0 0
0 0
Val:
Target:
1 1
0 0
0 0
Train:
Agent:
0.626504 0.639149
 0.54945 0.583445
0.585453 0.610028
Val:
Agent:
0.565126 0.578669
0.477587 0.524079
0.517682 0.550023
Train:
DSE:
 0.58916 0.617263
0.596347 0.659184
0.592731 0.637535
Val:
DSE:
0.537894 0.569821
0.519439 0.572289
0.528505 0.571053
is from:
3554,1211,1546
Train:0.340743 0.386038 0.361979
1239,395,496
Val:0.318805 0.335884 0.327122
416,128,160
Test:0.307692 0.366762 0.334641
is about:
0,0,0
Train:1 0 0
0,0,0
Val:1 0 0
0,0,0
Test:1 0 0
Epoch 50
Train:
Target:
1 1
0 0
0 0
Val:
Target:
1 1
0 0
0 0
Train:
Agent:
0.679139 0.689453
0.504954 0.543658
0.579235 0.607937
Val:
Agent:
0.612407 0.622831
0.430944 0.471671
0.505895 0.536813
Train:
DSE:
 0.57161 0.602007
0.624308 0.683418
0.596798 0.640134
Val:
DSE:
0.520089 0.554307
0.543138 0.593708
0.531364 0.573331
is from:
3335,1178,1507
Train:0.353223 0.375518  0.36403
1121,370,452
Val:0.330062 0.314626 0.322159
391,120,148
Test:0.306905  0.34384 0.324324
is about:
0,0,0
Train:1 0 0
0,0,0
Val:1 0 0
0,0,0
Test:1 0 0
Epoch 55
Train:
Target:
1 1
0 0
0 0
Val:
Target:
1 1
0 0
0 0
Train:
Agent:
0.701212 0.710119
0.470807 0.508945
0.563362 0.592933
Val:
Agent:
0.639078 0.647119
0.399779 0.436261
0.491867  0.52117
Train:
DSE:
0.600754 0.633276
0.594246 0.652806
0.597483 0.642893
Val:
DSE:
0.531687 0.567568
0.513293 0.562918
0.522328 0.565233
is from:
3323,1243,1379
Train: 0.37406 0.396238  0.38483
1104,366,402
Val:0.331522 0.311224 0.321053
383,118,131
Test:0.308094 0.338109 0.322404
is about:
0,0,0
Train:1 0 0
0,0,0
Val:1 0 0
0,0,0
Test:1 0 0
Epoch 60
Train:
Target:
1 1
0 0
0 0
Val:
Target:
1 1
0 0
0 0
Train:
Agent:
 0.70848 0.716995
0.477151 0.516422
0.570248   0.6004
Val:
Agent:
0.636632 0.646154
0.402601  0.44051
0.493265 0.523874
Train:
DSE:
0.610446 0.637805
0.579658 0.640306
0.594654 0.639053
Val:
DSE:
0.546105 0.579058
0.499006 0.550201
0.521494 0.564261
is from:
2498,968,1392
Train: 0.38751 0.308575 0.343567
841,288,396
Val:0.342449 0.244898 0.285573
297,94,133
Test:0.316498 0.269341 0.291022
is about:
0,0,0
Train:1 0 0
0,0,0
Val:1 0 0
0,0,0
Test:1 0 0
Epoch 65
Train:
Target:
1 1
0 0
0 0
Val:
Target:
1 1
0 0
0 0
Train:
Agent:
 0.67484 0.687601
0.517071 0.551402
0.585514 0.612016
Val:
Agent:
0.604728 0.618409
0.434278 0.473796
0.505522 0.536529
Train:
DSE:
0.609152 0.637875
0.584072 0.641327
0.596348 0.639596
Val:
DSE:
0.542229 0.577139
0.498649 0.549531
0.519527 0.562997
is from:
3543,1312,1455
Train:0.370308 0.418234 0.392814
1223,392,442
Val:0.320523 0.333333 0.326803
425,132,146
Test:0.310588 0.378223 0.341085
is about:
0,0,0
Train:1 0 0
0,0,0
Val:1 0 0
0,0,0
Test:1 0 0
Epoch 70
Train:
Target:
1 1
0 0
0 0
Val:
Target:
1 1
0 0
0 0
Train:
Agent:
0.688948 0.699864
0.495401 0.530841
 0.57636 0.603746
Val:
Agent:
0.621283 0.633333
0.415673 0.457507
0.498093  0.53125
Train:
DSE:
0.609515 0.637387
0.585372 0.644388
  0.5972 0.640868
Val:
DSE:
0.545582 0.578911
0.502476 0.553548
0.523142 0.565945
is from:
2749,1018,1414
Train:0.370316 0.324514 0.345906
949,314,423
Val:0.330875 0.267007 0.295529
312,104,139
Test:0.333333 0.297994 0.314675
is about:
0,0,0
Train:1 0 0
0,0,0
Val:1 0 0
0,0,0
Test:1 0 0
Epoch 75
Train:
Target:
1 1
0 0
0 0
Val:
Target:
1 1
0 0
0 0
Train:
Agent:
 0.68216 0.694915
 0.51626 0.550868
0.587727 0.614564
Val:
Agent:
 0.60287 0.616207
0.434529 0.477337
0.505041 0.537954
Train:
DSE:
0.604487 0.632734
0.593221 0.650765
0.598801 0.641623
Val:
DSE:
0.541555 0.575841
  0.5086 0.560241
 0.52456 0.567934
is from:
2853,1040,1467
Train:0.364529 0.331527 0.347245
1007,326,440
Val:0.323734 0.277211 0.298672
334,106,148
Test:0.317365 0.303725 0.310395
is about:
0,0,0
Train:1 0 0
0,0,0
Val:1 0 0
0,0,0
Test:1 0 0
Epoch 80
Train:
Target:
1 1
0 0
0 0
Val:
Target:
1 1
0 0
0 0
Train:
Agent:
0.686141 0.698497
 0.50909 0.543391
0.584502 0.611258
Val:
Agent:
0.608324 0.621324
0.424796 0.465297
0.500259 0.532109
Train:
DSE:
0.601243     0.63
0.597565 0.654337
0.599399 0.641938
Val:
DSE:
0.538603 0.573171
0.515707 0.566934
0.526906 0.570036
is from:
2880,1059,1454
Train:0.367708 0.337584 0.352003
1021,331,436
Val:0.324192 0.281463  0.30132
342,112,147
Test:0.327485 0.320917 0.324168
is about:
0,0,0
Train:1 0 0
0,0,0
Val:1 0 0
0,0,0
Test:1 0 0
Epoch 85
Train:
Target:
1 1
0 0
0 0
Val:
Target:
1 1
0 0
0 0
Train:
Agent:
0.677787 0.690781
0.523211 0.557543
0.590551 0.617052
Val:
Agent:
0.600413 0.613497
 0.44035 0.482295
0.508073 0.540041
Train:
DSE:
 0.59461 0.624733
0.610255 0.668112
0.602331 0.645695
Val:
DSE:
0.530405 0.566623
0.525059 0.576305
0.527718 0.571423
is from:
2977,1061,1503
Train:0.356399 0.338221 0.347072
1054,336,459
Val:0.318786 0.285714 0.301345
347,107,147
Test:0.308357  0.30659 0.307471
is about:
0,0,0
Train:1 0 0
0,0,0
Val:1 0 0
0,0,0
Test:1 0 0
Epoch 90
Train:
Target:
1 1
0 0
0 0
Val:
Target:
1 1
0 0
0 0
Train:
Agent:
0.680817  0.69395
0.520339 0.554873
0.589858 0.616667
Val:
Agent:
0.602071 0.615589
0.436837 0.479462
0.506314 0.539064
Train:
DSE:
0.598751 0.628812
0.605818 0.664031
0.602264 0.645941
Val:
DSE:
0.535429 0.571333
0.522772 0.574297
0.529025 0.572811
is from:
3394,1240,1492
Train:0.365351 0.395282 0.379727
1174,377,452
Val:0.321124 0.320578 0.320851
406,126,149
Test:0.310345 0.361032 0.333775
is about:
0,0,0
Train:1 0 0
0,0,0
Val:1 0 0
0,0,0
Test:1 0 0
Epoch 95
Train:
Target:
1 1
0 0
0 0
Val:
Target:
1 1
0 0
0 0
Train:
Agent:
 0.68053   0.6937
 0.52085 0.555407
0.590078 0.616898
Val:
Agent:
0.603308 0.616814
0.438011  0.48017
 0.50754 0.539982
Train:
DSE:
0.595253 0.625473
0.611486 0.669643
 0.60326 0.646805
Val:
DSE:
0.529047 0.565217
0.525226 0.575636
 0.52713 0.570379
is from:
2951,1060,1498
Train:  0.3592 0.337902 0.348226
1046,332,454
Val:  0.3174 0.282313  0.29883
343,107,149
Test:0.311953  0.30659 0.309249
is about:
0,0,0
Train:1 0 0
0,0,0
Val:1 0 0
0,0,0
Test:1 0 0
Epoch 100
Train:
Target:
1 1
0 0
0 0
Val:
Target:
1 1
0 0
0 0
Train:
Agent:
0.678015 0.691026
0.523735 0.557276
0.590972 0.616986
Val:
Agent:
 0.60064 0.614711
0.440846 0.482295
0.508484 0.540511
Train:
DSE:
0.601587 0.630769
0.597555 0.654847
0.599564 0.642583
Val:
DSE:
0.541413 0.575902
0.514349 0.566265
0.527534 0.571043
is from:
3220,1168,1486
Train:0.362733  0.37233 0.367469
1112,360,455
Val:0.323741 0.306122 0.314685
371,120,144
Test: 0.32345  0.34384 0.333333
is about:
0,0,0
Train:1 0 0
0,0,0
Val:1 0 0
0,0,0
Test:1 0 0
Epoch 105
Train:
Target:
1 1
0 0
0 0
Val:
Target:
1 1
0 0
0 0
Train:
Agent:
0.678301 0.691346
0.524118  0.55781
0.591325 0.617441
Val:
Agent:
0.601166  0.61525
0.440988 0.482295
0.508767 0.540719
Train:
DSE:
0.597789 0.627963
0.606839 0.665051
 0.60228 0.645975
Val:
DSE:
 0.53404 0.570286
0.522939 0.574297
0.528431 0.572285
is from:
2969,1064,1500
Train: 0.35837 0.339178  0.34851
1037,331,457
Val: 0.31919 0.281463 0.299141
340,105,147
Test:0.308824  0.30086  0.30479
is about:
0,0,0
Train:1 0 0
0,0,0
Val:1 0 0
0,0,0
Test:1 0 0
Epoch 110
Train:
Target:
1 1
0 0
0 0
Val:
Target:
1 1
0 0
0 0
Train:
Agent:
0.679845 0.692977
0.521827 0.556208
0.590447 0.617105
Val:
Agent:
 0.60331 0.617569
0.438538  0.48017
0.507894 0.540271
Train:
DSE:
0.598593 0.628537
0.606328 0.664541
0.602436 0.646038
Val:
DSE:
0.533873 0.570286
0.522103 0.573628
0.527922 0.571952
is from:
2787,1003,1494
Train:0.359885 0.319732 0.338623
987,317,452
Val:0.321175 0.269558 0.293111
328,103,147
Test:0.314024 0.295129 0.304284
is about:
0,0,0
Train:1 0 0
0,0,0
Val:1 0 0
0,0,0
Test:1 0 0
Epoch 115
Train:
Target:
1 1
0 0
0 0
Val:
Target:
1 1
0 0
0 0
Train:
Agent:
 0.67961  0.69263
 0.52236 0.556475
0.590699 0.617132
Val:
Agent:
0.600645 0.614841
0.438753  0.48017
0.507091 0.539224
Train:
DSE:
0.599405 0.629246
0.604704 0.662245
0.602043 0.645324
Val:
DSE:
0.535572  0.57162
0.520987 0.572289
0.528179 0.571954
is from:
3588,1325,1490
Train:0.369287 0.422378 0.394052
1236,392,452
Val:0.317152 0.333333 0.325041
421,129,146
Test:0.306413 0.369628 0.335065
is about:
0,0,0
Train:1 0 0
0,0,0
Val:1 0 0
0,0,0
Test:1 0 0
Epoch 120
Train:
Target:
1 1
0 0
0 0
Val:
Target:
1 1
0 0
0 0
Train:
Agent:
0.680048 0.693076
0.522449 0.556742
0.590921 0.617473
Val:
Agent:
0.602241 0.616475
0.438669  0.48017
0.507603 0.539852
Train:
DSE:
0.599309 0.629157
0.604641 0.662245
0.601963 0.645277
Val:
DSE:
0.535572  0.57162
0.520987 0.572289
0.528179 0.571954
is from:
3181,1152,1490
Train: 0.36215  0.36723 0.364672
1101,353,452
Val:0.320618  0.30017 0.310057
367,114,146
Test:0.310627 0.326648 0.318436
is about:
0,0,0
Train:1 0 0
0,0,0
Val:1 0 0
0,0,0
Test:1 0 0
Epoch 125
Train:
Target:
1 1
0 0
0 0
Val:
Target:
1 1
0 0
0 0
Train:
Agent:
0.680254 0.693273
0.522642 0.556742
0.591122 0.617552
Val:
Agent:
0.600998 0.615181
0.439432 0.480878
 0.50767 0.539801
Train:
DSE:
 0.59947 0.629335
0.604832   0.6625
0.602139 0.645492
Val:
DSE:
0.535882 0.571906
0.520764 0.572289
0.528215 0.572098
is from:
3063,1098,1492
Train:0.358472 0.350016 0.354194
1065,341,453
Val:0.320188 0.289966 0.304328
350,107,146
Test:0.305714  0.30659 0.306152
is about:
0,0,0
Train:1 0 0
0,0,0
Val:1 0 0
0,0,0
Test:1 0 0
Epoch 130
Train:
Target:
1 1
0 0
0 0
Val:
Target:
1 1
0 0
0 0
Train:
Agent:
0.680048 0.693076
0.522449 0.556742
0.590921 0.617473
Val:
Agent:
0.601889 0.616135
0.438694  0.48017
0.507495 0.539721
Train:
DSE:
0.599373 0.629246
0.604577 0.662245
0.601964 0.645324
Val:
DSE:
0.535882 0.571906
0.520764 0.572289
0.528215 0.572098
is from:
3773,1369,1490
Train:0.362841 0.436404 0.396237
1306,411,451
Val:0.314701  0.34949 0.331185
441,132,146
Test: 0.29932 0.378223 0.334177
is about:
0,0,0
Train:1 0 0
0,0,0
Val:1 0 0
0,0,0
Test:1 0 0
Epoch 135
Train:
Target:
1 1
0 0
0 0
Val:
Target:
1 1
0 0
0 0
Train:
Agent:
0.680254 0.693273
0.522775 0.556742
0.591207 0.617552
Val:
Agent:
0.601529 0.615724
0.439078 0.480878
0.507623  0.54001
Train:
DSE:
0.599309 0.629157
0.604641 0.662245
0.601963 0.645277
Val:
DSE:
0.535882 0.571906
0.520764 0.572289
0.528215 0.572098
is from:
2908,1053,1490
Train:0.362105 0.335671 0.348387
1020,326,453
Val:0.319608 0.277211 0.296903
336,105,146
Test:  0.3125  0.30086 0.306569
is about:
0,0,0
Train:1 0 0
0,0,0
Val:1 0 0
0,0,0
Test:1 0 0
Epoch 140
Train:
Target:
1 1
0 0
0 0
Val:
Target:
1 1
0 0
0 0
Train:
Agent:
0.680151 0.693175
0.522464 0.556742
0.590969 0.617512
Val:
Agent:
0.602241 0.616475
0.438724  0.48017
 0.50764 0.539852
Train:
DSE:
0.599309 0.629157
0.604641 0.662245
0.601963 0.645277
Val:
DSE:
0.535882 0.571906
0.520764 0.572289
0.528215 0.572098
is from:
3499,1291,1489
Train:0.368963  0.41154  0.38909
1201,386,452
Val:0.321399 0.328231 0.324779
415,127,146
Test:0.306024 0.363897 0.332461
is about:
0,0,0
Train:1 0 0
0,0,0
Val:1 0 0
0,0,0
Test:1 0 0
Epoch 145
Train:
Target:
1 1
0 0
0 0
Val:
Target:
1 1
0 0
0 0
Train:
Agent:
0.680151 0.693175
0.522464 0.556742
0.590969 0.617512
Val:
Agent:
0.602241 0.616475
0.438724  0.48017
 0.50764 0.539852
Train:
DSE:
0.599309 0.629157
0.604641 0.662245
0.601963 0.645277
Val:
DSE:
0.535882 0.571906
0.520764 0.572289
0.528215 0.572098
is from:
2876,1037,1489
Train: 0.36057 0.330571 0.344919
1009,323,452
Val:0.320119  0.27466 0.295652
335,104,146
Test:0.310448 0.297994 0.304094
is about:
0,0,0
Train:1 0 0
0,0,0
Val:1 0 0
0,0,0
Test:1 0 0
Epoch 150
Train:
Target:
1 1
0 0
0 0
Val:
Target:
1 1
0 0
0 0
Train:
Agent:
0.679932 0.692951
0.522464 0.556742
0.590887 0.617424
Val:
Agent:
0.602241 0.616475
0.438724  0.48017
 0.50764 0.539852
Train:
DSE:
0.599502 0.629335
0.604959   0.6625
0.602218 0.645492
Val:
DSE:
0.536193 0.572193
0.521433 0.572959
 0.52871 0.572575
is from:
3317,1212,1489
Train: 0.36539 0.386356 0.375581
1152,372,452
Val:0.322917 0.316327 0.319588
391,123,146
Test:0.314578 0.352436 0.332432
is about:
0,0,0
Train:1 0 0
0,0,0
Val:1 0 0
0,0,0
Test:1 0 0
Epoch 155
Train:
Target:
1 1
0 0
0 0
Val:
Target:
1 1
0 0
0 0
Train:
Agent:
0.679932 0.692951
0.522464 0.556742
0.590887 0.617424
Val:
Agent:
0.602241 0.616475
0.438724  0.48017
 0.50764 0.539852
Train:
DSE:
0.599309 0.629157
0.604641 0.662245
0.601963 0.645277
Val:
DSE:
0.535882 0.571906
0.520764 0.572289
0.528215 0.572098
is from:
2941,1064,1489
Train:0.361782 0.339178 0.350115
1034,331,452
Val:0.320116 0.281463 0.299548
339,107,146
Test:0.315634  0.30659 0.311047
is about:
0,0,0
Train:1 0 0
0,0,0
Val:1 0 0
0,0,0
Test:1 0 0
Epoch 160
Train:
Target:
1 1
0 0
0 0
Val:
Target:
1 1
0 0
0 0
Train:
Agent:
0.679932 0.692951
0.522464 0.556742
0.590887 0.617424
Val:
Agent:
0.602241 0.616475
0.438724  0.48017
 0.50764 0.539852
Train:
DSE:
0.599309 0.629157
0.604641 0.662245
0.601963 0.645277
Val:
DSE:
0.535882 0.571906
0.520764 0.572289
0.528215 0.572098
is from:
3591,1328,1489
Train:0.369813 0.423334 0.394768
1238,393,452
Val:0.317447 0.334184 0.325601
425,129,146
Test:0.303529 0.369628 0.333333
is about:
0,0,0
Train:1 0 0
0,0,0
Val:1 0 0
0,0,0
Test:1 0 0
Epoch 165
Train:
Target:
1 1
0 0
0 0
Val:
Target:
1 1
0 0
0 0
Train:
Agent:
0.679932 0.692951
0.522464 0.556742
0.590887 0.617424
Val:
Agent:
0.602241 0.616475
0.438724  0.48017
 0.50764 0.539852
Train:
DSE:
0.599309 0.629157
0.604641 0.662245
0.601963 0.645277
Val:
DSE:
0.535882 0.571906
0.520764 0.572289
0.528215 0.572098
is from:
3298,1202,1489
Train:0.364463 0.383169 0.373582
1143,370,452
Val: 0.32371 0.314626 0.319103
388,122,146
Test:0.314433  0.34957 0.331072
is about:
0,0,0
Train:1 0 0
0,0,0
Val:1 0 0
0,0,0
Test:1 0 0
Epoch 170
Train:
Target:
1 1
0 0
0 0
Val:
Target:
1 1
0 0
0 0
Train:
Agent:
0.679932 0.692951
0.522464 0.556742
0.590887 0.617424
Val:
Agent:
0.602241 0.616475
0.438724  0.48017
 0.50764 0.539852
Train:
DSE:
0.599309 0.629157
0.604641 0.662245
0.601963 0.645277
Val:
DSE:
0.535882 0.571906
0.520764 0.572289
0.528215 0.572098
is from:
2784,1004,1489
Train:0.360632 0.320051 0.339132
988,321,452
Val:0.324899 0.272959 0.296673
327,102,146
Test:0.311927 0.292264 0.301775
is about:
0,0,0
Train:1 0 0
0,0,0
Val:1 0 0
0,0,0
Test:1 0 0
Epoch 175
Train:
Target:
1 1
0 0
0 0
Val:
Target:
1 1
0 0
0 0
Train:
Agent:
0.679932 0.692951
0.522464 0.556742
0.590887 0.617424
Val:
Agent:
0.601889 0.616135
0.438694  0.48017
0.507495 0.539721
Train:
DSE:
0.599309 0.629157
0.604641 0.662245
0.601963 0.645277
Val:
DSE:
0.535882 0.571906
0.520764 0.572289
0.528215 0.572098
is from:
3737,1361,1489
Train:0.364196 0.433854 0.395985
1292,408,451
Val:0.315789 0.346939 0.330632
437,131,146
Test:0.299771 0.375358 0.333333
is about:
0,0,0
Train:1 0 0
0,0,0
Val:1 0 0
0,0,0
Test:1 0 0
Epoch 180
Train:
Target:
1 1
0 0
0 0
Val:
Target:
1 1
0 0
0 0
Train:
Agent:
0.679932 0.692951
0.522464 0.556742
0.590887 0.617424
Val:
Agent:
0.601889 0.616135
0.438694  0.48017
0.507495 0.539721
Train:
DSE:
0.599309 0.629157
0.604641 0.662245
0.601963 0.645277
Val:
DSE:
0.535882 0.571906
0.520764 0.572289
0.528215 0.572098
is from:
2802,1011,1489
Train:0.360814 0.322282 0.340461
990,319,451
Val:0.322222 0.271259 0.294552
328,102,146
Test:0.310976 0.292264 0.301329
is about:
0,0,0
Train:1 0 0
0,0,0
Val:1 0 0
0,0,0
Test:1 0 0
Epoch 185
Train:
Target:
1 1
0 0
0 0
Val:
Target:
1 1
0 0
0 0
Train:
Agent:
0.679932 0.692951
0.522464 0.556742
0.590887 0.617424
Val:
Agent:
0.601889 0.616135
0.438694  0.48017
0.507495 0.539721
Train:
DSE:
0.599309 0.629157
0.604641 0.662245
0.601963 0.645277
Val:
DSE:
0.535882 0.571906
0.520764 0.572289
0.528215 0.572098
is from:
3132,1131,1489
Train:0.361111 0.360536 0.360823
1080,348,451
Val:0.322222 0.295918 0.308511
363,112,146
Test: 0.30854 0.320917 0.314607
is about:
0,0,0
Train:1 0 0
0,0,0
Val:1 0 0
0,0,0
Test:1 0 0
Epoch 190
Train:
Target:
1 1
0 0
0 0
Val:
Target:
1 1
0 0
0 0
Train:
Agent:
0.679932 0.692951
0.522464 0.556742
0.590887 0.617424
Val:
Agent:
0.601889 0.616135
0.438694  0.48017
0.507495 0.539721
Train:
DSE:
0.599309 0.629157
0.604641 0.662245
0.601963 0.645277
Val:
DSE:
0.535882 0.571906
0.520764 0.572289
0.528215 0.572098
is from:
3344,1220,1489
Train:0.364833 0.388907 0.376485
1157,374,451
Val: 0.32325 0.318027 0.320617
395,123,146
Test:0.311392 0.352436 0.330645
is about:
0,0,0
Train:1 0 0
0,0,0
Val:1 0 0
0,0,0
Test:1 0 0
Epoch 195
Train:
Target:
1 1
0 0
0 0
Val:
Target:
1 1
0 0
0 0
Train:
Agent:
0.679932 0.692951
0.522464 0.556742
0.590887 0.617424
Val:
Agent:
0.601889 0.616135
0.438694  0.48017
0.507495 0.539721
Train:
DSE:
0.599309 0.629157
0.604641 0.662245
0.601963 0.645277
Val:
DSE:
0.535882 0.571906
0.520764 0.572289
0.528215 0.572098
is from:
3741,1364,1489
Train:0.364608  0.43481 0.396627
1293,410,451
Val:0.317092 0.348639 0.332118
439,131,146
Test:0.298405 0.375358 0.332487
is about:
0,0,0
Train:1 0 0
0,0,0
Val:1 0 0
0,0,0
Test:1 0 0
Best: 
OCLASS_WEIGHT_TARGET: 0
Validation:
Target
0 0
0 0
0 0
Agent
0.565126 0.578669
0.477587 0.524079
0.517682 0.550023
DSE
0.520089 0.554307
0.543138 0.593708
0.531364 0.573331
Test:
Target
0 0
0 0
0 0
Agent
0.584747   0.5962
0.525475 0.564516
0.553529 0.579925
DSE
0.486044 0.508318
0.568027 0.622989
0.523847 0.559842
