9471 6281 892
Valid size: 2298
Epoch 0
Train:
Target:
1 1
0 0
0 0
Val:
Target:
1 1
0 0
0 0
Train:
Agent:
1 1
0 0
0 0
Val:
Agent:
1 1
0 0
0 0
Train:
DSE:
1 1
0 0
0 0
Val:
DSE:
1 1
0 0
0 0
is from:
0,0,0
Train:1 0 0
0,0,0
Val:1 0 0
0,0,0
Test:1 0 0
is about:
0,0,0
Train:1 0 0
0,0,0
Val:1 0 0
0,0,0
Test:1 0 0
Epoch 5
Train:
Target:
1 1
0 0
0 0
Val:
Target:
1 1
0 0
0 0
Train:
Agent:
 0.938462  0.938462
0.0158879 0.0162884
0.0312467  0.032021
Val:
Agent:
  0.95122   0.95122
0.0243626 0.0254958
0.0475084 0.0496604
Train:
DSE:
1 1
0 0
0 0
Val:
DSE:
1 1
0 0
0 0
is from:
0,0,0
Train:1 0 0
0,0,0
Val:1 0 0
0,0,0
Test:1 0 0
is about:
0,0,0
Train:1 0 0
0,0,0
Val:1 0 0
0,0,0
Test:1 0 0
Epoch 10
Train:
Target:
1 1
0 0
0 0
Val:
Target:
1 1
0 0
0 0
Train:
Agent:
0.436561 0.449992
0.635482 0.685447
0.517567 0.543306
Val:
Agent:
0.421536 0.433378
0.605118 0.660765
0.496913 0.523443
Train:
DSE:
0.460813 0.460813
0.427687 0.505102
0.443633 0.481942
Val:
DSE:
0.466745 0.466745
0.412272 0.486613
 0.43782 0.476472
is from:
8278,1707,1715
Train:0.206209  0.54415  0.29908
2829,592,599
Val:0.209261 0.503401  0.29563
926,176,179
Test:0.190065 0.504298 0.276078
is about:
8411,1715,1715
Train:  0.2039 0.546701 0.297021
2867,599,599
Val:0.208929 0.509354 0.296315
937,179,179
Test:0.191035 0.512894 0.278383
Epoch 15
Train:
Target:
1 1
0 0
0 0
Val:
Target:
1 1
0 0
0 0
Train:
Agent:
 0.65373   0.6586
0.475474  0.52737
0.550532 0.585724
Val:
Agent:
0.604094 0.607018
0.427197 0.478754
0.500474  0.53531
Train:
DSE:
0.604097 0.620216
0.324915 0.376786
0.422557 0.468783
Val:
DSE:
0.612704 0.622461
0.298996  0.34672
0.401878 0.445365
is from:
2658,974,1052
Train:0.366441 0.310488 0.336152
882,303,319
Val:0.343537 0.257653 0.294461
291,92,99
Test:0.316151  0.26361   0.2875
is about:
2887,1052,1052
Train:0.364392 0.335352  0.34927
946,319,319
Val:0.337209 0.271259  0.30066
316,99,99
Test:0.313291 0.283668 0.297744
Epoch 20
Train:
Target:
 0.451178  0.451178
0.0135817 0.0392451
0.0263696 0.0722091
Val:
Target:
 0.466667  0.466667
0.0163667 0.0329929
0.0316242 0.0616288
Train:
Agent:
0.730914 0.737155
0.414457 0.449399
0.528968 0.558385
Val:
Agent:
0.671592 0.678744
0.359383 0.390227
0.468214  0.49555
Train:
DSE:
0.647436 0.662057
0.336721  0.38648
0.443029 0.488055
Val:
DSE:
0.646259 0.659439
0.297976 0.342035
0.407885 0.450438
is from:
2148,900,921
Train:0.418994 0.286898 0.340587
657,254,257
Val:0.386606 0.215986 0.277141
243,92,96
Test:0.378601  0.26361 0.310811
is about:
1215,506,921
Train:0.416461 0.161301 0.232537
374,135,257
Val:0.360963 0.114796 0.174194
166,61,96
Test: 0.36747 0.174785 0.236893
Epoch 25
Train:
Target:
0.350866 0.368202
0.282901 0.508388
0.313239 0.427086
Val:
Target:
0.348926  0.36858
0.254283 0.450903
 0.29418 0.405607
Train:
Agent:
0.626563 0.641602
0.555622 0.586916
0.588964 0.613042
Val:
Agent:
 0.57499 0.586939
0.485908 0.523371
0.526709 0.553336
Train:
DSE:
0.569451 0.597594
0.514576 0.569643
0.540625 0.583284
Val:
DSE:
 0.55578 0.584296
0.461445  0.51071
0.504238  0.54503
is from:
3109,1038,1447
Train:0.333869 0.330889 0.332373
1030,323,451
Val:0.313592  0.27466 0.292838
336,95,141
Test:0.282738 0.272206 0.277372
is about:
4486,1444,1447
Train: 0.32189 0.460312 0.378853
1527,450,451
Val:0.294695 0.382653 0.332963
489,141,141
Test:0.288344 0.404011 0.336516
Epoch 30
Train:
Target:
0.353671 0.385363
0.352048 0.526663
0.352858 0.445067
Val:
Target:
 0.34203 0.372501
0.315811 0.480754
0.328398 0.419761
Train:
Agent:
0.655932 0.662946
0.501989 0.550334
0.568728 0.601414
Val:
Agent:
0.606696 0.610714
0.438597 0.478045
0.509131 0.536297
Train:
DSE:
0.581799 0.606804
0.530081  0.58699
0.554738 0.596732
Val:
DSE:
0.552831 0.578287
0.474648 0.525435
0.510765 0.550595
is from:
3957,1340,1459
Train: 0.33864  0.42716 0.377784
1297,404,438
Val:0.311488 0.343537 0.326729
405,125,139
Test:0.308642 0.358166 0.331565
is about:
3724,1232,1459
Train:0.330827 0.392732 0.359131
1158,350,438
Val:0.302245 0.297619 0.299914
377,115,139
Test: 0.30504 0.329513 0.316804
Epoch 35
Train:
Target:
0.338003  0.34003
0.262731 0.555722
0.295651 0.421907
Val:
Target:
0.327753 0.329568
 0.24678 0.507463
 0.28156 0.399612
Train:
Agent:
0.716283 0.724973
0.482805  0.52016
0.576813 0.605722
Val:
Agent:
0.647499 0.655992
0.409159 0.444051
0.501449 0.529604
Train:
DSE:
0.629219 0.649504
0.465877 0.516837
0.535366 0.575625
Val:
DSE:
0.594762 0.618433
0.405752 0.450469
0.482403 0.521254
is from:
2518,991,1262
Train:0.393566 0.315907 0.350486
820,293,362
Val:0.357317  0.24915 0.293587
276,89,122
Test:0.322464 0.255014   0.2848
is about:
3274,1246,1262
Train:0.380574 0.397195 0.388707
1043,351,362
Val:0.336529 0.298469 0.316359
374,118,122
Test:0.315508 0.338109 0.326418
Epoch 40
Train:
Target:
0.293443 0.321675
0.510271 0.675255
0.372609 0.435763
Val:
Target:
0.281807 0.317058
0.483498 0.626866
0.356076 0.421121
Train:
Agent:
0.701546 0.712845
0.516046 0.551936
0.594665 0.622155
Val:
Agent:
 0.62824 0.637736
0.434782 0.475212
0.513907 0.544608
Train:
DSE:
 0.56673 0.591661
0.581166 0.642347
0.573857 0.615963
Val:
DSE:
0.531479 0.556921
0.522037 0.574967
0.526716   0.5658
is from:
3996,1404,1500
Train:0.351351 0.447561 0.393663
1362,426,446
Val:0.312775 0.362245 0.335697
448,139,150
Test:0.310268 0.398281 0.348808
is about:
4446,1491,1500
Train:0.335358 0.475295 0.393248
1509,442,446
Val:0.292909  0.37585 0.329236
515,150,150
Test:0.291262 0.429799 0.347222
Epoch 45
Train:
Target:
0.310048 0.337443
0.513802 0.690833
0.386729 0.453413
Val:
Target:
0.290817 0.321871
 0.48431 0.649647
0.363412 0.430466
Train:
Agent:
0.647006 0.661864
0.576931  0.61255
0.609963 0.636253
Val:
Agent:
 0.56984 0.585421
0.492536 0.534703
0.528376 0.558914
Train:
DSE:
0.579714 0.603167
0.567286 0.627041
0.573432 0.614872
Val:
DSE:
0.539067 0.565188
0.503579 0.552878
0.520719 0.558965
is from:
3199,1078,1587
Train: 0.33698  0.34364 0.340278
1136,343,484
Val:0.301937 0.291667 0.296713
370,103,156
Test:0.278378 0.295129 0.286509
is about:
4806,1573,1587
Train:0.327299 0.501434 0.396072
1671,477,484
Val:0.285458 0.405612  0.33509
538,155,156
Test:0.288104 0.444126 0.349493
Epoch 50
Train:
Target:
0.346027 0.381719
0.447582 0.605752
0.390307 0.468322
Val:
Target:
0.322364 0.362889
0.415538 0.550668
0.363068  0.43748
Train:
Agent:
 0.68399 0.693175
0.540277 0.583445
0.603699 0.633594
Val:
Agent:
0.614589 0.623388
0.460919 0.502125
0.526776 0.556224
Train:
DSE:
0.572314 0.599678
0.598078 0.660204
0.584912 0.628487
Val:
DSE:
0.522988 0.554045
0.518565 0.569612
0.520767 0.561721
is from:
4173,1450,1596
Train:0.347472 0.462225 0.396717
1426,434,467
Val:0.304348 0.369048  0.33359
468,136,152
Test:0.290598 0.389685 0.332925
is about:
4480,1496,1596
Train:0.333929 0.476889 0.392806
1490,424,467
Val:0.284564 0.360544  0.31808
502,138,152
Test:  0.2749 0.395415 0.324324
Epoch 55
Train:
Target:
0.354193 0.386472
0.425067 0.583883
0.386407 0.465096
Val:
Target:
0.329583 0.365256
0.396417 0.531815
0.359924 0.433073
Train:
Agent:
0.693666 0.704717
0.542478 0.579706
0.608826 0.636128
Val:
Agent:
0.614926  0.62511
0.455082 0.491501
0.523065 0.550312
Train:
DSE:
0.609529 0.634866
0.546423 0.606122
0.576253 0.620161
Val:
DSE:
0.566865 0.595728
 0.47639  0.52008
0.517704  0.55534
is from:
3612,1344,1486
Train:0.372093 0.428435 0.398281
1219,392,431
Val:0.321575 0.333333 0.327349
426,134,146
Test:0.314554 0.383954 0.345806
is about:
4179,1456,1486
Train:0.348409 0.464138 0.398032
1402,425,431
Val:0.303138 0.361395 0.329713
490,141,146
Test:0.287755 0.404011 0.336114
Epoch 60
Train:
Target:
0.359477 0.395641
0.436136 0.586579
0.394113 0.472551
Val:
Target:
0.331746 0.372477
 0.40666 0.537313
0.365402 0.439963
Train:
Agent:
0.676282 0.688988
0.564823 0.602403
0.615547 0.642793
Val:
Agent:
0.589686 0.601142
0.471155 0.511331
0.523798 0.552611
Train:
DSE:
0.599668 0.627219
 0.55931 0.618878
0.578786  0.62302
Val:
DSE:
0.560088 0.590876
0.488489 0.534137
0.521844 0.561075
is from:
3367,1195,1532
Train:0.354915 0.380937 0.367466
1155,365,448
Val:0.316017 0.310374  0.31317
394,114,149
Test: 0.28934 0.326648 0.306864
is about:
4453,1522,1532
Train:0.341792 0.485177 0.401054
1527,440,448
Val:0.288147  0.37415 0.325564
516,148,149
Test:0.286822 0.424069 0.342197
Epoch 65
Train:
Target:
0.318674  0.36034
0.519135 0.662972
0.394923 0.466906
Val:
Target:
0.295652 0.343951
0.480912 0.609584
0.366184 0.439768
Train:
Agent:
0.690968 0.702403
0.551931 0.589586
0.613673 0.641069
Val:
Agent:
0.604933 0.614796
0.456048 0.496459
0.520044 0.549327
Train:
DSE:
0.598409 0.627307
0.569079 0.628571
0.583376 0.627939
Val:
DSE:
0.552883 0.583756
0.490609 0.535475
0.519888 0.558574
is from:
3346,1210,1539
Train:0.361626 0.385719 0.373284
1129,356,437
Val:0.315323 0.302721 0.308894
390,117,150
Test:     0.3 0.335244 0.316644
is about:
4363,1500,1539
Train:  0.3438 0.478164      0.4
1460,423,437
Val:0.289726 0.359694 0.320941
506,141,150
Test:0.278656 0.404011 0.329825
Epoch 70
Train:
Target:
0.340892 0.382134
0.489002 0.633613
 0.40173 0.476743
Val:
Target:
0.310673 0.355175
  0.4493 0.574234
0.367343 0.438889
Train:
Agent:
0.678818 0.691273
0.565477 0.601068
0.616986 0.643022
Val:
Agent:
0.596733 0.608197
0.470621 0.514164
0.526227 0.557241
Train:
DSE:
0.586878 0.616104
0.589283  0.65051
0.588078  0.63284
Val:
DSE:
0.531663 0.562458
0.508564 0.556225
0.519857 0.559324
is from:
4089,1448,1592
Train:0.354121 0.461588 0.400775
1415,424,456
Val:0.299647 0.360544 0.327287
451,138,151
Test:0.305987 0.395415    0.345
is about:
4639,1557,1592
Train:0.335633 0.496334 0.400463
1586,439,456
Val:0.276797 0.373299 0.317886
511,147,151
Test:0.287671 0.421203  0.34186
Epoch 75
Train:
Target:
0.330126 0.373008
0.502503   0.6426
0.398471 0.472023
Val:
Target:
0.305353 0.353441
0.462965 0.587588
0.367993 0.441385
Train:
Agent:
0.680189 0.693087
0.569984 0.605073
0.620229 0.646097
Val:
Agent:
0.595459 0.607875
0.472309 0.514164
0.526782 0.557107
Train:
DSE:
0.608225 0.635862
0.555211  0.61352
 0.58051 0.624492
Val:
DSE:
0.563102 0.593233
0.479453 0.524096
0.517922 0.556526
is from:
3091,1113,1528
Train:0.360078 0.354798 0.357418
1044,334,441
Val:0.319923 0.284014 0.300901
350,103,146
Test:0.294286 0.295129 0.294707
is about:
4400,1519,1528
Train:0.345227 0.484221 0.403078
1484,435,441
Val:0.293127 0.369898 0.327068
492,145,146
Test:0.294715 0.415473 0.344828
Epoch 80
Train:
Target:
0.344663 0.386607
0.483845 0.627322
0.402564 0.478391
Val:
Target:
0.315454 0.361241
 0.44325 0.571092
0.368589  0.44255
Train:
Agent:
0.683697 0.695652
0.563574 0.599466
0.617851 0.643987
Val:
Agent:
0.596007 0.607762
0.469229 0.509915
0.525074 0.554556
Train:
DSE:
0.598545  0.62728
  0.5756 0.634439
0.586848 0.630839
Val:
DSE:
0.546461 0.576596
0.494917 0.541499
0.519413 0.558497
is from:
3355,1196,1567
Train:0.356483 0.381256 0.368453
1136,352,445
Val:0.309859  0.29932 0.304498
391,112,148
Test:0.286445 0.320917 0.302703
is about:
4496,1539,1567
Train:0.342304 0.490596 0.403249
1543,440,445
Val:0.285159  0.37415 0.323648
514,146,148
Test:0.284047 0.418338 0.338355
Epoch 85
Train:
Target:
0.337432  0.38118
0.497068  0.63601
0.401981 0.476675
Val:
Target:
0.309015 0.355869
 0.45567 0.577376
0.368279 0.440335
Train:
Agent:
0.682828 0.695012
0.566633 0.602403
0.619328 0.645402
Val:
Agent:
0.595618 0.608264
0.470648 0.510623
0.525809 0.555183
Train:
DSE:
0.598815 0.627392
0.571883 0.630867
0.585039 0.629125
Val:
DSE:
0.549767 0.579137
0.491487 0.535475
0.518996 0.556451
is from:
3913,1419,1562
Train:0.362637 0.452343 0.402553
1321,408,443
Val:0.308857 0.346939 0.326792
435,131,147
Test:0.301149 0.375358 0.334184
is about:
4519,1553,1562
Train: 0.34366 0.495059 0.405695
1521,439,443
Val:0.288626 0.373299 0.325547
516,147,147
Test:0.284884 0.421203 0.339884
Epoch 90
Train:
Target:
0.327703 0.372689
 0.51234 0.648892
0.399731 0.473452
Val:
Target:
0.300499  0.34984
0.472624 0.595444
0.367401 0.440736
Train:
Agent:
0.676759 0.689185
0.571151 0.605874
0.619486  0.64485
Val:
Agent:
0.595269 0.608163
0.475416 0.516997
0.528634 0.558887
Train:
DSE:
0.590789 0.619957
0.587423 0.648214
0.589101 0.633771
Val:
DSE:
0.532166 0.563226
0.504158  0.55087
0.517784  0.55698
is from:
3197,1115,1592
Train:0.348764 0.355435 0.352068
1085,328,452
Val:0.302304 0.278912 0.290137
353,105,150
Test: 0.29745  0.30086 0.299145
is about:
4746,1588,1592
Train:0.334598 0.506216 0.402892
1609,450,452
Val:0.279677 0.382653  0.32316
520,150,150
Test:0.288462 0.429799 0.345224
Epoch 95
Train:
Target:
0.335116 0.379561
0.497448 0.634212
0.400456 0.474903
Val:
Target:
0.307888 0.354759
0.456649 0.578947
0.367796 0.439939
Train:
Agent:
0.686793 0.698902
0.560675 0.595995
0.617359 0.643359
Val:
Agent:
0.598027 0.609899
0.464953 0.504958
 0.52316 0.552489
Train:
DSE:
0.598557   0.6272
0.573057 0.631633
0.585529 0.629408
Val:
DSE:
 0.54584    0.575
0.492156 0.536145
 0.51761 0.554893
is from:
4023,1454,1557
Train:0.361422   0.4635 0.406145
1367,415,438
Val:0.303584 0.352891 0.326386
449,134,146
Test:0.298441 0.383954  0.33584
is about:
4466,1544,1557
Train:0.345723  0.49219 0.406155
1517,432,438
Val:0.284773 0.367347 0.320832
513,145,146
Test:0.282651 0.415473 0.336427
Epoch 100
Train:
Target:
0.336763 0.381154
0.495463 0.633313
0.400982 0.475895
Val:
Target:
0.309494 0.356284
0.454324 0.578162
0.368178 0.440881
Train:
Agent:
 0.68589 0.697993
0.561979 0.597063
0.617782 0.643595
Val:
Agent:
0.596134 0.608007
0.467015 0.506374
0.523734 0.552556
Train:
DSE:
0.596113 0.624845
0.578939  0.63801
  0.5874 0.631359
Val:
DSE:
0.541531 0.571529
0.496981 0.543507
0.518301 0.557166
is from:
4157,1481,1568
Train:0.356267 0.472107 0.406087
1398,421,441
Val:0.301144 0.357993 0.327117
461,138,147
Test:0.299349 0.395415 0.340741
is about:
4586,1567,1568
Train:0.341692 0.499522 0.405801
1550,440,441
Val:0.283871  0.37415 0.322817
519,147,147
Test:0.283237 0.421203  0.33871
Epoch 105
Train:
Target:
0.331827  0.37703
0.508462 0.644398
 0.40158 0.475721
Val:
Target:
0.303352 0.352582
0.468135 0.592302
0.368145 0.442033
Train:
Agent:
0.685777 0.697872
0.562098  0.59733
0.617808 0.643699
Val:
Agent:
0.596134 0.608007
0.467036 0.506374
0.523747 0.552556
Train:
DSE:
0.597956 0.626657
0.575017 0.633673
0.586262 0.630146
Val:
DSE:
0.545418 0.574664
0.495363  0.54083
0.519187 0.557234
is from:
3416,1223,1559
Train:0.358021 0.389863 0.373264
1160,363,441
Val:0.312931 0.308673 0.310788
393,116,147
Test:0.295165 0.332378 0.312668
is about:
4503,1543,1559
Train: 0.34266 0.491871 0.403927
1537,437,441
Val: 0.28432 0.371599 0.322153
512,146,147
Test:0.285156 0.418338 0.339141
Epoch 110
Train:
Target:
0.333006 0.378309
0.506707 0.643499
0.401891 0.476491
Val:
Target:
0.303368 0.352365
0.466041 0.589159
0.367508 0.440986
Train:
Agent:
0.686516  0.69863
0.561426 0.596796
0.617702  0.64371
Val:
Agent:
0.595459 0.607352
0.465174 0.504958
0.522314 0.551442
Train:
DSE:
0.597608  0.62628
0.575144 0.633929
0.586161 0.630081
Val:
DSE:
0.544797 0.574257
0.495363  0.54083
0.518905 0.557043
is from:
3203,1150,1560
Train:0.359038 0.366592 0.362776
1088,335,441
Val:0.307904 0.284864 0.295936
366,105,146
Test:0.286885  0.30086 0.293706
is about:
4504,1552,1560
Train:0.344583  0.49474  0.40623
1529,438,441
Val:0.286462 0.372449 0.323845
510,145,146
Test:0.284314 0.415473 0.337602
Epoch 115
Train:
Target:
0.333185 0.378491
0.506496   0.6429
0.401955 0.476471
Val:
Target:
0.303312 0.352124
0.465369 0.588374
0.367257 0.440577
Train:
Agent:
0.685689 0.697752
0.562402 0.597597
0.617956 0.643802
Val:
Agent:
  0.5953 0.607173
0.466838 0.506374
  0.5233 0.552211
Train:
DSE:
0.597161 0.625811
0.575144 0.633929
0.585946 0.629844
Val:
DSE:
0.544734 0.574153
0.495586 0.541499
0.518999 0.557348
is from:
4007,1439,1559
Train:0.359122 0.458719 0.402856
1367,415,441
Val:0.303584 0.352891 0.326386
445,134,146
Test:0.301124 0.383954 0.337531
is about:
4537,1553,1559
Train:0.342297 0.495059 0.404743
1550,440,441
Val:0.283871  0.37415 0.322817
513,146,146
Test:  0.2846 0.418338 0.338747
Epoch 120
Train:
Target:
0.334819 0.379692
0.504552 0.641102
0.402524 0.476926
Val:
Target:
0.303459 0.351374
0.462091 0.584446
 0.36634 0.438886
Train:
Agent:
0.685689 0.697752
0.562485 0.597597
0.618006 0.643802
Val:
Agent:
  0.5953 0.607173
0.466859 0.506374
0.523313 0.552211
Train:
DSE:
0.597161 0.625811
0.575144 0.633929
0.585946 0.629844
Val:
DSE:
0.544734 0.574153
0.495586 0.541499
0.518999 0.557348
is from:
3216,1148,1559
Train:0.356965 0.365955 0.361404
1086,336,441
Val:0.309392 0.285714 0.297082
364,105,146
Test:0.288462  0.30086  0.29453
is about:
4501,1547,1559
Train:0.343701 0.493146  0.40508
1536,435,441
Val:0.283203 0.369898 0.320796
505,145,146
Test:0.287129 0.415473 0.339578
Epoch 125
Train:
Target:
 0.33538 0.380402
0.503139 0.639904
0.402478 0.477152
Val:
Target:
 0.30564 0.353448
 0.46084 0.584446
0.367527 0.440501
Train:
Agent:
0.685898 0.697964
0.562455 0.597597
0.618073 0.643893
Val:
Agent:
0.594804 0.606667
0.466838 0.506374
0.523109 0.552002
Train:
DSE:
0.597216  0.62581
0.575982 0.634694
0.586407  0.63022
Val:
DSE:
0.544799 0.574558
0.496256 0.542169
0.519396 0.557894
is from:
4010,1443,1563
Train: 0.35985 0.459994 0.403806
1368,415,440
Val:0.303363 0.352891 0.326258
446,135,147
Test:0.302691 0.386819 0.339623
is about:
4547,1558,1563
Train:0.342644 0.496653 0.405518
1544,437,440
Val:0.283031 0.371599 0.321324
514,147,147
Test:0.285992 0.421203 0.340672
Epoch 130
Train:
Target:
0.334184 0.379345
0.505312 0.642001
0.402306   0.4769
Val:
Target:
0.302956 0.351374
0.463045 0.585232
0.366272 0.439107
Train:
Agent:
0.685898 0.697964
0.562455 0.597597
0.618073 0.643893
Val:
Agent:
0.594804 0.606667
0.466838 0.506374
0.523109 0.552002
Train:
DSE:
0.597365 0.625966
0.575982 0.634694
0.586479   0.6303
Val:
DSE:
0.545087 0.574859
0.496256 0.542169
0.519526 0.558035
is from:
4012,1444,1563
Train: 0.35992 0.460312 0.403973
1370,416,441
Val: 0.30365 0.353741 0.326787
447,135,147
Test:0.302013 0.386819 0.339196
is about:
4539,1556,1563
Train:0.342807 0.496015 0.405419
1546,439,441
Val:0.283959 0.373299 0.322557
515,147,147
Test:0.285437 0.421203 0.340278
Epoch 135
Train:
Target:
0.334989 0.379986
0.504621 0.641102
0.402669 0.477157
Val:
Target:
0.303935 0.351806
0.462312 0.584446
0.366756 0.439223
Train:
Agent:
0.685689 0.697752
0.562455 0.597597
0.617988 0.643802
Val:
Agent:
0.594804 0.606667
0.466838 0.506374
0.523109 0.552002
Train:
DSE:
0.597365 0.625966
0.575982 0.634694
0.586479   0.6303
Val:
DSE:
0.544734 0.574153
0.495586 0.541499
0.518999 0.557348
is from:
2963,1059,1563
Train:0.357408 0.337584 0.347213
1020,318,441
Val:0.311765 0.270408 0.289617
339,102,147
Test:0.300885 0.292264 0.296512
is about:
4560,1562,1563
Train:0.342544 0.497928 0.405872
1549,439,441
Val:0.283409 0.373299 0.322202
516,147,147
Test:0.284884 0.421203 0.339884
Epoch 140
Train:
Target:
0.335036     0.38
0.504808 0.641402
0.402762 0.477251
Val:
Target:
0.303686 0.351518
 0.46256 0.584446
0.366652 0.438998
Train:
Agent:
0.685689 0.697752
0.562455 0.597597
0.617988 0.643802
Val:
Agent:
0.594466 0.606339
 0.46613 0.505666
0.522533 0.551445
Train:
DSE:
0.597365 0.625966
0.575982 0.634694
0.586479   0.6303
Val:
DSE:
0.544734 0.574153
0.495586 0.541499
0.518999 0.557348
is from:
3272,1170,1563
Train:0.357579 0.372968 0.365112
1109,340,441
Val:0.306583 0.289116 0.297593
378,111,147
Test:0.293651 0.318052 0.305365
is about:
4533,1556,1563
Train:0.343261 0.496015 0.405737
1540,439,441
Val:0.285065 0.373299  0.32327
514,147,147
Test:0.285992 0.421203 0.340672
Epoch 145
Train:
Target:
0.334989 0.379986
0.504657 0.640803
0.402681 0.477074
Val:
Target:
0.303935 0.351806
0.462351 0.584446
0.366768 0.439223
Train:
Agent:
0.685689 0.697752
0.562455 0.597597
0.617988 0.643802
Val:
Agent:
0.594466 0.606339
 0.46613 0.505666
0.522533 0.551445
Train:
DSE:
0.597365 0.625966
0.575982 0.634694
0.586479   0.6303
Val:
DSE:
0.544734 0.574153
0.495586 0.541499
0.518999 0.557348
is from:
4107,1474,1563
Train:0.358899 0.469876 0.406957
1394,418,441
Val:0.299857 0.355442 0.325292
455,137,147
Test:0.301099  0.39255 0.340796
is about:
4538,1555,1563
Train:0.342662 0.495697 0.405212
1547,439,441
Val:0.283775 0.373299 0.322438
516,147,147
Test:0.284884 0.421203 0.339884
Epoch 150
Train:
Target:
0.335038  0.38004
0.504643 0.640803
0.402711 0.477117
Val:
Target:
 0.30406 0.351951
0.462154 0.584446
0.366797 0.439336
Train:
Agent:
0.685594  0.69766
0.562366 0.597597
0.617896 0.643763
Val:
Agent:
0.594466 0.606339
 0.46613 0.505666
0.522533 0.551445
Train:
DSE:
0.597365 0.625966
0.575982 0.634694
0.586479   0.6303
Val:
DSE:
0.544734 0.574153
0.495586 0.541499
0.518999 0.557348
is from:
3334,1196,1563
Train:0.358728 0.381256 0.369649
1133,350,441
Val:0.308914 0.297619 0.303162
383,113,147
Test:0.295039 0.323782 0.308743
is about:
4558,1561,1563
Train:0.342475 0.497609 0.405718
1551,440,441
Val:0.283688  0.37415 0.322699
516,147,147
Test:0.284884 0.421203 0.339884
Epoch 155
Train:
Target:
0.334989 0.379986
0.504657 0.640803
0.402681 0.477074
Val:
Target:
 0.30381 0.351662
0.462351 0.584446
0.366677 0.439111
Train:
Agent:
0.685594  0.69766
0.562366 0.597597
0.617896 0.643763
Val:
Agent:
0.594466 0.606339
 0.46613 0.505666
0.522533 0.551445
Train:
DSE:
0.597365 0.625966
0.575982 0.634694
0.586479   0.6303
Val:
DSE:
0.544734 0.574153
0.495586 0.541499
0.518999 0.557348
is from:
3581,1288,1563
Train:0.359676 0.410583 0.383447
1216,380,441
Val:  0.3125 0.323129 0.317726
410,124,147
Test:0.302439 0.355301 0.326746
is about:
4551,1559,1563
Train:0.342562 0.496972 0.405567
1548,439,441
Val:0.283592 0.373299  0.32232
516,147,147
Test:0.284884 0.421203 0.339884
Epoch 160
Train:
Target:
0.335038  0.38004
0.504657 0.640803
0.402715 0.477117
Val:
Target:
 0.30381 0.351662
0.462351 0.584446
0.366677 0.439111
Train:
Agent:
0.685594  0.69766
0.562366 0.597597
0.617896 0.643763
Val:
Agent:
0.594466 0.606339
 0.46613 0.505666
0.522533 0.551445
Train:
DSE:
0.597365 0.625966
0.575982 0.634694
0.586479   0.6303
Val:
DSE:
0.544734 0.574153
0.495586 0.541499
0.518999 0.557348
is from:
3930,1423,1563
Train:0.362087 0.453618 0.402717
1349,412,441
Val:0.305411  0.35034 0.326337
439,133,147
Test:0.302961 0.381089 0.337563
is about:
4513,1553,1563
Train:0.344117 0.495059 0.406013
1533,435,441
Val:0.283757 0.369898 0.321152
512,146,147
Test:0.285156 0.418338 0.339141
Epoch 165
Train:
Target:
0.335038  0.38004
0.504657 0.640803
0.402715 0.477117
Val:
Target:
 0.30381 0.351662
0.462351 0.584446
0.366677 0.439111
Train:
Agent:
0.685594  0.69766
0.562366 0.597597
0.617896 0.643763
Val:
Agent:
0.594466 0.606339
 0.46613 0.505666
0.522533 0.551445
Train:
DSE:
0.597365 0.625966
0.575982 0.634694
0.586479   0.6303
Val:
DSE:
0.544734 0.574153
0.495586 0.541499
0.518999 0.557348
is from:
3879,1411,1563
Train:0.363754 0.449793 0.402223
1335,408,441
Val:0.305618 0.346939  0.32497
436,132,147
Test:0.302752 0.378223 0.336306
is about:
4546,1558,1563
Train:0.342719 0.496653 0.405571
1541,438,441
Val:0.284231 0.372449 0.322414
512,146,147
Test:0.285156 0.418338 0.339141
Epoch 170
Train:
Target:
0.335038  0.38004
0.504657 0.640803
0.402715 0.477117
Val:
Target:
 0.30381 0.351662
0.462351 0.584446
0.366677 0.439111
Train:
Agent:
0.685594  0.69766
0.562366 0.597597
0.617896 0.643763
Val:
Agent:
0.594466 0.606339
 0.46613 0.505666
0.522533 0.551445
Train:
DSE:
0.597365 0.625966
0.575982 0.634694
0.586479   0.6303
Val:
DSE:
0.544734 0.574153
0.495586 0.541499
0.518999 0.557348
is from:
2911,1039,1563
Train:0.356922 0.331208 0.343585
1005,313,441
Val:0.311443 0.266156 0.287024
333,101,147
Test:0.303303 0.289398 0.296188
is about:
4551,1560,1563
Train:0.342782  0.49729 0.405827
1550,440,441
Val:0.283871  0.37415 0.322817
515,147,147
Test:0.285437 0.421203 0.340278
Epoch 175
Train:
Target:
0.335038  0.38004
0.504657 0.640803
0.402715 0.477117
Val:
Target:
 0.30381 0.351662
0.462351 0.584446
0.366677 0.439111
Train:
Agent:
0.685594  0.69766
0.562366 0.597597
0.617896 0.643763
Val:
Agent:
0.594466 0.606339
 0.46613 0.505666
0.522533 0.551445
Train:
DSE:
0.597365 0.625966
0.575982 0.634694
0.586479   0.6303
Val:
DSE:
0.544734 0.574153
0.495586 0.541499
0.518999 0.557348
is from:
4023,1445,1563
Train:0.359185 0.460631 0.403631
1371,416,441
Val:0.303428 0.353741 0.326659
447,135,147
Test:0.302013 0.386819 0.339196
is about:
4534,1555,1563
Train:0.342964 0.495697 0.405423
1542,438,441
Val:0.284047 0.372449 0.322296
513,146,147
Test:  0.2846 0.418338 0.338747
Epoch 180
Train:
Target:
0.335038  0.38004
0.504657 0.640803
0.402715 0.477117
Val:
Target:
 0.30381 0.351662
0.462351 0.584446
0.366677 0.439111
Train:
Agent:
0.685594  0.69766
0.562366 0.597597
0.617896 0.643763
Val:
Agent:
0.594466 0.606339
 0.46613 0.505666
0.522533 0.551445
Train:
DSE:
0.597365 0.625966
0.575982 0.634694
0.586479   0.6303
Val:
DSE:
0.544734 0.574153
0.495586 0.541499
0.518999 0.557348
is from:
4145,1478,1563
Train:0.356574 0.471151 0.405932
1404,419,441
Val:0.298433 0.356293 0.324806
458,137,147
Test:0.299127  0.39255 0.339529
is about:
4537,1556,1563
Train:0.342958 0.496015 0.405525
1544,439,441
Val:0.284326 0.373299 0.322794
514,147,147
Test:0.285992 0.421203 0.340672
Epoch 185
Train:
Target:
0.335038  0.38004
0.504657 0.640803
0.402715 0.477117
Val:
Target:
 0.30381 0.351662
0.462351 0.584446
0.366677 0.439111
Train:
Agent:
0.685594  0.69766
0.562366 0.597597
0.617896 0.643763
Val:
Agent:
0.594466 0.606339
 0.46613 0.505666
0.522533 0.551445
Train:
DSE:
0.597365 0.625966
0.575982 0.634694
0.586479   0.6303
Val:
DSE:
0.544734 0.574153
0.495586 0.541499
0.518999 0.557348
is from:
3892,1414,1563
Train:0.363309 0.450749 0.402333
1334,408,441
Val:0.305847 0.346939   0.3251
434,131,147
Test:0.301843 0.375358  0.33461
is about:
4538,1559,1563
Train:0.343543 0.496972 0.406254
1543,437,441
Val:0.283215 0.371599 0.321442
511,147,147
Test:0.287671 0.421203  0.34186
Epoch 190
Train:
Target:
0.335038  0.38004
0.504657 0.640803
0.402715 0.477117
Val:
Target:
 0.30381 0.351662
0.462351 0.584446
0.366677 0.439111
Train:
Agent:
0.685594  0.69766
0.562366 0.597597
0.617896 0.643763
Val:
Agent:
0.594466 0.606339
 0.46613 0.505666
0.522533 0.551445
Train:
DSE:
0.597365 0.625966
0.575982 0.634694
0.586479   0.6303
Val:
DSE:
0.544734 0.574153
0.495586 0.541499
0.518999 0.557348
is from:
4148,1481,1563
Train: 0.35704 0.472107 0.406589
1407,420,441
Val:0.298507 0.357143 0.325203
459,138,147
Test:0.300654 0.395415 0.341584
is about:
4543,1557,1563
Train:0.342725 0.496334 0.405469
1546,438,441
Val:0.283312 0.372449 0.321822
515,147,147
Test:0.285437 0.421203 0.340278
Epoch 195
Train:
Target:
0.335038  0.38004
0.504657 0.640803
0.402715 0.477117
Val:
Target:
 0.30381 0.351662
0.462351 0.584446
0.366677 0.439111
Train:
Agent:
0.685594  0.69766
0.562366 0.597597
0.617896 0.643763
Val:
Agent:
0.594466 0.606339
 0.46613 0.505666
0.522533 0.551445
Train:
DSE:
0.597365 0.625966
0.575982 0.634694
0.586479   0.6303
Val:
DSE:
0.544734 0.574153
0.495586 0.541499
0.518999 0.557348
is from:
4111,1474,1563
Train: 0.35855 0.469876 0.406733
1393,418,441
Val:0.300072 0.355442 0.325418
454,136,147
Test:0.299559 0.389685  0.33873
is about:
4526,1554,1563
Train: 0.34335 0.495378 0.405585
1537,438,441
Val:0.284971 0.372449  0.32289
512,146,147
Test:0.285156 0.418338 0.339141
Best: 
OCLASS_WEIGHT_TARGET: 0
Validation:
Target
0.315454 0.361241
 0.44325 0.571092
0.368589  0.44255
Agent
0.595269 0.608163
0.475416 0.516997
0.528634 0.558887
DSE
0.531479 0.556921
0.522037 0.574967
0.526716   0.5658
Test:
Target
0.288574 0.329545
0.425342 0.562674
0.343858 0.415653
Agent
0.596001 0.608142
0.509221 0.534562
0.549204 0.568983
DSE
0.516439  0.53125
0.565211 0.622989
0.539725 0.573474
