9471 6281 892
Valid size: 2298
Epoch 0
Train:
Target:
1 1
0 0
0 0
Val:
Target:
1 1
0 0
0 0
Train:
Agent:
1 1
0 0
0 0
Val:
Agent:
1 1
0 0
0 0
Train:
DSE:
1 1
0 0
0 0
Val:
DSE:
1 1
0 0
0 0
is from:
0,0,0
Train:1 0 0
0,0,0
Val:1 0 0
0,0,0
Test:1 0 0
is about:
0,0,0
Train:1 0 0
0,0,0
Val:1 0 0
0,0,0
Test:1 0 0
Epoch 5
Train:
Target:
1 1
0 0
0 0
Val:
Target:
1 1
0 0
0 0
Train:
Agent:
1 1
0 0
0 0
Val:
Agent:
1 1
0 0
0 0
Train:
DSE:
1 1
0 0
0 0
Val:
DSE:
1 1
0 0
0 0
is from:
0,0,0
Train:1 0 0
0,0,0
Val:1 0 0
0,0,0
Test:1 0 0
is about:
0,0,0
Train:1 0 0
0,0,0
Val:1 0 0
0,0,0
Test:1 0 0
Epoch 10
Train:
Target:
1 1
0 0
0 0
Val:
Target:
1 1
0 0
0 0
Train:
Agent:
0.509285 0.513249
0.499129 0.595461
0.504156 0.551307
Val:
Agent:
0.479378 0.481813
 0.46496 0.548159
0.472059 0.512849
Train:
DSE:
0.452062 0.482842
 0.45637 0.508929
0.454206 0.495542
Val:
DSE:
0.464133 0.492435
0.428302 0.482597
0.445499 0.487466
is from:
5997,1405,1418
Train:0.234284  0.44788 0.307642
2031,453,462
Val:0.223043 0.385204 0.282507
776,153,155
Test:0.197165 0.438395    0.272
is about:
6070,1418,1418
Train:0.233608 0.452024 0.308027
2059,462,462
Val:0.224381 0.392857 0.285626
781,155,155
Test:0.198464 0.444126 0.274336
Epoch 15
Train:
Target:
1 1
0 0
0 0
Val:
Target:
1 1
0 0
0 0
Train:
Agent:
 0.66391 0.668841
0.395574 0.449666
0.495762  0.53778
Val:
Agent:
0.600423 0.604675
0.358655 0.409348
0.449066 0.488199
Train:
DSE:
0.554401 0.570873
0.429559 0.479847
 0.48406 0.521417
Val:
DSE:
0.560763 0.578112
0.414347  0.45917
0.476562 0.511822
is from:
3097,1097,1106
Train:0.354214 0.349697 0.351941
1062,334,341
Val:0.314501 0.284014 0.298481
340,106,110
Test:0.311765 0.303725 0.307692
is about:
3185,1106,1106
Train:0.347253 0.352566 0.349889
1107,341,341
Val: 0.30804 0.289966  0.29873
356,110,110
Test:0.308989 0.315186 0.312057
Epoch 20
Train:
Target:
0.308729 0.315862
0.255758  0.54973
0.279758 0.401202
Val:
Target:
0.285447 0.293878
0.238701 0.490181
0.259989 0.367455
Train:
Agent:
0.666722 0.672607
 0.43943 0.494793
0.529724 0.570158
Val:
Agent:
0.609729 0.614002
0.399645 0.450425
0.482824 0.519644
Train:
DSE:
 0.59145 0.606599
 0.43081 0.483929
0.498509 0.538364
Val:
DSE:
0.571677 0.587315
0.404904 0.447122
 0.47405 0.507719
is from:
3263,1138,1181
Train:0.348759 0.362767 0.355625
1093,360,373
Val:0.329369 0.306122  0.31732
382,110,113
Test:0.287958 0.315186 0.300958
is about:
3424,1181,1181
Train:0.344918 0.376474 0.360006
1153,373,373
Val:0.323504 0.317177 0.320309
398,113,113
Test: 0.28392 0.323782 0.302544
Epoch 25
Train:
Target:
 0.266701  0.266701
0.0514928  0.150389
0.0863197  0.192328
Val:
Target:
 0.219847  0.219847
0.0412512  0.111548
0.0694678  0.148001
Train:
Agent:
0.627742 0.639864
0.480751 0.531375
0.544501 0.580595
Val:
Agent:
0.592029 0.602032
0.429415 0.483711
0.497778 0.536424
Train:
DSE:
0.618613 0.638356
0.420854 0.473469
0.500921 0.543686
Val:
DSE:
0.597855 0.617731
0.389007 0.430388
0.471332 0.507317
is from:
3315,1149,1193
Train:0.346606 0.366274 0.356169
1087,360,367
Val:0.331187 0.306122 0.318162
373,111,112
Test:0.297587 0.318052 0.307479
is about:
3453,1193,1193
Train:0.345497   0.3803 0.362064
1146,367,367
Val:0.320244 0.312075 0.316107
383,112,112
Test:0.292428 0.320917 0.306011
Epoch 30
Train:
Target:
 0.31437 0.332431
0.388306  0.63541
0.347448 0.436498
Val:
Target:
0.311318 0.330429
0.366701 0.579733
0.336748 0.420937
Train:
Agent:
0.694847 0.701498
 0.42785 0.477971
  0.5296 0.568553
Val:
Agent:
0.627557 0.633774
0.380531 0.431303
0.473778 0.513294
Train:
DSE:
0.542082 0.578172
0.579545 0.640816
0.560188 0.607884
Val:
DSE:
0.515329 0.555342
0.535345 0.586345
0.525147 0.570423
is from:
3012,1089,1307
Train:0.361554 0.347147 0.354204
1030,340,406
Val:0.330097 0.289116  0.30825
347,112,130
Test:0.322767 0.320917 0.321839
is about:
3998,1307,1307
Train:0.326913  0.41664 0.366363
1390,406,406
Val:0.292086 0.345238 0.316446
461,130,130
Test:0.281996 0.372493 0.320988
Epoch 35
Train:
Target:
0.361213 0.384565
0.342931 0.546735
0.351834  0.45153
Val:
Target:
0.353531 0.377756
0.315033 0.493323
0.333174 0.427873
Train:
Agent:
0.664472 0.674583
0.490265 0.540187
0.564227  0.59995
Val:
Agent:
0.614224 0.623111
0.432328 0.484419
0.507469 0.545081
Train:
DSE:
0.623043 0.644005
0.467974 0.527296
0.534489 0.579836
Val:
DSE:
0.590201 0.613298
0.426763 0.467202
0.495349 0.530373
is from:
3438,1225,1280
Train:0.356312   0.3905 0.372624
1146,376,393
Val:0.328098 0.319728 0.323859
369,122,126
Test:0.330623  0.34957 0.339833
is about:
3654,1280,1280
Train:0.350301 0.408033  0.37697
1227,392,393
Val:0.319478 0.333333 0.326259
393,126,126
Test:0.320611 0.361032 0.339623
Epoch 40
Train:
Target:
0.365907 0.393873
0.336557 0.525764
0.350619 0.450361
Val:
Target:
0.360941 0.390152
 0.31247 0.480754
0.334961  0.43074
Train:
Agent:
0.684811  0.69698
0.466709 0.515087
0.555105 0.592385
Val:
Agent:
0.622686 0.632634
0.408875 0.454674
0.493622 0.529091
Train:
DSE:
0.555904 0.586981
0.593992 0.656122
0.574317 0.619629
Val:
DSE:
0.516368 0.553178
0.540042 0.588353
 0.52794 0.570224
is from:
3511,1229,1408
Train:0.350043 0.391776 0.369735
1201,375,423
Val: 0.31224 0.318878 0.315524
373,120,137
Test:0.321716  0.34384  0.33241
is about:
3963,1300,1408
Train:0.328034 0.414409 0.366197
1349,377,423
Val:0.279466 0.320578 0.298614
447,127,137
Test:0.284116 0.363897 0.319095
Epoch 45
Train:
Target:
0.287873 0.323889
0.536089 0.704314
0.374594 0.443725
Val:
Target:
0.263678 0.307905
0.498934 0.648075
0.345019 0.417468
Train:
Agent:
0.674952 0.687663
0.498438 0.546328
0.573418 0.608902
Val:
Agent:
0.607642 0.618962
0.432109 0.477337
0.505059 0.539002
Train:
DSE:
0.547957 0.584568
0.610185 0.670153
0.577399 0.624441
Val:
DSE:
0.511247 0.553021
0.551674 0.599732
0.530692  0.57543
is from:
3819,1315,1483
Train:0.344331  0.41919 0.378091
1291,392,436
Val:0.303641 0.333333 0.317795
412,121,137
Test:0.293689 0.346705 0.318003
is about:
4388,1405,1483
Train:0.320191  0.44788 0.373422
1457,401,436
Val:0.275223 0.340986 0.304596
490,131,137
Test:0.267347 0.375358 0.312277
Epoch 50
Train:
Target:
0.326379 0.357388
0.479009 0.651288
0.388231 0.461521
Val:
Target:
0.296431 0.335042
0.441619 0.600157
0.354744 0.430022
Train:
Agent:
0.668186 0.680952
0.510299  0.55781
0.578666 0.613261
Val:
Agent:
0.600911 0.611542
0.442342  0.48796
0.509576 0.542806
Train:
DSE:
0.552778 0.588288
0.605238 0.664796
 0.57782 0.624206
Val:
DSE:
0.511428 0.550805
0.546915 0.595047
0.528577 0.572072
is from:
3980,1331,1490
Train:0.334422 0.424291 0.374034
1401,418,454
Val:0.298358 0.355442 0.324408
416,121,141
Test:0.290865 0.346705  0.31634
is about:
4044,1303,1490
Train:0.322206 0.415365 0.362902
1402,390,454
Val:0.278174 0.331633  0.30256
477,129,141
Test: 0.27044 0.369628 0.312349
Epoch 55
Train:
Target:
0.338956 0.370924
0.464041 0.634512
0.391756 0.468166
Val:
Target:
0.302157 0.339571
0.420278 0.571877
0.351561  0.42612
Train:
Agent:
0.522948 0.540506
0.622925 0.670227
0.568575 0.598417
Val:
Agent:
0.478808 0.493052
 0.56151 0.612606
0.516872 0.546365
Train:
DSE:
0.581097 0.612073
0.566659 0.626531
0.573787 0.619218
Val:
DSE:
0.536291  0.57035
0.510178 0.555556
0.522909 0.562856
is from:
5097,1483,1643
Train:0.290955 0.472745 0.360214
1813,490,536
Val: 0.27027 0.416667 0.327869
561,143,157
Test:0.254902 0.409742 0.314286
is about:
4700,1378,1643
Train:0.293191 0.439273 0.351665
1617,444,536
Val:0.274583 0.377551 0.317938
531,138,157
Test:0.259887 0.395415 0.313636
Epoch 60
Train:
Target:
0.325918 0.367037
0.504616 0.654883
0.396043 0.470421
Val:
Target:
0.291562 0.340075
0.461537 0.592302
0.357368 0.432072
Train:
Agent:
0.675263 0.688186
0.509486 0.554072
0.580776  0.61389
Val:
Agent:
0.604434 0.616608
0.440582 0.484419
0.509663 0.542578
Train:
DSE:
0.591547 0.622394
0.554154 0.614796
 0.57224 0.618572
Val:
DSE:
0.545044 0.578226
0.490432 0.536145
0.516298 0.556391
is from:
3609,1283,1422
Train:  0.3555 0.408989 0.380374
1253,388,422
Val:0.309657 0.329932 0.319473
382,118,138
Test:0.308901 0.338109 0.322845
is about:
3388,1176,1422
Train:0.347107  0.37488  0.36046
1159,346,422
Val:0.298533 0.294218  0.29636
398,123,138
Test:0.309045 0.352436 0.329317
Epoch 65
Train:
Target:
0.338036 0.377448
0.480598 0.634212
0.396904 0.473246
Val:
Target:
0.299495 0.347317
0.436945 0.568735
0.355393 0.431267
Train:
Agent:
0.676054 0.688138
0.514071 0.558611
0.584039 0.616646
Val:
Agent:
0.610914 0.622261
0.451894 0.493626
0.519507 0.550529
Train:
DSE:
0.602961 0.632527
0.539587 0.597704
0.569517 0.614623
Val:
DSE:
0.557111 0.588764
0.476053 0.522758
0.513402 0.553801
is from:
3545,1285,1431
Train:0.362482 0.409627 0.384615
1231,389,431
Val:0.316003 0.330782 0.323224
378,117,136
Test:0.309524 0.335244 0.321871
is about:
3298,1160,1431
Train:0.351728  0.36978 0.360528
1139,353,431
Val:0.309921  0.30017 0.304968
389,119,136
Test:0.305913 0.340974 0.322493
Epoch 70
Train:
Target:
0.327119 0.369517
0.517175  0.66447
0.400756 0.474924
Val:
Target:
0.286244 0.335086
0.466131 0.593087
0.354683 0.428229
Train:
Agent:
0.661398 0.675388
0.534035 0.579706
0.590932   0.6239
Val:
Agent:
0.590304 0.602151
0.462521 0.506374
0.518658 0.550125
Train:
DSE:
0.579665 0.613144
0.585883 0.644388
0.582757 0.628378
Val:
DSE:
0.529133 0.566152
0.519233 0.563588
0.524136 0.564867
is from:
3903,1349,1525
Train:0.345632 0.430029 0.383239
1383,412,455
Val:0.297903  0.35034 0.322001
407,123,142
Test:0.302211 0.352436 0.325397
is about:
3825,1281,1525
Train:0.334902 0.408352 0.367998
1325,385,455
Val:0.290566 0.327381 0.307877
440,128,142
Test:0.290909 0.366762 0.324461
Epoch 75
Train:
Target:
0.331463 0.373397
0.510163 0.658778
0.401841 0.476636
Val:
Target:
0.288113 0.335758
 0.46093 0.585232
0.354585 0.426707
Train:
Agent:
0.682285 0.694661
0.508634 0.552737
0.582799 0.615625
Val:
Agent:
   0.617 0.629061
0.444658 0.485127
 0.51684 0.547798
Train:
DSE:
0.588932 0.620445
 0.56242 0.622194
0.575371 0.621318
Val:
DSE:
0.544662 0.579814
0.496754 0.542169
0.519606  0.56036
is from:
3568,1298,1450
Train:0.363789 0.413771 0.387174
1238,391,431
Val:0.315832 0.332483 0.323944
378,116,136
Test:0.306878 0.332378  0.31912
is about:
3195,1103,1450
Train:0.345227  0.35161 0.348389
1084,332,431
Val:0.306273 0.282313 0.293805
374,112,136
Test:0.299465 0.320917  0.30982
Epoch 80
Train:
Target:
0.331998 0.374679
0.511864 0.658179
0.402762 0.477522
Val:
Target:
0.290687 0.340131
0.461733 0.586017
0.356768 0.430433
Train:
Agent:
0.671663 0.684276
0.522694 0.567156
0.587888 0.620236
Val:
Agent:
0.602356  0.61387
 0.45406 0.497167
0.517799 0.549389
Train:
DSE:
0.579911 0.613603
0.585845 0.643878
0.582863 0.628376
Val:
DSE:
0.528387 0.566241
 0.51834 0.563588
0.523316 0.564911
is from:
3780,1330,1507
Train:0.351852 0.423972  0.38456
1339,404,447
Val:0.301718 0.343537 0.321272
395,121,139
Test:0.306329 0.346705 0.325269
is about:
3527,1178,1507
Train:0.333995 0.375518 0.353541
1201,355,447
Val:0.295587 0.301871 0.298696
409,119,139
Test:0.290954 0.340974 0.313984
Epoch 85
Train:
Target:
0.329321 0.373349
0.518149 0.661174
0.402699 0.477223
Val:
Target:
0.288833  0.34084
 0.47232 0.593087
 0.35846 0.432898
Train:
Agent:
0.669731 0.682668
0.524938 0.569292
 0.58856 0.620847
Val:
Agent:
0.601235 0.613095
 0.45742      0.5
0.519559 0.550802
Train:
DSE:
0.582249 0.615665
0.582031 0.640816
 0.58214 0.627989
Val:
DSE:
0.530241 0.568228
0.515161 0.559572
0.522592 0.563867
is from:
3714,1311,1500
Train:0.352989 0.417915 0.382718
1316,401,450
Val:0.304711 0.340986  0.32183
383,116,139
Test:0.302872 0.332378  0.31694
is about:
3515,1180,1500
Train:0.335704 0.376156 0.354781
1215,360,450
Val:0.296296 0.306122 0.301129
405,118,139
Test:0.291358 0.338109 0.312997
Epoch 90
Train:
Target:
0.331545 0.376081
0.514698 0.659077
0.403302 0.478896
Val:
Target:
0.289144 0.340681
0.465515 0.586803
0.356719 0.431086
Train:
Agent:
0.671858 0.684673
 0.52253 0.566355
0.587859 0.619919
Val:
Agent:
0.603424  0.61512
0.453691 0.496459
0.517953 0.549456
Train:
DSE:
0.585097 0.618025
0.574889 0.633929
0.579948 0.625876
Val:
DSE:
 0.53624 0.573417
0.506794 0.551539
0.521101 0.562265
is from:
3710,1310,1488
Train:  0.3531 0.417596 0.382649
1304,397,441
Val:0.304448 0.337585 0.320161
384,118,137
Test:0.307292 0.338109 0.321965
is about:
3274,1113,1488
Train:0.339951 0.354798 0.347216
1110,330,441
Val:0.297297 0.280612 0.288714
380,113,137
Test:0.297368 0.323782 0.310014
Epoch 95
Train:
Target:
0.331962 0.376543
0.518698 0.661774
0.404834 0.479981
Val:
Target:
0.287086 0.339258
0.469204 0.587588
0.356218 0.430156
Train:
Agent:
0.672783 0.685238
0.520869 0.564486
0.587159 0.619028
Val:
Agent:
0.605346 0.617113
0.451618 0.495042
0.517303 0.549379
Train:
DSE:
0.585349 0.618069
 0.57359 0.632653
 0.57941 0.625276
Val:
DSE:
0.537667 0.574528
0.504117 0.549531
0.520352 0.561752
is from:
3694,1312,1484
Train:0.355171 0.418234 0.384131
1298,397,437
Val:0.305855 0.337585 0.320938
381,117,137
Test:0.307087 0.335244 0.320548
is about:
3252,1107,1484
Train:0.340406 0.352885 0.346533
1093,326,437
Val:0.298262 0.277211 0.287351
379,113,137
Test:0.298153 0.323782  0.31044
Epoch 100
Train:
Target:
0.329144 0.374155
0.524841 0.666267
 0.40457 0.479204
Val:
Target:
 0.28535 0.339067
0.476508 0.594658
0.356947 0.431881
Train:
Agent:
 0.67369  0.68612
0.520175 0.563952
0.587063 0.619066
Val:
Agent:
0.606579 0.618387
0.451446 0.494334
0.517639 0.549446
Train:
DSE:
0.585448  0.61833
0.574923 0.633929
0.580138 0.626032
Val:
DSE:
0.535751 0.573018
0.506794 0.551539
 0.52087 0.562074
is from:
3677,1308,1484
Train:0.355725 0.416959 0.383915
1286,395,436
Val:0.307154 0.335884 0.320877
382,118,137
Test:0.308901 0.338109 0.322845
is about:
3300,1125,1484
Train:0.340909 0.358623 0.349542
1107,333,436
Val:0.300813 0.283163 0.291721
382,114,137
Test:0.298429 0.326648 0.311902
Epoch 105
Train:
Target:
 0.33196  0.37671
0.519885 0.662972
0.405194 0.480432
Val:
Target:
0.287036 0.339375
0.470375 0.589945
0.356516  0.43088
Train:
Agent:
0.672206 0.684888
0.521493 0.565287
0.587335 0.619367
Val:
Agent:
0.604283 0.615979
0.453091 0.497167
0.517878 0.550233
Train:
DSE:
0.585038 0.617953
0.574291 0.632908
0.579615 0.625341
Val:
DSE:
0.536497 0.573816
0.506794 0.551539
0.521223 0.562457
is from:
3685,1314,1488
Train:0.356581 0.418872 0.385224
1300,397,442
Val:0.305385 0.337585 0.320679
379,116,137
Test:0.306069 0.332378 0.318681
is about:
3171,1083,1488
Train:0.341533 0.345234 0.343373
1061,323,442
Val:0.30443 0.27466 0.28878
361,108,137
Test:0.299169 0.309456 0.304225
Epoch 110
Train:
Target:
0.331971  0.37642
0.515677 0.659377
0.403917 0.479249
Val:
Target:
0.287999 0.339953
0.466766 0.583661
0.356212 0.429654
Train:
Agent:
0.673372 0.686083
0.521004  0.56502
0.587469 0.619694
Val:
Agent:
0.605845 0.617571
 0.45299 0.497167
0.518384 0.550867
Train:
DSE:
0.585272 0.618236
0.574838 0.633673
0.580008 0.625859
Val:
DSE:
0.535751 0.573018
0.506794 0.551539
 0.52087 0.562074
is from:
3675,1312,1487
Train:0.357007 0.418234 0.385203
1296,397,442
Val:0.306327 0.337585 0.321197
378,117,137
Test:0.309524 0.335244 0.321871
is about:
3162,1080,1487
Train:0.341556 0.344278 0.342912
1056,321,442
Val:0.303977 0.272959 0.287634
365,109,137
Test: 0.29863 0.312321 0.305322
Epoch 115
Train:
Target:
0.332158 0.376539
0.515888 0.659377
 0.40412 0.479346
Val:
Target:
0.288185 0.340086
0.466766 0.583661
0.356354  0.42976
Train:
Agent:
0.672731 0.685418
0.521892 0.565554
0.587789 0.619744
Val:
Agent:
0.605323  0.61704
0.453192 0.497167
0.518326 0.550655
Train:
DSE:
0.585031 0.617966
0.575369 0.634184
 0.58016  0.62597
Val:
DSE:
0.535812 0.573417
0.506961 0.551539
0.520988 0.562265
is from:
3670,1311,1489
Train:0.357221 0.417915 0.385192
1294,396,442
Val:0.306028 0.336735 0.320648
377,117,137
Test:0.310345 0.335244 0.322314
is about:
3184,1088,1489
Train:0.341709 0.346828 0.344249
1064,324,442
Val:0.304511  0.27551 0.289286
366,109,137
Test:0.297814 0.312321 0.304895
Epoch 120
Train:
Target:
0.331729  0.37623
0.517171 0.660276
0.404195 0.479332
Val:
Target:
  0.2871 0.339953
0.467894 0.584446
 0.35585 0.429867
Train:
Agent:
0.672731 0.685418
0.521812 0.565554
0.587738 0.619744
Val:
Agent:
0.605323  0.61704
0.453546 0.497167
0.518557 0.550655
Train:
DSE:
0.585073 0.618025
0.575157 0.633929
0.580072 0.625876
Val:
DSE:
0.535812 0.573417
0.506961 0.551539
0.520988 0.562265
is from:
3677,1309,1488
Train:0.355997 0.417278 0.384209
1290,394,441
Val:0.305426 0.335034 0.319546
377,117,137
Test:0.310345 0.335244 0.322314
is about:
3212,1097,1488
Train:0.341532 0.349697 0.345566
1076,326,441
Val:0.302974 0.277211  0.28952
373,111,137
Test:0.297587 0.318052 0.307479
Epoch 125
Train:
Target:
0.331611 0.376028
0.516953 0.659676
0.404041 0.479011
Val:
Target:
0.287099 0.339689
0.467624 0.584446
0.355771 0.429655
Train:
Agent:
0.672731 0.685418
0.521946 0.565554
0.587823 0.619744
Val:
Agent:
0.605323  0.61704
0.453546 0.497167
0.518557 0.550655
Train:
DSE:
0.584928 0.617872
0.575284 0.633929
0.580066 0.625797
Val:
DSE:
0.535812 0.573417
0.506961 0.551539
0.520988 0.562265
is from:
3661,1304,1488
Train:0.356187 0.415684 0.383642
1289,392,441
Val:0.304112 0.333333 0.318053
374,117,137
Test:0.312834 0.335244 0.323651
is about:
3213,1098,1488
Train:0.341737 0.350016 0.345827
1076,327,441
Val:0.303903 0.278061 0.290409
372,111,137
Test:0.298387 0.318052 0.307906
Epoch 130
Train:
Target:
0.331661 0.376079
0.516916 0.659676
0.404067 0.479052
Val:
Target:
0.287027 0.340086
0.467894 0.584446
0.355794 0.429973
Train:
Agent:
0.672834 0.685517
0.522035 0.565821
0.587918 0.619944
Val:
Agent:
0.605323  0.61704
0.453546 0.497167
0.518557 0.550655
Train:
DSE:
0.585073 0.618025
0.575157 0.633929
0.580072 0.625876
Val:
DSE:
0.535812 0.573417
0.506961 0.551539
0.520988 0.562265
is from:
3672,1305,1489
Train:0.355392 0.416003 0.383316
1290,392,441
Val:0.303876 0.333333 0.317924
375,117,137
Test:   0.312 0.335244 0.323204
is about:
3222,1101,1489
Train:0.341713 0.350972 0.346281
1082,328,441
Val:0.303142 0.278912 0.290523
371,110,137
Test:0.296496 0.315186 0.305556
Epoch 135
Train:
Target:
0.331748 0.376196
0.517063 0.659976
0.404177 0.479226
Val:
Target:
0.287305 0.340343
0.468051 0.585232
0.356053 0.430391
Train:
Agent:
0.673045 0.685732
0.522035 0.565821
0.587999 0.620032
Val:
Agent:
0.605323  0.61704
0.453546 0.497167
0.518557 0.550655
Train:
DSE:
0.584846 0.617778
0.575369 0.633929
0.580069 0.625749
Val:
DSE:
0.535812 0.573417
0.506961 0.551539
0.520988 0.562265
is from:
3657,1300,1489
Train:0.355483 0.414409 0.382691
1287,391,441
Val:0.303807 0.332483 0.317499
374,117,137
Test:0.312834 0.335244 0.323651
is about:
3223,1101,1489
Train:0.341607 0.350972 0.346226
1088,330,441
Val:0.303309 0.280612 0.291519
373,110,137
Test:0.294906 0.315186 0.304709
Epoch 140
Train:
Target:
0.331788 0.376247
0.517026 0.659976
0.404195 0.479267
Val:
Target:
0.287305 0.340343
0.468051 0.585232
0.356053 0.430391
Train:
Agent:
0.673051 0.685732
0.522059 0.565821
0.588017 0.620032
Val:
Agent:
0.605323  0.61704
0.453546 0.497167
0.518557 0.550655
Train:
DSE:
0.584846 0.617778
0.575369 0.633929
0.580069 0.625749
Val:
DSE:
0.535812 0.573417
0.506961 0.551539
0.520988 0.562265
is from:
3652,1297,1489
Train:0.355148 0.413452 0.382089
1285,391,441
Val: 0.30428 0.332483 0.317757
375,117,137
Test:   0.312 0.335244 0.323204
is about:
3244,1109,1489
Train:0.341862 0.353522 0.347594
1092,332,441
Val:0.304029 0.282313 0.292769
373,110,137
Test:0.294906 0.315186 0.304709
Epoch 145
Train:
Target:
0.331853 0.376298
0.517026 0.659976
0.404243 0.479309
Val:
Target:
0.287305 0.340343
0.468051 0.585232
0.356053 0.430391
Train:
Agent:
0.673051 0.685732
0.522059 0.565821
0.588017 0.620032
Val:
Agent:
0.605323  0.61704
0.453546 0.497167
0.518557 0.550655
Train:
DSE:
0.584846 0.617778
0.575369 0.633929
0.580069 0.625749
Val:
DSE:
0.535812 0.573417
0.506961 0.551539
0.520988 0.562265
is from:
3651,1296,1489
Train:0.354971 0.413134  0.38185
1286,392,441
Val:0.304821 0.333333  0.31844
376,118,137
Test: 0.31383 0.338109 0.325517
is about:
3253,1113,1489
Train:0.342146 0.354798 0.348357
1100,334,441
Val:0.303636 0.284014 0.293497
374,111,137
Test:0.296791 0.318052 0.307054
Epoch 150
Train:
Target:
0.331675 0.376129
0.516916 0.659676
0.404077 0.479093
Val:
Target:
0.287305 0.340343
0.468051 0.585232
0.356053 0.430391
Train:
Agent:
0.673051 0.685732
0.522059 0.565821
0.588017 0.620032
Val:
Agent:
0.605323  0.61704
0.453546 0.497167
0.518557 0.550655
Train:
DSE:
0.584846 0.617778
0.575369 0.633929
0.580069 0.625749
Val:
DSE:
0.535812 0.573417
0.506961 0.551539
0.520988 0.562265
is from:
3650,1299,1489
Train: 0.35589  0.41409 0.382791
1286,392,441
Val:0.304821 0.333333  0.31844
376,118,137
Test: 0.31383 0.338109 0.325517
is about:
3281,1122,1489
Train:0.341969 0.357667 0.349642
1107,336,441
Val:0.303523 0.285714  0.29435
378,113,137
Test:0.298942 0.323782 0.310867
Epoch 155
Train:
Target:
0.331853 0.376298
0.517026 0.659976
0.404243 0.479309
Val:
Target:
0.287305 0.340343
0.468051 0.585232
0.356053 0.430391
Train:
Agent:
0.673051 0.685732
0.522059 0.565821
0.588017 0.620032
Val:
Agent:
0.605323  0.61704
0.453546 0.497167
0.518557 0.550655
Train:
DSE:
0.584846 0.617778
0.575369 0.633929
0.580069 0.625749
Val:
DSE:
0.535812 0.573417
0.506961 0.551539
0.520988 0.562265
is from:
3649,1299,1489
Train:0.355988  0.41409 0.382847
1284,391,441
Val:0.304517 0.332483 0.317886
376,118,137
Test: 0.31383 0.338109 0.325517
is about:
3297,1128,1489
Train:0.342129 0.359579 0.350637
1112,337,441
Val:0.303058 0.286565  0.29458
380,115,137
Test:0.302632 0.329513 0.315501
Epoch 160
Train:
Target:
0.331853 0.376298
0.517026 0.659976
0.404243 0.479309
Val:
Target:
0.287305 0.340343
0.468051 0.585232
0.356053 0.430391
Train:
Agent:
0.673051 0.685732
0.522059 0.565821
0.588017 0.620032
Val:
Agent:
0.605323  0.61704
0.453546 0.497167
0.518557 0.550655
Train:
DSE:
0.584846 0.617778
0.575369 0.633929
0.580069 0.625749
Val:
DSE:
0.535812 0.573417
0.506961 0.551539
0.520988 0.562265
is from:
3650,1298,1489
Train:0.355616 0.413771 0.382496
1281,391,441
Val: 0.30523 0.332483 0.318274
376,118,137
Test: 0.31383 0.338109 0.325517
is about:
3321,1134,1489
Train:0.341463 0.361492 0.351192
1118,339,441
Val: 0.30322 0.288265 0.295554
380,115,137
Test:0.302632 0.329513 0.315501
Epoch 165
Train:
Target:
0.331673 0.376129
0.516916 0.659676
0.404076 0.479093
Val:
Target:
0.287305 0.340343
0.468051 0.585232
0.356053 0.430391
Train:
Agent:
0.673051 0.685732
0.522059 0.565821
0.588017 0.620032
Val:
Agent:
0.605323  0.61704
0.453546 0.497167
0.518557 0.550655
Train:
DSE:
0.584846 0.617778
0.575369 0.633929
0.580069 0.625749
Val:
DSE:
0.535812 0.573417
0.506961 0.551539
0.520988 0.562265
is from:
3651,1299,1489
Train:0.355793  0.41409 0.382734
1280,391,441
Val:0.305469 0.332483 0.318404
376,118,137
Test: 0.31383 0.338109 0.325517
is about:
3340,1141,1489
Train:0.341617 0.363723 0.352324
1126,343,441
Val:0.304618 0.291667 0.298002
382,115,137
Test:0.301047 0.329513 0.314637
Epoch 170
Train:
Target:
0.331673 0.376129
0.516916 0.659676
0.404076 0.479093
Val:
Target:
0.287305 0.340343
0.468051 0.585232
0.356053 0.430391
Train:
Agent:
0.673051 0.685732
0.522059 0.565821
0.588017 0.620032
Val:
Agent:
0.605323  0.61704
0.453546 0.497167
0.518557 0.550655
Train:
DSE:
0.584846 0.617778
0.575369 0.633929
0.580069 0.625749
Val:
DSE:
0.535812 0.573417
0.506961 0.551539
0.520988 0.562265
is from:
3649,1298,1489
Train:0.355714 0.413771 0.382552
1282,393,441
Val:0.306552 0.334184 0.319772
376,118,137
Test: 0.31383 0.338109 0.325517
is about:
3369,1152,1489
Train:0.341941  0.36723 0.354135
1130,344,441
Val:0.304425 0.292517 0.298352
383,115,137
Test:0.300261 0.329513 0.314208
Epoch 175
Train:
Target:
0.331673 0.376129
0.516916 0.659676
0.404076 0.479093
Val:
Target:
0.287305 0.340343
0.468051 0.585232
0.356053 0.430391
Train:
Agent:
0.673051 0.685732
0.522059 0.565821
0.588017 0.620032
Val:
Agent:
0.605323  0.61704
0.453546 0.497167
0.518557 0.550655
Train:
DSE:
0.584846 0.617778
0.575369 0.633929
0.580069 0.625749
Val:
DSE:
0.535812 0.573417
0.506961 0.551539
0.520988 0.562265
is from:
3650,1298,1489
Train:0.355616 0.413771 0.382496
1281,392,441
Val:0.306011 0.333333 0.319088
376,118,137
Test: 0.31383 0.338109 0.325517
is about:
3389,1156,1489
Train:0.341104 0.368505 0.354275
1140,346,441
Val:0.303509 0.294218 0.298791
386,116,137
Test:0.300518 0.332378 0.315646
Epoch 180
Train:
Target:
0.331673 0.376129
0.516916 0.659676
0.404076 0.479093
Val:
Target:
0.287305 0.340343
0.468051 0.585232
0.356053 0.430391
Train:
Agent:
0.673051 0.685732
0.522059 0.565821
0.588017 0.620032
Val:
Agent:
0.605323  0.61704
0.453546 0.497167
0.518557 0.550655
Train:
DSE:
0.584846 0.617778
0.575369 0.633929
0.580069 0.625749
Val:
DSE:
0.535812 0.573417
0.506961 0.551539
0.520988 0.562265
is from:
3647,1298,1489
Train:0.355909 0.413771 0.382665
1281,392,441
Val:0.306011 0.333333 0.319088
375,118,137
Test:0.314667 0.338109 0.325967
is about:
3417,1166,1489
Train:0.341235 0.371693 0.355813
1148,349,441
Val:0.304007 0.296769 0.300344
390,117,137
Test:     0.3 0.335244 0.316644
Epoch 185
Train:
Target:
0.331673 0.376129
0.516916 0.659676
0.404076 0.479093
Val:
Target:
0.287305 0.340343
0.468051 0.585232
0.356053 0.430391
Train:
Agent:
0.673051 0.685732
0.522059 0.565821
0.588017 0.620032
Val:
Agent:
0.605323  0.61704
0.453546 0.497167
0.518557 0.550655
Train:
DSE:
0.584846 0.617778
0.575369 0.633929
0.580069 0.625749
Val:
DSE:
0.535812 0.573417
0.506961 0.551539
0.520988 0.562265
is from:
3648,1298,1489
Train:0.355811 0.413771 0.382609
1281,392,441
Val:0.306011 0.333333 0.319088
375,118,137
Test:0.314667 0.338109 0.325967
is about:
3451,1184,1489
Train:0.343089 0.377431 0.359441
1159,352,441
Val: 0.30371  0.29932 0.301499
391,117,137
Test:0.299233 0.335244 0.316216
Epoch 190
Train:
Target:
0.331673 0.376129
0.516916 0.659676
0.404076 0.479093
Val:
Target:
0.287305 0.340343
0.468051 0.585232
0.356053 0.430391
Train:
Agent:
0.673051 0.685732
0.522059 0.565821
0.588017 0.620032
Val:
Agent:
0.605323  0.61704
0.453546 0.497167
0.518557 0.550655
Train:
DSE:
0.584846 0.617778
0.575369 0.633929
0.580069 0.625749
Val:
DSE:
0.535812 0.573417
0.506961 0.551539
0.520988 0.562265
is from:
3643,1295,1489
Train:0.355476 0.412815 0.382006
1281,393,441
Val:0.306792 0.334184 0.319902
374,118,137
Test:0.315508 0.338109 0.326418
is about:
3480,1195,1489
Train:0.343391 0.380937 0.361191
1166,356,441
Val:0.305317 0.302721 0.304014
396,119,137
Test:0.300505 0.340974 0.319463
Epoch 195
Train:
Target:
0.331673 0.376129
0.516916 0.659676
0.404076 0.479093
Val:
Target:
0.287305 0.340343
0.468051 0.585232
0.356053 0.430391
Train:
Agent:
0.673051 0.685732
0.522059 0.565821
0.588017 0.620032
Val:
Agent:
0.605323  0.61704
0.453546 0.497167
0.518557 0.550655
Train:
DSE:
0.584846 0.617778
0.575369 0.633929
0.580069 0.625749
Val:
DSE:
0.535812 0.573417
0.506961 0.551539
0.520988 0.562265
is from:
3640,1295,1489
Train:0.355769 0.412815 0.382175
1281,393,441
Val:0.306792 0.334184 0.319902
373,118,137
Test:0.316354 0.338109  0.32687
is about:
3507,1208,1489
Train:0.344454 0.385081 0.363636
1180,358,441
Val: 0.30339 0.304422 0.303905
403,121,137
Test:0.300248 0.346705 0.321809
Best: 
OCLASS_WEIGHT_TARGET: 0
Validation:
Target
0.288833  0.34084
 0.47232 0.593087
 0.35846 0.432898
Agent
0.601235 0.613095
 0.45742      0.5
0.519559 0.550802
DSE
0.511247 0.553021
0.551674 0.599732
0.530692  0.57543
Test:
Target
 0.27867 0.316646
0.469322 0.598886
0.349699 0.414261
Agent
0.601474 0.612466
0.479813 0.513825
0.533799 0.558826
DSE
0.486573 0.514019
0.575441 0.634483
0.527289 0.567933
