9471 6281 892
Valid size: 2298
Epoch 0
Train:
Target:
1 1
0 0
0 0
Val:
Target:
1 1
0 0
0 0
Train:
Agent:
1 1
0 0
0 0
Val:
Agent:
1 1
0 0
0 0
Train:
DSE:
1 1
0 0
0 0
Val:
DSE:
1 1
0 0
0 0
is from:
0,0,0,0,0,3137
Train:1 0 0
0,0,0,0,0,1176
Val:1 0 0
0,0,0,0,0,349
Test:1 0 0
is about:
0,0,0,0,0,3064
Train:1 0 0
0,0,0,0,0,1145
Val:1 0 0
0,0,0,0,0,338
Test:1 0 0
Epoch 5
Train:
Target:
1 1
0 0
0 0
Val:
Target:
1 1
0 0
0 0
Train:
Agent:
1 1
0 0
0 0
Val:
Agent:
1 1
0 0
0 0
Train:
DSE:
1 1
0 0
0 0
Val:
DSE:
1 1
0 0
0 0
is from:
0,0,0,0,0,3137
Train:1 0 0
0,0,0,0,0,1176
Val:1 0 0
0,0,0,0,0,349
Test:1 0 0
is about:
0,0,0,0,0,3064
Train:1 0 0
0,0,0,0,0,1145
Val:1 0 0
0,0,0,0,0,338
Test:1 0 0
Epoch 10
Train:
Target:
1 1
0 0
0 0
Val:
Target:
1 1
0 0
0 0
Train:
Agent:
0.739878 0.739878
0.250568 0.287583
0.374356 0.414179
Val:
Agent:
0.718271 0.718271
0.254098 0.286119
0.375395 0.409225
Train:
DSE:
0.571429 0.571429
0.237231  0.27449
0.335273 0.370843
Val:
DSE:
0.565868 0.565868
0.217392 0.246988
0.314111  0.34388
is from:
1821,854,1821,738,738,3137
Train:0.405272 0.235257 0.297701
650,300,650,263,263,1176
Val:0.404615 0.223639 0.288061
176,96,176,54,54,349
Test:0.306818 0.154728 0.205714
is about:
0,0,0,0,0,3064
Train:1 0 0
0,0,0,0,0,1145
Val:1 0 0
0,0,0,0,0,338
Test:1 0 0
Epoch 15
Train:
Target:
0.348869 0.350819
0.196683 0.435291
0.251549 0.388516
Val:
Target:
0.337609 0.339225
0.183622 0.394344
0.237869 0.364714
Train:
Agent:
0.521665 0.530997
0.549402 0.611215
0.535175 0.568289
Val:
Agent:
0.496598 0.504212
0.510964 0.570822
0.503678 0.535453
Train:
DSE:
0.530723 0.537582
0.410907 0.472194
0.463192 0.502771
Val:
DSE:
0.527712 0.531275
0.386558 0.445114
0.446238 0.484393
is from:
5196,3142,5196,1388,1388,3137
Train:0.267129 0.442461 0.333133
1795,1117,1795,470,470,1176
Val:0.261838  0.39966 0.316392
642,410,642,163,163,349
Test:0.253894 0.467049 0.328961
is about:
5827,4054,5827,1095,1095,3064
Train:0.187918 0.357376 0.246316
1994,1421,1994,322,322,1145
Val:0.161484 0.281223 0.205161
708,518,708,116,116,338
Test:0.163842 0.343195 0.221797
Epoch 20
Train:
Target:
0.315443 0.316573
0.240587 0.524566
0.272976 0.394854
Val:
Target:
0.300028 0.300991
0.233302 0.487038
0.262491 0.372053
Train:
Agent:
0.611178 0.622559
0.498943 0.551135
0.549387 0.584674
Val:
Agent:
0.570776 0.579528
0.458022 0.506374
 0.50822 0.540487
Train:
DSE:
0.590506 0.605321
0.424919 0.486224
0.494211 0.539275
Val:
DSE:
0.573027 0.585689
0.385587 0.439759
0.460982  0.50234
is from:
4026,2091,4026,1308,1308,3137
Train:0.324888 0.416959  0.36521
1334,739,1334,402,402,1176
Val:0.301349 0.341837 0.320319
446,251,446,135,135,349
Test:0.302691 0.386819 0.339623
is about:
6441,4354,6435,1253,1254,3064
Train:0.194716 0.408943 0.263817
2233,1570,2232,395,395,1145
Val:0.176971 0.344978 0.233935
654,442,654,136,136,338
Test:0.207951 0.402367 0.274194
Epoch 25
Train:
Target:
 0.16125 0.209387
0.742708 0.853505
0.264972 0.336276
Val:
Target:
0.151011 0.207836
 0.72847 0.846819
0.250164 0.333758
Train:
Agent:
0.745223 0.750774
0.347009 0.381842
0.473524 0.506221
Val:
Agent:
0.695215 0.697642
0.312473 0.351275
0.431157 0.467271
Train:
DSE:
0.654265 0.666266
0.368742 0.421429
0.471658 0.516291
Val:
DSE:
0.631137 0.640462
0.323099 0.368139
0.427399 0.467537
is from:
2045,810,2005,862,872,3137
Train:0.429925 0.274785 0.335278
691,308,680,267,268,1176
Val:0.392647 0.227041 0.287716
252,110,244,94,95,349
Test:0.385246 0.269341 0.317032
is about:
8943,6314,8707,1447,1477,3064
Train:0.166188 0.472258 0.245858
3171,2252,3076,469,483,1145
Val:0.152471 0.409607 0.222222
948,704,928,139,140,338
Test:0.149784 0.411243 0.219589
Epoch 30
Train:
Target:
0.349925 0.359692
 0.36861 0.614739
0.359025 0.453838
Val:
Target:
0.337829 0.348243
0.347325 0.563236
0.342511 0.430384
Train:
Agent:
0.668169 0.675694
0.488565 0.530841
0.564424 0.594572
Val:
Agent:
 0.60632 0.613298
0.440281 0.481586
 0.51013  0.53952
Train:
DSE:
0.614894 0.632923
 0.46238 0.529847
0.527841 0.576816
Val:
DSE:
0.593037 0.613987
0.394507 0.447122
0.473816 0.517434
is from:
3609,1644,3585,1252,1259,3137
Train:0.349233 0.399107 0.372508
1154,585,1149,366,366,1176
Val:0.318538 0.311224 0.314839
432,230,432,129,129,349
Test:0.298611 0.369628 0.330346
is about:
9036,5685,8801,1837,1888,3064
Train:0.208726 0.599543  0.30965
2891,1908,2810,516,524,1145
Val: 0.18363 0.450655 0.260936
981,696,963,164,168,338
Test:0.170301 0.485207 0.252114
Epoch 35
Train:
Target:
0.296859 0.331962
0.573666 0.711803
0.391254 0.452768
Val:
Target:
0.278875 0.321821
0.546796 0.666143
0.369367 0.433981
Train:
Agent:
0.689459 0.697387
0.472662  0.51482
0.560839 0.592355
Val:
Agent:
 0.61851 0.628242
0.417522 0.456091
 0.49852 0.528501
Train:
DSE:
0.611352 0.629296
0.499368 0.565306
0.549715 0.595587
Val:
DSE:
0.574354 0.592653
0.431946 0.482597
0.493074 0.531993
is from:
3679,1652,3574,1240,1272,3137
Train: 0.34695 0.395282 0.369543
1187,611,1156,358,368,1176
Val:0.309689 0.304422 0.307033
417,205,396,124,130,349
Test:0.313131 0.355301 0.332886
is about:
10226,6803,10018,1896,1929,3064
Train:0.189259 0.618799 0.289864
3381,2321,3301,567,580,1145
Val:0.171766 0.495197 0.255061
1169,835,1145,190,195,338
Test:0.165939  0.56213 0.256237
Epoch 40
Train:
Target:
0.259137 0.313889
0.676048 0.780707
0.374661 0.447755
Val:
Target:
0.242114 0.302312
0.629121 0.725844
0.349662 0.426845
Train:
Agent:
0.737276 0.740248
0.386838 0.423231
0.507433  0.53855
Val:
Agent:
0.691436 0.692695
0.347216 0.385269
0.462287 0.495145
Train:
DSE:
0.618384 0.637271
0.529038 0.595663
0.570233 0.615765
Val:
DSE:
0.570608  0.59344
0.464972 0.516734
0.512402 0.552437
is from:
3055,1307,2994,1126,1145,3137
Train:0.376086 0.358942 0.367314
1034,511,1023,336,339,1176
Val:0.328446 0.285714 0.305593
353,173,348,112,113,349
Test:0.321839 0.320917 0.321377
is about:
10370,6984,10277,1932,1947,3064
Train:0.187993 0.630548 0.289633
3637,2542,3610,607,613,1145
Val:0.168144 0.530131  0.25531
1127,803,1118,192,194,338
Test:0.171735 0.568047 0.263736
Epoch 45
Train:
Target:
0.376806 0.399166
0.410306 0.587478
0.392843 0.475351
Val:
Target:
0.354289 0.383962
0.375577 0.531815
0.364622 0.445953
Train:
Agent:
0.650514  0.65755
0.540107  0.58478
0.590192 0.619034
Val:
Agent:
0.583601 0.591582
0.477231 0.521955
0.525083 0.554592
Train:
DSE:
0.581721 0.608418
0.586231 0.652296
0.583968 0.629593
Val:
DSE:
0.529197 0.558476
0.512548 0.563588
 0.52074  0.56102
is from:
4933,2388,4754,1503,1565,3137
Train:0.316155  0.47912  0.38094
1732,959,1666,460,478,1176
Val: 0.27611 0.391156 0.323716
565,305,543,156,161,349
Test:0.287293 0.446991 0.349776
is about:
8826,5686,8808,1821,1826,3064
Train:0.206744 0.594321 0.306772
2953,2016,2950,535,535,1145
Val:0.181356 0.467249 0.261294
1002,706,1001,178,178,338
Test:0.177822 0.526627  0.26587
Epoch 50
Train:
Target:
 0.35142 0.382561
0.481538 0.637807
0.406316 0.478259
Val:
Target:
0.335356 0.374686
0.442862 0.582875
0.381684 0.456148
Train:
Agent:
0.700947 0.709399
0.491803 0.531909
0.578039 0.607965
Val:
Agent:
0.631746 0.641975
0.424199 0.461756
0.507576 0.537153
Train:
DSE:
0.572458  0.60122
0.608526    0.675
0.589941 0.635977
Val:
DSE:
0.513463 0.546424
 0.52877 0.582329
0.521004 0.563806
is from:
4313,1951,4130,1365,1422,3137
Train:0.330508 0.435129 0.375671
1497,799,1432,408,431,1176
Val:0.284916 0.346939 0.312883
481,251,462,138,145,349
Test:0.298701 0.395415 0.340321
is about:
9943,6408,9602,1863,1943,3064
Train:0.194022 0.608029 0.294173
3428,2299,3302,570,596,1145
Val:0.172623 0.497817 0.256353
1050,728,1022,175,180,338
Test:0.171233 0.517751 0.257353
Epoch 55
Train:
Target:
0.371115 0.406529
0.447383 0.594967
0.405696  0.48302
Val:
Target:
0.354851 0.400099
0.409759 0.538885
0.380333 0.459235
Train:
Agent:
0.681951 0.692649
 0.52469 0.566088
0.593073 0.623006
Val:
Agent:
0.607932  0.61868
0.453437 0.493626
 0.51944 0.549123
Train:
DSE:
0.558574 0.588172
0.627227 0.689796
0.590913 0.634943
Val:
DSE:
0.507576 0.539797
0.547724 0.600402
0.526886 0.568488
is from:
4817,2319,4739,1508,1540,3137
Train:0.318211 0.480714 0.382936
1691,947,1666,459,467,1176
Val: 0.27551 0.390306 0.323012
554,307,545,155,158,349
Test:0.284404 0.444126 0.346756
is about:
9113,5887,8948,1788,1826,3064
Train:0.199821 0.583551 0.297702
3052,2046,2989,539,552,1145
Val:0.180328 0.470742 0.260764
1027,718,1017,174,176,338
Test:0.171091 0.514793 0.256827
Epoch 60
Train:
Target:
0.365605 0.396816
 0.47513 0.631216
0.413233 0.487293
Val:
Target:
0.344087 0.383281
0.437103 0.572663
0.385057 0.459213
Train:
Agent:
0.650009 0.660955
0.573543 0.614686
0.609387 0.636982
Val:
Agent:
0.569019 0.583023
0.501359 0.542493
 0.53305 0.562028
Train:
DSE:
0.577881 0.605743
0.610399 0.673469
0.593695 0.637813
Val:
DSE:
0.519779 0.550124
0.540595 0.593039
0.529983 0.570776
is from:
5195,2520,5042,1587,1640,3137
Train:0.314756 0.505897 0.388067
1854,1048,1803,488,502,1176
Val: 0.27066 0.414966 0.327627
590,327,573,162,167,349
Test:0.282723 0.464183  0.35141
is about:
9248,5966,9182,1893,1914,3064
Train:0.206164  0.61782 0.309162
3222,2191,3184,574,582,1145
Val:0.180276  0.50131 0.265188
1029,717,1022,182,183,338
Test:0.178082 0.538462 0.267647
Epoch 65
Train:
Target:
0.354012 0.387364
0.503119  0.64979
0.415596 0.485377
Val:
Target:
0.324517 0.367782
0.457806 0.586803
0.379807 0.452167
Train:
Agent:
0.595969 0.613886
 0.61216 0.648064
0.603956 0.630512
Val:
Agent:
0.522662 0.545455
0.548563 0.592068
0.535299 0.567806
Train:
DSE:
0.598572 0.623967
0.581645 0.646939
0.589987 0.635245
Val:
DSE:
0.543131 0.572783
0.511378 0.562918
0.526777 0.567808
is from:
5294,2600,5195,1607,1630,3137
Train:0.309336 0.512273 0.385742
1882,1067,1851,509,510,1176
Val:0.274986 0.432823 0.336307
582,325,577,164,165,349
Test:0.284229 0.469914 0.354212
is about:
9370,6088,9350,1910,1918,3064
Train:0.204278 0.623368 0.307717
3187,2190,3181,576,579,1145
Val:0.181075 0.503057 0.266297
999,701,999,178,178,338
Test:0.178178 0.526627 0.266268
Epoch 70
Train:
Target:
0.287008 0.342697
0.641186 0.748951
0.396523 0.470231
Val:
Target:
0.267061 0.331254
0.588269 0.688924
0.367352  0.44739
Train:
Agent:
0.662904 0.674078
0.559957 0.600534
0.607097 0.635184
Val:
Agent:
0.586017  0.59969
0.490574 0.533286
0.534065 0.564542
Train:
DSE:
0.604867 0.630147
0.572863 0.636224
 0.58843 0.633171
Val:
DSE:
0.548537  0.57917
0.494143 0.546185
0.519921 0.562194
is from:
4615,2133,4563,1516,1536,3137
Train:0.332238 0.483264 0.393766
1606,880,1594,461,462,1176
Val: 0.28921 0.392007 0.332852
525,279,521,158,159,349
Test:0.303263 0.452722 0.363218
is about:
9931,6583,9850,1899,1920,3064
Train:0.192792 0.619778 0.294099
3415,2355,3390,602,607,1145
Val:0.177581 0.525764 0.265491
1035,724,1027,185,186,338
Test:0.180136 0.547337 0.271062
Epoch 75
Train:
Target:
0.327837 0.371366
0.573818 0.702516
0.417275 0.485883
Val:
Target:
0.301371 0.354111
0.526365 0.641791
0.383289 0.456401
Train:
Agent:
0.675948 0.685915
0.543158 0.585848
0.602321 0.631945
Val:
Agent:
0.588703 0.601137
0.465628 0.509207
0.519982 0.551366
Train:
DSE:
0.574461 0.605063
0.622705 0.684184
0.597611 0.642195
Val:
DSE:
0.513593  0.54674
0.541231 0.593708
 0.52705 0.569257
is from:
4837,2271,4757,1536,1568,3137
Train:0.322893  0.48964 0.389156
1716,976,1698,469,472,1176
Val:0.276207  0.39881 0.326374
566,320,557,155,157,349
Test:0.278276 0.444126 0.342163
is about:
10609,7069,10602,2067,2068,3064
Train:0.194963 0.674608 0.302503
3640,2561,3639,623,624,1145
Val:0.171201 0.544105 0.260452
1161,832,1161,202,202,338
Test:0.173988 0.597633 0.269513
Epoch 80
Train:
Target:
0.340467 0.379106
0.538316 0.675854
 0.41712 0.485744
Val:
Target:
0.319061 0.367298
0.494094 0.619796
 0.38774 0.461252
Train:
Agent:
0.673925  0.68351
0.546633 0.588785
0.603641 0.632621
Val:
Agent:
0.594555 0.606824
0.468677 0.514873
0.524165 0.557079
Train:
DSE:
0.600452 0.626191
0.582799 0.646684
0.591494 0.636272
Val:
DSE:
0.541726 0.572881
 0.50946 0.562918
0.525098 0.567856
is from:
4559,2106,4516,1505,1522,3137
Train: 0.33326 0.479758  0.39331
1586,871,1573,458,461,1176
Val:0.291163 0.389456 0.333212
523,281,519,155,157,349
Test:0.298651 0.444126 0.357143
is about:
9446,6097,9354,1901,1920,3064
Train:0.203229 0.620431 0.306168
3217,2177,3177,591,599,1145
Val:0.186025 0.516157 0.273484
995,697,989,178,179,338
Test: 0.17998 0.526627 0.268274
Epoch 85
Train:
Target:
0.345814 0.384291
0.531644 0.668963
0.419051 0.488157
Val:
Target:
0.317445 0.366186
0.483373  0.60487
0.383219 0.456194
Train:
Agent:
0.658791 0.669951
0.564093 0.604005
0.607775 0.635271
Val:
Agent:
0.575947 0.591224
0.489161 0.529745
0.529018 0.558799
Train:
DSE:
0.581623 0.611277
0.609705 0.671939
0.595333 0.640174
Val:
DSE:
0.521238 0.552116
0.530667 0.584337
 0.52591  0.56777
is from:
4959,2291,4648,1484,1582,3137
Train:0.319277 0.473063 0.381246
1738,957,1631,442,473,1176
Val:0.270999  0.37585 0.314927
568,307,535,150,158,349
Test:0.280374 0.429799 0.339367
is about:
9836,6459,9823,1961,1964,3064
Train:0.199634 0.640013 0.304338
3350,2328,3343,594,597,1145
Val:0.177685 0.518777 0.264706
1035,740,1035,177,177,338
Test:0.171014 0.523669  0.25783
Epoch 90
Train:
Target:
 0.32891 0.372349
0.572084 0.701618
0.417681 0.486508
Val:
Target:
0.302069 0.354702
0.523929  0.64022
0.383204 0.456493
Train:
Agent:
0.660837 0.671598
0.564484 0.604539
0.608872 0.636307
Val:
Agent:
0.577364 0.590909
0.488466 0.530453
0.529208 0.559052
Train:
DSE:
0.588131 0.615976
0.603798 0.667347
0.595861 0.640633
Val:
DSE:
0.525976 0.556488
0.522724 0.574967
0.524345 0.565576
is from:
4917,2339,4868,1563,1583,3137
Train:0.321076 0.498247 0.390506
1714,969,1693,471,475,1176
Val:0.278204  0.40051 0.328337
561,315,558,159,160,349
Test:0.284946 0.455587 0.350606
is about:
10155,6699,10146,2006,2007,3064
Train:0.197713   0.6547 0.303709
3495,2448,3492,610,611,1145
Val:0.174685 0.532751 0.263101
1100,782,1100,193,193,338
Test:0.175455 0.571006 0.268428
Epoch 95
Train:
Target:
0.327786 0.372261
0.571437 0.703116
0.416602 0.486792
Val:
Target:
0.298653 0.351859
0.524243 0.641791
0.380526 0.454526
Train:
Agent:
0.660679 0.671408
0.562996 0.604272
0.607938 0.636074
Val:
Agent:
0.580785 0.593991
0.488489 0.532578
0.530654  0.56161
Train:
DSE:
0.586286 0.615189
0.607929 0.670408
0.596912 0.641613
Val:
DSE:
0.525439 0.555698
0.526684 0.579652
0.526061 0.567422
is from:
4930,2281,4690,1514,1591,3137
Train:0.322814 0.482627 0.386866
1727,943,1640,454,477,1176
Val:0.276829 0.386054 0.322443
567,304,537,153,161,349
Test:0.284916 0.438395 0.345372
is about:
10152,6660,10078,1997,2009,3064
Train:0.198154 0.651762 0.303911
3516,2447,3482,604,610,1145
Val:0.173464 0.527511 0.261076
1108,789,1102,190,191,338
Test:0.172414  0.56213 0.263889
Epoch 100
Train:
Target:
0.348236 0.386249
0.514551 0.654883
0.415363 0.485909
Val:
Target:
0.321051 0.369068
0.469304 0.591516
0.381273 0.454535
Train:
Agent:
0.663435 0.673862
0.561098  0.60267
 0.60799 0.636281
Val:
Agent:
0.585426 0.599068
0.485084 0.531161
0.530552 0.563075
Train:
DSE:
0.590888 0.618263
0.598211 0.662245
0.594527 0.639499
Val:
DSE:
0.528165 0.558366
0.520158 0.572959
0.524131 0.565568
is from:
4842,2227,4599,1496,1573,3137
Train:0.325288 0.476889 0.386763
1703,924,1613,451,476,1176
Val:0.279603 0.383503 0.323413
560,299,531,153,160,349
Test:0.288136 0.438395 0.347727
is about:
9419,6129,9391,1905,1913,3064
Train:0.202854 0.621736 0.305901
3214,2219,3199,580,585,1145
Val:0.181307  0.50655 0.267035
991,708,990,169,169,338
Test:0.170707      0.5 0.254518
Epoch 105
Train:
Target:
0.347392 0.385322
0.527973 0.666567
0.419056 0.488346
Val:
Target:
0.319621 0.367482
0.480075 0.601728
0.383751 0.456298
Train:
Agent:
0.656903 0.667807
0.570835 0.611215
0.610852 0.638259
Val:
Agent:
0.574679 0.589259
0.497778 0.538952
0.533472 0.562984
Train:
DSE:
0.599902 0.625516
0.584534 0.648214
0.592119 0.636663
Val:
DSE:
 0.53637 0.567295
 0.50898  0.56158
0.522316 0.564423
is from:
4794,2246,4715,1535,1565,3137
Train:0.325557 0.489321 0.390983
1675,936,1654,463,470,1176
Val:0.279927 0.393707 0.327208
556,309,548,156,158,349
Test:0.284672 0.446991 0.347826
is about:
9289,5897,9059,1858,1914,3064
Train:  0.2051 0.606397 0.306525
3158,2127,3080,565,582,1145
Val:0.183442  0.49345 0.267456
969,671,952,171,173,338
Test:0.179622 0.505917 0.265116
Epoch 110
Train:
Target:
0.341865 0.383117
0.546685 0.680647
0.420668 0.490273
Val:
Target:
0.316356 0.367653
 0.50173 0.621367
 0.38804 0.461967
Train:
Agent:
0.659651  0.67033
0.565829 0.606142
0.609149 0.636622
Val:
Agent:
0.580916 0.594347
0.490932 0.535411
0.532147 0.563342
Train:
DSE:
0.587134 0.614834
0.607291 0.670663
0.597042 0.641536
Val:
DSE:
0.525232 0.555627
0.523728 0.575636
0.524479 0.565454
is from:
4945,2354,4896,1574,1592,3137
Train:0.321487 0.501753 0.391883
1728,973,1714,479,482,1176
Val:0.279463 0.407313 0.331488
577,327,572,160,162,349
Test: 0.27972 0.458453 0.347448
is about:
9866,6466,9859,1981,1984,3064
Train:0.200933  0.64654 0.306585
3328,2308,3321,597,601,1145
Val:0.179765 0.521397 0.267353
1045,746,1044,181,181,338
Test:0.173372 0.535503 0.261939
Epoch 115
Train:
Target:
0.337993 0.379806
0.552044 0.684542
0.419279 0.488549
Val:
Target:
0.315377 0.367013
0.509099 0.629222
0.389479 0.463611
Train:
Agent:
0.667283 0.677686
0.557998 0.599733
0.607767 0.636331
Val:
Agent:
 0.58758 0.601097
0.481531  0.52762
0.529296 0.561967
Train:
DSE:
0.586125 0.614619
0.607449 0.670153
0.596596 0.641186
Val:
DSE:
0.525809 0.556126
0.525847 0.578313
0.525828 0.567003
is from:
4849,2280,4792,1551,1571,3137
Train:0.323664 0.494421 0.391222
1706,957,1690,470,473,1176
Val:0.278107  0.39966 0.327983
565,317,559,158,160,349
Test:0.282648 0.452722 0.348018
is about:
9899,6493,9889,1981,1984,3064
Train:0.200324  0.64654 0.305875
3385,2342,3379,607,610,1145
Val:0.179639 0.530131 0.268347
1070,763,1070,187,187,338
Test:0.174766 0.553254 0.265625
Epoch 120
Train:
Target:
0.345996 0.384823
0.527639 0.666567
0.417934 0.487945
Val:
Target:
0.317391 0.366486
0.479067 0.599372
0.381819 0.454852
Train:
Agent:
0.671766 0.682184
0.554311 0.596796
0.607413  0.63664
Val:
Agent:
0.591687 0.604762
0.477568 0.522663
0.528538 0.560723
Train:
DSE:
0.588706 0.616748
0.603847 0.666582
 0.59618 0.640697
Val:
DSE:
0.525428  0.55606
0.519377  0.57162
0.522385 0.563732
is from:
4784,2238,4731,1542,1561,3137
Train:0.325935 0.491552 0.391967
1665,927,1649,468,471,1176
Val:0.283808 0.397959 0.331327
558,310,552,158,161,349
Test:0.286232 0.452722 0.350721
is about:
9586,6242,9545,1927,1936,3064
Train:0.201886 0.628916 0.305655
3245,2239,3220,579,586,1145
Val:0.179814 0.505677 0.265292
1030,739,1028,174,174,338
Test:0.169261 0.514793 0.254758
Epoch 125
Train:
Target:
 0.34188 0.383049
0.544297  0.67825
0.419971 0.489595
Val:
Target:
0.317113 0.368186
0.498467 0.619796
0.387627 0.461952
Train:
Agent:
0.664311 0.674541
 0.56127 0.603738
0.608459 0.637179
Val:
Agent:
0.587174 0.600622
0.484462 0.531161
0.530896  0.56376
Train:
DSE:
0.590068  0.61852
0.600329  0.66301
0.595154 0.639993
Val:
DSE:
0.526144 0.556855
0.520604 0.572959
 0.52336 0.564792
is from:
4812,2256,4748,1540,1567,3137
Train:0.324347 0.490915 0.390615
1699,949,1679,471,475,1176
Val:0.280524  0.40051 0.329947
559,313,551,154,157,349
Test:0.279492 0.441261 0.342222
is about:
9660,6294,9642,1959,1963,3064
Train:0.203174  0.63936 0.308358
3306,2283,3294,595,599,1145
Val:0.180631 0.519651 0.268078
1024,728,1023,178,178,338
Test:0.173998 0.526627 0.261572
Epoch 130
Train:
Target:
0.344545 0.383998
0.532893 0.669862
0.418504 0.488159
Val:
Target:
 0.31692  0.36712
0.487432 0.607227
0.384103 0.457589
Train:
Agent:
0.669611 0.680024
0.556083 0.598131
 0.60759 0.636454
Val:
Agent:
0.589302 0.602675
0.480183 0.526204
0.529176 0.561849
Train:
DSE:
0.591254 0.618105
0.596525 0.660714
0.593877   0.6387
Val:
DSE:
0.529727  0.55974
0.519712 0.572289
0.524672 0.565945
is from:
4756,2229,4696,1527,1553,3137
Train: 0.32517 0.486771 0.389889
1678,933,1655,468,473,1176
Val:0.282779 0.397959 0.330625
551,300,543,159,160,349
Test:0.292818 0.455587 0.356502
is about:
9560,6178,9448,1913,1936,3064
Train:0.202477 0.624347 0.305786
3273,2241,3229,580,592,1145
Val:0.179622  0.50655 0.265203
1021,724,1014,176,177,338
Test: 0.17357  0.52071 0.260355
Epoch 135
Train:
Target:
0.349444 0.386625
0.520562 0.658778
0.418175 0.487276
Val:
Target:
0.322199 0.370308
0.472866 0.593873
0.383257 0.456171
Train:
Agent:
 0.66225 0.672638
0.566149 0.608278
 0.61044 0.638841
Val:
Agent:
0.587194      0.6
0.491594 0.536827
0.535158 0.566658
Train:
DSE:
0.589843 0.618096
0.600148  0.66301
0.594951 0.639766
Val:
DSE:
0.526019 0.556494
0.519042  0.57095
0.522507 0.563629
is from:
4871,2305,4826,1564,1581,3137
Train:0.324078 0.498566 0.392817
1718,964,1708,484,485,1176
Val:0.283372 0.411565 0.335645
571,321,565,159,162,349
Test:0.281416 0.455587 0.347921
is about:
9464,6152,9441,1921,1926,3064
Train:0.203474 0.626958 0.307237
3226,2226,3215,584,587,1145
Val:0.181649 0.510044  0.26789
1003,716,1003,173,173,338
Test:0.172483 0.511834 0.258016
Epoch 140
Train:
Target:
0.347993 0.386235
0.529108 0.666866
0.419851 0.489159
Val:
Target:
0.317304 0.365178
0.480429 0.600943
0.382188 0.454293
Train:
Agent:
0.662575 0.672881
0.562578 0.604005
0.608496 0.636586
Val:
Agent:
0.585464 0.599071
0.486028 0.532578
0.531132 0.563871
Train:
DSE:
0.584972 0.614391
0.610042 0.672194
0.597244 0.641994
Val:
DSE:
0.525103 0.555342
0.526461 0.578983
0.525781 0.566916
is from:
4932,2320,4855,1562,1589,3137
Train: 0.32173 0.497928 0.390891
1717,950,1692,477,480,1176
Val:0.281915 0.405612 0.332636
572,321,566,160,161,349
Test:0.282686 0.458453 0.349727
is about:
9752,6357,9712,1963,1971,3064
Train:0.202121 0.640666 0.307295
3301,2281,3279,588,595,1145
Val:0.179323 0.513537 0.265823
1037,739,1035,179,179,338
Test:0.172947 0.529586 0.260743
Epoch 145
Train:
Target:
0.345116 0.384712
0.536164 0.673158
0.419932  0.48961
Val:
Target:
0.318047 0.367925
0.491326 0.612726
0.386138  0.45977
Train:
Agent:
0.660465 0.671201
0.565053 0.606142
0.609045 0.637014
Val:
Agent:
0.583463 0.596935
0.489657 0.535411
 0.53246 0.564501
Train:
DSE:
0.594267 0.621995
0.596437 0.659694
 0.59535  0.64029
Val:
DSE:
0.530476 0.561265
 0.51603 0.568273
0.523154 0.564747
is from:
4810,2261,4760,1548,1566,3137
Train: 0.32521 0.493465 0.392048
1686,945,1673,470,471,1176
Val:0.280932  0.39966  0.32994
559,311,553,157,158,349
Test:0.283906 0.449857 0.348115
is about:
9490,6169,9482,1934,1936,3064
Train:0.203965 0.631201 0.308305
3251,2245,3244,586,589,1145
Val:0.180641  0.51179 0.267031
1015,721,1015,177,177,338
Test:0.174384 0.523669 0.261641
Epoch 150
Train:
Target:
 0.34389 0.383784
0.542288  0.67825
 0.42088 0.490194
Val:
Target:
0.316741 0.367372
0.497302 0.617439
0.386997 0.460656
Train:
Agent:
0.658663 0.669359
0.566325  0.60721
0.609014 0.636772
Val:
Agent:
0.581204  0.59542
0.491082 0.536119
0.532356 0.564216
Train:
DSE:
0.578976 0.608982
0.616864 0.679592
0.597319 0.642352
Val:
DSE:
0.520275  0.55153
0.534828 0.586345
0.527451 0.568405
is from:
5021,2334,4716,1506,1603,3137
Train:0.319338 0.480077 0.383548
1762,957,1655,459,489,1176
Val:0.277341 0.390306 0.324267
581,317,548,152,160,349
Test:0.277372  0.43553 0.338907
is about:
9999,6564,9985,2001,2004,3064
Train:0.200401 0.653068  0.30669
3424,2374,3411,608,613,1145
Val:0.178247 0.531004 0.266901
1047,748,1046,182,182,338
Test:0.173996 0.538462 0.263006
Epoch 155
Train:
Target:
0.335381 0.377576
0.556859 0.689635
0.418632 0.487981
Val:
Target:
0.312251 0.364068
0.511355 0.630793
0.387737 0.461676
Train:
Agent:
0.653845 0.664332
0.578751 0.620027
0.614011 0.641415
Val:
Agent:
0.579205 0.592456
 0.50347 0.550992
0.538689 0.570972
Train:
DSE:
 0.58754  0.61542
0.607784 0.670408
 0.59749 0.641738
Val:
DSE:
0.523977 0.554411
0.522668 0.574297
0.523322 0.564179
is from:
5057,2358,4787,1532,1619,3137
Train:0.320033 0.488365 0.386673
1787,976,1692,469,498,1176
Val:0.277187  0.39881 0.327057
592,325,562,156,164,349
Test: 0.27758 0.446991 0.342481
is about:
9936,6499,9885,1976,1985,3064
Train:0.199899 0.644909 0.305197
3388,2333,3361,601,607,1145
Val:0.178816 0.524891 0.266755
1082,765,1078,191,192,338
Test: 0.17718 0.565089 0.269774
Epoch 160
Train:
Target:
0.347736  0.38582
0.524881 0.662672
0.418328 0.487695
Val:
Target:
0.318442 0.366569
0.476603 0.597015
0.381791 0.454236
Train:
Agent:
0.659517 0.670228
0.567022 0.607477
0.609782 0.637311
Val:
Agent:
0.582763 0.596183
 0.49153 0.536827
0.533273  0.56495
Train:
DSE:
0.585369 0.614286
0.609298 0.671684
0.597094 0.641704
Val:
DSE:
0.524736 0.554917
0.526684 0.578983
0.525708 0.566694
is from:
4958,2295,4684,1511,1597,3137
Train:0.322588  0.48167 0.386396
1743,948,1645,456,484,1176
Val:0.277204 0.387755  0.32329
576,310,545,155,162,349
Test:0.284404 0.444126 0.346756
is about:
9708,6355,9702,1955,1956,3064
Train:0.201505 0.638055 0.306282
3275,2272,3272,589,591,1145
Val:0.180012  0.51441 0.266697
1028,736,1028,175,175,338
Test:0.170233 0.517751 0.256223
Epoch 165
Train:
Target:
0.344071 0.383937
0.537202 0.673757
0.419474  0.48914
Val:
Target:
0.316477 0.367364
0.492418 0.613511
0.385313 0.459553
Train:
Agent:
0.677209 0.687865
0.543294 0.585314
0.602905 0.632459
Val:
Agent:
0.594266 0.606383
0.464155 0.509915
0.521213 0.553981
Train:
DSE:
0.590734 0.618272
0.598159 0.660969
0.594424 0.638908
Val:
DSE:
 0.52851 0.558958
 0.51815 0.570281
0.523279 0.564563
is from:
4581,2109,4527,1504,1521,3137
Train:0.332229 0.479439 0.392484
1609,892,1594,457,459,1176
Val:  0.2867 0.388605 0.329964
530,286,522,153,155,349
Test:0.293103 0.438395  0.35132
is about:
9567,6240,9563,1943,1944,3064
Train:0.203179 0.634138 0.307753
3281,2271,3278,592,593,1145
Val:0.180598 0.517031 0.267692
1018,723,1018,178,178,338
Test:0.174853 0.526627 0.262537
Epoch 170
Train:
Target:
0.327882 0.372588
0.571387 0.701618
0.416666 0.486712
Val:
Target:
0.302175 0.355694
0.520994 0.637863
0.382501 0.456711
Train:
Agent:
0.650201 0.661125
0.583188 0.624032
0.614874 0.642043
Val:
Agent:
0.569589 0.584064
0.509797 0.552408
0.538037 0.567795
Train:
DSE:
0.584489 0.613542
0.609596 0.671684
0.596779 0.641298
Val:
DSE:
0.525039 0.555201
0.528023 0.580321
0.526527 0.567483
is from:
5136,2431,5015,1591,1632,3137
Train:0.317248 0.507172 0.390334
1801,1008,1768,491,498,1176
Val:0.277715 0.417517  0.33356
596,338,586,162,164,349
Test:0.276451 0.464183 0.346524
is about:
10099,6602,9994,1980,2000,3064
Train:0.198119 0.646214 0.303262
3460,2389,3416,601,610,1145
Val:0.175937 0.524891 0.263539
1110,789,1102,191,192,338
Test:0.173321 0.565089 0.265278
Epoch 175
Train:
Target:
0.323585 0.368955
0.580563 0.707909
0.415555 0.485087
Val:
Target:
0.296011 0.350669
0.530023 0.645719
 0.37987 0.454509
Train:
Agent:
0.662828 0.673155
0.564016 0.605874
0.609443 0.637745
Val:
Agent:
 0.58552 0.599075
0.487838 0.534703
0.532234 0.565061
Train:
DSE:
0.591227 0.618418
0.597375 0.660969
0.594285 0.638986
Val:
DSE:
0.528619 0.558958
0.519154  0.57095
0.523844  0.56489
is from:
4829,2269,4728,1530,1568,3137
Train:0.323604 0.487727 0.389065
1692,938,1662,469,477,1176
Val: 0.28219  0.39881 0.330514
556,306,545,156,159,349
Test:0.286239 0.446991 0.348993
is about:
10010,6595,10003,1987,1988,3064
Train: 0.19864 0.648499 0.304125
3487,2452,3486,603,604,1145
Val:0.172978 0.526638 0.260419
1095,781,1095,189,189,338
Test:0.172603 0.559172 0.263782
Epoch 180
Train:
Target:
0.330879  0.37505
0.568084  0.69982
0.418186 0.488371
Val:
Target:
0.305078 0.358372
0.518925 0.637078
0.384253 0.458709
Train:
Agent:
0.648159 0.659072
0.587146 0.628037
0.616146 0.643181
Val:
Agent:
  0.5664 0.580739
0.512046 0.554533
0.537854 0.567333
Train:
DSE:
0.586248 0.613266
0.608685 0.672704
0.597256 0.641611
Val:
DSE:
0.525049 0.554851
0.528023 0.579652
0.526532  0.56698
is from:
5196,2502,5133,1630,1651,3137
Train:0.317553 0.519605 0.394196
1841,1049,1825,503,504,1176
Val:0.275616 0.427721 0.335222
599,344,592,163,165,349
Test:0.275338 0.467049  0.34644
is about:
10123,6621,10038,1995,2010,3064
Train:0.198745  0.65111 0.304534
3479,2396,3439,608,616,1145
Val:0.176796 0.531004 0.265271
1102,782,1096,192,193,338
Test:0.175182 0.568047 0.267782
Epoch 185
Train:
Target:
0.346044 0.385139
0.527462 0.665968
0.417914 0.488038
Val:
Target:
 0.31676 0.366027
0.479787 0.600157
 0.38159 0.454724
Train:
Agent:
0.672945 0.683525
0.548686 0.589853
0.604496 0.633244
Val:
Agent:
0.592744 0.606452
0.470385 0.517705
0.524523 0.558575
Train:
DSE:
 0.59065  0.61807
0.598236  0.66148
0.594419 0.639039
Val:
DSE:
0.526487 0.556855
0.518485 0.570281
0.522455 0.563488
is from:
4649,2162,4599,1510,1529,3137
Train:0.328332 0.481352 0.390383
1626,907,1612,456,459,1176
Val:0.282878 0.387755 0.327116
534,294,529,153,154,349
Test:0.289225 0.438395 0.348519
is about:
9518,6203,9506,1924,1927,3064
Train:0.202398 0.627937 0.306126
3238,2244,3234,586,587,1145
Val:  0.1812  0.51179 0.267641
1011,719,1011,175,175,338
Test:0.173096 0.517751 0.259451
Epoch 190
Train:
Target:
0.338024  0.38014
0.550791 0.684242
0.418941 0.488749
Val:
Target:
0.313367 0.365431
0.503595 0.622938
0.386334 0.460639
Train:
Agent:
0.659082 0.669653
0.565302 0.605874
  0.6086 0.636169
Val:
Agent:
0.581898 0.596169
0.490274 0.535411
0.532171 0.564159
Train:
DSE:
 0.59302 0.619986
0.594609 0.658418
0.593814 0.638624
Val:
DSE:
0.529058 0.559189
0.516923 0.569612
 0.52292 0.564352
is from:
4830,2268,4718,1528,1567,3137
Train:0.323866  0.48709 0.389052
1693,932,1647,463,476,1176
Val:0.281117 0.393707  0.32802
556,305,539,153,158,349
Test:0.283859 0.438395 0.344595
is about:
9630,6217,9490,1916,1944,3064
Train:0.201897 0.625326 0.305241
3304,2264,3256,584,594,1145
Val:0.179361 0.510044 0.265394
1050,739,1042,184,185,338
Test:0.176583 0.544379 0.266667
Epoch 195
Train:
Target:
0.341118 0.381771
0.547169 0.681546
0.420245 0.489401
Val:
Target:
0.317203 0.367974
0.502357 0.622938
0.388865 0.462655
Train:
Agent:
0.671603 0.682119
0.551184  0.59279
0.605464 0.634325
Val:
Agent:
0.592446 0.606109
0.472928 0.518414
0.525983 0.558842
Train:
DSE:
0.585796 0.614124
0.607814 0.670663
0.596602  0.64115
Val:
DSE:
0.525167 0.555484
0.525345 0.577644
0.525256 0.566347
is from:
4778,2192,4557,1480,1555,3137
Train:0.324775 0.471788 0.384715
1658,896,1581,445,467,1176
Val:0.281467 0.378401 0.322815
550,293,522,149,157,349
Test:0.285441 0.426934 0.342135
is about:
9915,6505,9914,1990,1990,3064
Train:0.200726 0.649478 0.306673
3354,2320,3352,608,609,1145
Val:0.181384 0.531004 0.270402
1054,748,1054,185,185,338
Test:0.175522 0.547337 0.265805
Best: 
OCLASS_WEIGHT_TARGET: 0
Validation:
Target
0.315377 0.367013
0.509099 0.629222
0.389479 0.463611
Agent
0.579205 0.592456
 0.50347 0.550992
0.538689 0.570972
DSE
0.519779 0.550124
0.540595 0.593039
0.529983 0.570776
Test:
Target
0.281669 0.314079
0.492331  0.62117
0.358331 0.417208
Agent
0.558734 0.567506
0.537971 0.571429
0.548156  0.56946
DSE
0.517413 0.533582
0.592414 0.650575
0.552379 0.586299
