9471 6281 892
Valid size: 2298
Epoch 0
Train:
Target:
1 1
0 0
0 0
Val:
Target:
1 1
0 0
0 0
Train:
Agent:
1 1
0 0
0 0
Val:
Agent:
1 1
0 0
0 0
Train:
DSE:
1 1
0 0
0 0
Val:
DSE:
1 1
0 0
0 0
is from:
0,0,0
Train:1 0 0
0,0,0
Val:1 0 0
0,0,0
Test:1 0 0
is about:
0,0,0
Train:1 0 0
0,0,0
Val:1 0 0
0,0,0
Test:1 0 0
Epoch 5
Train:
Target:
1 1
0 0
0 0
Val:
Target:
1 1
0 0
0 0
Train:
Agent:
0.665863 0.668274
0.135732 0.179439
0.225498 0.282913
Val:
Agent:
 0.60373  0.60373
0.138789 0.179178
0.225694 0.276342
Train:
DSE:
0.564116 0.564116
0.230646 0.263776
0.327422 0.359467
Val:
DSE:
0.541176 0.541176
0.211178 0.242972
0.303805 0.335372
is from:
777,271,271
Train: 0.348777 0.0863883  0.138477
300,108,108
Val:     0.36 0.0918367  0.146341
59,21,21
Test: 0.355932 0.0601719  0.102941
is about:
777,271,271
Train: 0.348777 0.0863883  0.138477
300,108,108
Val:     0.36 0.0918367  0.146341
59,21,21
Test: 0.355932 0.0601719  0.102941
Epoch 10
Train:
Target:
1 1
0 0
0 0
Val:
Target:
1 1
0 0
0 0
Train:
Agent:
0.650306 0.656761
  0.4218 0.463818
0.511702 0.543679
Val:
Agent:
0.601718 0.604046
0.396266 0.442635
0.477844 0.510895
Train:
DSE:
0.536987 0.552483
0.434665 0.491071
0.480438  0.51997
Val:
DSE:
0.541981 0.556627
0.408334 0.461178
 0.46576 0.504427
is from:
3415,1126,1130
Train:0.329722 0.358942 0.343712
1157,357,357
Val:0.308557 0.303571 0.306044
386,115,115
Test:0.297927 0.329513 0.312925
is about:
3460,1130,1130
Train: 0.32659 0.360217  0.34258
1172,357,357
Val:0.304608 0.303571 0.304089
390,115,115
Test:0.294872 0.329513 0.311231
Epoch 15
Train:
Target:
1 1
0 0
0 0
Val:
Target:
1 1
0 0
0 0
Train:
Agent:
0.709496 0.711716
0.392246 0.424833
0.505194 0.532068
Val:
Agent:
0.675329 0.676225
0.360945 0.394476
0.470448  0.49828
Train:
DSE:
0.516524 0.537041
0.533419 0.604082
0.524836 0.568592
Val:
DSE:
 0.50301 0.523191
0.503375 0.565596
0.503192 0.543568
is from:
3662,1198,1198
Train:0.327144 0.381894 0.352405
1263,377,377
Val:0.298496 0.320578 0.309143
472,130,130
Test:0.275424 0.372493 0.316687
is about:
3662,1198,1198
Train:0.327144 0.381894 0.352405
1264,377,377
Val:0.298259 0.320578 0.309016
472,130,130
Test:0.275424 0.372493 0.316687
Epoch 20
Train:
Target:
0.150229 0.191519
0.618348 0.790593
 0.24173 0.308343
Val:
Target:
0.139384  0.18625
0.633068 0.783189
0.228466 0.300935
Train:
Agent:
0.734636 0.737534
0.387111  0.42964
 0.50704 0.542976
Val:
Agent:
0.674362 0.675577
0.340757 0.386686
0.452742 0.491848
Train:
DSE:
0.644058 0.656494
0.398597 0.447194
0.492434 0.531998
Val:
DSE:
0.627832  0.63754
 0.35338 0.395582
0.452223 0.488228
is from:
2402,992,994
Train:0.412989 0.316226 0.358187
783,303,303
Val:0.386973 0.257653 0.309342
278,103,103
Test:0.370504 0.295129 0.328549
is about:
2411,993,994
Train:0.411862 0.316544 0.357967
788,303,303
Val:0.384518 0.257653 0.308554
279,103,103
Test:0.369176 0.295129 0.328025
Epoch 25
Train:
Target:
 0.331419  0.331419
0.0820216  0.272019
 0.131499  0.298796
Val:
Target:
 0.314136  0.314136
0.0752253  0.225452
 0.121383  0.262506
Train:
Agent:
0.677931 0.681202
0.499761 0.548732
0.575368 0.607833
Val:
Agent:
0.634368  0.63759
0.445559 0.490085
0.523458  0.55419
Train:
DSE:
0.537663 0.558541
0.603775 0.665561
0.568804 0.607373
Val:
DSE:
0.502367 0.528994
0.548845 0.597724
0.524579 0.561263
is from:
5027,1586,1592
Train:0.315496 0.505579 0.388535
1706,493,493
Val: 0.28898 0.419218 0.342124
575,164,165
Test:0.285217 0.469914 0.354978
is about:
5056,1592,1592
Train:0.314873 0.507491 0.388624
1723,493,493
Val:0.286129 0.419218 0.340117
584,165,165
Test:0.282534 0.472779 0.353698
Epoch 30
Train:
Target:
0.360816 0.363636
0.143489  0.34272
0.205324 0.352869
Val:
Target:
0.352837  0.35461
0.129551  0.28751
0.189517 0.317554
Train:
Agent:
0.591425  0.59921
0.626212 0.670494
0.608321 0.632851
Val:
Agent:
0.551203 0.558842
0.565119 0.613314
0.558074 0.584813
Train:
DSE:
0.602772 0.626348
0.556881 0.615051
0.578918 0.620648
Val:
DSE:
0.550259  0.57657
0.493665 0.542838
0.520428 0.559196
is from:
5598,1726,1732
Train:0.308324 0.550207 0.395192
1949,563,563
Val:0.288866 0.478741  0.36032
617,165,165
Test:0.267423 0.472779 0.341615
is about:
5320,1641,1732
Train:0.308459 0.523111 0.388081
1834,538,563
Val:0.293348 0.457483 0.357475
601,155,165
Test:0.257903 0.444126 0.326316
Epoch 35
Train:
Target:
0.322669 0.358557
0.393949 0.548832
0.354764 0.433745
Val:
Target:
0.324616 0.373149
0.359121 0.492537
0.340998 0.424611
Train:
Agent:
0.710979  0.71511
 0.50428 0.551402
0.590051 0.622676
Val:
Agent:
0.649328 0.653233
0.440172 0.489377
0.524674 0.559556
Train:
DSE:
0.563614 0.584997
0.610953 0.678316
 0.58633  0.62821
Val:
DSE:
0.523863 0.548913
0.551985 0.609103
0.537556 0.577444
is from:
4596,1530,1542
Train:0.332898 0.487727 0.395707
1561,480,481
Val:0.307495 0.408163 0.350749
529,160,161
Test:0.302457 0.458453 0.364465
is about:
3519,1134,1542
Train:0.322251 0.361492 0.340745
1229,382,481
Val:0.310822  0.32483 0.317672
415,126,161
Test:0.303614 0.361032 0.329843
Epoch 40
Train:
Target:
0.300887 0.328991
0.458697 0.659676
0.363399  0.43903
Val:
Target:
  0.2874 0.320272
0.425559 0.600943
0.343093 0.417851
Train:
Agent:
0.672912 0.682356
0.566642 0.601869
0.615222 0.639591
Val:
Agent:
0.599921 0.609501
0.487103 0.524079
0.537658 0.563572
Train:
DSE:
0.622828 0.638934
0.538535 0.599235
0.577623 0.618448
Val:
DSE:
0.570623 0.590774
0.483635 0.526774
 0.52354 0.556941
is from:
4342,1537,1538
Train:0.353984 0.489959 0.411018
1467,471,472
Val:0.321063  0.40051 0.356413
472,143,143
Test:0.302966 0.409742 0.348356
is about:
3230,1155,1538
Train:0.357585 0.368186 0.362808
1097,364,472
Val:0.331814 0.309524 0.320282
378,114,143
Test:0.301587 0.326648 0.313618
Epoch 45
Train:
Target:
0.290695 0.328732
0.507751 0.674356
 0.36972    0.442
Val:
Target:
0.270066 0.314047
0.470883 0.616654
0.343261 0.416156
Train:
Agent:
0.691264 0.699381
 0.54282 0.588785
0.608114 0.639335
Val:
Agent:
0.612485 0.621644
0.466712 0.514164
0.529753 0.562819
Train:
DSE:
0.577358 0.602047
0.636038 0.699745
0.605279  0.64723
Val:
DSE:
  0.5324 0.564212
0.562662 0.620482
0.547113 0.591011
is from:
4812,1608,1615
Train:0.334165 0.512592 0.404579
1642,494,495
Val:0.300853 0.420068 0.350603
516,146,147
Test:0.282946 0.418338 0.337572
is about:
4693,1566,1615
Train:0.333688 0.499203      0.4
1585,477,495
Val:0.300946 0.405612 0.345527
508,145,147
Test:0.285433 0.415473  0.33839
Epoch 50
Train:
Target:
 0.32531 0.349294
0.419396 0.636609
 0.36641 0.451086
Val:
Target:
0.316689 0.341545
0.381016 0.575805
0.345887 0.428764
Train:
Agent:
0.631517 0.640813
0.631679 0.669159
0.631598 0.654679
Val:
Agent:
0.555363 0.567164
   0.539 0.582153
0.547059 0.574561
Train:
DSE:
0.598467 0.620714
  0.6105 0.676531
0.604424 0.647421
Val:
DSE:
0.543151 0.572733
0.528593 0.585007
0.535773 0.578805
is from:
5632,1783,1792
Train:0.316584 0.568377  0.40666
1914,530,534
Val:0.276907  0.45068 0.343042
591,162,164
Test:0.274112 0.464183 0.344681
is about:
4810,1496,1792
Train:0.311019 0.476889 0.376494
1633,471,534
Val:0.288426  0.40051 0.335351
520,140,164
Test:0.269231 0.401146 0.322209
Epoch 55
Train:
Target:
0.384235   0.3951
0.283118 0.516477
0.326016 0.447708
Val:
Target:
0.374417 0.385389
0.261258 0.455617
0.307766 0.417571
Train:
Agent:
0.712791 0.719187
0.547621 0.589052
0.619383 0.647647
Val:
Agent:
0.616768 0.625988
0.449943 0.493626
 0.52031 0.551983
Train:
DSE:
0.637873 0.653505
0.546975 0.614286
0.588937 0.633289
Val:
DSE:
0.571429 0.592371
0.477259 0.527443
0.520116 0.558025
is from:
3978,1474,1490
Train:0.370538 0.469876 0.414336
1307,424,428
Val:0.324407 0.360544 0.341522
406,125,128
Test:0.307882 0.358166 0.331126
is about:
3686,1334,1490
Train: 0.36191 0.425247  0.39103
1209,395,428
Val:0.326716 0.335884 0.331237
390,117,128
Test:     0.3 0.335244 0.316644
Epoch 60
Train:
Target:
0.336201 0.366169
0.463022 0.629419
0.389549  0.46299
Val:
Target:
0.316538 0.348172
0.414635 0.554595
0.359006 0.427783
Train:
Agent:
0.687923 0.696192
0.570784 0.621629
0.623902 0.656801
Val:
Agent:
0.581616 0.591398
0.472661 0.523371
0.521509 0.555309
Train:
DSE:
  0.6037   0.6268
0.610006 0.676276
0.606837 0.650598
Val:
DSE:
0.548257 0.579085
0.533417   0.5917
0.540735 0.585325
is from:
4862,1663,1664
Train: 0.34204 0.530124 0.415802
1671,493,493
Val:0.295033 0.419218 0.346329
489,146,146
Test:0.298569 0.418338 0.348449
is about:
4865,1663,1664
Train:0.341829 0.530124 0.415646
1667,491,493
Val:0.294541 0.417517  0.34541
487,145,146
Test:0.297741 0.415473  0.34689
Epoch 65
Train:
Target:
 0.30203 0.341661
0.522053 0.674955
0.382669 0.453673
Val:
Target:
0.280036 0.326509
0.468982 0.600157
0.350677 0.422928
Train:
Agent:
0.701952  0.70854
0.586111 0.632043
0.638822 0.668109
Val:
Agent:
0.602558 0.611916
0.477387 0.521955
0.532718 0.563367
Train:
DSE:
0.575363 0.608126
0.654468 0.715816
0.612371 0.657591
Val:
DSE:
0.515125 0.559312
0.559621 0.609772
0.536452 0.583453
is from:
5028,1682,1723
Train:0.334527 0.536181 0.412002
1656,467,473
Val:0.282005 0.397109 0.329802
495,142,144
Test:0.286869 0.406877 0.336493
is about:
5038,1689,1723
Train:0.335252 0.538412 0.413211
1661,461,473
Val:0.277544 0.392007 0.324991
502,141,144
Test:0.280876 0.404011 0.331375
Epoch 70
Train:
Target:
0.293831 0.335284
0.551738 0.691132
0.383453 0.451524
Val:
Target:
0.274596 0.322669
0.490981 0.618225
0.352208 0.424027
Train:
Agent:
0.646688 0.655514
0.644003  0.68972
0.645343 0.672182
Val:
Agent:
0.544717 0.557819
0.543097 0.586402
0.543906 0.571753
Train:
DSE:
0.585678 0.620104
0.637101 0.692602
0.610308 0.654351
Val:
DSE:
0.526597 0.569987
0.554122 0.607764
0.540009  0.58827
is from:
5575,1787,1815
Train:0.320538 0.569653 0.410239
1956,537,550
Val: 0.27454 0.456633 0.342912
590,164,165
Test:0.277966 0.469914 0.349308
is about:
5662,1802,1815
Train:0.318262 0.574434 0.409592
1989,547,550
Val:0.275013 0.465136 0.345656
600,164,165
Test:0.273333 0.469914 0.345627
Epoch 75
Train:
Target:
0.354376 0.384875
0.401397 0.581786
0.376424 0.463275
Val:
Target:
0.318623 0.350926
0.353183 0.498822
0.335014 0.412003
Train:
Agent:
0.705289 0.716016
0.584436  0.62243
  0.6392 0.665951
Val:
Agent:
0.589954  0.60688
0.476932 0.516289
0.527457 0.557931
Train:
DSE:
 0.57927  0.61781
0.650313 0.706378
0.612739 0.659132
Val:
DSE:
0.519075 0.563783
0.556354 0.607764
0.537068 0.584948
is from:
4488,1554,1636
Train:0.346257 0.495378 0.407607
1547,469,490
Val:0.303167  0.39881 0.344473
475,148,153
Test:0.311579 0.424069 0.359223
is about:
4387,1493,1636
Train:0.340324 0.475932 0.396863
1513,457,490
Val:0.302049 0.388605 0.339903
475,140,153
Test:0.294737 0.401146 0.339806
Epoch 80
Train:
Target:
0.314268 0.355877
 0.52114  0.66417
 0.39209 0.463435
Val:
Target:
0.282087 0.330402
0.462287 0.584446
0.350375 0.422151
Train:
Agent:
0.706225 0.712373
0.583613  0.62964
0.639092 0.668456
Val:
Agent:
0.593886 0.604134
0.477958 0.521246
0.529653 0.559638
Train:
DSE:
0.570316 0.611147
0.659759 0.715561
0.611786 0.659246
Val:
DSE:
0.511431 0.560662
0.560738  0.61245
0.534951 0.585413
is from:
4758,1632,1690
Train:0.343001 0.520242 0.413426
1570,460,477
Val:0.292994 0.391156 0.335033
512,143,146
Test:0.279297 0.409742 0.332172
is about:
4982,1689,1690
Train: 0.33902 0.538412 0.416061
1648,477,477
Val:0.289442 0.405612 0.337819
530,146,146
Test:0.275472 0.418338 0.332196
Epoch 85
Train:
Target:
0.325327 0.370716
0.496664 0.631216
0.393138 0.467101
Val:
Target:
 0.28815 0.339654
0.430793 0.540456
0.345321 0.417148
Train:
Agent:
1 1
0 0
0 0
Val:
Agent:
1 1
0 0
0 0
Train:
DSE:
0.598436 0.631238
0.636161 0.694643
0.616722 0.661425
Val:
DSE:
0.532141  0.57451
0.539475 0.590361
0.535783 0.582328
is from:
0,0,0
Train:1 0 0
0,0,0
Val:1 0 0
0,0,0
Test:1 0 0
is about:
0,0,0
Train:1 0 0
0,0,0
Val:1 0 0
0,0,0
Test:1 0 0
Epoch 90
Train:
Target:
0.361192 0.391195
0.402268 0.577591
0.380625 0.466462
Val:
Target:
0.322467 0.350515
0.351012 0.487038
0.336134  0.40765
Train:
Agent:
1 1
0 0
0 0
Val:
Agent:
1 1
0 0
0 0
Train:
DSE:
0.610114 0.637756
0.621094 0.683673
0.615555 0.659917
Val:
DSE:
0.534387 0.570861
0.527521 0.577644
0.530932 0.574232
is from:
0,0,0
Train:1 0 0
0,0,0
Val:1 0 0
0,0,0
Test:1 0 0
is about:
0,0,0
Train:1 0 0
0,0,0
Val:1 0 0
0,0,0
Test:1 0 0
Epoch 95
Train:
Target:
0.325523 0.372026
0.500413 0.636609
0.394452 0.469615
Val:
Target:
0.287534 0.339076
0.441506 0.553024
0.348261 0.420395
Train:
Agent:
1 1
0 0
0 0
Val:
Agent:
1 1
0 0
0 0
Train:
DSE:
0.599119 0.630309
0.630911 0.688776
0.614604 0.658246
Val:
DSE:
 0.52814 0.566859
0.534149 0.590361
0.531127 0.578371
is from:
0,0,0
Train:1 0 0
0,0,0
Val:1 0 0
0,0,0
Test:1 0 0
is about:
0,0,0
Train:1 0 0
0,0,0
Val:1 0 0
0,0,0
Test:1 0 0
Epoch 100
Train:
Target:
0.320839  0.36032
 0.53384 0.675554
0.400798 0.469971
Val:
Target:
0.286694 0.329109
0.473468 0.589159
0.357135 0.422312
Train:
Agent:
1 1
0 0
0 0
Val:
Agent:
1 1
0 0
0 0
Train:
DSE:
0.593798 0.619504
 0.65434 0.716582
0.622601 0.664516
Val:
DSE:
 0.52609 0.562577
0.549359 0.605756
0.537473 0.583369
is from:
0,0,0
Train:1 0 0
0,0,0
Val:1 0 0
0,0,0
Test:1 0 0
is about:
0,0,0
Train:1 0 0
0,0,0
Val:1 0 0
0,0,0
Test:1 0 0
Epoch 105
Train:
Target:
0.334554 0.373535
0.494933 0.640503
0.399239 0.471877
Val:
Target:
0.296018 0.337714
0.435814 0.559309
0.352563 0.421141
Train:
Agent:
1 1
0 0
0 0
Val:
Agent:
1 1
0 0
0 0
Train:
DSE:
0.580185 0.613876
0.675887 0.734439
 0.62439 0.668767
Val:
DSE:
0.499507 0.540805
0.569492 0.623159
0.532209 0.579069
is from:
0,0,0
Train:1 0 0
0,0,0
Val:1 0 0
0,0,0
Test:1 0 0
is about:
0,0,0
Train:1 0 0
0,0,0
Val:1 0 0
0,0,0
Test:1 0 0
Epoch 110
Train:
Target:
0.308343 0.359513
0.556509 0.679149
0.396821 0.470149
Val:
Target:
0.272906   0.3314
0.500399 0.605656
0.353191 0.428393
Train:
Agent:
1 1
0 0
0 0
Val:
Agent:
1 1
0 0
0 0
Train:
DSE:
0.654221 0.672432
0.552293 0.621684
0.598951 0.646063
Val:
DSE:
0.580831 0.610518
0.471252 0.528782
0.520335 0.566718
is from:
0,0,0
Train:1 0 0
0,0,0
Val:1 0 0
0,0,0
Test:1 0 0
is about:
0,0,0
Train:1 0 0
0,0,0
Val:1 0 0
0,0,0
Test:1 0 0
Epoch 115
Train:
Target:
0.349282 0.381007
0.439406 0.603954
0.389195 0.467248
Val:
Target:
0.316267 0.346447
0.391556  0.52553
0.349907 0.417599
Train:
Agent:
1 1
0 0
0 0
Val:
Agent:
1 1
0 0
0 0
Train:
DSE:
 0.58765 0.615864
0.661436    0.725
0.622364 0.665991
Val:
DSE:
 0.52074 0.558876
0.564716  0.62249
0.541837  0.58897
is from:
0,0,0
Train:1 0 0
0,0,0
Val:1 0 0
0,0,0
Test:1 0 0
is about:
0,0,0
Train:1 0 0
0,0,0
Val:1 0 0
0,0,0
Test:1 0 0
Epoch 120
Train:
Target:
0.384274 0.407201
0.363958 0.541642
 0.37384 0.464897
Val:
Target:
0.336748 0.360898
0.309394 0.455617
0.322492 0.402764
Train:
Agent:
1 1
0 0
0 0
Val:
Agent:
1 1
0 0
0 0
Train:
DSE:
0.571902 0.608316
0.680494 0.740561
 0.62149 0.667956
Val:
DSE:
0.507492 0.552723
0.581733 0.636546
0.542082 0.591681
is from:
0,0,0
Train:1 0 0
0,0,0
Val:1 0 0
0,0,0
Test:1 0 0
is about:
0,0,0
Train:1 0 0
0,0,0
Val:1 0 0
0,0,0
Test:1 0 0
Epoch 125
Train:
Target:
0.324714 0.362261
 0.52182 0.666866
 0.40032 0.469485
Val:
Target:
0.292135  0.33121
0.460075  0.58209
0.357357 0.422192
Train:
Agent:
1 1
0 0
0 0
Val:
Agent:
1 1
0 0
0 0
Train:
DSE:
0.584222 0.607179
0.664991 0.732143
0.621995 0.663831
Val:
DSE:
0.516257 0.551009
0.565642 0.625837
0.539822 0.586044
is from:
0,0,0
Train:1 0 0
0,0,0
Val:1 0 0
0,0,0
Test:1 0 0
is about:
0,0,0
Train:1 0 0
0,0,0
Val:1 0 0
0,0,0
Test:1 0 0
Epoch 130
Train:
Target:
0.306346 0.363949
0.556059 0.674955
 0.39505 0.472901
Val:
Target:
0.273327 0.340807
0.490418 0.597015
0.351019 0.433914
Train:
Agent:
1 1
0 0
0 0
Val:
Agent:
1 1
0 0
0 0
Train:
DSE:
0.638668 0.657129
0.596391 0.666327
0.616806 0.661696
Val:
DSE:
0.563433 0.589708
0.499951 0.558233
0.529797 0.573539
is from:
0,0,0
Train:1 0 0
0,0,0
Val:1 0 0
0,0,0
Test:1 0 0
is about:
0,0,0
Train:1 0 0
0,0,0
Val:1 0 0
0,0,0
Test:1 0 0
Epoch 135
Train:
Target:
0.331228 0.375055
0.485941 0.624925
0.393939 0.468772
Val:
Target:
0.292889 0.338779
0.424027 0.538099
0.346464 0.415786
Train:
Agent:
1 1
0 0
0 0
Val:
Agent:
1 1
0 0
0 0
Train:
DSE:
0.612855 0.644224
0.631007 0.692347
0.621798 0.667419
Val:
DSE:
0.533255 0.572644
0.537896 0.586345
0.535566 0.579414
is from:
0,0,0
Train:1 0 0
0,0,0
Val:1 0 0
0,0,0
Test:1 0 0
is about:
0,0,0
Train:1 0 0
0,0,0
Val:1 0 0
0,0,0
Test:1 0 0
Epoch 140
Train:
Target:
1 1
0 0
0 0
Val:
Target:
1 1
0 0
0 0
Train:
Agent:
1 1
0 0
0 0
Val:
Agent:
1 1
0 0
0 0
Train:
DSE:
1 1
0 0
0 0
Val:
DSE:
1 1
0 0
0 0
is from:
0,0,0
Train:1 0 0
0,0,0
Val:1 0 0
0,0,0
Test:1 0 0
is about:
0,0,0
Train:1 0 0
0,0,0
Val:1 0 0
0,0,0
Test:1 0 0
Epoch 145
Train:
Target:
1 1
0 0
0 0
Val:
Target:
1 1
0 0
0 0
Train:
Agent:
1 1
0 0
0 0
Val:
Agent:
1 1
0 0
0 0
Train:
DSE:
1 1
0 0
0 0
Val:
DSE:
1 1
0 0
0 0
is from:
0,0,0
Train:1 0 0
0,0,0
Val:1 0 0
0,0,0
Test:1 0 0
is about:
0,0,0
Train:1 0 0
0,0,0
Val:1 0 0
0,0,0
Test:1 0 0
Epoch 150
Train:
Target:
1 1
0 0
0 0
Val:
Target:
1 1
0 0
0 0
Train:
Agent:
1 1
0 0
0 0
Val:
Agent:
1 1
0 0
0 0
Train:
DSE:
1 1
0 0
0 0
Val:
DSE:
1 1
0 0
0 0
is from:
0,0,0
Train:1 0 0
0,0,0
Val:1 0 0
0,0,0
Test:1 0 0
is about:
0,0,0
Train:1 0 0
0,0,0
Val:1 0 0
0,0,0
Test:1 0 0
Epoch 155
Train:
Target:
1 1
0 0
0 0
Val:
Target:
1 1
0 0
0 0
Train:
Agent:
1 1
0 0
0 0
Val:
Agent:
1 1
0 0
0 0
Train:
DSE:
1 1
0 0
0 0
Val:
DSE:
1 1
0 0
0 0
is from:
0,0,0
Train:1 0 0
0,0,0
Val:1 0 0
0,0,0
Test:1 0 0
is about:
0,0,0
Train:1 0 0
0,0,0
Val:1 0 0
0,0,0
Test:1 0 0
Epoch 160
Train:
Target:
1 1
0 0
0 0
Val:
Target:
1 1
0 0
0 0
Train:
Agent:
1 1
0 0
0 0
Val:
Agent:
1 1
0 0
0 0
Train:
DSE:
1 1
0 0
0 0
Val:
DSE:
1 1
0 0
0 0
is from:
0,0,0
Train:1 0 0
0,0,0
Val:1 0 0
0,0,0
Test:1 0 0
is about:
0,0,0
Train:1 0 0
0,0,0
Val:1 0 0
0,0,0
Test:1 0 0
Epoch 165
Train:
Target:
1 1
0 0
0 0
Val:
Target:
1 1
0 0
0 0
Train:
Agent:
1 1
0 0
0 0
Val:
Agent:
1 1
0 0
0 0
Train:
DSE:
1 1
0 0
0 0
Val:
DSE:
1 1
0 0
0 0
is from:
0,0,0
Train:1 0 0
0,0,0
Val:1 0 0
0,0,0
Test:1 0 0
is about:
0,0,0
Train:1 0 0
0,0,0
Val:1 0 0
0,0,0
Test:1 0 0
Epoch 170
Train:
Target:
1 1
0 0
0 0
Val:
Target:
1 1
0 0
0 0
Train:
Agent:
1 1
0 0
0 0
Val:
Agent:
1 1
0 0
0 0
Train:
DSE:
1 1
0 0
0 0
Val:
DSE:
1 1
0 0
0 0
is from:
0,0,0
Train:1 0 0
0,0,0
Val:1 0 0
0,0,0
Test:1 0 0
is about:
0,0,0
Train:1 0 0
0,0,0
Val:1 0 0
0,0,0
Test:1 0 0
Epoch 175
Train:
Target:
1 1
0 0
0 0
Val:
Target:
1 1
0 0
0 0
Train:
Agent:
1 1
0 0
0 0
Val:
Agent:
1 1
0 0
0 0
Train:
DSE:
1 1
0 0
0 0
Val:
DSE:
1 1
0 0
0 0
is from:
0,0,0
Train:1 0 0
0,0,0
Val:1 0 0
0,0,0
Test:1 0 0
is about:
0,0,0
Train:1 0 0
0,0,0
Val:1 0 0
0,0,0
Test:1 0 0
Epoch 180
Train:
Target:
1 1
0 0
0 0
Val:
Target:
1 1
0 0
0 0
Train:
Agent:
1 1
0 0
0 0
Val:
Agent:
1 1
0 0
0 0
Train:
DSE:
1 1
0 0
0 0
Val:
DSE:
1 1
0 0
0 0
is from:
0,0,0
Train:1 0 0
0,0,0
Val:1 0 0
0,0,0
Test:1 0 0
is about:
0,0,0
Train:1 0 0
0,0,0
Val:1 0 0
0,0,0
Test:1 0 0
Epoch 185
Train:
Target:
1 1
0 0
0 0
Val:
Target:
1 1
0 0
0 0
Train:
Agent:
1 1
0 0
0 0
Val:
Agent:
1 1
0 0
0 0
Train:
DSE:
1 1
0 0
0 0
Val:
DSE:
1 1
0 0
0 0
is from:
0,0,0
Train:1 0 0
0,0,0
Val:1 0 0
0,0,0
Test:1 0 0
is about:
0,0,0
Train:1 0 0
0,0,0
Val:1 0 0
0,0,0
Test:1 0 0
Epoch 190
Train:
Target:
1 1
0 0
0 0
Val:
Target:
1 1
0 0
0 0
Train:
Agent:
1 1
0 0
0 0
Val:
Agent:
1 1
0 0
0 0
Train:
DSE:
1 1
0 0
0 0
Val:
DSE:
1 1
0 0
0 0
is from:
0,0,0
Train:1 0 0
0,0,0
Val:1 0 0
0,0,0
Test:1 0 0
is about:
0,0,0
Train:1 0 0
0,0,0
Val:1 0 0
0,0,0
Test:1 0 0
Epoch 195
Train:
Target:
1 1
0 0
0 0
Val:
Target:
1 1
0 0
0 0
Train:
Agent:
1 1
0 0
0 0
Val:
Agent:
1 1
0 0
0 0
Train:
DSE:
1 1
0 0
0 0
Val:
DSE:
1 1
0 0
0 0
is from:
0,0,0
Train:1 0 0
0,0,0
Val:1 0 0
0,0,0
Test:1 0 0
is about:
0,0,0
Train:1 0 0
0,0,0
Val:1 0 0
0,0,0
Test:1 0 0
Best: 
OCLASS_WEIGHT_TARGET: 0
Validation:
Target
0.316538 0.348172
0.414635 0.554595
0.359006 0.427783
Agent
0.551203 0.558842
0.565119 0.613314
0.558074 0.584813
DSE
  0.5324 0.564212
0.562662 0.620482
0.547113 0.591011
Test:
Target
0.275624 0.309291
0.438714 0.576602
0.338552 0.402617
Agent
0.548261 0.552894
0.597414 0.635945
0.571783 0.591519
DSE
0.487485      0.5
0.589464 0.632184
0.533646 0.558376
