9471 6281 892
Valid size: 2298
Epoch 0
Train:
Target:
1 1
0 0
0 0
Val:
Target:
1 1
0 0
0 0
Train:
Agent:
1 1
0 0
0 0
Val:
Agent:
1 1
0 0
0 0
Train:
DSE:
1 1
0 0
0 0
Val:
DSE:
1 1
0 0
0 0
is from:
0,0,0,0,3137
Train:1 0 0
0,0,0,0,1176
Val:1 0 0
0,0,0,0,349
Test:1 0 0
is about:
0,0,0,0,3064
Train:1 0 0
0,0,0,0,1145
Val:1 0 0
0,0,0,0,338
Test:1 0 0
Epoch 5
Train:
Target:
1 1
0 0
0 0
Val:
Target:
1 1
0 0
0 0
Train:
Agent:
1 1
0 0
0 0
Val:
Agent:
1 1
0 0
0 0
Train:
DSE:
0.447802 0.447802
0.108758 0.124745
0.175011 0.195132
Val:
DSE:
 0.43287  0.43287
0.112918 0.125167
0.179113 0.194185
is from:
0,0,0,0,3137
Train:1 0 0
0,0,0,0,1176
Val:1 0 0
0,0,0,0,349
Test:1 0 0
is about:
0,0,0,0,3064
Train:1 0 0
0,0,0,0,1145
Val:1 0 0
0,0,0,0,338
Test:1 0 0
Epoch 10
Train:
Target:
 0.344178   0.34589
0.0821909  0.176153
 0.132694  0.233428
Val:
Target:
  0.31314    0.3157
0.0732201  0.143755
 0.118688  0.197553
Train:
Agent:
0.531967 0.539454
0.489235 0.551135
0.509707 0.545232
Val:
Agent:
0.504099 0.511283
0.469408 0.521955
0.486135 0.516564
Train:
DSE:
 0.48029 0.499869
0.429126 0.483673
0.453269 0.491638
Val:
DSE:
0.473132 0.492527
0.410626 0.461178
0.439668 0.476337
is from:
3115,5059,1312,1312,3137
Train: 0.25934 0.418234 0.320156
1146,1811,439,439,1176
Val:0.242408 0.373299  0.29394
393,617,148,148,349
Test: 0.23987 0.424069 0.306418
is about:
615,921,193,407,3064
Train: 0.209555 0.0629896 0.0968632
220,307,54,120,1145
Val: 0.175896 0.0471616 0.0743802
91,131,28,56,338
Test:  0.21374 0.0828402  0.119403
Epoch 15
Train:
Target:
0.329526 0.332499
0.192491  0.41402
0.243022 0.368809
Val:
Target:
0.322202 0.323706
0.182032 0.379419
0.232635 0.349355
Train:
Agent:
0.693202 0.697921
0.344912 0.394126
0.460631 0.503767
Val:
Agent:
0.627078 0.631829
0.327072  0.36898
0.429911 0.465888
Train:
DSE:
0.606807 0.630056
 0.35662 0.403571
0.449229    0.492
Val:
DSE:
0.601926 0.617778
0.326468 0.370817
0.423332  0.46345
is from:
917,2051,815,831,3137
Train:0.397367 0.259802 0.314187
367,737,265,269,1176
Val:0.359566  0.22534 0.277052
103,233,88,90,349
Test:0.377682 0.252149 0.302405
is about:
2127,3329,724,825,3064
Train:0.217483 0.236292 0.226498
756,1137,217,249,1145
Val:0.190853  0.18952 0.190184
190,303,72,84,338
Test:0.237624 0.213018 0.224649
Epoch 20
Train:
Target:
0.323784  0.34265
0.416424 0.618933
0.364307   0.4411
Val:
Target:
0.305305 0.326308
0.393777 0.567164
0.343942 0.414272
Train:
Agent:
0.588728 0.599139
0.533193 0.576502
0.559586 0.587603
Val:
Agent:
0.551843 0.559235
 0.48131 0.523371
0.514169 0.540709
Train:
DSE:
0.562768  0.58929
0.521043 0.578571
0.541102 0.583882
Val:
DSE:
0.545105 0.573978
0.468369 0.518742
0.503832 0.544964
is from:
2547,4742,1413,1413,3137
Train:0.297976  0.45043 0.358675
915,1607,435,435,1176
Val:0.270691 0.369898 0.312612
338,551,144,144,349
Test:0.261343 0.412607     0.32
is about:
6636,9679,1821,1886,3064
Train:0.188139 0.594321 0.285804
2258,3176,527,544,1145
Val:0.165932 0.460262 0.243925
734,1018,179,194,338
Test:0.175835 0.529586 0.264012
Epoch 25
Train:
Target:
0.362153 0.365092
0.240739 0.480527
0.289221 0.414931
Val:
Target:
0.343376 0.347625
0.222881 0.427337
0.270308 0.383381
Train:
Agent:
 0.63756 0.642711
0.513349 0.570628
0.568751 0.604528
Val:
Agent:
0.597222 0.601133
0.457225 0.516289
 0.51793  0.55549
Train:
DSE:
0.626689  0.64106
0.426488 0.491582
 0.50756 0.556457
Val:
DSE:
0.594027 0.607414
0.378342 0.427041
0.462264 0.501503
is from:
1746,3623,1236,1256,3137
Train:0.341154 0.394007  0.36568
623,1185,366,367,1176
Val:0.308861 0.311224 0.310038
225,421,133,134,349
Test:0.315914 0.381089 0.345455
is about:
2128,3266,690,1069,3064
Train:0.211268 0.225196 0.218009
794,1154,224,327,1145
Val:0.194107 0.195633 0.194867
237,335,61,113,338
Test: 0.18209 0.180473 0.181278
Epoch 30
Train:
Target:
0.353962 0.379267
0.436525 0.606052
0.390932  0.46656
Val:
Target:
0.337272 0.365196
0.406564 0.556167
0.368691  0.44089
Train:
Agent:
0.656418 0.663287
 0.50383 0.554873
0.570091 0.604256
Val:
Agent:
0.602344 0.606346
0.435376 0.488669
0.505428 0.541184
Train:
DSE:
0.547057 0.582459
0.610654 0.668622
0.577108 0.622574
Val:
DSE:
0.509017 0.545226
0.533102 0.582329
0.520781 0.563167
is from:
2415,4607,1404,1504,3137
Train:0.304754 0.447561 0.362603
862,1518,422,445,1176
Val:0.277997 0.358844 0.313289
287,512,147,155,349
Test:0.287109 0.421203 0.341463
is about:
6406,9524,1829,2001,3064
Train:0.192041 0.596932 0.290594
2238,3184,542,591,1145
Val:0.170226 0.473362 0.250404
761,1036,179,208,338
Test: 0.17278 0.529586 0.260553
Epoch 35
Train:
Target:
0.242734 0.277773
0.630766 0.791492
0.350563 0.411227
Val:
Target:
0.229007 0.270331
0.601993 0.758837
0.331795 0.398646
Train:
Agent:
0.701664 0.709633
0.494706 0.538051
0.580284 0.612044
Val:
Agent:
0.620843 0.627751
0.418629 0.456799
0.500067 0.528802
Train:
DSE:
0.496415  0.53576
0.684348 0.744133
0.575425 0.622984
Val:
DSE:
0.464678 0.504115
0.599796 0.658635
0.523661 0.571108
is from:
2804,5318,1554,1554,3137
Train:0.292215 0.495378 0.367593
1049,1788,450,450,1176
Val:0.251678 0.382653 0.303644
362,625,168,168,349
Test:  0.2688 0.481375 0.344969
is about:
13335,17559,2473,2602,3064
Train:0.140839 0.807115 0.239829
4661,6052,800,835,1145
Val:0.132188  0.69869 0.222315
1423,1787,230,252,338
Test:0.128707 0.680473 0.216471
Epoch 40
Train:
Target:
0.306924   0.3609
0.586409 0.699521
0.402947 0.476145
Val:
Target:
0.291311 0.357143
 0.53936 0.633936
  0.3783 0.456887
Train:
Agent:
  0.7083 0.713142
0.497387 0.547931
0.584396 0.619714
Val:
Agent:
 0.63376 0.636622
0.414839 0.461048
0.501447 0.534794
Train:
DSE:
0.532891 0.572367
 0.65345  0.71301
0.587045 0.634994
Val:
DSE:
0.489964 0.529683
0.567004 0.617135
0.525676 0.570075
is from:
2420,4893,1539,1564,3137
Train:0.314531 0.490596 0.383313
905,1606,434,439,1176
Val:0.270237 0.369048 0.312006
312,563,163,163,349
Test: 0.28952 0.467049 0.357456
is about:
7431,10796,1956,2054,3064
Train:0.181178 0.638381 0.282251
2490,3513,590,616,1145
Val:0.167948 0.515284 0.253328
841,1160,201,217,338
Test:0.173276 0.594675 0.268358
Epoch 45
Train:
Target:
0.364364 0.411704
0.466709  0.59257
0.409234 0.485851
Val:
Target:
0.331782 0.390686
0.424558 0.528672
 0.37248 0.449324
Train:
Agent:
  0.7038 0.713072
0.518902 0.563418
0.597371 0.629472
Val:
Agent:
0.616301 0.624074
0.431299 0.469547
0.507465 0.535893
Train:
DSE:
0.523807 0.559165
0.665377  0.72398
0.586165 0.630988
Val:
DSE:
0.485718 0.522503
0.584289 0.635877
0.530463 0.573642
is from:
2659,5238,1597,1597,3137
Train:0.304887 0.509085 0.381373
1018,1759,463,463,1176
Val:0.263218 0.393707 0.315503
316,571,167,167,349
Test:0.292469  0.47851 0.363043
is about:
6204,9343,1854,1898,3064
Train:0.198437 0.605091 0.298864
2116,3092,564,572,1145
Val:0.182406 0.492576 0.266226
712,999,181,190,338
Test:0.181181 0.535503 0.270755
Epoch 50
Train:
Target:
0.337406 0.371128
0.503747 0.649491
0.404129  0.47235
Val:
Target:
0.308615 0.350193
0.458198 0.580518
0.368817 0.436856
Train:
Agent:
0.660726 0.673233
0.570545 0.606943
0.612333 0.638371
Val:
Agent:
0.582569 0.592885
0.478213 0.517705
0.525258 0.552751
Train:
DSE:
0.570034 0.601557
0.625745   0.6875
0.596592 0.641664
Val:
DSE:
 0.52038 0.556258
0.537567 0.587015
0.528834 0.571223
is from:
2560,5110,1579,1610,3137
Train:0.309002 0.503347 0.382927
960,1716,478,484,1176
Val:0.278555 0.406463 0.330567
319,579,174,174,349
Test:0.300518 0.498567    0.375
is about:
6667,10011,1966,2056,3064
Train:0.196384 0.641645 0.300727
2238,3244,586,611,1145
Val:0.180641  0.51179 0.267031
754,1045,188,207,338
Test:0.179904 0.556213 0.271873
Epoch 55
Train:
Target:
0.351401 0.395084
0.524666 0.654284
  0.4209 0.492672
Val:
Target:
 0.31815 0.372063
0.477125 0.585232
0.381748 0.454913
Train:
Agent:
0.675581 0.686297
0.563906 0.607477
0.614712 0.644486
Val:
Agent:
0.592081  0.60195
0.471526 0.511331
0.524971 0.552952
Train:
DSE:
 0.59812 0.625365
0.590803 0.652806
0.594439 0.638791
Val:
DSE:
0.541534 0.571528
 0.50261  0.55087
0.521346 0.561009
is from:
2267,4795,1566,1575,3137
Train: 0.32659 0.499203 0.394856
846,1545,449,449,1176
Val:0.290615 0.381803 0.330026
282,532,164,164,349
Test:0.308271 0.469914 0.372304
is about:
5559,8733,1878,1894,3064
Train:0.215046 0.612924 0.318386
1834,2768,544,548,1145
Val:0.196532 0.475109 0.278048
617,908,184,188,338
Test:0.202643 0.544379 0.295345
Epoch 60
Train:
Target:
0.346907 0.393696
0.541455 0.660875
0.422878  0.49344
Val:
Target:
0.313451 0.372414
0.489339 0.590731
0.382127 0.456829
Train:
Agent:
0.730855  0.73801
0.486997 0.532176
0.584511 0.618415
Val:
Agent:
0.651814 0.658664
0.406413 0.441218
 0.50066 0.528447
Train:
DSE:
0.591076 0.619675
0.606904 0.668878
0.598885 0.643337
Val:
DSE:
0.532463    0.566
0.518601 0.564257
0.525441 0.565127
is from:
1874,4172,1437,1437,3137
Train:0.344439 0.458081 0.393214
697,1315,393,393,1176
Val:0.298859 0.334184 0.315536
228,456,146,146,349
Test:0.320175 0.418338 0.362733
is about:
5864,9126,1908,1927,3064
Train:0.209073 0.622715 0.313043
1936,2908,571,575,1145
Val:0.196355  0.49869 0.281767
676,979,189,191,338
Test:0.193054 0.559172 0.287016
Epoch 65
Train:
Target:
0.330115 0.388166
0.569899 0.681845
0.418065 0.494703
Val:
Target:
0.297255 0.372918
0.512939 0.602514
0.376388 0.460695
Train:
Agent:
0.709987 0.718149
0.522154 0.566088
0.601753 0.633116
Val:
Agent:
0.628532 0.636797
0.433598 0.467422
0.513176 0.539119
Train:
DSE:
0.596742 0.624169
0.604351 0.666327
0.600523 0.644559
Val:
DSE:
0.532985 0.562958
0.514892 0.562249
0.523783 0.562603
is from:
2070,4503,1515,1520,3137
Train:0.336442 0.482945 0.396597
781,1430,418,418,1176
Val:0.292308 0.355442 0.320798
244,482,154,154,349
Test:0.319502 0.441261 0.370638
is about:
5766,8939,1856,1871,3064
Train:0.207629 0.605744 0.309256
1891,2836,554,557,1145
Val:0.195346 0.483843 0.278322
673,969,185,188,338
Test:0.190918 0.547337 0.283091
Epoch 70
Train:
Target:
0.362798 0.410411
0.510008 0.629419
0.423989 0.496851
Val:
Target:
 0.33181 0.391743
 0.45816 0.559309
 0.38488 0.460764
Train:
Agent:
0.716651 0.725025
0.512596 0.558077
0.597687  0.63069
Val:
Agent:
0.632716 0.641125
0.424936 0.461048
0.508416 0.536376
Train:
DSE:
0.595313 0.625238
0.606606 0.668878
0.600906 0.646322
Val:
DSE:
0.530231  0.56513
0.514332 0.562249
0.522161 0.563686
is from:
1968,4357,1462,1468,3137
Train:0.335552  0.46605 0.390179
731,1372,407,408,1176
Val:0.296647 0.346088 0.319466
231,463,149,149,349
Test:0.321814 0.426934 0.366995
is about:
5268,8394,1841,1852,3064
Train:0.219323 0.600849 0.321348
1718,2662,556,556,1145
Val:0.208866  0.48559 0.292094
604,894,182,185,338
Test:0.203579 0.538462 0.295455
Epoch 75
Train:
Target:
0.335733 0.391486
 0.56345  0.67885
0.420757 0.496592
Val:
Target:
 0.30099 0.374287
0.509671 0.602514
0.378471 0.461738
Train:
Agent:
 0.69586 0.706848
0.547357 0.590654
0.612739 0.643549
Val:
Agent:
0.609456 0.620354
0.449188 0.488669
 0.51719 0.546693
Train:
DSE:
0.578207 0.609734
0.627551 0.688265
0.601869 0.646624
Val:
DSE:
0.514774 0.551833
0.534213 0.580321
0.524313 0.565719
is from:
2302,4826,1555,1570,3137
Train:0.322213 0.495697 0.390556
862,1552,439,444,1176
Val:0.282861 0.373299 0.321848
267,516,165,165,349
Test:0.319767 0.472779 0.381503
is about:
6100,9351,1903,1922,3064
Train:0.203508 0.621084 0.306565
1983,2978,577,581,1145
Val:0.193754  0.50393 0.279893
689,993,190,191,338
Test:0.191339  0.56213   0.2855
Epoch 80
Train:
Target:
0.317808 0.379859
0.607958 0.715998
0.417414 0.496375
Val:
Target:
0.284499 0.359212
0.548602 0.641791
0.374688 0.460616
Train:
Agent:
 0.68782 0.699667
0.559673 0.600534
0.617165 0.646321
Val:
Agent:
0.600937 0.611395
0.458601 0.502125
0.520209 0.551398
Train:
DSE:
0.593651 0.623648
0.612262 0.672959
0.602813 0.647366
Val:
DSE:
0.527642 0.562005
0.520858 0.567604
0.524228 0.564791
is from:
2244,4772,1561,1577,3137
Train:0.327117 0.497609  0.39474
873,1565,440,444,1176
Val: 0.28115  0.37415 0.321051
276,523,162,162,349
Test:0.309751 0.464183  0.37156
is about:
6136,9444,1930,1936,3064
Train:0.204363 0.629896 0.308602
2040,3048,594,594,1145
Val:0.194882 0.518777 0.283329
719,1032,194,195,338
Test:0.187984 0.573964 0.283212
Epoch 85
Train:
Target:
 0.34672 0.395276
0.549865 0.668364
0.425278 0.496762
Val:
Target:
0.312312 0.374945
0.497386 0.593087
0.383698 0.459437
Train:
Agent:
0.705369 0.715608
0.535732 0.580774
0.608957 0.641179
Val:
Agent:
0.613269 0.622847
0.441517 0.479462
0.513409 0.541829
Train:
DSE:
0.575189 0.607008
 0.63512 0.695918
 0.60367  0.64843
Val:
DSE:
0.512713 0.550562
0.541542 0.587015
0.526733 0.568204
is from:
2262,4744,1531,1555,3137
Train:0.322723 0.488046 0.388529
850,1535,438,443,1176
Val:0.285342 0.372449 0.323128
255,499,161,162,349
Test:0.322645 0.461318 0.379717
is about:
6145,9461,1943,1962,3064
Train:0.205369 0.634138 0.310259
1999,3001,584,586,1145
Val:0.194602 0.510044 0.281717
703,1008,191,192,338
Test:0.189484 0.565089 0.283804
Epoch 90
Train:
Target:
 0.36781 0.414843
  0.5121 0.630917
0.428124 0.500557
Val:
Target:
0.330376 0.388202
0.458605 0.559309
 0.38407 0.458305
Train:
Agent:
0.701557 0.713291
0.543174 0.585047
0.612289 0.642835
Val:
Agent:
0.613804 0.624888
0.447671 0.487252
0.517737 0.547553
Train:
DSE:
0.594078 0.623823
0.611229 0.672194
0.602531 0.647106
Val:
DSE:
0.527039 0.560237
0.518367 0.566265
0.522667 0.563235
is from:
2110,4589,1532,1532,3137
Train:0.333842 0.488365 0.396583
831,1513,434,434,1176
Val:0.286847 0.369048 0.322797
258,500,158,158,349
Test:   0.316 0.452722 0.372203
is about:
5197,8264,1788,1858,3064
Train: 0.21636 0.583551 0.315678
1743,2643,536,556,1145
Val:  0.2028 0.468122 0.282999
600,872,175,183,338
Test:0.200688 0.517751 0.289256
Epoch 95
Train:
Target:
0.344194 0.397881
0.549594 0.666267
0.423293 0.498229
Val:
Target:
0.307837 0.377971
0.494648 0.583661
0.379498 0.458817
Train:
Agent:
0.680786  0.69381
0.565332 0.604272
0.617711 0.645953
Val:
Agent:
0.597576 0.609205
 0.46346  0.50779
0.522042 0.553894
Train:
DSE:
0.594909 0.625059
0.611003 0.672194
0.602849  0.64777
Val:
DSE:
0.526866 0.560976
 0.51833 0.565596
0.522563 0.563276
is from:
2221,4631,1496,1563,3137
Train: 0.32304 0.476889  0.38517
854,1524,434,452,1176
Val:0.284777 0.369048 0.321481
271,506,158,161,349
Test:0.312253 0.452722 0.369591
is about:
5573,8734,1851,1878,3064
Train: 0.21193 0.604112 0.313782
1832,2751,546,556,1145
Val:0.198473 0.476856 0.280287
656,954,186,188,338
Test:0.194969 0.550296 0.287926
Epoch 100
Train:
Target:
0.351657 0.401581
0.541424 0.659976
0.426379  0.49933
Val:
Target:
0.315924 0.380192
0.487377 0.578947
0.383354 0.458976
Train:
Agent:
0.682112 0.693823
0.565373 0.606409
 0.61828 0.647177
Val:
Agent:
0.598241  0.60855
0.461268 0.505666
0.520901 0.552358
Train:
DSE:
0.590532 0.620794
0.616698 0.678061
0.603332 0.648165
Val:
DSE:
0.523486 0.558594
0.524712  0.57095
0.524099 0.564705
is from:
2328,4908,1592,1592,3137
Train:0.324368 0.507491 0.395774
892,1602,455,455,1176
Val: 0.28402 0.386905 0.327574
289,538,164,164,349
Test:0.304833 0.469914 0.369786
is about:
5655,8890,1891,1905,3064
Train:0.212711 0.617167 0.316379
1840,2794,566,567,1145
Val:0.202577 0.494323 0.287383
672,972,187,188,338
Test:0.192387 0.553254 0.285496
Epoch 105
Train:
Target:
0.363804 0.409565
0.519462 0.638406
0.427917    0.499
Val:
Target:
0.329825 0.385537
 0.46378 0.566379
0.385497  0.45878
Train:
Agent:
0.695369 0.707668
0.551083 0.591188
0.614875 0.644205
Val:
Agent:
0.609879 0.620629
0.452635 0.495751
0.519622 0.551206
Train:
DSE:
0.595833 0.625416
0.606914 0.668112
0.601323 0.646059
Val:
DSE:
0.526546 0.559311
 0.51357  0.56158
0.519977 0.560443
is from:
2130,4598,1526,1532,3137
Train:0.331883 0.486452  0.39457
848,1532,436,438,1176
Val:0.284595 0.370748 0.322009
268,509,157,157,349
Test:0.308448 0.449857 0.365967
is about:
5379,8534,1846,1873,3064
Train:0.216311  0.60248 0.318331
1796,2727,552,562,1145
Val: 0.20242 0.482096 0.285124
637,928,184,187,338
Test:0.198276 0.544379 0.290679
Epoch 110
Train:
Target:
0.351316 0.401812
0.537784 0.655482
0.424996 0.498217
Val:
Target:
0.316404 0.381127
0.486029 0.578162
0.383288 0.459409
Train:
Agent:
0.674892 0.688239
0.572014 0.610147
0.619209 0.646844
Val:
Agent:
0.592827  0.60509
0.470318 0.512748
0.524514 0.555105
Train:
DSE:
0.594953  0.62447
0.610358 0.671684
0.602557 0.647217
Val:
DSE:
  0.5254 0.558476
0.516531 0.564926
0.520928 0.561683
is from:
2311,4877,1580,1580,3137
Train: 0.32397 0.503666  0.39431
897,1616,461,461,1176
Val:0.285272 0.392007 0.330229
286,534,164,164,349
Test:0.307116 0.469914 0.371461
is about:
5557,8759,1876,1881,3064
Train: 0.21418 0.612272 0.317348
1834,2780,563,563,1145
Val:0.202518 0.491703 0.286879
652,953,188,190,338
Test:0.197272 0.556213 0.291247
Epoch 115
Train:
Target:
0.355498 0.405024
0.535279 0.653086
0.427246 0.499977
Val:
Target:
0.316515  0.37977
0.481805 0.575805
0.382049 0.457679
Train:
Agent:
0.678643 0.691461
0.568294 0.607744
0.618585 0.646905
Val:
Agent:
0.596037 0.608153
0.466027 0.511331
0.523074 0.555555
Train:
DSE:
0.587842 0.617985
0.620697 0.681888
0.603823 0.648366
Val:
DSE:
0.520305 0.554984
0.526218 0.573628
0.523245 0.564152
is from:
2362,4923,1578,1595,3137
Train:0.320536 0.503028 0.391563
900,1615,457,462,1176
Val:0.282972 0.388605 0.327481
283,533,166,166,349
Test:0.311445 0.475645 0.376417
is about:
5675,8923,1901,1904,3064
Train:0.213045 0.620431 0.317177
1863,2815,567,567,1145
Val:0.201421 0.495197 0.286364
665,963,187,188,338
Test:0.194185 0.553254 0.287471
Epoch 120
Train:
Target:
0.349529 0.400625
0.541128 0.657579
 0.42472 0.497905
Val:
Target:
0.315126 0.381567
0.487547 0.579733
0.382818 0.460224
Train:
Agent:
0.676654 0.690158
0.570841 0.608812
 0.61926 0.646938
Val:
Agent:
0.591602 0.603944
0.470338 0.511331
0.524046 0.553792
Train:
DSE:
0.586548 0.617681
 0.61818 0.679082
0.601949 0.646928
Val:
DSE:
0.519228 0.556057
0.527278 0.574297
0.523222  0.56503
is from:
2334,4845,1547,1583,3137
Train:0.319298 0.493146 0.387622
897,1607,454,463,1176
Val:0.282514 0.386054 0.326267
275,517,161,162,349
Test:0.311412 0.461318 0.371824
is about:
5663,8864,1877,1882,3064
Train:0.211755 0.612598 0.314722
1855,2814,567,567,1145
Val:0.201493 0.495197 0.286436
661,961,188,189,338
Test: 0.19563 0.556213 0.289453
Epoch 125
Train:
Target:
0.338878 0.392951
0.571606 0.688436
0.425498 0.500324
Val:
Target:
0.301599 0.371922
 0.51459 0.607227
0.380304 0.461301
Train:
Agent:
0.690025 0.702297
0.558689 0.598932
 0.61745 0.646509
Val:
Agent:
0.601687 0.613014
0.457643 0.500708
0.519872 0.551199
Train:
DSE:
0.590613 0.620074
0.617064 0.677806
0.603549 0.647656
Val:
DSE:
0.522634 0.555627
0.523169  0.57095
0.522901 0.563185
is from:
2260,4778,1551,1562,3137
Train:0.324613 0.494421 0.391914
878,1579,447,450,1176
Val:0.283091 0.380102 0.324501
277,521,160,160,349
Test:0.307102 0.458453 0.367816
is about:
5987,9244,1903,1934,3064
Train:0.205863 0.621084  0.30923
1929,2901,565,573,1145
Val: 0.19476  0.49345 0.279288
700,1004,191,193,338
Test:0.190239 0.565089  0.28465
Epoch 130
Train:
Target:
  0.3398  0.39449
0.564288 0.679449
0.424174 0.499164
Val:
Target:
0.300918 0.371755
0.505355   0.5978
0.377218 0.458428
Train:
Agent:
0.676103 0.688824
0.572892 0.612283
0.620233 0.648302
Val:
Agent:
 0.59442 0.606436
0.469343 0.514164
0.524528 0.556501
Train:
DSE:
0.583099 0.614334
0.626072 0.687245
0.603822 0.648748
Val:
DSE:
0.514635 0.551396
0.531461 0.578983
0.522913 0.564853
is from:
2420,5029,1611,1611,3137
Train:0.320342 0.513548 0.394563
927,1658,466,466,1176
Val:0.281062 0.396259 0.328864
298,549,167,167,349
Test:0.304189  0.47851 0.371938
is about:
5954,9166,1877,1921,3064
Train:0.204779 0.612598  0.30695
1933,2887,557,570,1145
Val:0.192934 0.486463  0.27629
682,976,187,191,338
Test:0.191598 0.553254 0.284627
Epoch 135
Train:
Target:
0.344159 0.395244
0.554387 0.672259
 0.42468 0.497809
Val:
Target:
 0.30742 0.375056
 0.49883 0.590731
0.380404 0.458811
Train:
Agent:
0.694781 0.706028
0.549293 0.593057
 0.61353 0.644631
Val:
Agent:
0.604614 0.614447
  0.4521 0.491501
0.517351 0.546141
Train:
DSE:
0.583915 0.615262
0.626199   0.6875
0.604318 0.649378
Val:
DSE:
0.515328 0.552229
0.529788 0.577644
0.522458 0.564651
is from:
2218,4617,1485,1565,3137
Train:0.321637 0.473382 0.383028
841,1496,424,444,1176
Val:0.283422 0.360544 0.317365
260,494,156,160,349
Test:0.315789 0.446991 0.370107
is about:
5858,9057,1883,1928,3064
Train:0.207905 0.614556   0.3107
1911,2860,557,572,1145
Val:0.194755 0.486463 0.278152
681,981,189,194,338
Test:0.192661 0.559172 0.286581
Epoch 140
Train:
Target:
0.353758 0.403179
 0.54346 0.662972
0.428555 0.501423
Val:
Target:
0.316513 0.379684
  0.4897 0.584446
0.384505 0.460321
Train:
Agent:
0.689143 0.701255
0.558414 0.599199
0.616929 0.646222
Val:
Agent:
0.602264 0.613402
  0.4569 0.498584
0.519607 0.550065
Train:
DSE:
0.585141 0.615984
0.622899 0.683673
 0.60343 0.648066
Val:
DSE:
 0.51746 0.554278
0.529398 0.576975
 0.52336 0.565399
is from:
2291,4843,1572,1572,3137
Train:0.324592 0.501116 0.393985
885,1594,452,452,1176
Val:0.283563 0.384354 0.326354
280,524,160,160,349
Test:0.305344 0.458453 0.366552
is about:
5689,8900,1879,1929,3064
Train:0.211124 0.613251 0.314109
1859,2808,561,575,1145
Val:0.199786 0.489956 0.283835
669,966,188,192,338
Test:0.194617 0.556213 0.288344
Epoch 145
Train:
Target:
0.339793 0.394576
0.563323  0.67885
0.423895 0.499071
Val:
Target:
0.300191 0.371529
0.503964 0.594658
 0.37626 0.457329
Train:
Agent:
0.675138 0.688273
0.573504 0.611749
0.620185 0.647759
Val:
Agent:
0.594012 0.606409
0.471114 0.514164
0.525473  0.55649
Train:
DSE:
0.590597 0.619777
  0.6152 0.676531
0.602648 0.646912
Val:
DSE:
0.521893 0.554693
0.521719 0.569612
0.521806 0.562053
is from:
2351,4881,1559,1594,3137
Train:0.319402 0.496972 0.388875
896,1607,456,464,1176
Val:0.283759 0.387755 0.327704
285,529,163,164,349
Test:0.308129 0.467049 0.371298
is about:
5908,9168,1909,1911,3064
Train:0.208224 0.623042 0.312132
1932,2890,564,564,1145
Val:0.195156 0.492576 0.279554
690,993,190,190,338
Test:0.191339  0.56213   0.2855
Epoch 150
Train:
Target:
0.361045 0.411251
0.528065 0.643799
0.428868 0.501897
Val:
Target:
0.321215 0.383677
0.475842 0.572663
 0.38353 0.459497
Train:
Agent:
0.702005 0.713104
0.539048 0.582644
0.609828 0.641306
Val:
Agent:
0.611789 0.621307
0.444893 0.482295
0.515161 0.543046
Train:
DSE:
 0.59333 0.622889
0.613386  0.67449
0.603191 0.647663
Val:
DSE:
0.522855 0.555846
0.518762 0.566934
0.520801 0.561335
is from:
2112,4589,1529,1529,3137
Train:0.333188 0.487408 0.395806
842,1518,432,432,1176
Val:0.284585 0.367347 0.320713
261,502,157,157,349
Test:0.312749 0.449857 0.368978
is about:
5333,8508,1860,1864,3064
Train:0.218618  0.60705 0.321466
1820,2760,556,556,1145
Val:0.201449  0.48559 0.284763
640,936,186,186,338
Test:0.198718 0.550296 0.291994
Epoch 155
Train:
Target:
0.337501 0.392952
0.573918 0.690234
0.425047 0.500798
Val:
Target:
0.300568 0.372889
0.514921 0.607227
0.379573 0.462044
Train:
Agent:
0.685155 0.698176
0.560509      0.6
0.616596 0.645376
Val:
Agent:
0.601278 0.613095
 0.46131 0.504958
0.522076 0.553797
Train:
DSE:
0.586563 0.617261
0.620922 0.682143
0.603254 0.648082
Val:
DSE:
0.517496 0.553629
0.527111 0.574297
0.522259 0.563774
is from:
2293,4801,1543,1567,3137
Train:0.321391 0.491871 0.388763
872,1575,448,455,1176
Val:0.284444 0.380952   0.3257
278,521,162,163,349
Test: 0.31094 0.464183 0.372414
is about:
6020,9278,1893,1922,3064
Train:0.204031  0.61782 0.306757
1943,2915,567,574,1145
Val:0.194511 0.495197  0.27931
700,1004,193,195,338
Test:0.192231 0.571006  0.28763
Epoch 160
Train:
Target:
0.364657 0.410908
0.517434 0.635111
0.427815 0.498982
Val:
Target:
0.330047  0.38681
0.460543 0.561665
0.384525  0.45812
Train:
Agent:
0.703192 0.713921
0.535058 0.579439
 0.60771 0.639688
Val:
Agent:
0.612799 0.622403
0.442397 0.480878
0.513839 0.542563
Train:
DSE:
0.585585  0.61664
0.621623 0.682908
0.603066 0.648084
Val:
DSE:
0.517611 0.554417
0.528728 0.576305
0.523111 0.565149
is from:
2135,4552,1496,1534,3137
Train:0.328647 0.476889 0.389127
822,1492,427,437,1176
Val:0.286193 0.363095  0.32009
249,484,155,157,349
Test:0.320248 0.444126 0.372149
is about:
5551,8748,1869,1881,3064
Train:0.213649 0.609987 0.316458
1851,2815,569,569,1145
Val:0.202131 0.496943 0.287374
646,939,183,185,338
Test:0.194888  0.54142 0.286609
Epoch 165
Train:
Target:
0.340596 0.396269
0.563441 0.677951
0.424553 0.500179
Val:
Target:
0.301185 0.373607
0.504947 0.595444
0.377314 0.459134
Train:
Agent:
0.684736 0.697844
 0.56154 0.600801
0.617049 0.645697
Val:
Agent:
0.600597 0.612383
0.461717 0.505666
0.522079 0.553931
Train:
DSE:
0.584388 0.615719
0.624603 0.686224
0.603827 0.649062
Val:
DSE:
0.515637 0.552514
0.530792 0.578313
0.523105 0.565119
is from:
2317,4855,1563,1573,3137
Train:0.321936 0.498247 0.391141
892,1602,453,456,1176
Val:0.282772 0.385204 0.326134
285,533,164,164,349
Test:0.307692 0.469914 0.371882
is about:
5933,9191,1909,1911,3064
Train:0.207703 0.623042 0.311546
1930,2895,566,566,1145
Val:0.195509 0.494323 0.280198
681,981,189,190,338
Test:0.192661 0.559172 0.286581
Epoch 170
Train:
Target:
0.348609 0.402136
0.543862 0.658478
0.424877 0.499329
Val:
Target:
0.311234 0.380864
0.491103 0.578947
0.381007 0.459466
Train:
Agent:
0.701522 0.712691
0.537549 0.581041
0.608686 0.640168
Val:
Agent:
 0.61309 0.622642
0.444501 0.482295
0.515358 0.543555
Train:
DSE:
0.595211 0.624733
0.607295 0.668367
0.601193 0.645814
Val:
DSE:
0.524901  0.55651
0.511093 0.560241
0.517905 0.558369
is from:
2072,4490,1499,1518,3137
Train:0.333853 0.477845 0.393077
823,1488,425,429,1176
Val:0.285618 0.361395 0.319069
248,485,154,155,349
Test:0.317526 0.441261 0.369305
is about:
5427,8573,1846,1851,3064
Train:0.215327  0.60248 0.317264
1811,2728,542,542,1145
Val: 0.19868 0.473362 0.279886
639,935,186,187,338
Test: 0.19893 0.550296 0.292223
Epoch 175
Train:
Target:
0.336843 0.393732
0.569108  0.68574
0.423202 0.500241
Val:
Target:
0.299505 0.373902
0.511509 0.604085
0.377797 0.461905
Train:
Agent:
0.690582 0.702578
0.557763 0.598665
0.617107 0.646472
Val:
Agent:
0.600548 0.611734
0.456128 0.495751
0.518469 0.547669
Train:
DSE:
0.588913 0.618905
0.617931 0.679337
0.603073 0.647714
Val:
DSE:
0.522898 0.556774
0.524749 0.572959
0.523822  0.56475
is from:
2257,4795,1563,1563,3137
Train:0.325965 0.498247   0.3941
875,1581,450,450,1176
Val: 0.28463 0.382653 0.326442
272,513,157,157,349
Test:0.306043 0.449857 0.364269
is about:
5937,9181,1891,1906,3064
Train:0.205969 0.617167 0.308861
1926,2895,565,570,1145
Val:0.195164  0.49345 0.279703
671,972,192,194,338
Test:0.197531 0.568047  0.29313
Epoch 180
Train:
Target:
0.356459 0.405057
0.538941 0.658778
0.429105 0.501662
Val:
Target:
0.316092 0.378403
0.484444 0.578947
0.382566  0.45767
Train:
Agent:
0.692282 0.704567
0.552778 0.593324
0.614715 0.644178
Val:
Agent:
0.604052 0.615385
 0.45336 0.492918
0.517969 0.547385
Train:
DSE:
0.584592 0.615787
0.627424 0.688776
0.605251 0.650239
Val:
DSE:
0.513983 0.550697
0.532019 0.578983
0.522846 0.564486
is from:
2215,4599,1480,1559,3137
Train:0.321809 0.471788 0.382627
846,1502,426,448,1176
Val:0.283622 0.362245 0.318148
260,493,157,160,349
Test:0.318458 0.449857 0.372922
is about:
5772,9052,1932,1937,3064
Train:0.213433 0.630548 0.318917
1912,2874,572,572,1145
Val:0.199026 0.499563 0.284648
671,973,191,192,338
Test:  0.1963 0.565089 0.291381
Epoch 185
Train:
Target:
0.364376 0.414183
0.520614 0.637807
0.428704 0.502227
Val:
Target:
0.327185 0.387341
 0.46708 0.566379
0.384813 0.460055
Train:
Agent:
0.687235 0.699301
0.560959 0.601869
 0.61771 0.646937
Val:
Agent:
0.597819 0.608844
 0.45871      0.5
0.519107  0.54908
Train:
DSE:
0.589393 0.619379
0.616996 0.678571
0.602879 0.647625
Val:
DSE:
0.522663 0.556347
 0.52369  0.57095
0.523176 0.563554
is from:
2249,4684,1509,1573,3137
Train:0.322161 0.481033 0.385884
862,1539,434,452,1176
Val:0.282001 0.369048 0.319705
265,499,157,160,349
Test:0.314629 0.449857 0.370283
is about:
5389,8563,1861,1865,3064
Train: 0.21733 0.607376 0.320117
1814,2758,564,564,1145
Val:0.204496 0.492576 0.289008
632,928,184,185,338
Test:0.198276 0.544379 0.290679
Epoch 190
Train:
Target:
 0.35978 0.408292
 0.52998 0.647394
0.428602 0.500766
Val:
Target:
0.321228 0.382585
0.474793 0.571877
0.383198  0.45846
Train:
Agent:
0.699729 0.711929
0.545249 0.586382
0.612905 0.643085
Val:
Agent:
0.613047  0.62333
0.449653 0.489377
0.518789 0.548291
Train:
DSE:
0.593525 0.623124
0.612777  0.67449
0.602998  0.64779
Val:
DSE:
0.522086 0.555774
0.515936 0.562918
0.518993 0.559323
is from:
2116,4592,1531,1531,3137
Train:0.333406 0.488046  0.39617
846,1526,434,434,1176
Val:0.284404 0.369048 0.321244
265,508,159,159,349
Test:0.312992 0.455587 0.371062
is about:
5379,8546,1854,1891,3064
Train:0.216944 0.605091  0.31938
1804,2722,546,558,1145
Val:0.200588 0.476856 0.282389
639,936,187,190,338
Test:0.199786 0.553254 0.293564
Epoch 195
Train:
Target:
0.337994 0.394772
0.565498 0.680348
0.423102 0.499633
Val:
Target:
0.300861 0.374944
0.508233 0.599372
0.377972  0.46131
Train:
Agent:
0.681591 0.694712
0.567174 0.605874
 0.61914 0.647259
Val:
Agent:
0.599416 0.611903
0.466239 0.510623
0.524506 0.556694
Train:
DSE:
0.584599 0.615808
0.622799 0.684184
0.603095 0.648197
Val:
DSE:
0.515667 0.552296
0.529955 0.576975
0.522713 0.564366
is from:
2338,4862,1557,1580,3137
Train:0.320239 0.496334 0.389299
899,1612,455,462,1176
Val:0.282258 0.386905 0.326399
278,523,164,164,349
Test:0.313576 0.469914 0.376147
is about:
5950,9183,1891,1892,3064
Train:0.205924 0.617167  0.30881
1942,2913,567,567,1145
Val:0.194645 0.495197 0.279448
679,981,191,191,338
Test:0.194699 0.565089 0.289613
Best: 
OCLASS_WEIGHT_TARGET: 0
Validation:
Target
0.329825 0.385537
 0.46378 0.566379
0.385497  0.45878
Agent
0.594012 0.606409
0.471114 0.514164
0.525473  0.55649
DSE
0.485718 0.522503
0.584289 0.635877
0.530463 0.573642
Test:
Target
0.302408 0.348805
0.477063 0.601671
0.370168 0.441601
Agent
0.585233 0.593516
0.517252 0.541475
0.549147 0.566302
DSE
0.469957 0.499197
0.655421 0.708046
0.547407 0.585557
