9471 6281 892
Valid size: 2298
Epoch 0
Train:
Target:
1 1
0 0
0 0
Val:
Target:
1 1
0 0
0 0
Train:
Agent:
1 1
0 0
0 0
Val:
Agent:
1 1
0 0
0 0
Train:
DSE:
1 1
0 0
0 0
Val:
DSE:
1 1
0 0
0 0
is from:
0,0,0,0,0,3137
Train:1 0 0
0,0,0,0,0,1176
Val:1 0 0
0,0,0,0,0,349
Test:1 0 0
is about:
0,0,0,0,0,3064
Train:1 0 0
0,0,0,0,0,1145
Val:1 0 0
0,0,0,0,0,338
Test:1 0 0
Epoch 5
Train:
Target:
1 1
0 0
0 0
Val:
Target:
1 1
0 0
0 0
Train:
Agent:
0.722472 0.722846
0.199011 0.255274
0.312062 0.377303
Val:
Agent:
0.679134 0.679134
 0.19837 0.239377
0.307053 0.353984
Train:
DSE:
1 1
0 0
0 0
Val:
DSE:
1 1
0 0
0 0
is from:
0,0,0,0,0,3137
Train:1 0 0
0,0,0,0,0,1176
Val:1 0 0
0,0,0,0,0,349
Test:1 0 0
is about:
0,0,0,0,0,3064
Train:1 0 0
0,0,0,0,0,1145
Val:1 0 0
0,0,0,0,0,338
Test:1 0 0
Epoch 10
Train:
Target:
1 1
0 0
0 0
Val:
Target:
1 1
0 0
0 0
Train:
Agent:
0.609575 0.613575
0.463524 0.521228
 0.52661 0.563644
Val:
Agent:
0.566721 0.570261
0.419009 0.473796
0.481798 0.517572
Train:
DSE:
 0.57204 0.579439
0.278851 0.314796
0.374934 0.407958
Val:
DSE:
 0.54047 0.543081
0.244964 0.273762
0.337127 0.364023
is from:
2870,0,0,0,998,3137
Train:1 0 0
968,0,0,0,309,1176
Val:1 0 0
358,0,0,0,119,349
Test:1 0 0
is about:
0,0,0,0,0,3064
Train:1 0 0
0,0,0,0,0,1145
Val:1 0 0
0,0,0,0,0,338
Test:1 0 0
Epoch 15
Train:
Target:
1 1
0 0
0 0
Val:
Target:
1 1
0 0
0 0
Train:
Agent:
0.557976 0.565388
0.562517 0.624833
0.560237 0.593626
Val:
Agent:
0.523992 0.529773
0.529612 0.589943
0.526787 0.558241
Train:
DSE:
0.531246  0.55233
0.527303 0.592857
0.529267 0.571876
Val:
DSE:
0.513244 0.534869
0.495567 0.555556
0.504251 0.545016
is from:
6207,0,0,0,1663,3137
Train:1 0 0
2180,0,0,0,543,1176
Val:1 0 0
744,0,0,0,175,349
Test:1 0 0
is about:
0,0,0,0,0,3064
Train:1 0 0
0,0,0,0,0,1145
Val:1 0 0
0,0,0,0,0,338
Test:1 0 0
Epoch 20
Train:
Target:
1 1
0 0
0 0
Val:
Target:
1 1
0 0
0 0
Train:
Agent:
0.637042 0.642544
0.521056 0.572497
0.573241 0.605501
Val:
Agent:
0.591257 0.594067
0.476585 0.526204
0.527764  0.55808
Train:
DSE:
0.607241  0.61773
0.445264 0.497959
0.513789 0.551416
Val:
DSE:
 0.56713 0.576599
0.407771 0.455154
0.474426 0.508729
is from:
4236,0,0,0,1432,3137
Train:1 0 0
1507,0,0,0,476,1176
Val:1 0 0
534,0,0,0,153,349
Test:1 0 0
is about:
0,0,0,0,0,3064
Train:1 0 0
0,0,0,0,0,1145
Val:1 0 0
0,0,0,0,0,338
Test:1 0 0
Epoch 25
Train:
Target:
0.339265 0.347613
0.211991 0.457759
0.260936 0.395154
Val:
Target:
 0.33549 0.344246
0.195537 0.408484
0.247071 0.373624
Train:
Agent:
0.736744 0.743432
0.424519 0.468091
0.538658 0.574473
Val:
Agent:
0.681144 0.685585
0.373759 0.414306
0.482668 0.516491
Train:
DSE:
0.640966 0.653559
0.432299  0.48699
0.516348 0.558111
Val:
DSE:
0.593368 0.605944
0.376802  0.41834
0.460914 0.494962
is from:
2838,22,46,13,1129,3137
Train:  0.282609 0.00414409 0.00816839
927,10,18,6,334,1176
Val:  0.333333 0.00510204  0.0100503
340,0,0,0,114,349
Test:1 0 0
is about:
5758,0,0,0,1267,3064
Train:1 0 0
1865,0,0,0,335,1145
Val:1 0 0
697,0,0,0,131,338
Test:1 0 0
Epoch 30
Train:
Target:
 0.32072 0.354096
0.377499 0.562013
0.346801  0.43446
Val:
Target:
0.319119 0.361892
0.352298 0.520031
0.334888 0.426784
Train:
Agent:
0.767794 0.770824
0.382194 0.435514
0.510346 0.556568
Val:
Agent:
0.722296 0.724274
 0.33068 0.375354
0.453664 0.494457
Train:
DSE:
 0.61958 0.636338
0.515411 0.583163
0.562715 0.608592
Val:
DSE:
0.567981 0.587007
0.449707 0.505355
0.501971 0.543129
is from:
2991,18,36,6,1147,3137
Train:  0.166667 0.00191266 0.00378191
993,3,12,4,335,1176
Val:  0.333333 0.00340136 0.00673401
389,2,5,0,126,349
Test:   0    0 -nan
is about:
7788,0,0,0,1598,3064
Train:1 0 0
2635,0,0,0,478,1145
Val:1 0 0
911,0,0,0,160,338
Test:1 0 0
Epoch 35
Train:
Target:
0.308368 0.350251
0.502316  0.66417
0.382142 0.458638
Val:
Target:
 0.29086 0.339623
0.457546 0.606441
0.355641 0.435407
Train:
Agent:
0.693689 0.702436
0.510079 0.553805
0.587881 0.619328
Val:
Agent:
0.618609 0.627556
0.443761 0.485836
0.516796 0.547676
Train:
DSE:
0.599372 0.617359
0.564904 0.635459
0.581628 0.626279
Val:
DSE:
0.548589 0.569783
0.503828 0.559572
0.525256 0.564631
is from:
4369,0,0,0,1497,3137
Train:1 0 0
1537,1,1,0,458,1176
Val:   0    0 -nan
511,0,0,0,153,349
Test:1 0 0
is about:
9581,0,0,0,1910,3064
Train:1 0 0
3279,0,0,0,570,1145
Val:1 0 0
1090,0,0,0,174,338
Test:1 0 0
Epoch 40
Train:
Target:
0.410167 0.429964
0.275785 0.451468
0.329813 0.440454
Val:
Target:
0.383542 0.403584
0.242382 0.387274
0.297045 0.395261
Train:
Agent:
 0.71796 0.724054
0.470418 0.539119
0.568407 0.618049
Val:
Agent:
 0.65538 0.659004
0.418571 0.478045
0.510867 0.554125
Train:
DSE:
0.624146 0.642413
0.534856 0.598724
0.576062   0.6198
Val:
DSE:
0.569061 0.592391
0.459254 0.508701
0.508295 0.547366
is from:
3890,0,0,0,1409,3137
Train:1 0 0
1290,0,0,0,409,1176
Val:1 0 0
491,0,0,0,143,349
Test:1 0 0
is about:
5434,0,0,0,1316,3064
Train:1 0 0
1766,0,0,0,355,1145
Val:1 0 0
630,0,0,0,130,338
Test:1 0 0
Epoch 45
Train:
Target:
0.455034 0.471358
0.225251 0.375974
0.301336 0.418297
Val:
Target:
0.418957 0.434132
0.183321 0.310291
0.255044  0.36191
Train:
Agent:
0.675544 0.686183
0.571848 0.612283
0.619386  0.64713
Val:
Agent:
0.610757  0.62215
0.486209 0.525496
0.541412 0.569753
Train:
DSE:
0.598523  0.62642
0.578977 0.644388
0.588588 0.635277
Val:
DSE:
0.540742 0.575865
0.491407 0.545515
0.514895 0.560279
is from:
4738,0,0,0,1581,3137
Train:1 0 0
1595,0,0,0,471,1176
Val:1 0 0
575,0,0,0,165,349
Test:1 0 0
is about:
4566,0,0,0,1136,3064
Train:1 0 0
1480,0,0,0,293,1145
Val:1 0 0
562,0,0,0,122,338
Test:1 0 0
Epoch 50
Train:
Target:
0.345372 0.389572
0.489934 0.629419
0.405144 0.481269
Val:
Target:
0.325704 0.374833
0.439404 0.568735
0.374106 0.451861
Train:
Agent:
0.662954 0.677357
0.600382 0.640854
0.630118   0.6586
Val:
Agent:
0.586832 0.605364
0.505666 0.545326
0.543234 0.573779
Train:
DSE:
0.604573 0.630773
0.581493 0.647194
0.592808 0.638878
Val:
DSE:
0.548572 0.580826
0.497168 0.557564
0.521607 0.568957
is from:
4968,0,0,0,1647,3137
Train:1 0 0
1656,0,0,0,484,1176
Val:1 0 0
597,0,0,0,163,349
Test:1 0 0
is about:
8554,0,0,0,1783,3064
Train:1 0 0
2868,0,0,0,538,1145
Val:1 0 0
961,0,0,0,177,338
Test:1 0 0
Epoch 55
Train:
Target:
0.353663 0.396025
0.469504  0.60725
0.403432 0.479402
Val:
Target:
  0.3326 0.383444
0.413462 0.542812
0.368649 0.449418
Train:
Agent:
0.760017 0.766783
0.464824  0.51028
0.576849 0.612772
Val:
Agent:
0.687419 0.695122
0.392765 0.430595
0.499904 0.531778
Train:
DSE:
0.606939 0.627994
0.571912 0.636735
0.588905 0.632334
Val:
DSE:
0.552286 0.579957
0.486911 0.543507
0.517542 0.561141
is from:
3706,10,18,5,1375,3137
Train:  0.277778 0.00159388 0.00316957
1246,4,6,2,393,1176
Val:  0.333333 0.00170068 0.00338409
462,1,1,0,144,349
Test:   0    0 -nan
is about:
8062,0,0,0,1718,3064
Train:1 0 0
2637,0,0,0,505,1145
Val:1 0 0
926,0,0,0,168,338
Test:1 0 0
Epoch 60
Train:
Target:
0.336541 0.387956
0.510817  0.62822
0.405757 0.479684
Val:
Target:
0.318778 0.380995
0.459405 0.569521
0.376385 0.456562
Train:
Agent:
0.682797 0.695908
0.579072 0.616021
0.626672 0.653533
Val:
Agent:
0.597813 0.616762
0.485014 0.523371
0.535538 0.566241
Train:
DSE:
0.587658 0.614164
0.613914 0.678061
0.600499 0.644533
Val:
DSE:
0.536861 0.568108
0.529453 0.589692
0.533131 0.578699
is from:
5008,0,0,0,1671,3137
Train:1 0 0
1702,0,0,0,498,1176
Val:1 0 0
578,0,0,0,168,349
Test:1 0 0
is about:
8982,0,0,0,1831,3064
Train:1 0 0
3011,0,0,0,559,1145
Val:1 0 0
1058,0,0,0,183,338
Test:1 0 0
Epoch 65
Train:
Target:
 0.32535 0.375684
0.543831 0.668664
0.407131 0.481078
Val:
Target:
0.307588 0.368355
0.484942 0.593873
0.376421 0.454687
Train:
Agent:
0.666433 0.682317
0.602295 0.635781
0.632743 0.658227
Val:
Agent:
0.586193 0.606178
0.504037 0.543909
 0.54202 0.573358
Train:
DSE:
 0.59373 0.618703
0.609806 0.674235
0.601661 0.645276
Val:
DSE:
0.540051 0.570124
0.524819 0.585007
0.532326 0.577469
is from:
5145,0,0,0,1694,3137
Train:1 0 0
1757,0,0,0,511,1176
Val:1 0 0
598,0,0,0,170,349
Test:1 0 0
is about:
9340,0,0,0,1900,3064
Train:1 0 0
3145,0,0,0,581,1145
Val:1 0 0
1059,0,0,0,177,338
Test:1 0 0
Epoch 70
Train:
Target:
0.366636 0.411052
0.468478 0.598262
0.411347 0.487295
Val:
Target:
  0.3388 0.389437
0.406694 0.529458
0.369655  0.44878
Train:
Agent:
0.701621 0.714903
0.569443 0.605073
 0.62866 0.655419
Val:
Agent:
0.616079 0.635264
0.470105 0.506374
0.533283 0.563543
Train:
DSE:
0.574652 0.603115
 0.63248 0.696939
0.602181 0.646642
Val:
DSE:
0.518855 0.550645
0.542457  0.60174
0.530394  0.57506
is from:
4949,0,0,0,1654,3137
Train:1 0 0
1705,0,0,0,489,1176
Val:1 0 0
569,0,0,0,167,349
Test:1 0 0
is about:
8650,0,0,0,1806,3064
Train:1 0 0
2921,0,0,0,537,1145
Val:1 0 0
1003,0,0,0,178,338
Test:1 0 0
Epoch 75
Train:
Target:
0.327715 0.378238
0.538014 0.661474
0.407322 0.481277
Val:
Target:
0.306205 0.367442
0.480297 0.589945
0.373984 0.452838
Train:
Agent:
0.694392 0.706428
0.577901 0.614152
0.630813 0.657066
Val:
Agent:
0.608966 0.626802
0.475042  0.51204
0.533731 0.563639
Train:
DSE:
0.593965 0.620066
 0.60557 0.670408
0.599712 0.644255
Val:
DSE:
0.536776 0.568771
0.513875 0.573628
0.525076 0.571189
is from:
4843,0,0,0,1645,3137
Train:1 0 0
1625,0,0,0,480,1176
Val:1 0 0
571,0,0,0,168,349
Test:1 0 0
is about:
9105,0,0,0,1858,3064
Train:1 0 0
3052,0,0,0,565,1145
Val:1 0 0
1049,0,0,0,176,338
Test:1 0 0
Epoch 80
Train:
Target:
0.324175 0.377047
0.547224 0.669862
0.407153 0.482505
Val:
Target:
0.301586 0.365587
0.488862 0.597015
0.373039 0.453481
Train:
Agent:
0.686932 0.699739
 0.59222 0.628037
 0.63607 0.661952
Val:
Agent:
0.606692 0.625103
 0.48922 0.529037
 0.54166 0.573072
Train:
DSE:
0.588743 0.616217
0.614662 0.679337
0.601423  0.64624
Val:
DSE:
0.534317 0.566234
0.524368 0.585007
0.529295 0.575467
is from:
5014,0,0,0,1679,3137
Train:1 0 0
1711,0,0,0,498,1176
Val:1 0 0
582,0,0,0,168,349
Test:1 0 0
is about:
9317,0,0,0,1883,3064
Train:1 0 0
3124,0,0,0,574,1145
Val:1 0 0
1062,0,0,0,179,338
Test:1 0 0
Epoch 85
Train:
Target:
0.386596  0.42323
0.432467 0.567406
0.408247 0.484827
Val:
Target:
0.353655 0.400427
 0.37201 0.505106
  0.3626 0.446716
Train:
Agent:
0.694217 0.707194
0.584608 0.620561
0.634715 0.661051
Val:
Agent:
0.607072 0.626254
0.479772 0.517705
0.535967  0.56683
Train:
DSE:
0.590175 0.617831
0.611622  0.67602
0.600707 0.645617
Val:
DSE:
0.535669 0.567497
0.520273 0.580991
0.527859 0.574164
is from:
4886,0,0,0,1651,3137
Train:1 0 0
1664,0,0,0,487,1176
Val:1 0 0
571,0,0,0,167,349
Test:1 0 0
is about:
7860,0,0,0,1724,3064
Train:1 0 0
2600,0,0,0,501,1145
Val:1 0 0
910,0,0,0,166,338
Test:1 0 0
Epoch 90
Train:
Target:
0.338719 0.389442
0.522012 0.648292
0.410849 0.486584
Val:
Target:
0.318295 0.378438
0.463651 0.574234
0.377463 0.456216
Train:
Agent:
0.690706 0.703889
0.587254 0.623765
0.634793 0.661409
Val:
Agent:
0.606754 0.626043
0.482172  0.51983
0.537337 0.568014
Train:
DSE:
0.589162 0.616043
0.613284 0.677806
0.600981  0.64545
Val:
DSE:
0.535389  0.56695
0.521293 0.582329
0.528247 0.574537
is from:
4930,0,0,0,1664,3137
Train:1 0 0
1676,0,0,0,490,1176
Val:1 0 0
576,0,0,0,168,349
Test:1 0 0
is about:
8870,0,0,0,1844,3064
Train:1 0 0
2978,0,0,0,557,1145
Val:1 0 0
1032,0,0,0,176,338
Test:1 0 0
Epoch 95
Train:
Target:
0.370732 0.413301
0.460875 0.591672
0.410918 0.486657
Val:
Target:
0.343094 0.392552
0.399785  0.52553
0.369277  0.44941
Train:
Agent:
0.692746 0.705969
0.587489 0.622697
 0.63579 0.661724
Val:
Agent:
0.609076   0.6275
0.482632 0.521246
0.538532 0.569459
Train:
DSE:
0.589014 0.616215
0.616288 0.680867
0.602342  0.64693
Val:
DSE:
0.533602 0.565133
0.523308 0.584337
0.528405 0.574575
is from:
4950,0,0,0,1670,3137
Train:1 0 0
1692,0,0,0,496,1176
Val:1 0 0
576,0,0,0,169,349
Test:1 0 0
is about:
8197,0,0,0,1767,3064
Train:1 0 0
2752,0,0,0,516,1145
Val:1 0 0
954,0,0,0,174,338
Test:1 0 0
Epoch 100
Train:
Target:
0.323764 0.377778
 0.55597 0.677052
0.409222  0.48496
Val:
Target:
0.303295 0.366708
0.498684 0.607227
0.377187 0.457269
Train:
Agent:
 0.67847 0.692286
0.604471 0.638718
0.639337 0.664424
Val:
Agent:
0.594863 0.614229
0.501096  0.53966
0.543968 0.574535
Train:
DSE:
0.574417 0.604263
0.635273 0.697704
0.603314  0.64763
Val:
DSE:
0.519019 0.551703
0.546228 0.607095
0.532276 0.578075
is from:
5310,1,1,0,1727,3137
Train:   0    0 -nan
1865,0,0,0,520,1176
Val:1 0 0
613,0,0,0,171,349
Test:1 0 0
is about:
9720,0,0,0,1935,3064
Train:1 0 0
3347,0,0,0,604,1145
Val:1 0 0
1097,0,0,0,188,338
Test:1 0 0
Epoch 105
Train:
Target:
0.337446 0.388631
0.526945 0.652786
0.411424 0.487207
Val:
Target:
0.320409 0.381963
0.470524 0.579733
0.381221 0.460512
Train:
Agent:
0.698397 0.711417
0.582286 0.618425
0.635078  0.66167
Val:
Agent:
0.610187 0.628596
0.476353 0.514164
0.535027 0.565651
Train:
DSE:
0.586706 0.614403
0.619885 0.684439
0.602839 0.647533
Val:
DSE:
 0.53049 0.561776
0.525505 0.586345
0.527986 0.573798
is from:
4919,0,0,0,1664,3137
Train:1 0 0
1677,0,0,0,487,1176
Val:1 0 0
574,0,0,0,167,349
Test:1 0 0
is about:
9022,0,0,0,1868,3064
Train:1 0 0
3023,0,0,0,568,1145
Val:1 0 0
1031,0,0,0,177,338
Test:1 0 0
Epoch 110
Train:
Target:
0.318556 0.375667
 0.56764 0.684841
0.408092 0.485186
Val:
Target:
0.300023 0.367229
0.510421 0.615082
0.377912 0.459887
Train:
Agent:
0.701123 0.714112
 0.57543 0.612283
0.632089 0.659289
Val:
Agent:
0.613006 0.630993
0.472909 0.510623
 0.53392 0.564462
Train:
DSE:
 0.57769 0.607922
0.631374 0.693878
 0.60334 0.648062
Val:
DSE:
0.522202 0.555556
0.540037 0.599732
0.530969 0.576799
is from:
4950,0,0,0,1660,3137
Train:1 0 0
1714,0,0,0,489,1176
Val:1 0 0
574,0,0,0,166,349
Test:1 0 0
is about:
9674,0,0,0,1929,3064
Train:1 0 0
3276,0,0,0,591,1145
Val:1 0 0
1094,0,0,0,187,338
Test:1 0 0
Epoch 115
Train:
Target:
0.338821 0.389485
0.523052 0.648592
0.411246 0.486701
Val:
Target:
0.319672 0.378882
0.464103 0.574234
 0.37858 0.456538
Train:
Agent:
0.692124 0.705467
0.590303 0.626168
0.637171 0.663457
Val:
Agent:
0.603346 0.621891
0.484285 0.520538
0.537299 0.566719
Train:
DSE:
0.580765 0.609543
0.627645 0.691071
0.603296 0.647752
Val:
DSE:
0.525448 0.558344
0.535981 0.596386
0.530662 0.576738
is from:
5071,0,0,0,1687,3137
Train:1 0 0
1746,0,0,0,495,1176
Val:1 0 0
582,0,0,0,168,349
Test:1 0 0
is about:
9101,0,0,0,1885,3064
Train:1 0 0
3088,0,0,0,564,1145
Val:1 0 0
1043,0,0,0,179,338
Test:1 0 0
Epoch 120
Train:
Target:
0.332835 0.384969
0.536354 0.658179
0.410768 0.485796
Val:
Target:
0.315195 0.377826
0.480548 0.587588
0.380692 0.459919
Train:
Agent:
0.696377 0.709457
0.585629 0.622163
0.636219 0.662949
Val:
Agent:
0.610623 0.629412
0.479917 0.518414
0.537437 0.568546
Train:
DSE:
0.585323 0.613694
0.617651 0.681378
0.601052 0.645767
Val:
DSE:
0.528972 0.561211
 0.52333 0.584337
0.526136 0.572541
is from:
4937,0,0,0,1663,3137
Train:1 0 0
1686,0,0,0,488,1176
Val:1 0 0
567,0,0,0,167,349
Test:1 0 0
is about:
9060,0,0,0,1848,3064
Train:1 0 0
3067,0,0,0,569,1145
Val:1 0 0
1035,0,0,0,175,338
Test:1 0 0
Epoch 125
Train:
Target:
 0.33228 0.384912
  0.5375 0.659077
 0.41068 0.485995
Val:
Target:
0.314331 0.376736
0.480431 0.588374
0.380024  0.45935
Train:
Agent:
 0.70336 0.715734
0.569851 0.606943
0.629606 0.656864
Val:
Agent:
0.616686 0.634866
0.469402 0.506374
0.533057 0.563386
Train:
DSE:
0.582046  0.61041
0.624556 0.688265
0.602552 0.647004
Val:
DSE:
0.525765 0.557387
0.528629 0.589023
0.527193 0.572769
is from:
4862,0,0,0,1640,3137
Train:1 0 0
1652,0,0,0,478,1176
Val:1 0 0
563,0,0,0,165,349
Test:1 0 0
is about:
9179,0,0,0,1874,3064
Train:1 0 0
3103,0,0,0,575,1145
Val:1 0 0
1058,0,0,0,180,338
Test:1 0 0
Epoch 130
Train:
Target:
0.343177 0.392906
0.515525 0.641702
0.412055  0.48739
Val:
Target:
0.321888 0.380845
0.454554  0.56795
0.376887 0.455949
Train:
Agent:
 0.69509 0.708124
0.586124 0.622697
0.635974 0.662669
Val:
Agent:
0.610694 0.629505
0.481239  0.51983
0.538293 0.569435
Train:
DSE:
0.591694  0.61802
  0.6045 0.669388
0.598028 0.642679
Val:
DSE:
0.536665 0.568771
0.512536 0.573628
0.524323 0.571189
is from:
4853,0,0,0,1644,3137
Train:1 0 0
1643,0,0,0,482,1176
Val:1 0 0
562,0,0,0,165,349
Test:1 0 0
is about:
8623,0,0,0,1812,3064
Train:1 0 0
2883,0,0,0,541,1145
Val:1 0 0
1008,0,0,0,172,338
Test:1 0 0
Epoch 135
Train:
Target:
0.354226 0.400476
0.495499 0.623727
0.413119  0.48777
Val:
Target:
0.331037 0.383234
0.434949 0.553024
0.375945 0.452733
Train:
Agent:
0.694308 0.707973
0.583967 0.618959
0.634375  0.66048
Val:
Agent:
0.604053   0.6228
0.479331 0.516289
0.534513 0.564565
Train:
DSE:
0.582479 0.610522
0.622604 0.686735
0.601874 0.646389
Val:
DSE:
0.525211 0.556616
0.526844 0.587684
0.526026 0.571728
is from:
4966,0,0,0,1663,3137
Train:1 0 0
1703,0,0,0,483,1176
Val:1 0 0
572,0,0,0,166,349
Test:1 0 0
is about:
8800,0,0,0,1851,3064
Train:1 0 0
2955,0,0,0,546,1145
Val:1 0 0
1028,0,0,0,177,338
Test:1 0 0
Epoch 140
Train:
Target:
0.346593 0.395833
  0.5052 0.630917
 0.41113 0.486463
Val:
Target:
0.323354  0.37833
0.444773 0.558523
0.374467 0.451097
Train:
Agent:
0.695397 0.708804
0.585679 0.621362
 0.63584 0.662209
Val:
Agent:
0.606238    0.625
0.480537 0.517705
0.536118 0.566315
Train:
DSE:
 0.59359 0.618914
0.605891 0.671684
0.599677  0.64422
Val:
DSE:
0.539127 0.570479
0.514232 0.574297
0.526385 0.572382
is from:
4845,0,0,0,1638,3137
Train:1 0 0
1642,0,0,0,480,1176
Val:1 0 0
564,0,0,0,166,349
Test:1 0 0
is about:
8512,0,0,0,1804,3064
Train:1 0 0
2888,0,0,0,542,1145
Val:1 0 0
997,0,0,0,174,338
Test:1 0 0
Epoch 145
Train:
Target:
0.315236 0.373757
 0.57226 0.688736
 0.40653 0.484558
Val:
Target:
0.296208 0.366145
 0.51605 0.619796
0.376378 0.460342
Train:
Agent:
0.695032 0.708834
0.581795 0.616822
0.633392 0.659635
Val:
Agent:
0.602409 0.621327
0.476999 0.513456
0.532419 0.562264
Train:
DSE:
0.582466  0.61009
0.625104 0.690306
0.603032 0.647724
Val:
DSE:
0.526013 0.556462
0.533314 0.594378
0.529638 0.574795
is from:
4961,0,0,0,1660,3137
Train:1 0 0
1720,0,0,0,489,1176
Val:1 0 0
578,0,0,0,165,349
Test:1 0 0
is about:
9595,0,0,0,1907,3064
Train:1 0 0
3226,0,0,0,588,1145
Val:1 0 0
1087,0,0,0,183,338
Test:1 0 0
Epoch 150
Train:
Target:
0.343513 0.392835
0.517221   0.6429
0.412839  0.48768
Val:
Target:
0.321529  0.37868
0.456647  0.56795
0.377357 0.454393
Train:
Agent:
0.679745 0.693198
0.605928 0.640854
0.640717 0.665999
Val:
Agent:
 0.59245 0.610717
0.499087 0.537535
0.541775 0.571794
Train:
DSE:
0.585346 0.611375
0.619468 0.684949
0.601924 0.646074
Val:
DSE:
0.530154   0.5611
0.527157 0.587684
0.528651 0.574085
is from:
5223,0,0,0,1721,3137
Train:1 0 0
1795,0,0,0,509,1176
Val:1 0 0
605,0,0,0,171,349
Test:1 0 0
is about:
8915,0,0,0,1865,3064
Train:1 0 0
3003,0,0,0,559,1145
Val:1 0 0
1039,0,0,0,177,338
Test:1 0 0
Epoch 155
Train:
Target:
0.331809 0.385035
  0.5408 0.662672
0.411278 0.487068
Val:
Target:
0.312005    0.375
0.483204 0.590731
0.379176  0.45877
Train:
Agent:
0.687387 0.702084
0.593608 0.626969
0.637065 0.662404
Val:
Agent:
0.597514 0.616639
0.487721 0.526204
0.537064 0.567844
Train:
DSE:
0.584592 0.613087
0.619409 0.683418
0.601497 0.646345
Val:
DSE:
0.528628 0.560616
0.525338 0.586345
0.526978 0.573192
is from:
5012,0,0,0,1666,3137
Train:1 0 0
1726,0,0,0,487,1176
Val:1 0 0
580,0,0,0,166,349
Test:1 0 0
is about:
9108,0,0,0,1861,3064
Train:1 0 0
3094,0,0,0,573,1145
Val:1 0 0
1046,0,0,0,177,338
Test:1 0 0
Epoch 160
Train:
Target:
0.337729 0.388839
0.527405 0.650689
0.411774 0.486785
Val:
Target:
0.320256 0.380868
0.468669 0.578947
0.380503 0.459469
Train:
Agent:
0.693783  0.70671
0.588876 0.626435
0.637039 0.664156
Val:
Agent:
0.608735 0.626766
0.485005 0.522663
0.539871     0.57
Train:
DSE:
0.586118 0.612264
0.616365 0.682143
0.600861 0.645317
Val:
DSE:
0.531454 0.562782
0.524423 0.585007
0.527915 0.573679
is from:
5029,0,0,0,1687,3137
Train:1 0 0
1709,0,0,0,496,1176
Val:1 0 0
581,0,0,0,169,349
Test:1 0 0
is about:
8987,0,0,0,1852,3064
Train:1 0 0
3015,0,0,0,563,1145
Val:1 0 0
1036,0,0,0,176,338
Test:1 0 0
Epoch 165
Train:
Target:
0.312502 0.372666
 0.58072 0.694727
0.406341  0.48511
Val:
Target:
0.293424 0.364341
0.523349 0.623723
0.376024 0.459986
Train:
Agent:
0.698212 0.711316
 0.58495 0.622163
0.636583 0.663759
Val:
Agent:
0.610597 0.629536
0.479044 0.516997
0.536879 0.567743
Train:
DSE:
0.579717 0.607612
0.628649 0.692602
0.603192 0.647329
Val:
DSE:
0.522931  0.55397
0.535852 0.597055
0.529313 0.574706
is from:
5059,1,1,0,1692,3137
Train:   0    0 -nan
1743,0,0,0,496,1176
Val:1 0 0
582,0,0,0,167,349
Test:1 0 0
is about:
9684,0,0,0,1921,3064
Train:1 0 0
3302,0,0,0,591,1145
Val:1 0 0
1078,0,0,0,187,338
Test:1 0 0
Epoch 170
Train:
Target:
0.343629 0.391683
 0.51372 0.639005
0.411802 0.485671
Val:
Target:
 0.32392 0.378092
 0.45491  0.56795
  0.3784  0.45397
Train:
Agent:
0.672307 0.686613
0.614104 0.646729
0.641889 0.666074
Val:
Agent:
 0.59104 0.609946
0.505585 0.545326
0.544983 0.575828
Train:
DSE:
0.575118 0.605448
0.636689  0.69949
0.604339  0.64908
Val:
DSE:
0.522339 0.555218
0.550511  0.61245
0.536055 0.582432
is from:
5408,0,0,0,1753,3137
Train:1 0 0
1908,0,0,0,533,1176
Val:1 0 0
618,0,0,0,172,349
Test:1 0 0
is about:
9216,0,0,0,1891,3064
Train:1 0 0
3209,0,0,0,587,1145
Val:1 0 0
1055,0,0,0,181,338
Test:1 0 0
Epoch 175
Train:
Target:
0.340558 0.389385
0.521109 0.646195
0.411917 0.485947
Val:
Target:
0.321866 0.379234
0.462995 0.576591
0.379742 0.457538
Train:
Agent:
0.700354 0.713559
0.582317 0.619226
0.635904 0.663054
Val:
Agent:
0.610793 0.629442
0.478194 0.516289
0.536421 0.567278
Train:
DSE:
0.581035 0.608241
0.627442 0.692602
0.603348 0.647686
Val:
DSE:
0.524365 0.554795
0.535072 0.597055
0.529664 0.575149
is from:
5024,1,1,0,1684,3137
Train:   0    0 -nan
1736,0,0,0,494,1176
Val:1 0 0
583,0,0,0,168,349
Test:1 0 0
is about:
9173,0,0,0,1891,3064
Train:1 0 0
3123,0,0,0,572,1145
Val:1 0 0
1057,0,0,0,179,338
Test:1 0 0
Epoch 180
Train:
Target:
0.334197 0.386116
0.533218 0.655482
0.410876 0.485969
Val:
Target:
0.316105 0.378509
0.476092 0.586803
0.379944 0.460183
Train:
Agent:
0.706702 0.720247
0.570774 0.606676
0.631507 0.658601
Val:
Agent:
0.615874 0.635253
0.468725 0.504958
0.532317 0.562661
Train:
DSE:
0.582404 0.610334
0.623181  0.68699
0.602103 0.646397
Val:
DSE:
0.525278  0.55661
0.528852 0.589023
0.527059 0.572358
is from:
4830,1,1,0,1639,3137
Train:   0    0 -nan
1661,0,0,0,475,1176
Val:1 0 0
552,0,0,0,162,349
Test:1 0 0
is about:
9123,0,0,0,1868,3064
Train:1 0 0
3089,0,0,0,572,1145
Val:1 0 0
1043,0,0,0,179,338
Test:1 0 0
Epoch 185
Train:
Target:
0.335813 0.386767
0.537509 0.659676
 0.41337 0.487635
Val:
Target:
0.317173 0.378637
0.479945 0.589945
 0.38194 0.461241
Train:
Agent:
0.672779 0.687185
0.611772 0.644059
0.640827 0.664923
Val:
Agent:
0.594566 0.613994
0.503637 0.543201
0.545337 0.576432
Train:
DSE:
0.574755 0.602835
0.636106  0.70051
0.603877 0.648013
Val:
DSE:
0.520712 0.552284
0.550634 0.613788
0.535255 0.581414
is from:
5403,0,0,0,1745,3137
Train:1 0 0
1894,0,0,0,530,1176
Val:1 0 0
620,0,0,0,173,349
Test:1 0 0
is about:
9500,0,0,0,1915,3064
Train:1 0 0
3267,0,0,0,597,1145
Val:1 0 0
1071,0,0,0,181,338
Test:1 0 0
Epoch 190
Train:
Target:
0.337086 0.388452
0.525544 0.649491
0.410729 0.486146
Val:
Target:
0.318551 0.379448
0.465135 0.576591
0.378134 0.457693
Train:
Agent:
0.694434 0.707962
0.585884 0.620561
0.635557 0.661386
Val:
Agent:
0.605134 0.624268
0.480561 0.517705
0.535701 0.566015
Train:
DSE:
 0.58213 0.610291
0.628496 0.692347
0.604425 0.648734
Val:
DSE:
0.523728  0.55625
0.535211 0.595716
0.529407 0.575307
is from:
5025,0,0,0,1680,3137
Train:1 0 0
1743,0,0,0,493,1176
Val:1 0 0
576,0,0,0,167,349
Test:1 0 0
is about:
9084,0,0,0,1881,3064
Train:1 0 0
3072,0,0,0,565,1145
Val:1 0 0
1039,0,0,0,179,338
Test:1 0 0
Epoch 195
Train:
Target:
0.344505 0.393187
0.513262 0.637807
0.412283 0.486477
Val:
Target:
0.324096 0.380313
0.451933 0.564022
0.377485 0.454298
Train:
Agent:
0.700679 0.714286
0.577151 0.612817
0.632944 0.659672
Val:
Agent:
0.611846 0.630993
0.473594 0.511331
0.533915 0.564895
Train:
DSE:
0.581499 0.609123
0.626471 0.690816
0.603148 0.647403
Val:
DSE:
0.525354 0.556391
0.534319 0.595047
0.529798  0.57507
is from:
4938,0,0,0,1658,3137
Train:1 0 0
1701,0,0,0,488,1176
Val:1 0 0
563,0,0,0,166,349
Test:1 0 0
is about:
8974,0,0,0,1873,3064
Train:1 0 0
3051,0,0,0,563,1145
Val:1 0 0
1039,0,0,0,178,338
Test:1 0 0
Best: 
OCLASS_WEIGHT_TARGET: 0
Validation:
Target
0.317173 0.378637
0.479945 0.589945
 0.38194 0.461241
Agent
0.594566 0.613994
0.503637 0.543201
0.545337 0.576432
DSE
0.522339 0.555218
0.550511  0.61245
0.536055 0.582432
Test:
Target
0.282482 0.329032
0.493211 0.607242
0.359223 0.426803
Agent
0.580085 0.592506
0.541626 0.578341
0.560196 0.585338
DSE
0.480511 0.506239
0.600019  0.65977
0.533656 0.572897
