14492 7507 734
Valid size: 2870
Epoch 0
Train:
Target:
1 1
0 0
0 0
Val:
Target:
1 1
0 0
0 0
Train:
Agent:
 0.517117  0.517117
0.0272655 0.0383116
0.0517998  0.071338
Val:
Agent:
 0.568773  0.568773
0.0375913 0.0484024
0.0705217 0.0892128
Train:
DSE:
1 1
0 0
0 0
Val:
DSE:
1 1
0 0
0 0
is from:
0,0,0
Train:1 0 0
0,0,0
Val:1 0 0
0,0,0
Test:1 0 0
is about:
0,0,0
Train:1 0 0
0,0,0
Val:1 0 0
0,0,0
Test:1 0 0
Epoch 5
Train:
Target:
0.103105 0.129995
0.797428  0.90343
0.182601 0.227285
Val:
Target:
0.195496 0.249904
0.808151 0.914503
0.314833 0.392539
Train:
Agent:
0.653694 0.666623
0.594104 0.656674
0.622476 0.661611
Val:
Agent:
0.661595 0.672274
0.574962 0.646631
0.615244 0.659203
Train:
DSE:
0.486172 0.514571
 0.58632 0.668576
 0.53157  0.58155
Val:
DSE:
0.487851 0.514702
0.569316 0.655977
0.525445 0.576815
is from:
7531,2784,3404
Train:0.369672 0.512141 0.429398
3162,1139,1409
Val:0.360215 0.488422 0.414634
673,243,301
Test: 0.36107 0.478346 0.411516
is about:
7531,2784,3404
Train:0.369672 0.512141 0.429398
3162,1139,1409
Val:0.360215 0.488422 0.414634
673,243,301
Test: 0.36107 0.478346 0.411516
Epoch 10
Train:
Target:
0.126152  0.15586
0.765064 0.873793
 0.21659 0.264535
Val:
Target:
0.240393 0.297183
0.766569 0.882274
0.366007 0.444606
Train:
Agent:
0.587442 0.602754
0.712197 0.763947
0.643831 0.673844
Val:
Agent:
0.598972 0.616625
0.686155 0.744068
0.639607 0.674378
Train:
DSE:
0.469518 0.512752
0.689535 0.761146
0.558644 0.612732
Val:
DSE:
  0.4665 0.512004
0.670908 0.751093
0.550337  0.60892
is from:
8898,2936,3702
Train:0.329962 0.540103 0.409655
3732,1205,1526
Val:0.322883 0.516724 0.397427
853,282,358
Test:0.330598 0.555118 0.414401
is about:
8898,2936,3702
Train:0.329962 0.540103 0.409655
3732,1205,1526
Val:0.322883 0.516724 0.397427
853,282,358
Test:0.330598 0.555118 0.414401
Epoch 15
Train:
Target:
0.141767 0.159836
0.712349  0.86014
0.236473 0.269578
Val:
Target:
0.262704 0.297948
0.713735 0.856759
0.384051 0.442137
Train:
Agent:
0.599563 0.619509
0.754415 0.792311
0.668134 0.695335
Val:
Agent:
0.600886 0.623422
0.730654  0.77254
0.659446 0.690016
Train:
DSE:
0.464649 0.510798
0.719566 0.789319
 0.56467 0.620225
Val:
DSE:
0.458249  0.50682
0.686497 0.762026
0.549618 0.608758
is from:
9231,3059,3926
Train:0.331383  0.56273 0.417127
3852,1243,1596
Val: 0.32269 0.533019 0.402005
875,291,363
Test:0.332571 0.572835 0.420824
is about:
9231,3059,3926
Train:0.331383  0.56273 0.417127
3852,1243,1596
Val: 0.32269 0.533019 0.402005
875,291,363
Test:0.332571 0.572835 0.420824
