9471 6281 892
Valid size: 2298
trained 0 correct pairs in training set
trained 0 valid pairs in total
trained 0 correct pairs in training set
trained 0 valid pairs in total
Epoch 0
Train:
Target:
1 1
0 0
0 0
Val:
Target:
1 1
0 0
0 0
Train:
Agent:
1 1
0 0
0 0
Val:
Agent:
1 1
0 0
0 0
Train:
DSE:
1 1
0 0
0 0
Val:
DSE:
1 1
0 0
0 0
is from:
0,0,0
Train:1 0 0
0,0,0
Val:1 0 0
0,0,0
Test:1 0 0
is about:
0,0,0
Train:1 0 0
0,0,0
Val:1 0 0
0,0,0
Test:1 0 0
trained 0 correct pairs in training set
trained 0 valid pairs in total
trained 0 correct pairs in training set
trained 0 valid pairs in total
Epoch 5
Train:
Target:
1 1
0 0
0 0
Val:
Target:
1 1
0 0
0 0
Train:
Agent:
 0.58906 0.589258
0.295204 0.370093
0.393305 0.454641
Val:
Agent:
0.574402 0.574402
0.296432  0.36119
0.391053 0.443501
Train:
DSE:
1 1
0 0
0 0
Val:
DSE:
1 1
0 0
0 0
is from:
0,0,0
Train:1 0 0
0,0,0
Val:1 0 0
0,0,0
Test:1 0 0
is about:
0,0,0
Train:1 0 0
0,0,0
Val:1 0 0
0,0,0
Test:1 0 0
trained 1132 correct pairs in training set
trained 1602 valid pairs in total
trained 0 correct pairs in training set
trained 0 valid pairs in total
Epoch 10
Train:
Target:
1 1
0 0
0 0
Val:
Target:
1 1
0 0
0 0
Train:
Agent:
0.589175 0.607211
0.444853  0.49239
0.506942 0.543805
Val:
Agent:
0.559844 0.572996
0.419505 0.463173
 0.47962 0.512264
Train:
DSE:
0.526051 0.537789
0.382634 0.433929
0.443025 0.480308
Val:
DSE:
0.504483 0.511529
0.347992  0.39826
0.411874 0.447843
is from:
3639,1139,1139
Train:0.312998 0.363086 0.336187
1304,376,376
Val:0.288344 0.319728 0.303226
416,112,112
Test:0.269231 0.320917  0.29281
is about:
3631,1138,1139
Train:0.313412 0.362767 0.336288
1301,375,376
Val: 0.28824 0.318878 0.302786
416,112,112
Test:0.269231 0.320917  0.29281
trained 1140 correct pairs in training set
trained 1759 valid pairs in total
trained 0 correct pairs in training set
trained 0 valid pairs in total
Epoch 15
Train:
Target:
1 1
0 0
0 0
Val:
Target:
1 1
0 0
0 0
Train:
Agent:
0.704254 0.708485
0.361988 0.407477
0.478187 0.517385
Val:
Agent:
0.675516 0.678887
0.333124 0.373938
0.446206 0.482248
Train:
DSE:
0.475418 0.495786
0.542668 0.611735
0.506822 0.547691
Val:
DSE:
0.473695 0.496188
0.499711 0.565596
0.486355 0.528623
is from:
2877,901,1116
Train:0.313173 0.287217 0.299634
943,288,362
Val:0.305408 0.244898 0.271826
302,84,118
Test:0.278146 0.240688 0.258065
is about:
3721,1116,1116
Train:0.299919 0.355754 0.325459
1256,362,362
Val:0.288217 0.307823 0.297697
434,118,118
Test:0.271889 0.338109 0.301405
trained 1127 correct pairs in training set
trained 1676 valid pairs in total
trained 0 correct pairs in training set
trained 0 valid pairs in total
Epoch 20
Train:
Target:
1 1
0 0
0 0
Val:
Target:
1 1
0 0
0 0
Train:
Agent:
0.699595 0.703733
0.416792 0.461682
0.522374 0.557571
Val:
Agent:
0.665838 0.668508
 0.37683 0.423513
 0.48128 0.518528
Train:
DSE:
0.588258 0.608867
0.450069 0.510459
0.509968 0.555337
Val:
DSE:
0.572749 0.595217
0.398574  0.44913
0.470045 0.511956
is from:
2892,1058,1130
Train:0.365837 0.337265  0.35097
976,332,353
Val:0.340164 0.282313  0.30855
340,109,117
Test:0.320588 0.312321 0.316401
is about:
3126,1130,1130
Train:0.361484 0.360217 0.360849
1064,353,353
Val:0.331767  0.30017 0.315179
370,117,117
Test:0.316216 0.335244 0.325452
trained 1459 correct pairs in training set
trained 2199 valid pairs in total
trained 811 correct pairs in training set
trained 1399 valid pairs in total
Epoch 25
Train:
Target:
0.444783  0.45762
0.113496 0.261833
0.180846 0.333087
Val:
Target:
0.441765 0.457418
0.102387 0.223881
0.166244 0.300623
Train:
Agent:
0.678633 0.684086
 0.48149 0.524967
0.563311 0.594056
Val:
Agent:
0.635318 0.638941
0.429561 0.470963
0.512561 0.542241
Train:
DSE:
0.551445 0.569641
0.555876 0.624235
0.553651 0.595689
Val:
DSE:
0.527521 0.548471
0.504369 0.565596
0.515685 0.556902
is from:
4157,1342,1459
Train:0.322829 0.427797 0.367974
1382,424,452
Val:0.306802 0.360544 0.331509
474,138,149
Test:0.291139 0.395415 0.335358
is about:
4500,1454,1459
Train:0.323111   0.4635 0.380778
1510,450,452
Val:0.298013 0.382653 0.335071
523,149,149
Test:0.284895 0.426934 0.341743
trained 1305 correct pairs in training set
trained 2012 valid pairs in total
trained 725 correct pairs in training set
trained 1186 valid pairs in total
Epoch 30
Train:
Target:
0.407937 0.410245
0.101841 0.234572
0.162991 0.298478
Val:
Target:
  0.38092  0.383448
0.0952288  0.198743
 0.152366  0.261796
Train:
Agent:
0.712383 0.719005
0.431561 0.476101
0.537503 0.572868
Val:
Agent:
0.665278 0.672907
0.383939 0.422805
0.486889 0.519312
Train:
DSE:
0.567627 0.590704
0.566215 0.634184
 0.56692 0.611672
Val:
DSE:
0.538138 0.563249
 0.51201 0.562918
0.524749 0.563084
is from:
2982,1030,1315
Train:0.345406 0.328339 0.336656
1002,348,411
Val:0.347305 0.295918 0.319559
336,105,139
Test:  0.3125  0.30086 0.306569
is about:
3859,1315,1315
Train:0.340762  0.41919 0.375929
1264,411,411
Val:0.325158  0.34949 0.336885
438,139,139
Test:0.317352 0.398281  0.35324
trained 1558 correct pairs in training set
trained 2409 valid pairs in total
trained 1270 correct pairs in training set
trained 2114 valid pairs in total
Epoch 35
Train:
Target:
 0.33116 0.331461
0.166807 0.419413
0.221861 0.370286
Val:
Target:
0.317544 0.317544
0.165812 0.375491
0.217863 0.344095
Train:
Agent:
0.636417 0.650771
0.550774 0.585314
0.590507 0.616309
Val:
Agent:
0.583336  0.59761
0.484859 0.519122
0.529558 0.555607
Train:
DSE:
0.576445  0.59957
0.568862 0.637755
0.572628 0.618073
Val:
DSE:
0.540049 0.565824
0.515234 0.568273
 0.52735 0.567046
is from:
4396,1376,1563
Train:0.313012 0.438636 0.365326
1511,443,492
Val:0.293183 0.376701 0.329736
498,138,153
Test:0.277108 0.395415 0.325856
is about:
4921,1550,1563
Train:0.314977 0.494103 0.384711
1687,487,492
Val:0.288678 0.414116 0.340203
559,153,153
Test:0.273703 0.438395 0.337004
trained 1467 correct pairs in training set
trained 2301 valid pairs in total
trained 494 correct pairs in training set
trained 825 valid pairs in total
Epoch 40
Train:
Target:
 0.421168  0.421168
0.0611444  0.163271
 0.106786  0.235318
Val:
Target:
  0.43459   0.43459
0.0610242  0.146897
 0.107021  0.219575
Train:
Agent:
0.692615 0.699109
0.482863 0.527103
0.569025 0.601042
Val:
Agent:
0.628369  0.63698
 0.41857 0.458924
0.502449 0.533487
Train:
DSE:
0.552968 0.580763
0.615023 0.682908
0.582347 0.627708
Val:
DSE:
0.526965 0.555419
0.553666 0.605087
0.539986  0.57919
is from:
4147,1372,1489
Train:0.330842 0.437361 0.376716
1380,424,447
Val:0.307246 0.360544 0.331768
473,138,153
Test:0.291755 0.395415 0.335766
is about:
4555,1467,1489
Train:0.322064 0.467644 0.381435
1485,441,447
Val: 0.29697    0.375 0.331454
533,152,153
Test:0.285178  0.43553 0.344671
trained 1386 correct pairs in training set
trained 2124 valid pairs in total
trained 1417 correct pairs in training set
trained 2359 valid pairs in total
Epoch 45
Train:
Target:
0.394318 0.404955
0.234134 0.455362
0.293811 0.428682
Val:
Target:
0.374852  0.38242
0.205986 0.410055
0.265872 0.395756
Train:
Agent:
0.647755 0.659447
0.565099 0.602403
0.603611 0.629636
Val:
Agent:
 0.58277 0.596063
0.494278 0.525496
0.534889 0.558559
Train:
DSE:
0.643481 0.661295
0.464567 0.528316
 0.53958 0.587373
Val:
DSE:
0.610961 0.630597
0.402193 0.451138
0.485068 0.525981
is from:
3922,1378,1387
Train:0.351351 0.439273 0.390424
1246,408,410
Val:0.327448 0.346939 0.336912
457,140,140
Test:0.306346 0.401146 0.347395
is about:
3800,1315,1387
Train:0.346053  0.41919 0.379126
1209,390,410
Val:0.322581 0.331633 0.327044
449,136,140
Test:0.302895 0.389685 0.340852
trained 1753 correct pairs in training set
trained 2825 valid pairs in total
trained 1957 correct pairs in training set
trained 3354 valid pairs in total
Epoch 50
Train:
Target:
0.348709 0.360991
0.309223 0.541941
0.327781 0.433334
Val:
Target:
0.334744 0.344387
0.288148 0.496465
0.309703 0.406673
Train:
Agent:
0.586201 0.600329
0.640255 0.673698
0.612037 0.634901
Val:
Agent:
0.522081 0.537979
0.557694 0.590652
  0.5393 0.563086
Train:
DSE:
0.549869 0.580393
0.627874 0.694898
0.586288 0.632505
Val:
DSE:
0.512611 0.543114
0.555049 0.607095
0.532987 0.573325
is from:
6007,1681,1804
Train: 0.27984 0.535862 0.367673
2087,539,563
Val:0.258265 0.458333 0.330371
629,166,175
Test:0.263911 0.475645 0.339468
is about:
6435,1804,1804
Train:0.280342 0.575072 0.376933
2208,563,563
Val:0.254982 0.478741 0.332742
675,175,175
Test:0.259259 0.501433 0.341797
trained 1593 correct pairs in training set
trained 2524 valid pairs in total
trained 1664 correct pairs in training set
trained 2825 valid pairs in total
Epoch 55
Train:
Target:
0.379349 0.396226
  0.2786 0.481426
0.321261 0.434691
Val:
Target:
0.366368 0.379292
0.247033 0.435978
0.295092 0.405664
Train:
Agent:
0.648702 0.660654
0.572344 0.610147
0.608135 0.634397
Val:
Agent:
0.583231 0.594821
0.506845 0.541785
0.542361 0.567065
Train:
DSE:
0.576744 0.603273
0.595591  0.66199
0.586016 0.631269
Val:
DSE:
0.542637 0.568783
 0.52475 0.575636
0.533544 0.572189
is from:
5003,1577,1611
Train:0.315211  0.50271 0.387469
1715,485,494
Val:0.282799 0.412415 0.335524
563,158,159
Test:0.280639 0.452722 0.346491
is about:
5132,1611,1611
Train:0.313913 0.513548 0.389648
1745,494,494
Val:0.283095 0.420068  0.33824
577,159,159
Test:0.275563 0.455587 0.343413
trained 1617 correct pairs in training set
trained 2585 valid pairs in total
trained 1827 correct pairs in training set
trained 3137 valid pairs in total
Epoch 60
Train:
Target:
 0.34565 0.361465
0.317723 0.537747
0.331098 0.432327
Val:
Target:
0.329446 0.343154
0.295396 0.490966
0.311493 0.403963
Train:
Agent:
0.635016 0.647601
0.593444 0.626435
0.613526 0.636842
Val:
Agent:
0.564474 0.581091
0.519442 0.554533
0.541023 0.567501
Train:
DSE:
0.562425 0.593494
0.613405 0.678827
 0.58681 0.633299
Val:
DSE:
0.528672 0.558673
 0.53768 0.586345
0.533138 0.572175
is from:
3471,1035,1656
Train:0.298185 0.329933 0.313257
1153,331,515
Val:0.287077 0.281463 0.284242
420,109,167
Test:0.259524 0.312321 0.283485
is about:
5372,1614,1656
Train:0.300447 0.514504 0.379363
1814,504,515
Val:0.277839 0.428571 0.337124
611,165,167
Test:0.270049 0.472779  0.34375
trained 1537 correct pairs in training set
trained 2402 valid pairs in total
trained 1710 correct pairs in training set
trained 2868 valid pairs in total
Epoch 65
Train:
Target:
0.360418  0.38286
0.330845 0.524566
0.344999 0.442648
Val:
Target:
0.343815 0.364371
 0.30358  0.48154
0.322448  0.41484
Train:
Agent:
0.653199 0.665518
0.571825 0.607477
0.609809 0.635174
Val:
Agent:
0.580749 0.594281
0.500791 0.536119
0.537814 0.563704
Train:
DSE:
0.607301 0.631309
0.556603 0.622959
0.580848 0.627106
Val:
DSE:
0.572775 0.596859
0.482704 0.532129
0.523896 0.562638
is from:
4111,1363,1553
Train: 0.33155 0.434492 0.376104
1380,420,466
Val:0.304348 0.357143 0.328638
486,139,153
Test:0.286008 0.398281 0.332934
is about:
4638,1551,1553
Train:0.334411 0.494421 0.398971
1554,463,466
Val:0.297941 0.393707 0.339194
549,153,153
Test:0.278689 0.438395 0.340757
trained 1549 correct pairs in training set
trained 2435 valid pairs in total
trained 1668 correct pairs in training set
trained 2825 valid pairs in total
Epoch 70
Train:
Target:
0.373584 0.393038
0.308028 0.508388
0.337653 0.443333
Val:
Target:
0.357064 0.374115
0.281391 0.457973
0.314743 0.411819
Train:
Agent:
0.656669 0.668106
0.571677  0.60721
0.611233 0.636204
Val:
Agent:
0.585767 0.598761
 0.50131 0.538244
0.540258 0.566892
Train:
DSE:
0.597321 0.622409
 0.56963 0.639031
0.583147  0.63061
Val:
DSE:
 0.56062 0.586207
0.496626 0.547523
0.526687 0.566205
is from:
3791,1222,1571
Train:0.322342 0.389544 0.352771
1286,387,479
Val:0.300933 0.329082 0.314379
457,126,156
Test:0.275711 0.361032 0.312655
is about:
4797,1571,1571
Train:0.327496 0.500797 0.396017
1630,479,479
Val:0.293865 0.407313 0.341411
559,156,156
Test: 0.27907 0.446991 0.343612
trained 1559 correct pairs in training set
trained 2481 valid pairs in total
trained 1732 correct pairs in training set
trained 2955 valid pairs in total
Epoch 75
Train:
Target:
0.360468  0.38341
0.338061 0.532055
0.348905 0.445664
Val:
Target:
0.342016 0.362782
0.306141 0.478397
0.323086 0.412644
Train:
Agent:
0.663356 0.673964
0.565561 0.601869
0.610567  0.63588
Val:
Agent:
0.592745 0.604928
0.492508 0.530453
0.537997 0.565248
Train:
DSE:
 0.58207 0.609104
0.591119 0.657653
 0.58656 0.632448
Val:
DSE:
0.546322 0.573569
0.516328 0.564926
0.530901 0.569215
is from:
3619,1147,1589
Train:0.316938 0.365636  0.33955
1224,362,478
Val:0.295752 0.307823 0.301667
425,119,158
Test:    0.28 0.340974 0.307494
is about:
4934,1589,1589
Train:0.322051 0.506535 0.393755
1674,478,478
Val:0.285544 0.406463 0.335439
555,158,158
Test:0.284685 0.452722 0.349558
trained 1547 correct pairs in training set
trained 2445 valid pairs in total
trained 1761 correct pairs in training set
trained 2982 valid pairs in total
Epoch 80
Train:
Target:
0.355018 0.379621
 0.35206 0.544937
0.353533 0.447499
Val:
Target:
0.333161  0.35682
0.320868 0.489395
0.326899 0.412723
Train:
Agent:
0.661664 0.672881
0.567185  0.60267
0.610793 0.635843
Val:
Agent:
0.589841 0.602057
0.494664  0.53187
0.538076 0.564791
Train:
DSE:
0.587501 0.614149
0.581631 0.648724
0.584551 0.630963
Val:
DSE:
0.551592 0.577855
0.511084 0.559572
0.530566 0.568566
is from:
3309,1059,1573
Train:0.320036 0.337584 0.328576
1141,336,478
Val:0.294479 0.285714  0.29003
410,113,158
Test: 0.27561 0.323782  0.29776
is about:
4827,1568,1573
Train:0.324839 0.499841 0.393772
1653,476,478
Val:0.287961 0.404762 0.336515
560,158,158
Test:0.282143 0.452722 0.347635
trained 1539 correct pairs in training set
trained 2432 valid pairs in total
trained 1757 correct pairs in training set
trained 2976 valid pairs in total
Epoch 85
Train:
Target:
0.357002 0.381202
0.351077 0.543739
0.354014  0.44819
Val:
Target:
0.334998 0.358277
0.319869 0.490181
0.327259 0.413976
Train:
Agent:
0.661907 0.673088
 0.56592 0.601869
0.610162  0.63549
Val:
Agent:
0.590451 0.602696
0.493464 0.531161
0.537619 0.564672
Train:
DSE:
0.587328  0.61398
 0.58073 0.647704
 0.58401 0.630391
Val:
DSE:
0.552641 0.579569
0.510504 0.558902
0.530737 0.569048
is from:
4354,1420,1565
Train:0.326137 0.452662 0.379122
1507,448,476
Val:0.297279 0.380952 0.333955
511,148,159
Test:0.289628 0.424069 0.344186
is about:
4810,1565,1565
Train:0.325364 0.498884 0.393859
1639,476,476
Val:0.290421 0.404762 0.338188
562,159,159
Test:0.282918 0.455587 0.349067
trained 1554 correct pairs in training set
trained 2457 valid pairs in total
trained 1806 correct pairs in training set
trained 3025 valid pairs in total
Epoch 90
Train:
Target:
0.352724 0.377451
0.365902 0.558718
0.359192 0.450535
Val:
Target:
0.329632  0.35498
0.333508 0.502749
0.331559 0.416136
Train:
Agent:
0.655562  0.66743
0.574665  0.60988
0.612454 0.637358
Val:
Agent:
0.582585 0.596006
0.501508  0.53966
0.539015 0.566435
Train:
DSE:
0.590816 0.617206
0.578814 0.646684
0.584753 0.631601
Val:
DSE:
0.552562 0.578616
0.506243 0.554886
0.528389 0.566503
is from:
4688,1513,1578
Train:0.322739 0.482308 0.386709
1612,469,484
Val:0.290943  0.39881 0.336442
539,154,161
Test:0.285714 0.441261 0.346847
is about:
4776,1530,1578
Train:0.320352 0.487727 0.386705
1636,475,484
Val:0.290342 0.403912 0.337838
563,158,161
Test:0.280639 0.452722 0.346491
trained 1549 correct pairs in training set
trained 2448 valid pairs in total
trained 1791 correct pairs in training set
trained 3011 valid pairs in total
Epoch 95
Train:
Target:
0.355433   0.3799
 0.36109 0.553026
0.358239 0.450399
Val:
Target:
0.331008 0.356286
0.329541 0.498036
0.330273 0.415401
Train:
Agent:
 0.65863 0.670136
0.571498 0.606142
0.611978 0.636534
Val:
Agent:
0.587683 0.600156
0.496734 0.533994
0.538395 0.565146
Train:
DSE:
0.587385 0.614018
0.581149 0.648469
 0.58425 0.630774
Val:
DSE:
 0.55159 0.578691
0.509032 0.556894
0.529457 0.567583
is from:
3470,1104,1574
Train:0.318156 0.351929 0.334191
1183,347,480
Val:0.293322 0.295068 0.294192
420,115,158
Test: 0.27381 0.329513  0.29909
is about:
4871,1574,1574
Train:0.323137 0.501753 0.393107
1660,480,480
Val:0.289157 0.408163 0.338505
564,158,158
Test:0.280142 0.452722 0.346112
trained 1552 correct pairs in training set
trained 2452 valid pairs in total
trained 1801 correct pairs in training set
trained 3015 valid pairs in total
Epoch 100
Train:
Target:
0.355699 0.380022
0.361739 0.553925
0.358693 0.450783
Val:
Target:
0.329799 0.355024
0.330365 0.498036
0.330082 0.414543
Train:
Agent:
0.657957 0.669645
 0.57235 0.606943
0.612175 0.636754
Val:
Agent:
  0.5863  0.59891
 0.49815 0.535411
0.538642 0.565383
Train:
DSE:
0.590326  0.61661
0.579799 0.646939
0.585015 0.631411
Val:
DSE:
0.552389 0.579021
0.506912 0.554886
0.528674 0.566697
is from:
4144,1334,1576
Train:0.321911 0.425247 0.366433
1431,423,478
Val:0.295597 0.359694 0.324511
490,140,158
Test:0.285714 0.401146 0.333731
is about:
4862,1576,1576
Train:0.324146 0.502391 0.394049
1660,478,478
Val:0.287952 0.406463 0.337094
563,158,158
Test:0.280639 0.452722 0.346491
trained 1547 correct pairs in training set
trained 2446 valid pairs in total
trained 1763 correct pairs in training set
trained 2963 valid pairs in total
Epoch 105
Train:
Target:
0.359971 0.384244
0.354447 0.546135
0.357188 0.451104
Val:
Target:
 0.33445 0.357895
0.317347 0.485467
0.325674 0.412032
Train:
Agent:
0.659491 0.671007
0.571003 0.605607
0.612065 0.636632
Val:
Agent:
0.589066 0.601569
0.496498 0.533994
0.538835 0.565771
Train:
DSE:
0.591024  0.61732
0.579097 0.646429
   0.585 0.631539
Val:
DSE:
0.553163 0.579832
0.506577 0.554886
0.528846 0.567085
is from:
4570,1491,1571
Train:0.326258 0.475295 0.386921
1575,459,478
Val:0.291429 0.390306 0.333697
529,150,158
Test:0.283554 0.429799 0.341686
is about:
4814,1561,1571
Train:0.324263 0.497609 0.392655
1639,473,478
Val:0.288591 0.402211 0.336057
563,158,158
Test:0.280639 0.452722 0.346491
trained 1548 correct pairs in training set
trained 2447 valid pairs in total
trained 1798 correct pairs in training set
trained 3014 valid pairs in total
Epoch 110
Train:
Target:
0.353608 0.378458
0.366942  0.55692
0.360152 0.450664
Val:
Target:
0.327916 0.353122
0.333165 0.500393
 0.33052 0.414052
Train:
Agent:
0.659307 0.670809
0.571454 0.606142
0.612245 0.636838
Val:
Agent:
0.587683 0.600156
0.496498 0.533994
0.538256 0.565146
Train:
DSE:
0.590487 0.616852
0.580205 0.647449
0.585301  0.63178
Val:
DSE:
0.551814 0.578507
0.507581 0.555556
0.528774 0.566799
is from:
3394,1084,1574
Train:0.319387 0.345553 0.331955
1166,345,478
Val:0.295883 0.293367  0.29462
415,113,158
Test:0.272289 0.323782 0.295812
is about:
4647,1484,1574
Train:0.319346 0.473063 0.381295
1601,461,478
Val:0.287945 0.392007 0.332013
549,152,158
Test:0.276867  0.43553  0.33853
trained 1552 correct pairs in training set
trained 2452 valid pairs in total
trained 1794 correct pairs in training set
trained 3009 valid pairs in total
Epoch 115
Train:
Target:
0.355825 0.380678
0.364033 0.555123
0.359882 0.451641
Val:
Target:
0.330284 0.355281
0.332756 0.500393
0.331515 0.415532
Train:
Agent:
0.659027 0.670612
0.572258 0.606943
0.612585 0.637191
Val:
Agent:
0.586757 0.599376
 0.49815 0.535411
0.538835 0.565591
Train:
DSE:
0.590896 0.617206
0.579544 0.646939
0.585165 0.631723
Val:
DSE:
0.552389 0.579021
0.506912 0.554886
0.528674 0.566697
is from:
3512,1116,1576
Train:0.317768 0.355754  0.33569
1204,360,478
Val:0.299003 0.306122 0.302521
430,115,158
Test:0.267442 0.329513  0.29525
is about:
4778,1548,1576
Train:0.323985 0.493465 0.391156
1643,473,478
Val:0.287888 0.402211  0.33558
558,157,158
Test:0.281362 0.449857 0.346196
trained 1549 correct pairs in training set
trained 2448 valid pairs in total
trained 1794 correct pairs in training set
trained 3008 valid pairs in total
Epoch 120
Train:
Target:
0.356135 0.380938
0.363739 0.554823
0.359897 0.451724
Val:
Target:
0.329696 0.354682
0.332101 0.499607
0.330894 0.414852
Train:
Agent:
0.659215 0.670711
0.571858 0.606676
0.612437 0.637088
Val:
Agent:
0.586629 0.599064
0.497206 0.534703
0.538229 0.565056
Train:
DSE:
 0.59053 0.616908
 0.57995 0.647194
0.585192 0.631688
Val:
DSE:
0.551887 0.578616
0.506912 0.554886
0.528444 0.566503
is from:
4341,1406,1575
Train:0.323889 0.448199 0.376036
1516,443,478
Val:0.292216 0.376701 0.329123
511,146,158
Test:0.285714 0.418338 0.339535
is about:
4664,1504,1575
Train: 0.32247 0.479439 0.385592
1596,460,478
Val:0.288221 0.391156  0.33189
548,153,158
Test:0.279197 0.438395 0.341137
trained 1549 correct pairs in training set
trained 2450 valid pairs in total
trained 1797 correct pairs in training set
trained 3013 valid pairs in total
Epoch 125
Train:
Target:
0.354966 0.379727
 0.36468 0.555422
0.359758  0.45107
Val:
Target:
0.329232 0.354313
 0.33297 0.500393
 0.33109  0.41487
Train:
Agent:
0.659027 0.670612
0.572258 0.606943
0.612585 0.637191
Val:
Agent:
  0.5863  0.59891
0.497914 0.535411
0.538504 0.565383
Train:
DSE:
0.589589 0.615904
0.580256 0.647704
0.584885 0.631404
Val:
DSE:
0.551814 0.578507
0.507581 0.555556
0.528774 0.566799
is from:
4738,1546,1576
Train:0.326298 0.492828 0.392635
1633,473,478
Val:0.289651 0.402211 0.336775
555,157,159
Test:0.282883 0.449857 0.347345
is about:
4854,1575,1576
Train:0.324475 0.502072 0.394193
1659,478,478
Val:0.288125 0.406463 0.337213
563,159,159
Test:0.282416 0.455587 0.348684
trained 1549 correct pairs in training set
trained 2449 valid pairs in total
trained 1796 correct pairs in training set
trained 3009 valid pairs in total
Epoch 130
Train:
Target:
0.355297 0.380081
0.364236 0.555123
0.359711  0.45122
Val:
Target:
0.329522 0.354626
0.332786 0.500393
0.331146 0.415084
Train:
Agent:
0.659217 0.670806
0.572258 0.606943
0.612667 0.637278
Val:
Agent:
  0.5863  0.59891
0.497914 0.535411
0.538504 0.565383
Train:
DSE:
 0.58996 0.616313
 0.57995 0.647194
0.584912 0.631376
Val:
DSE:
  0.5522 0.578911
0.507581 0.555556
0.528951 0.566993
is from:
3684,1173,1576
Train:0.318404 0.373924 0.343938
1268,375,478
Val:0.295741 0.318878 0.306874
448,123,159
Test:0.274554 0.352436 0.308657
is about:
4793,1554,1576
Train:0.324223 0.495378 0.391929
1647,471,478
Val:0.285974  0.40051 0.333688
560,159,159
Test:0.283929 0.455587 0.349835
trained 1549 correct pairs in training set
trained 2450 valid pairs in total
trained 1796 correct pairs in training set
trained 3010 valid pairs in total
Epoch 135
Train:
Target:
0.355252 0.380043
0.364156 0.554823
0.359649 0.451095
Val:
Target:
0.329522 0.354626
0.332603 0.500393
0.331055 0.415084
Train:
Agent:
0.659217 0.670806
0.572258 0.606943
0.612667 0.637278
Val:
Agent:
  0.5863  0.59891
0.497914 0.535411
0.538504 0.565383
Train:
DSE:
0.589917 0.616257
0.580001 0.647449
0.584917 0.631468
Val:
DSE:
  0.5522 0.578911
0.507581 0.555556
0.528951 0.566993
is from:
3576,1137,1576
Train:0.317953 0.362448 0.338746
1230,365,478
Val:0.296748 0.310374 0.303408
439,119,159
Test:0.271071 0.340974  0.30203
is about:
4856,1576,1576
Train:0.324547 0.502391 0.394345
1660,478,478
Val:0.287952 0.406463 0.337094
563,159,159
Test:0.282416 0.455587 0.348684
trained 1549 correct pairs in training set
trained 2450 valid pairs in total
trained 1797 correct pairs in training set
trained 3011 valid pairs in total
Epoch 140
Train:
Target:
0.354883  0.37969
0.364308 0.555123
0.359534 0.450945
Val:
Target:
0.329522 0.354626
0.332655 0.500393
0.331081 0.415084
Train:
Agent:
0.659027 0.670612
0.572258 0.606943
0.612585 0.637191
Val:
Agent:
  0.5863  0.59891
0.497914 0.535411
0.538504 0.565383
Train:
DSE:
0.589731 0.616052
0.580256 0.647704
0.584955 0.631482
Val:
DSE:
  0.5522 0.578911
0.507581 0.555556
0.528951 0.566993
is from:
4685,1517,1576
Train:0.323799 0.483583  0.38788
1609,466,478
Val:0.289621 0.396259  0.33465
537,153,159
Test:0.284916 0.438395 0.345372
is about:
4858,1576,1576
Train:0.324413 0.502391 0.394246
1660,478,478
Val:0.287952 0.406463 0.337094
563,159,159
Test:0.282416 0.455587 0.348684
trained 1549 correct pairs in training set
trained 2450 valid pairs in total
trained 1797 correct pairs in training set
trained 3011 valid pairs in total
Epoch 145
Train:
Target:
0.354948  0.37977
0.364153 0.554823
0.359491 0.450903
Val:
Target:
0.329522 0.354626
0.332655 0.500393
0.331081 0.415084
Train:
Agent:
0.659027 0.670612
0.572258 0.606943
0.612585 0.637191
Val:
Agent:
  0.5863  0.59891
0.497914 0.535411
0.538504 0.565383
Train:
DSE:
0.589731 0.616052
0.580256 0.647704
0.584955 0.631482
Val:
DSE:
  0.5522 0.578911
0.507581 0.555556
0.528951 0.566993
is from:
3482,1107,1576
Train:0.317921 0.352885 0.334492
1193,354,478
Val:0.296731  0.30102  0.29886
424,115,159
Test:0.271226 0.329513 0.297542
is about:
4858,1576,1576
Train:0.324413 0.502391 0.394246
1660,478,478
Val:0.287952 0.406463 0.337094
563,159,159
Test:0.282416 0.455587 0.348684
trained 1549 correct pairs in training set
trained 2450 valid pairs in total
trained 1796 correct pairs in training set
trained 3010 valid pairs in total
Epoch 150
Train:
Target:
0.355013 0.379851
0.363816 0.554524
 0.35936 0.450861
Val:
Target:
0.329522 0.354626
0.332655 0.500393
0.331081 0.415084
Train:
Agent:
0.659217 0.670806
0.572258 0.606943
0.612667 0.637278
Val:
Agent:
  0.5863  0.59891
0.497914 0.535411
0.538504 0.565383
Train:
DSE:
0.589731 0.616052
0.580256 0.647704
0.584955 0.631482
Val:
DSE:
  0.5522 0.578911
0.507581 0.555556
0.528951 0.566993
is from:
4368,1423,1576
Train:0.325778 0.453618 0.379214
1522,450,478
Val:0.295664 0.382653  0.33358
513,147,159
Test: 0.28655 0.421203 0.341067
is about:
4857,1576,1576
Train: 0.32448 0.502391 0.394296
1660,478,478
Val:0.287952 0.406463 0.337094
563,159,159
Test:0.282416 0.455587 0.348684
trained 1549 correct pairs in training set
trained 2450 valid pairs in total
trained 1796 correct pairs in training set
trained 3010 valid pairs in total
Epoch 155
Train:
Target:
0.355013 0.379851
0.363891 0.554524
0.359397 0.450861
Val:
Target:
0.329522 0.354626
0.332655 0.500393
0.331081 0.415084
Train:
Agent:
0.659027 0.670612
0.572258 0.606943
0.612585 0.637191
Val:
Agent:
  0.5863  0.59891
0.497914 0.535411
0.538504 0.565383
Train:
DSE:
0.589731 0.616052
0.580256 0.647704
0.584955 0.631482
Val:
DSE:
  0.5522 0.578911
0.507581 0.555556
0.528951 0.566993
is from:
3245,1037,1576
Train:0.319569 0.330571 0.324976
1107,324,478
Val:0.292683  0.27551 0.283837
402,109,159
Test:0.271144 0.312321  0.29028
is about:
4794,1548,1576
Train:0.322904 0.493465 0.390367
1639,472,478
Val: 0.28798 0.401361 0.335346
560,158,159
Test:0.282143 0.452722 0.347635
trained 1549 correct pairs in training set
trained 2450 valid pairs in total
trained 1796 correct pairs in training set
trained 3010 valid pairs in total
Epoch 160
Train:
Target:
0.355013 0.379851
0.363891 0.554524
0.359397 0.450861
Val:
Target:
0.329522 0.354626
0.332655 0.500393
0.331081 0.415084
Train:
Agent:
0.658836 0.670418
0.572258 0.606943
0.612503 0.637103
Val:
Agent:
  0.5863  0.59891
0.497914 0.535411
0.538504 0.565383
Train:
DSE:
0.589731 0.616052
0.580256 0.647704
0.584955 0.631482
Val:
DSE:
  0.5522 0.578911
0.507581 0.555556
0.528951 0.566993
is from:
4476,1457,1576
Train:0.325514 0.464456 0.382766
1554,454,478
Val:0.292149 0.386054 0.332601
523,148,159
Test:0.282983 0.424069  0.33945
is about:
4858,1576,1576
Train:0.324413 0.502391 0.394246
1660,478,478
Val:0.287952 0.406463 0.337094
563,159,159
Test:0.282416 0.455587 0.348684
trained 1549 correct pairs in training set
trained 2450 valid pairs in total
trained 1796 correct pairs in training set
trained 3010 valid pairs in total
Epoch 165
Train:
Target:
0.354958 0.379792
0.363891 0.554524
0.359369 0.450819
Val:
Target:
0.329522 0.354626
0.332655 0.500393
0.331081 0.415084
Train:
Agent:
0.658836 0.670418
0.572258 0.606943
0.612503 0.637103
Val:
Agent:
  0.5863  0.59891
0.497914 0.535411
0.538504 0.565383
Train:
DSE:
0.589731 0.616052
0.580256 0.647704
0.584955 0.631482
Val:
DSE:
  0.5522 0.578911
0.507581 0.555556
0.528951 0.566993
is from:
3843,1229,1576
Train:0.319802 0.391776 0.352149
1323,389,478
Val:0.294029 0.330782 0.311325
464,130,159
Test:0.280172 0.372493 0.319803
is about:
4849,1572,1576
Train:0.324191 0.501116 0.393689
1657,476,478
Val:0.287266 0.404762  0.33604
563,159,159
Test:0.282416 0.455587 0.348684
trained 1549 correct pairs in training set
trained 2450 valid pairs in total
trained 1796 correct pairs in training set
trained 3010 valid pairs in total
Epoch 170
Train:
Target:
0.354903 0.379733
0.363891 0.554524
 0.35934 0.450778
Val:
Target:
0.329522 0.354626
0.332655 0.500393
0.331081 0.415084
Train:
Agent:
0.658836 0.670418
0.572258 0.606943
0.612503 0.637103
Val:
Agent:
  0.5863  0.59891
0.497914 0.535411
0.538504 0.565383
Train:
DSE:
0.589731 0.616052
0.580256 0.647704
0.584955 0.631482
Val:
DSE:
  0.5522 0.578911
0.507581 0.555556
0.528951 0.566993
is from:
4707,1532,1576
Train:0.325473 0.488365 0.390617
1616,466,478
Val:0.288366 0.396259 0.333811
546,156,159
Test:0.285714 0.446991 0.348603
is about:
4494,1433,1576
Train: 0.31887 0.456806 0.375573
1535,440,478
Val:0.286645  0.37415 0.324603
537,149,159
Test:0.277467 0.426934 0.336343
trained 1549 correct pairs in training set
trained 2450 valid pairs in total
trained 1796 correct pairs in training set
trained 3010 valid pairs in total
Epoch 175
Train:
Target:
0.354903 0.379733
0.363891 0.554524
 0.35934 0.450778
Val:
Target:
0.329522 0.354626
0.332655 0.500393
0.331081 0.415084
Train:
Agent:
0.658836 0.670418
0.572258 0.606943
0.612503 0.637103
Val:
Agent:
  0.5863  0.59891
0.497914 0.535411
0.538504 0.565383
Train:
DSE:
0.589731 0.616052
0.580256 0.647704
0.584955 0.631482
Val:
DSE:
  0.5522 0.578911
0.507581 0.555556
0.528951 0.566993
is from:
4460,1457,1576
Train:0.326682 0.464456 0.383572
1546,452,478
Val:0.292367 0.384354 0.332109
518,148,159
Test:0.285714 0.424069 0.341407
is about:
4858,1576,1576
Train:0.324413 0.502391 0.394246
1660,478,478
Val:0.287952 0.406463 0.337094
563,159,159
Test:0.282416 0.455587 0.348684
trained 1549 correct pairs in training set
trained 2450 valid pairs in total
trained 1796 correct pairs in training set
trained 3010 valid pairs in total
Epoch 180
Train:
Target:
0.354903 0.379733
0.363891 0.554524
 0.35934 0.450778
Val:
Target:
0.329522 0.354626
0.332655 0.500393
0.331081 0.415084
Train:
Agent:
0.658836 0.670418
0.572258 0.606943
0.612503 0.637103
Val:
Agent:
  0.5863  0.59891
0.497914 0.535411
0.538504 0.565383
Train:
DSE:
0.589731 0.616052
0.580256 0.647704
0.584955 0.631482
Val:
DSE:
  0.5522 0.578911
0.507581 0.555556
0.528951 0.566993
is from:
3951,1270,1576
Train:0.321438 0.404845 0.358352
1357,395,478
Val:0.291083 0.335884 0.311883
466,130,159
Test: 0.27897 0.372493 0.319018
is about:
4813,1560,1576
Train:0.324122  0.49729 0.392453
1650,473,478
Val:0.286667 0.402211 0.334749
562,158,159
Test:0.281139 0.452722 0.346872
trained 1549 correct pairs in training set
trained 2450 valid pairs in total
trained 1796 correct pairs in training set
trained 3010 valid pairs in total
Epoch 185
Train:
Target:
0.354903 0.379733
0.363891 0.554524
 0.35934 0.450778
Val:
Target:
0.329522 0.354626
0.332655 0.500393
0.331081 0.415084
Train:
Agent:
0.658836 0.670418
0.572258 0.606943
0.612503 0.637103
Val:
Agent:
  0.5863  0.59891
0.497914 0.535411
0.538504 0.565383
Train:
DSE:
0.589731 0.616052
0.580256 0.647704
0.584955 0.631482
Val:
DSE:
  0.5522 0.578911
0.507581 0.555556
0.528951 0.566993
is from:
3397,1083,1576
Train:0.318811 0.345234 0.331497
1157,339,478
Val:0.292999 0.288265 0.290613
416,114,159
Test:0.274038 0.326648 0.298039
is about:
4674,1499,1576
Train: 0.32071 0.477845 0.383818
1608,463,478
Val:0.287935 0.393707 0.332615
553,154,159
Test:0.278481 0.441261 0.341463
trained 1549 correct pairs in training set
trained 2450 valid pairs in total
trained 1796 correct pairs in training set
trained 3010 valid pairs in total
Epoch 190
Train:
Target:
0.354903 0.379733
0.363891 0.554524
 0.35934 0.450778
Val:
Target:
0.329522 0.354626
0.332655 0.500393
0.331081 0.415084
Train:
Agent:
0.658836 0.670418
0.572258 0.606943
0.612503 0.637103
Val:
Agent:
  0.5863  0.59891
0.497914 0.535411
0.538504 0.565383
Train:
DSE:
0.589731 0.616052
0.580256 0.647704
0.584955 0.631482
Val:
DSE:
  0.5522 0.578911
0.507581 0.555556
0.528951 0.566993
is from:
3826,1222,1576
Train:0.319394 0.389544 0.350998
1316,385,478
Val:0.292553 0.327381 0.308989
460,127,159
Test:0.276087 0.363897 0.313968
is about:
4511,1426,1576
Train:0.316116 0.454574 0.372908
1550,445,478
Val:0.287097 0.378401 0.326486
535,150,159
Test:0.280374 0.429799 0.339367
trained 1549 correct pairs in training set
trained 2450 valid pairs in total
trained 1796 correct pairs in training set
trained 3010 valid pairs in total
Epoch 195
Train:
Target:
0.354903 0.379733
0.363891 0.554524
 0.35934 0.450778
Val:
Target:
0.329522 0.354626
0.332655 0.500393
0.331081 0.415084
Train:
Agent:
0.658836 0.670418
0.572258 0.606943
0.612503 0.637103
Val:
Agent:
  0.5863  0.59891
0.497914 0.535411
0.538504 0.565383
Train:
DSE:
0.589731 0.616052
0.580256 0.647704
0.584955 0.631482
Val:
DSE:
  0.5522 0.578911
0.507581 0.555556
0.528951 0.566993
is from:
3414,1092,1576
Train:0.319859 0.348103 0.333384
1171,345,478
Val: 0.29462 0.293367 0.293992
415,113,159
Test:0.272289 0.323782 0.295812
is about:
4776,1540,1576
Train:0.322446 0.490915 0.389233
1629,468,478
Val:0.287293 0.397959  0.33369
560,158,159
Test:0.282143 0.452722 0.347635
Best: 
OCLASS_WEIGHT_TARGET: 0
Validation:
Target
0.329632  0.35498
0.333508 0.502749
0.331559 0.416136
Agent
0.583231 0.594821
0.506845 0.541785
0.542361 0.567065
DSE
0.526965 0.555419
0.553666 0.605087
0.539986  0.57919
Test:
Target
0.305864 0.325037
 0.31641 0.493036
0.311047 0.391786
Agent
0.583443 0.592233
0.520657 0.548387
0.550265 0.569467
DSE
0.483952 0.504638
0.564521 0.627586
0.521141 0.559437
