14492 7505 727
Valid size: 2889
Epoch 0
P, R, F1:
1 1
0 0
0 0
P, R, F1:
1 1
0 0
0 0
P, R, F1
1 1
0 0
0 0

Epoch 5
P, R, F1:
 0.60533 0.618958
 0.40588 0.463628
0.485935  0.53015
P, R, F1:
0.588331 0.602653
0.402064 0.459197
0.477681 0.521235
P, R, F1
0.573243 0.590814
0.414659 0.471947
0.481222 0.524733

Epoch 10
P, R, F1:
0.595067 0.614909
0.541864 0.616297
 0.56722 0.615602
P, R, F1:
 0.55888 0.579564
0.523306 0.603441
0.540508 0.591262
P, R, F1
0.563255 0.588976
0.533604 0.608911
0.548029 0.598778

Epoch 15
P, R, F1:
 0.57882   0.6096
0.610834 0.683266
0.594396 0.644334
P, R, F1:
0.531116 0.561836
0.576806 0.651522
0.553019 0.603364
P, R, F1
0.541802 0.579243
0.593637 0.666667
0.566536 0.619887

Epoch 20
P, R, F1:
0.612232 0.635607
0.591541 0.660943
0.601709 0.648027
P, R, F1:
0.565982  0.59217
0.556735 0.628584
 0.56132 0.609834
P, R, F1
0.566516 0.598793
0.563388 0.641914
0.564948 0.619604

Epoch 25
P, R, F1:
0.625413 0.650872
0.594502 0.665626
0.609566 0.658167
P, R, F1:
0.571962 0.598364
0.555604 0.628584
0.563665 0.613102
P, R, F1
0.579692 0.612308
0.563897 0.641914
0.571685 0.626762

Epoch 30
P, R, F1:
0.595841 0.622915
0.637226 0.709647
0.615839 0.663459
P, R, F1:
0.538269 0.567082
0.591146 0.667402
 0.56347 0.613166
P, R, F1
0.540146 0.577086
0.588924 0.658416
0.563482 0.615074

Epoch 35
P, R, F1:
0.593146 0.625562
0.646821 0.713862
0.618822 0.666802
P, R, F1:
 0.53448 0.568824
0.597231 0.666961
0.564115 0.613996
P, R, F1
0.543877 0.587234
0.598307 0.665017
0.569795  0.62371

Epoch 40
P, R, F1:
0.589149 0.622219
0.656083 0.723853
0.620817 0.669199
P, R, F1:
0.529181 0.563524
0.601657 0.670049
0.563096 0.612187
P, R, F1
0.542837 0.585674
0.601827 0.669967
0.570812 0.624991

Epoch 45
P, R, F1:
0.630039 0.658352
0.613973 0.685607
0.621902 0.671703
P, R, F1:
0.570163  0.60305
0.565524 0.635642
0.567834 0.618917
P, R, F1
0.564934 0.603976
0.566069 0.635314
0.565501 0.619248

Epoch 50
P, R, F1:
0.630215 0.658363
0.617097  0.68748
0.623587 0.672607
P, R, F1:
0.570457  0.60322
0.564815 0.634318
0.567622 0.618379
P, R, F1
0.560056 0.598784
0.565932 0.635314
0.562979 0.616508

Epoch 55
P, R, F1:
0.634204 0.661695
0.613825 0.684983
0.623848 0.673137
P, R, F1:
0.570944 0.603142
0.561716 0.632113
0.566292 0.617288
P, R, F1
 0.56723 0.605223
0.563869 0.635314
0.565545 0.619903

Epoch 60
P, R, F1:
0.627131 0.655971
0.620954 0.690446
0.624027 0.672767
P, R, F1:
 0.56606 0.600245
0.568152 0.637406
0.567104 0.618268
P, R, F1
 0.56482 0.603945
 0.56911 0.641914
0.566957 0.622351

Epoch 65
P, R, F1:
0.625922 0.654885
0.623722 0.692788
 0.62482 0.673304
P, R, F1:
0.564105 0.598615
 0.56863 0.636965
0.566359 0.617195
P, R, F1
0.565101 0.604545
0.571861 0.643564
0.568461 0.623445

Epoch 70
P, R, F1:
0.627278  0.65598
0.622093 0.691227
0.624675 0.673142
P, R, F1:
0.565489      0.6
 0.56852 0.637406
   0.567 0.618138
P, R, F1
0.566085 0.605463
0.569331 0.641914
0.567703 0.623156

Epoch 75
P, R, F1:
0.627823 0.656585
0.621053 0.689978
 0.62442 0.672867
P, R, F1:
0.564922  0.59951
0.567344 0.636083
 0.56613 0.617255
P, R, F1
0.565679 0.604863
0.569661 0.641914
0.567663 0.622838

Epoch 80
P, R, F1:
0.626539 0.655692
0.623092 0.692007
0.624811 0.673361
P, R, F1:
 0.56469 0.599185
0.568373 0.637847
0.566525 0.617912
P, R, F1
0.564062 0.603945
0.569661 0.641914
0.566847 0.622351

Epoch 85
P, R, F1:
0.627803 0.656543
0.621534 0.690446
0.624653 0.673068
P, R, F1:
0.564869 0.599428
0.567255 0.636083
 0.56606 0.617212
P, R, F1
0.565679 0.604863
0.569661 0.641914
0.567663 0.622838

Epoch 90
P, R, F1:
0.627197 0.656085
0.623152  0.69232
0.625168 0.673716
P, R, F1:
0.564073 0.598534
0.568152 0.637406
0.566105 0.617359
P, R, F1
0.564568 0.603945
0.569661 0.641914
0.567103 0.622351

Epoch 95
P, R, F1:
 0.62729 0.656081
0.622684 0.691851
0.624978 0.673491
P, R, F1:
0.563948 0.598451
0.567491 0.636524
0.565714 0.616901
P, R, F1
0.565679 0.604863
0.569661 0.641914
0.567663 0.622838

Epoch 100
P, R, F1:
0.627174  0.65603
0.622801 0.691851
 0.62498 0.673465
P, R, F1:
0.563948 0.598451
0.567491 0.636524
0.565714 0.616901
P, R, F1
0.565426 0.604863
0.569661 0.641914
0.567535 0.622838

Epoch 105
P, R, F1:
0.627229 0.656081
0.622762 0.691851
0.624987 0.673491
P, R, F1:
0.563948 0.598451
0.567491 0.636524
0.565714 0.616901
P, R, F1
0.565426 0.604863
0.569661 0.641914
0.567535 0.622838

Epoch 110
P, R, F1:
0.627229 0.656081
0.622762 0.691851
0.624987 0.673491
P, R, F1:
0.563948 0.598451
0.567491 0.636524
0.565714 0.616901
P, R, F1
0.565426 0.604863
0.569661 0.641914
0.567535 0.622838

Epoch 115
P, R, F1:
0.627229 0.656081
0.622762 0.691851
0.624987 0.673491
P, R, F1:
0.563948 0.598451
0.567491 0.636524
0.565714 0.616901
P, R, F1
0.565426 0.604863
0.569661 0.641914
0.567535 0.622838

Epoch 120
P, R, F1:
 0.62732 0.656177
0.622762 0.691851
0.625033 0.673542
P, R, F1:
0.563948 0.598451
0.567491 0.636524
0.565714 0.616901
P, R, F1
0.565426 0.604863
0.569661 0.641914
0.567535 0.622838

Epoch 125
P, R, F1:
0.627229 0.656081
0.622762 0.691851
0.624987 0.673491
P, R, F1:
0.563948 0.598451
0.567491 0.636524
0.565714 0.616901
P, R, F1
0.565426 0.604863
0.569661 0.641914
0.567535 0.622838

Epoch 130
P, R, F1:
0.627229 0.656081
0.622762 0.691851
0.624987 0.673491
P, R, F1:
0.563948 0.598451
0.567491 0.636524
0.565714 0.616901
P, R, F1
0.565426 0.604863
0.569661 0.641914
0.567535 0.622838

Epoch 135
P, R, F1:
0.627229 0.656081
0.622762 0.691851
0.624987 0.673491
P, R, F1:
0.563948 0.598451
0.567491 0.636524
0.565714 0.616901
P, R, F1
0.565426 0.604863
0.569661 0.641914
0.567535 0.622838

Epoch 140
P, R, F1:
0.627229 0.656081
0.622762 0.691851
0.624987 0.673491
P, R, F1:
0.563948 0.598451
0.567491 0.636524
0.565714 0.616901
P, R, F1
0.565426 0.604863
0.569661 0.641914
0.567535 0.622838

Epoch 145
P, R, F1:
0.627229 0.656081
0.622762 0.691851
0.624987 0.673491
P, R, F1:
0.563948 0.598451
0.567491 0.636524
0.565714 0.616901
P, R, F1
0.565426 0.604863
0.569661 0.641914
0.567535 0.622838

Epoch 150
P, R, F1:
0.627229 0.656081
0.622762 0.691851
0.624987 0.673491
P, R, F1:
0.563948 0.598451
0.567491 0.636524
0.565714 0.616901
P, R, F1
0.565426 0.604863
0.569661 0.641914
0.567535 0.622838

Epoch 155
P, R, F1:
0.627229 0.656081
0.622762 0.691851
0.624987 0.673491
P, R, F1:
0.563948 0.598451
0.567491 0.636524
0.565714 0.616901
P, R, F1
0.565426 0.604863
0.569661 0.641914
0.567535 0.622838

Epoch 160
P, R, F1:
0.627229 0.656081
0.622762 0.691851
0.624987 0.673491
P, R, F1:
0.563948 0.598451
0.567491 0.636524
0.565714 0.616901
P, R, F1
0.565426 0.604863
0.569661 0.641914
0.567535 0.622838

Epoch 165
P, R, F1:
0.627229 0.656081
0.622762 0.691851
0.624987 0.673491
P, R, F1:
0.563948 0.598451
0.567491 0.636524
0.565714 0.616901
P, R, F1
0.565426 0.604863
0.569661 0.641914
0.567535 0.622838

Epoch 170
P, R, F1:
0.627229 0.656081
0.622762 0.691851
0.624987 0.673491
P, R, F1:
0.563948 0.598451
0.567491 0.636524
0.565714 0.616901
P, R, F1
0.565426 0.604863
0.569661 0.641914
0.567535 0.622838

Epoch 175
P, R, F1:
0.627229 0.656081
0.622762 0.691851
0.624987 0.673491
P, R, F1:
0.563948 0.598451
0.567491 0.636524
0.565714 0.616901
P, R, F1
0.565426 0.604863
0.569661 0.641914
0.567535 0.622838

Epoch 180
P, R, F1:
0.627229 0.656081
0.622762 0.691851
0.624987 0.673491
P, R, F1:
0.563948 0.598451
0.567491 0.636524
0.565714 0.616901
P, R, F1
0.565426 0.604863
0.569661 0.641914
0.567535 0.622838

Epoch 185
P, R, F1:
0.627229 0.656081
0.622762 0.691851
0.624987 0.673491
P, R, F1:
0.563948 0.598451
0.567491 0.636524
0.565714 0.616901
P, R, F1
0.565426 0.604863
0.569661 0.641914
0.567535 0.622838

Epoch 190
P, R, F1:
0.627229 0.656081
0.622762 0.691851
0.624987 0.673491
P, R, F1:
0.563948 0.598451
0.567491 0.636524
0.565714 0.616901
P, R, F1
0.565426 0.604863
0.569661 0.641914
0.567535 0.622838

Epoch 195
P, R, F1:
0.627229 0.656081
0.622762 0.691851
0.624987 0.673491
P, R, F1:
0.563948 0.598451
0.567491 0.636524
0.565714 0.616901
P, R, F1
0.565426 0.604863
0.569661 0.641914
0.567535 0.622838

Best: 
Drop: 0
0.570163  0.60305
0.565524 0.635642
0.567834 0.618917
0.564934 0.603976
0.566069 0.635314
0.565501 0.619248
