9471 6281 892
Valid size: 2298
Epoch 0
Train:
Target:
1 1
0 0
0 0
Val:
Target:
1 1
0 0
0 0
Train:
Agent:
1 1
0 0
0 0
Val:
Agent:
1 1
0 0
0 0
Train:
DSE:
1 1
0 0
0 0
Val:
DSE:
1 1
0 0
0 0
is from:
0,0,0
Train:1 0 0
0,0,0
Val:1 0 0
0,0,0
Test:1 0 0
is about:
0,0,0
Train:1 0 0
0,0,0
Val:1 0 0
0,0,0
Test:1 0 0
Epoch 5
Train:
Target:
1 1
0 0
0 0
Val:
Target:
1 1
0 0
0 0
Train:
Agent:
         1          1
0.00150677 0.00186916
0.00300901 0.00373134
Val:
Agent:
         1          1
 0.0029509 0.00566572
0.00588443  0.0112676
Train:
DSE:
1 1
0 0
0 0
Val:
DSE:
1 1
0 0
0 0
is from:
0,0,0
Train:1 0 0
0,0,0
Val:1 0 0
0,0,0
Test:1 0 0
is about:
0,0,0
Train:1 0 0
0,0,0
Val:1 0 0
0,0,0
Test:1 0 0
Epoch 10
Train:
Target:
1 1
0 0
0 0
Val:
Target:
1 1
0 0
0 0
Train:
Agent:
0.600218 0.602556
0.412898  0.48785
0.489241  0.53917
Val:
Agent:
0.551731  0.55314
0.384423 0.457507
0.453126 0.500799
Train:
DSE:
0.571449 0.581771
0.290306 0.334949
0.385017 0.425132
Val:
DSE:
0.564977  0.56821
0.259884 0.301205
0.356008 0.393708
is from:
2806,973,982
Train:0.346757 0.310169 0.327444
991,305,308
Val: 0.30777 0.259354 0.281495
365,104,106
Test:0.284932 0.297994 0.291317
is about:
2843,982,982
Train: 0.34541 0.313038 0.328428
1009,308,308
Val:0.305253 0.261905 0.281922
379,106,106
Test:0.279683 0.303725 0.291209
Epoch 15
Train:
Target:
1 1
0 0
0 0
Val:
Target:
1 1
0 0
0 0
Train:
Agent:
0.637253 0.648322
0.465422 0.505207
0.537949 0.567887
Val:
Agent:
0.591893  0.60075
0.408352 0.446884
0.483283 0.512518
Train:
DSE:
0.443999 0.475527
0.592277 0.656888
 0.50753 0.551685
Val:
DSE:
0.452992 0.485386
0.556888  0.62249
0.499596 0.545455
is from:
4340,1255,1432
Train:0.289171 0.400064 0.335696
1428,390,434
Val:0.273109 0.331633 0.299539
554,134,154
Test:0.241877 0.383954 0.296788
is about:
5388,1432,1432
Train:0.265776 0.456487 0.335953
1743,434,434
Val:0.248996 0.369048 0.297362
670,154,154
Test:0.229851 0.441261 0.302257
Epoch 20
Train:
Target:
   0.207547    0.207547
0.000887459  0.00329539
 0.00176736  0.00648776
Val:
Target:
  0.0454545   0.0454545
0.000261849 0.000785546
0.000520698   0.0015444
Train:
Agent:
0.665904 0.672534
0.421954 0.472096
0.516576 0.554766
Val:
Agent:
0.606014 0.609636
0.374583 0.422096
0.462989 0.498822
Train:
DSE:
0.528487  0.54986
0.530139 0.595918
0.529312 0.571964
Val:
DSE:
 0.51485 0.536554
 0.48802 0.547523
0.501076 0.541983
is from:
2767,950,1230
Train:0.343332 0.302837 0.321816
967,305,381
Val:0.315408 0.259354 0.284648
298,96,133
Test:0.322148 0.275072 0.296754
is about:
3802,1224,1230
Train:0.321936 0.390182 0.352789
1328,380,381
Val:0.286145 0.323129 0.303514
423,133,133
Test:0.314421 0.381089  0.34456
Epoch 25
Train:
Target:
0.356589 0.361188
0.172925 0.398442
0.232905 0.378901
Val:
Target:
0.343022 0.346179
0.152692 0.340927
0.211318 0.343533
Train:
Agent:
0.602398 0.616203
0.545182  0.58745
0.572363 0.601483
Val:
Agent:
0.560585 0.572393
0.484243 0.524079
0.519625 0.547172
Train:
DSE:
0.487464 0.523272
0.624697 0.685969
0.547613 0.593675
Val:
DSE:
0.476169 0.511147
0.571577 0.631191
0.519529 0.564862
is from:
4268,1269,1622
Train:0.297329 0.404527 0.342741
1511,419,514
Val:  0.2773 0.356293 0.311872
507,132,170
Test:0.260355 0.378223 0.308411
is about:
5847,1567,1622
Train:0.268001 0.499522 0.348842
2014,501,514
Val:0.248759  0.42602 0.314107
667,165,170
Test:0.247376 0.472779 0.324803
Epoch 30
Train:
Target:
0.242207 0.271969
0.591537 0.772319
0.343689 0.402278
Val:
Target:
0.231186 0.269214
0.569532  0.74077
0.328875 0.394908
Train:
Agent:
0.618537 0.629183
 0.54528 0.595461
0.579603 0.611857
Val:
Agent:
0.576488  0.58592
0.489252 0.536119
0.529299 0.559914
Train:
DSE:
0.584215 0.604401
0.519983 0.581633
0.550231 0.592798
Val:
DSE:
0.557173 0.576322
0.466104 0.516734
0.507586 0.544903
is from:
4227,1362,1507
Train:0.322214 0.434173 0.369908
1421,434,469
Val:0.305419 0.369048 0.334232
490,132,148
Test:0.269388 0.378223  0.31466
is about:
4739,1507,1507
Train:   0.318 0.480395 0.382682
1601,469,469
Val:0.292942  0.39881 0.337775
546,148,148
Test:0.271062 0.424069 0.330726
Epoch 35
Train:
Target:
0.275351 0.308877
0.537195 0.693529
0.364083 0.427402
Val:
Target:
0.271463 0.309964
0.512738 0.662215
0.354984 0.422274
Train:
Agent:
0.665355 0.675233
0.502939 0.547664
0.572857 0.604794
Val:
Agent:
0.624475 0.631674
 0.44529 0.486544
0.519876 0.549691
Train:
DSE:
0.580423 0.603953
0.547199 0.607143
0.563321 0.605544
Val:
DSE:
0.551725 0.575303
0.489944 0.538153
0.519002 0.556108
is from:
3850,1297,1445
Train:0.336883 0.413452 0.371261
1302,405,432
Val: 0.31106 0.344388 0.326877
446,125,142
Test:0.280269 0.358166 0.314465
is about:
4420,1445,1445
Train:0.326923 0.460631 0.382427
1466,432,432
Val:0.294679 0.367347 0.327025
504,142,142
Test:0.281746 0.406877 0.332943
Epoch 40
Train:
Target:
0.269118  0.30261
0.602488 0.756141
 0.37205 0.432237
Val:
Target:
0.255112 0.295401
0.577955 0.713276
0.353977  0.41778
Train:
Agent:
0.653551 0.665862
0.532674 0.576235
0.586954 0.617815
Val:
Agent:
0.596226 0.606667
0.465393 0.504958
0.522748 0.551159
Train:
DSE:
0.543044   0.5755
0.606879 0.670918
 0.57319 0.619557
Val:
DSE:
0.509379 0.541335
0.533301 0.590361
0.521066 0.564786
is from:
3794,1232,1518
Train:0.324723 0.392732 0.355504
1345,388,456
Val:0.288476 0.329932 0.307814
469,126,156
Test:0.268657 0.361032 0.308068
is about:
4953,1518,1518
Train:0.306481 0.483902 0.375278
1732,456,456
Val:0.263279 0.387755 0.313618
576,156,156
Test:0.270833 0.446991 0.337297
Epoch 45
Train:
Target:
0.249943 0.311411
 0.66828 0.769922
0.363815 0.443457
Val:
Target:
0.235542 0.308727
0.633816  0.72663
 0.34345 0.433339
Train:
Agent:
0.657683 0.671637
0.522495 0.563418
0.582346 0.612786
Val:
Agent:
 0.59792 0.611111
0.455818 0.493626
0.517287 0.546122
Train:
DSE:
0.606752 0.631258
0.538488  0.60051
0.570586   0.6155
Val:
DSE:
0.560674 0.584892
0.469614  0.52075
 0.51112  0.55096
is from:
3397,1198,1413
Train:0.352664 0.381894 0.366697
1159,368,410
Val:0.317515 0.312925 0.315203
384,115,138
Test:0.299479 0.329513 0.313779
is about:
4185,1413,1413
Train:0.337634  0.45043  0.38596
1420,410,410
Val:0.288732 0.348639 0.315871
462,138,138
Test:0.298701 0.395415 0.340321
Epoch 50
Train:
Target:
0.301353 0.340676
0.553883 0.699221
0.390335 0.458137
Val:
Target:
0.290194  0.33618
0.519111  0.64729
0.372277 0.442527
Train:
Agent:
0.700587 0.712793
0.473266 0.516689
0.564916 0.599101
Val:
Agent:
0.634567 0.644535
0.399541 0.436261
0.490347  0.52033
Train:
DSE:
 0.61155 0.635285
0.532827 0.593367
 0.56948 0.613611
Val:
DSE:
0.565482 0.589724
0.462468 0.513387
0.508813 0.548914
is from:
3099,1149,1324
Train:0.370765 0.366274 0.368505
1037,337,371
Val:0.324976 0.286565 0.304564
361,116,132
Test: 0.32133 0.332378 0.326761
is about:
3720,1324,1324
Train:0.355914 0.422059 0.386175
1231,371,371
Val:0.301381 0.315476 0.308268
422,132,132
Test:0.312796 0.378223 0.342412
Epoch 55
Train:
Target:
0.327759 0.357078
0.478535 0.647693
 0.38905 0.460358
Val:
Target:
0.312736  0.34538
0.447025 0.596229
0.368013 0.437391
Train:
Agent:
0.690675 0.702228
0.499331  0.53992
0.579619  0.61047
Val:
Agent:
0.635559  0.64786
0.427074 0.461756
0.510865 0.539202
Train:
DSE:
0.591741 0.618078
0.566833 0.626786
0.579019 0.622401
Val:
DSE:
0.539357 0.565579
0.492901 0.544846
0.515084 0.555019
is from:
3326,1210,1402
Train:  0.3638 0.385719 0.374439
1132,358,401
Val:0.316254 0.304422 0.310225
400,128,145
Test:    0.32 0.366762 0.341789
is about:
4130,1402,1402
Train:0.339467 0.446924 0.385854
1396,401,401
Val:0.287249 0.340986  0.31182
479,145,145
Test:0.302714 0.415473 0.350242
Epoch 60
Train:
Target:
0.311045 0.352031
0.547429 0.691432
0.396692 0.466534
Val:
Target:
0.294381 0.341862
 0.50981 0.637078
0.373241 0.444956
Train:
Agent:
0.661669 0.679642
0.538955 0.578371
0.594041  0.62493
Val:
Agent:
0.592732 0.613183
0.458376 0.495042
0.516967 0.547816
Train:
DSE:
0.585322 0.613985
0.583027 0.645153
0.584172 0.629183
Val:
DSE:
0.536583 0.563981
0.504916 0.557564
0.520268 0.560754
is from:
3467,1202,1492
Train:0.346697 0.383169 0.364022
1187,365,425
Val:0.307498 0.310374 0.308929
409,122,150
Test:0.298289  0.34957   0.3219
is about:
4595,1492,1492
Train:0.324701 0.475614 0.385929
1559,425,425
Val:0.272611 0.361395 0.310786
507,150,150
Test:0.295858 0.429799 0.350467
Epoch 65
Train:
Target:
0.306682 0.350474
0.563893 0.700719
0.397291 0.467247
Val:
Target:
0.288352 0.340456
0.522938 0.645719
 0.37173 0.445841
Train:
Agent:
0.679188 0.694444
0.516154 0.557543
0.586553 0.618509
Val:
Agent:
0.614742 0.632615
0.435516 0.470963
0.509836  0.53995
Train:
DSE:
0.601957  0.62812
 0.56147 0.621684
0.581009 0.624885
Val:
DSE:
0.548814 0.575215
0.485126 0.536145
0.515008 0.554993
is from:
3365,1215,1426
Train: 0.36107 0.387313 0.373731
1114,354,399
Val:0.317774  0.30102  0.30917
397,125,143
Test:0.314861 0.358166 0.335121
is about:
4175,1426,1426
Train:0.341557 0.454574 0.390044
1386,399,399
Val:0.287879 0.339286 0.311475
473,143,143
Test:0.302326 0.409742 0.347932
Epoch 70
Train:
Target:
0.314619 0.359169
0.540412 0.675854
0.397702 0.469063
Val:
Target:
0.298326 0.352177
0.505047 0.622152
 0.37509 0.449761
Train:
Agent:
0.682312 0.697567
0.514879 0.555941
0.586887 0.618754
Val:
Agent:
0.610996 0.626977
0.432363  0.46813
0.506388 0.536033
Train:
DSE:
0.590297 0.618978
0.580282 0.640816
0.585246 0.629708
Val:
DSE:
0.535671 0.563925
0.495936 0.546854
0.515038 0.555259
is from:
3123,1111,1445
Train:0.355748  0.35416 0.354952
1059,333,403
Val:0.314448 0.283163 0.297987
375,115,143
Test:0.306667 0.329513  0.31768
is about:
4329,1445,1445
Train:0.333795 0.460631 0.387088
1447,403,403
Val:0.278507 0.342687 0.307282
484,143,143
Test:0.295455 0.409742 0.343337
Epoch 75
Train:
Target:
0.320797 0.360789
0.530637 0.675854
0.399859 0.470443
Val:
Target:
0.304681 0.349361
0.493813  0.61901
0.376848 0.446643
Train:
Agent:
0.681691 0.698361
0.516859 0.558344
0.587941 0.620553
Val:
Agent:
0.607603 0.626866
0.432991 0.468839
0.505647 0.536456
Train:
DSE:
0.596937 0.624098
0.571112 0.631633
0.583739 0.627843
Val:
DSE:
0.543612 0.571328
0.492957 0.544177
0.517047 0.557422
is from:
3139,1125,1442
Train:0.358394 0.358623 0.358509
1043,333,397
Val:0.319271 0.283163 0.300135
370,116,143
Test:0.313514 0.332378  0.32267
is about:
4283,1442,1442
Train: 0.33668 0.459675 0.388679
1416,397,397
Val:0.280367 0.337585 0.306327
480,143,143
Test:0.297917 0.409742 0.344994
Epoch 80
Train:
Target:
0.298424  0.34452
0.590457 0.723487
0.396468 0.466768
Val:
Target:
0.275745  0.33187
0.552574 0.666143
  0.3679 0.443026
Train:
Agent:
0.675711  0.69194
0.530084 0.570895
0.594104 0.625616
Val:
Agent:
 0.60259 0.620504
0.443386  0.48017
0.510872 0.541391
Train:
DSE:
0.592757 0.620993
0.578152 0.639031
0.585363 0.629883
Val:
DSE:
0.538946 0.567549
0.495099 0.546185
0.516093 0.556662
is from:
3207,1126,1466
Train:0.351107 0.358942 0.354981
1072,341,410
Val:0.318097 0.289966 0.303381
375,119,145
Test:0.317333 0.340974 0.328729
is about:
4422,1466,1466
Train:0.331524 0.467325 0.387882
1471,410,410
Val:0.278722 0.348639 0.309785
486,145,145
Test:0.298354 0.415473 0.347305
Epoch 85
Train:
Target:
0.291789 0.339634
 0.60361 0.730377
0.393404  0.46366
Val:
Target:
 0.27164 0.329047
0.564427 0.677141
0.366767 0.442882
Train:
Agent:
0.678868 0.694784
0.525028 0.566088
0.592119 0.623868
Val:
Agent:
0.607607 0.625571
0.439678 0.475212
0.510179 0.540123
Train:
DSE:
0.593595 0.621847
0.578798 0.639541
0.586103  0.63057
Val:
DSE:
0.539612 0.568641
0.494318 0.546185
0.515973 0.557187
is from:
3215,1144,1466
Train:0.355832  0.36468 0.360202
1073,345,408
Val:0.321528 0.293367 0.306803
377,119,144
Test: 0.31565 0.340974 0.327824
is about:
4393,1466,1466
Train:0.333713 0.467325 0.389376
1447,408,408
Val:0.281963 0.346939 0.311094
483,144,144
Test:0.298137 0.412607 0.346154
Epoch 90
Train:
Target:
0.298275  0.34579
0.591858 0.722888
0.396652 0.467807
Val:
Target:
0.277529 0.334584
0.552692 0.665357
0.369511 0.445262
Train:
Agent:
0.676984 0.693022
0.526825  0.56769
0.592539 0.624126
Val:
Agent:
0.605724 0.623529
0.441369 0.478045
0.510648  0.54118
Train:
DSE:
0.591059 0.619592
0.582178 0.642092
0.586585 0.630641
Val:
DSE:
0.537364 0.565999
0.497999 0.548862
0.516933 0.557299
is from:
3254,1153,1470
Train:0.354333 0.367549  0.36082
1105,345,412
Val:0.312217 0.293367 0.302499
380,119,144
Test:0.313158 0.340974 0.326475
is about:
4429,1470,1470
Train:0.331903 0.468601  0.38858
1476,412,412
Val:0.279133  0.35034 0.310709
487,144,144
Test:0.295688 0.412607 0.344498
Epoch 95
Train:
Target:
0.303665  0.34927
0.574189 0.706111
0.397244 0.467364
Val:
Target:
0.283527 0.339216
0.536558 0.652789
0.371007 0.446443
Train:
Agent:
0.677365 0.693492
0.526943  0.56769
 0.59276 0.624317
Val:
Agent:
 0.60575 0.623636
0.441334 0.477337
0.510633 0.540766
Train:
DSE:
0.590175 0.619232
0.585967 0.646173
0.588063 0.632416
Val:
DSE:
0.536891 0.565427
0.500007 0.550201
0.517793  0.55771
is from:
3260,1156,1477
Train:0.354601 0.368505 0.361419
1102,346,410
Val:0.313975 0.294218 0.303775
380,119,144
Test:0.313158 0.340974 0.326475
is about:
4451,1477,1477
Train:0.331836 0.470832 0.389299
1474,410,410
Val:0.278155 0.348639 0.309434
487,144,144
Test:0.295688 0.412607 0.344498
Epoch 100
Train:
Target:
0.301847 0.348331
0.579203 0.711204
0.396869 0.467629
Val:
Target:
0.282121 0.337513
  0.5424 0.658288
0.371179 0.446235
Train:
Agent:
0.676994  0.69312
0.527886 0.568491
0.593214  0.62465
Val:
Agent:
0.603175   0.6215
0.441723 0.478754
0.509976 0.540867
Train:
DSE:
0.590437 0.619094
0.583804 0.644133
0.587102 0.631365
Val:
DSE:
0.537632 0.566207
0.500007 0.550201
0.518137 0.558089
is from:
3289,1158,1470
Train:0.352083 0.369142 0.360411
1106,344,411
Val:0.311031 0.292517  0.30149
384,121,145
Test:0.315104 0.346705  0.33015
is about:
4441,1470,1470
Train:0.331007 0.468601 0.387965
1481,411,411
Val:0.277515  0.34949 0.309371
488,145,145
Test:0.297131 0.415473 0.346476
Epoch 105
Train:
Target:
0.302606 0.348707
0.576682 0.708209
0.396929 0.467317
Val:
Target:
0.282449 0.338122
0.539124 0.655145
0.370692 0.446041
Train:
Agent:
0.677593  0.69374
0.526956 0.567423
0.592856 0.624256
Val:
Agent:
0.604424 0.622505
0.439634 0.476629
0.509024 0.539886
Train:
DSE:
0.590605 0.619209
0.583485 0.643367
0.587024 0.631057
Val:
DSE:
0.538003 0.566598
0.499338 0.550201
 0.51795 0.558279
is from:
3301,1165,1469
Train:0.352923 0.371374 0.361914
1100,342,409
Val:0.310909 0.290816 0.300527
388,121,145
Test:0.311856 0.346705 0.328358
is about:
4423,1469,1469
Train:0.332128 0.468282 0.388624
1474,409,409
Val:0.277476 0.347789 0.308679
487,145,145
Test:0.297741 0.415473  0.34689
Epoch 110
Train:
Target:
0.302838 0.349108
0.577578 0.709706
 0.39734 0.468003
Val:
Target:
0.282523 0.338112
0.540538 0.655931
0.371089 0.446214
Train:
Agent:
0.678039 0.694212
0.526342 0.566889
0.592637 0.624123
Val:
Agent:
0.604651 0.622505
0.438902 0.475921
0.508613 0.539432
Train:
DSE:
 0.59124 0.619811
0.583468 0.643367
0.587328 0.631369
Val:
DSE:
0.538055  0.56669
0.498669 0.549531
0.517614 0.557979
is from:
3307,1170,1467
Train:0.353795 0.372968 0.363128
1106,345,410
Val:0.311935 0.293367 0.302366
391,122,145
Test:0.31202 0.34957 0.32973
is about:
4417,1466,1467
Train:0.331899 0.467325 0.388139
1476,410,410
Val:0.277778 0.348639 0.309201
487,145,145
Test:0.297741 0.415473  0.34689
Epoch 115
Train:
Target:
0.302447 0.348972
0.579193 0.712403
0.397385 0.468465
Val:
Target:
0.282355 0.338215
0.542391 0.658288
0.371379 0.446848
Train:
Agent:
0.677158 0.693295
0.527073  0.56769
0.592763 0.624237
Val:
Agent:
0.604035 0.622505
0.439634 0.476629
0.508886 0.539886
Train:
DSE:
0.591571 0.619985
0.582703 0.642602
0.587103 0.631091
Val:
DSE:
0.538122 0.566875
0.497163 0.548193
0.516832 0.557377
is from:
3284,1161,1465
Train:0.353532 0.370099 0.361626
1091,340,408
Val:0.311641 0.289116 0.299956
387,121,145
Test:0.312661 0.346705 0.328804
is about:
4414,1464,1465
Train:0.331672 0.466688 0.387763
1471,408,408
Val:0.277362 0.346939 0.308274
487,145,145
Test:0.297741 0.415473  0.34689
Epoch 120
Train:
Target:
0.302612 0.348981
0.578244 0.710605
0.397303 0.468084
Val:
Target:
 0.28251 0.338225
0.540952 0.656716
0.371175 0.446494
Train:
Agent:
0.677489 0.693642
 0.52691 0.567423
0.592787 0.624216
Val:
Agent:
0.603902 0.622162
 0.43928 0.475921
0.508602 0.539303
Train:
DSE:
0.590793 0.619417
 0.58357 0.643367
0.587159 0.631165
Val:
DSE:
0.538374 0.566989
0.500007 0.550201
0.518482 0.558469
is from:
3286,1162,1466
Train:0.353621 0.370418 0.361825
1095,342,409
Val:0.312329 0.290816 0.301189
388,121,145
Test:0.311856 0.346705 0.328358
is about:
4413,1464,1466
Train:0.331747 0.466688 0.387815
1475,409,409
Val:0.277288 0.347789 0.308563
487,145,145
Test:0.297741 0.415473  0.34689
Epoch 125
Train:
Target:
0.302727 0.349041
0.577685 0.709407
 0.39727 0.467877
Val:
Target:
0.282382 0.338122
0.539709 0.655145
0.370772 0.446041
Train:
Agent:
0.677375 0.693517
0.526821 0.567423
0.592687 0.624166
Val:
Agent:
0.604262 0.622505
0.439044 0.475921
0.508571 0.539432
Train:
DSE:
0.590892  0.61951
0.583655 0.643622
0.587251 0.631336
Val:
DSE:
0.538374 0.566989
0.500007 0.550201
0.518482 0.558469
is from:
3292,1163,1467
Train:0.353281 0.370736 0.361798
1097,344,410
Val:0.313582 0.292517 0.302684
389,121,145
Test:0.311054 0.346705 0.327913
is about:
4418,1465,1467
Train:0.331598 0.467007 0.387823
1477,410,410
Val: 0.27759 0.348639 0.309084
487,145,145
Test:0.297741 0.415473  0.34689
Epoch 130
Train:
Target:
0.302885 0.349204
0.577916 0.709706
0.397461  0.46809
Val:
Target:
0.282283 0.338004
0.539709 0.655145
0.370687 0.445938
Train:
Agent:
0.677168  0.69332
0.526643 0.567156
0.592495 0.623924
Val:
Agent:
0.604451 0.622727
 0.43928 0.475921
0.508796 0.539515
Train:
DSE:
 0.59114 0.619718
 0.58357 0.643367
0.587331 0.631321
Val:
DSE:
0.538374 0.566989
0.499673 0.550201
0.518302 0.558469
is from:
3289,1165,1466
Train:0.354211 0.371374 0.362589
1095,342,409
Val:0.312329 0.290816 0.301189
390,121,145
Test:0.310256 0.346705  0.32747
is about:
4412,1464,1466
Train:0.331822 0.466688 0.387866
1473,409,409
Val:0.277665 0.347789 0.308796
487,145,145
Test:0.297741 0.415473  0.34689
Epoch 135
Train:
Target:
0.302913 0.349241
 0.57799 0.710006
0.397503 0.468188
Val:
Target:
0.282136 0.337767
0.539709 0.655145
 0.37056 0.445732
Train:
Agent:
0.677168  0.69332
0.526643 0.567156
0.592495 0.623924
Val:
Agent:
0.603902 0.622162
 0.43928 0.475921
0.508602 0.539303
Train:
DSE:
0.591527 0.620112
0.583468 0.643367
 0.58747 0.631526
Val:
DSE:
0.538746 0.567381
0.499673 0.550201
0.518474 0.558659
is from:
3287,1163,1466
Train:0.353818 0.370736  0.36208
1091,340,409
Val:0.311641 0.289116 0.299956
388,120,145
Test:0.309278  0.34384 0.325645
is about:
4411,1464,1466
Train:0.331898 0.466688 0.387917
1474,409,409
Val:0.277476 0.347789 0.308679
487,145,145
Test:0.297741 0.415473  0.34689
Epoch 140
Train:
Target:
0.302766 0.349071
0.578004 0.710006
0.397379 0.468035
Val:
Target:
0.282136 0.337767
0.539709 0.655145
 0.37056 0.445732
Train:
Agent:
0.677168  0.69332
0.526643 0.567156
0.592495 0.623924
Val:
Agent:
0.603902 0.622162
 0.43928 0.475921
0.508602 0.539303
Train:
DSE:
0.591284 0.619869
 0.58357 0.643367
0.587402   0.6314
Val:
DSE:
0.538374 0.566989
0.499673 0.550201
0.518302 0.558469
is from:
3291,1165,1466
Train:0.353996 0.371374 0.362477
1096,341,409
Val:0.311131 0.289966 0.300176
389,120,145
Test:0.308483  0.34384 0.325203
is about:
4411,1464,1466
Train:0.331898 0.466688 0.387917
1473,409,409
Val:0.277665 0.347789 0.308796
487,145,145
Test:0.297741 0.415473  0.34689
Epoch 145
Train:
Target:
0.302803 0.349114
0.578004 0.710006
0.397411 0.468073
Val:
Target:
0.282235 0.337885
0.539709 0.655145
0.370645 0.445835
Train:
Agent:
0.677168  0.69332
0.526643 0.567156
0.592495 0.623924
Val:
Agent:
0.603902 0.622162
 0.43928 0.475921
0.508602 0.539303
Train:
DSE:
0.591284 0.619869
 0.58357 0.643367
0.587402   0.6314
Val:
DSE:
0.538374 0.566989
0.499673 0.550201
0.518302 0.558469
is from:
3293,1165,1466
Train:0.353781 0.371374 0.362364
1096,341,409
Val:0.311131 0.289966 0.300176
390,121,145
Test:0.310256 0.346705  0.32747
is about:
4411,1464,1466
Train:0.331898 0.466688 0.387917
1473,408,409
Val:0.276986 0.346939 0.308041
487,145,145
Test:0.297741 0.415473  0.34689
Epoch 150
Train:
Target:
0.302803 0.349114
0.578004 0.710006
0.397411 0.468073
Val:
Target:
0.282235 0.337885
0.539709 0.655145
0.370645 0.445835
Train:
Agent:
0.677385 0.693543
 0.52667 0.567156
0.592595 0.624014
Val:
Agent:
0.603902 0.622162
 0.43928 0.475921
0.508602 0.539303
Train:
DSE:
0.591284 0.619869
 0.58357 0.643367
0.587402   0.6314
Val:
DSE:
0.538374 0.566989
0.499673 0.550201
0.518302 0.558469
is from:
3287,1167,1466
Train:0.355035 0.372011 0.363325
1094,341,409
Val:  0.3117 0.289966 0.300441
393,122,145
Test:0.310433  0.34957 0.328841
is about:
4410,1464,1466
Train:0.331973 0.466688 0.387969
1473,408,409
Val:0.276986 0.346939 0.308041
487,145,145
Test:0.297741 0.415473  0.34689
Epoch 155
Train:
Target:
 0.30286 0.349199
0.578054 0.710006
0.397472  0.46815
Val:
Target:
0.282387 0.337999
0.539937 0.655145
 0.37083 0.445934
Train:
Agent:
0.677168  0.69332
 0.52667 0.567156
0.592512 0.623924
Val:
Agent:
0.603902 0.622162
 0.43928 0.475921
0.508602 0.539303
Train:
DSE:
0.591284 0.619869
 0.58357 0.643367
0.587402   0.6314
Val:
DSE:
0.538374 0.566989
0.499673 0.550201
0.518302 0.558469
is from:
3285,1167,1466
Train:0.355251 0.372011 0.363438
1094,341,409
Val:  0.3117 0.289966 0.300441
392,122,145
Test:0.311224  0.34957 0.329285
is about:
4411,1464,1466
Train:0.331898 0.466688 0.387917
1472,408,409
Val:0.277174 0.346939 0.308157
487,145,145
Test:0.297741 0.415473  0.34689
Epoch 160
Train:
Target:
0.302803 0.349114
0.578004 0.710006
0.397411 0.468073
Val:
Target:
0.282486 0.338117
0.539937 0.655145
0.370916 0.446037
Train:
Agent:
0.677385 0.693543
 0.52667 0.567156
0.592595 0.624014
Val:
Agent:
0.603902 0.622162
 0.43928 0.475921
0.508602 0.539303
Train:
DSE:
0.591284 0.619869
 0.58357 0.643367
0.587402   0.6314
Val:
DSE:
0.538374 0.566989
0.499673 0.550201
0.518302 0.558469
is from:
3287,1166,1466
Train:0.354731 0.371693 0.363014
1094,340,409
Val:0.310786 0.289116 0.299559
392,122,145
Test:0.311224  0.34957 0.329285
is about:
4409,1463,1466
Train:0.331821 0.466369 0.387755
1472,408,409
Val:0.277174 0.346939 0.308157
487,145,145
Test:0.297741 0.415473  0.34689
Epoch 165
Train:
Target:
0.302803 0.349114
0.578004 0.710006
0.397411 0.468073
Val:
Target:
0.282486 0.338117
0.539937 0.655145
0.370916 0.446037
Train:
Agent:
0.677385 0.693543
 0.52667 0.567156
0.592595 0.624014
Val:
Agent:
0.603902 0.622162
 0.43928 0.475921
0.508602 0.539303
Train:
DSE:
0.591284 0.619869
 0.58357 0.643367
0.587402   0.6314
Val:
DSE:
0.538374 0.566989
0.499673 0.550201
0.518302 0.558469
is from:
3285,1165,1466
Train:0.354642 0.371374 0.362815
1094,340,409
Val:0.310786 0.289116 0.299559
391,122,145
Test:0.31202 0.34957 0.32973
is about:
4409,1463,1466
Train:0.331821 0.466369 0.387755
1472,408,409
Val:0.277174 0.346939 0.308157
487,145,145
Test:0.297741 0.415473  0.34689
Epoch 170
Train:
Target:
0.302803 0.349114
0.578004 0.710006
0.397411 0.468073
Val:
Target:
0.282486 0.338117
0.539937 0.655145
0.370916 0.446037
Train:
Agent:
0.677385 0.693543
 0.52667 0.567156
0.592595 0.624014
Val:
Agent:
0.603902 0.622162
 0.43928 0.475921
0.508602 0.539303
Train:
DSE:
0.591284 0.619869
 0.58357 0.643367
0.587402   0.6314
Val:
DSE:
0.538374 0.566989
0.499673 0.550201
0.518302 0.558469
is from:
3281,1166,1466
Train:0.355379 0.371693 0.363353
1093,340,409
Val: 0.31107 0.289116 0.299691
391,122,145
Test:0.31202 0.34957 0.32973
is about:
4409,1463,1466
Train:0.331821 0.466369 0.387755
1472,408,409
Val:0.277174 0.346939 0.308157
487,145,145
Test:0.297741 0.415473  0.34689
Epoch 175
Train:
Target:
0.302803 0.349114
0.578004 0.710006
0.397411 0.468073
Val:
Target:
0.282486 0.338117
0.539937 0.655145
0.370916 0.446037
Train:
Agent:
0.677385 0.693543
 0.52667 0.567156
0.592595 0.624014
Val:
Agent:
0.603902 0.622162
 0.43928 0.475921
0.508602 0.539303
Train:
DSE:
0.591284 0.619869
 0.58357 0.643367
0.587402   0.6314
Val:
DSE:
0.538374 0.566989
0.499673 0.550201
0.518302 0.558469
is from:
3281,1166,1466
Train:0.355379 0.371693 0.363353
1093,340,409
Val: 0.31107 0.289116 0.299691
391,122,145
Test:0.31202 0.34957 0.32973
is about:
4408,1463,1466
Train:0.331897 0.466369 0.387806
1472,408,409
Val:0.277174 0.346939 0.308157
487,145,145
Test:0.297741 0.415473  0.34689
Epoch 180
Train:
Target:
0.302803 0.349114
0.578004 0.710006
0.397411 0.468073
Val:
Target:
0.282486 0.338117
0.539937 0.655145
0.370916 0.446037
Train:
Agent:
0.677385 0.693543
 0.52667 0.567156
0.592595 0.624014
Val:
Agent:
0.603902 0.622162
 0.43928 0.475921
0.508602 0.539303
Train:
DSE:
0.591284 0.619869
 0.58357 0.643367
0.587402   0.6314
Val:
DSE:
0.538374 0.566989
0.499673 0.550201
0.518302 0.558469
is from:
3280,1166,1466
Train:0.355488 0.371693  0.36341
1093,341,409
Val:0.311985 0.289966 0.300573
390,122,145
Test:0.312821  0.34957 0.330176
is about:
4408,1463,1466
Train:0.331897 0.466369 0.387806
1472,408,409
Val:0.277174 0.346939 0.308157
487,145,145
Test:0.297741 0.415473  0.34689
Epoch 185
Train:
Target:
0.302803 0.349114
0.578004 0.710006
0.397411 0.468073
Val:
Target:
0.282486 0.338117
0.539937 0.655145
0.370916 0.446037
Train:
Agent:
0.677385 0.693543
 0.52667 0.567156
0.592595 0.624014
Val:
Agent:
0.603902 0.622162
 0.43928 0.475921
0.508602 0.539303
Train:
DSE:
0.591284 0.619869
 0.58357 0.643367
0.587402   0.6314
Val:
DSE:
0.538374 0.566989
0.499673 0.550201
0.518302 0.558469
is from:
3281,1164,1466
Train: 0.35477 0.371055  0.36273
1093,341,409
Val:0.311985 0.289966 0.300573
390,122,145
Test:0.312821  0.34957 0.330176
is about:
4408,1463,1466
Train:0.331897 0.466369 0.387806
1471,408,409
Val:0.277362 0.346939 0.308274
487,145,145
Test:0.297741 0.415473  0.34689
Epoch 190
Train:
Target:
0.302803 0.349114
0.578004 0.710006
0.397411 0.468073
Val:
Target:
0.282486 0.338117
0.539937 0.655145
0.370916 0.446037
Train:
Agent:
0.677385 0.693543
 0.52667 0.567156
0.592595 0.624014
Val:
Agent:
0.603902 0.622162
 0.43928 0.475921
0.508602 0.539303
Train:
DSE:
0.591284 0.619869
 0.58357 0.643367
0.587402   0.6314
Val:
DSE:
0.538374 0.566989
0.499673 0.550201
0.518302 0.558469
is from:
3278,1163,1466
Train: 0.35479 0.370736 0.362588
1097,341,409
Val:0.310848 0.289966 0.300044
390,122,145
Test:0.312821  0.34957 0.330176
is about:
4408,1463,1466
Train:0.331897 0.466369 0.387806
1471,408,409
Val:0.277362 0.346939 0.308274
487,145,145
Test:0.297741 0.415473  0.34689
Epoch 195
Train:
Target:
0.302803 0.349114
0.578004 0.710006
0.397411 0.468073
Val:
Target:
0.282486 0.338117
0.539937 0.655145
0.370916 0.446037
Train:
Agent:
0.677385 0.693543
 0.52667 0.567156
0.592595 0.624014
Val:
Agent:
0.603902 0.622162
 0.43928 0.475921
0.508602 0.539303
Train:
DSE:
0.591284 0.619869
 0.58357 0.643367
0.587402   0.6314
Val:
DSE:
0.538374 0.566989
0.499673 0.550201
0.518302 0.558469
is from:
3277,1162,1466
Train:0.354593 0.370418 0.362332
1096,341,409
Val:0.311131 0.289966 0.300176
389,122,145
Test:0.313625  0.34957 0.330623
is about:
4408,1463,1466
Train:0.331897 0.466369 0.387806
1471,408,409
Val:0.277362 0.346939 0.308274
487,145,145
Test:0.297741 0.415473  0.34689
Best: 
OCLASS_WEIGHT Target:0.25
OCLASS_WEIGHT Agent:0.8
OCLASS_WEIGHT DSE:0.5
Validation:
Target
0.304681 0.349361
0.493813  0.61901
0.376848 0.446643
Agent
0.576488  0.58592
0.489252 0.536119
0.529299 0.559914
DSE
0.509379 0.541335
0.533301 0.590361
0.521066 0.564786
Test:
Target
0.271221 0.306338
0.482925 0.612813
0.347358 0.408481
Agent
0.559657 0.572816
0.502919 0.532258
0.529773 0.551793
DSE
0.483333 0.497227
0.550977  0.62069
0.514943 0.552141
