14492 7507 734
Valid size: 2870
trained 0 correct pairs in training set
trained 0 valid pairs in total
trained 0 correct pairs in training set
trained 0 valid pairs in total
Epoch 0
Train:
Target:
1 1
0 0
0 0
Val:
Target:
1 1
0 0
0 0
Train:
Agent:
1 1
0 0
0 0
Val:
Agent:
1 1
0 0
0 0
Train:
DSE:
1 1
0 0
0 0
Val:
DSE:
1 1
0 0
0 0
is from:
0,0,0
Train:1 0 0
0,0,0
Val:1 0 0
0,0,0
Test:1 0 0
is about:
0,0,0
Train:1 0 0
0,0,0
Val:1 0 0
0,0,0
Test:1 0 0
trained 3556 correct pairs in training set
trained 6756 valid pairs in total
trained 1631 correct pairs in training set
trained 2983 valid pairs in total
Epoch 5
Train:
Target:
0.154733 0.156024
0.252842 0.572428
0.191979 0.245212
Val:
Target:
0.282443  0.28551
0.261365  0.57923
0.271496 0.382487
Train:
Agent:
0.554301 0.573842
0.671369 0.747009
0.607244 0.649074
Val:
Agent:
0.563525 0.582588
 0.64642 0.731098
0.602133 0.648449
Train:
DSE:
0.485268 0.510018
0.562509 0.655108
0.521041 0.573529
Val:
DSE:
 0.49073 0.512603
0.546104 0.645773
0.516938 0.571533
is from:
11685,2423,3556
Train: 0.20736 0.445732 0.283044
5154,988,1477
Val:0.191696 0.423671 0.263959
1114,211,323
Test:0.189408 0.415354 0.260173
is about:
15729,3158,3556
Train:0.200776 0.580942 0.298417
6798,1279,1477
Val:0.188144 0.548456 0.280175
1499,275,323
Test:0.183456 0.541339 0.274041
trained 3606 correct pairs in training set
trained 6999 valid pairs in total
trained 2005 correct pairs in training set
trained 3862 valid pairs in total
Epoch 10
Train:
Target:
0.152334  0.17219
0.622003 0.797203
0.244731 0.283209
Val:
Target:
0.277342 0.314347
 0.62533 0.797225
 0.38426 0.450902
Train:
Agent:
0.636892 0.653672
0.673844 0.727517
0.654847 0.688621
Val:
Agent:
0.649375 0.666474
0.643075 0.696931
 0.64621 0.681363
Train:
DSE:
0.446917 0.492977
0.704976 0.781734
 0.54704  0.60465
Val:
DSE:
0.442872 0.490662
0.682749 0.766764
0.537251   0.5984
is from:
10398,2305,3606
Train:0.221677 0.424025 0.291146
4318,922,1442
Val:0.213525 0.395369 0.277293
976,212,330
Test:0.217213 0.417323 0.285714
is about:
11825,2591,3606
Train:0.219112 0.476637 0.300214
4907,1002,1442
Val:0.204198 0.429674 0.276834
1157,245,330
Test:0.211755 0.482283 0.294294
trained 3104 correct pairs in training set
trained 5841 valid pairs in total
trained 1602 correct pairs in training set
trained 2869 valid pairs in total
Epoch 15
Train:
Target:
0.134186 0.171959
0.770899 0.861805
0.228584  0.28671
Val:
Target:
0.244153 0.315179
0.757692 0.848702
0.369304 0.459657
Train:
Agent:
0.706718   0.7216
0.622886 0.668369
0.662159 0.693966
Val:
Agent:
 0.70251 0.717123
0.591898 0.639355
0.642478  0.67601
Train:
DSE:
0.589903 0.619983
0.573361 0.645511
0.581515 0.632489
Val:
DSE:
0.583868 0.612676
0.540361  0.61844
0.561273 0.615545
is from:
6896,2129,3104
Train: 0.30873 0.391648 0.345281
2848,804,1255
Val:0.282303 0.344768 0.310425
563,187,271
Test:0.332149  0.36811 0.349206
is about:
8544,2465,3104
Train:0.288507 0.453458 0.352647
3560,959,1255
Val:0.269382 0.411235 0.325526
743,221,271
Test:0.297443 0.435039 0.353317
trained 3471 correct pairs in training set
trained 6790 valid pairs in total
trained 1529 correct pairs in training set
trained 2699 valid pairs in total
Epoch 20
Train:
Target:
0.096891 0.161025
 0.92673 0.955045
0.175439 0.275584
Val:
Target:
0.184876 0.305399
 0.92646 0.957475
0.308243  0.46309
Train:
Agent:
0.718262 0.733423
0.658661 0.704396
0.687171 0.718616
Val:
Agent:
0.703205 0.718606
 0.62156 0.669408
0.659867 0.693135
Train:
DSE:
0.559381 0.586999
0.638757 0.720433
 0.59644 0.646907
Val:
DSE:
0.544329 0.572314
0.598431 0.686589
0.570099 0.624265
is from:
7253,2123,3471
Train:0.292706 0.390545 0.334621
2940,789,1393
Val:0.268367 0.338336 0.299317
634,195,301
Test:0.307571 0.383858 0.341506
is about:
8995,2434,3471
Train:0.270595 0.447756 0.337329
3677,933,1393
Val:0.253739 0.400086 0.310534
792,215,301
Test:0.271465 0.423228 0.330769
trained 3617 correct pairs in training set
trained 7092 valid pairs in total
trained 1729 correct pairs in training set
trained 3241 valid pairs in total
Epoch 25
Train:
Target:
0.156538 0.186151
0.706375 0.811189
0.256282 0.302813
Val:
Target:
0.279503 0.334293
0.678411 0.787825
0.395897 0.469406
Train:
Agent:
0.671102 0.695073
 0.71803 0.752252
0.693773 0.722533
Val:
Agent:
0.655419  0.68122
0.672714 0.709269
0.663954 0.694962
Train:
DSE:
0.540796  0.57574
0.672802 0.745046
 0.59962 0.649542
Val:
DSE:
0.520029 0.556966
0.633018 0.707362
0.570988 0.623219
is from:
8193,2217,3617
Train:0.270597 0.407837 0.325336
3402,833,1425
Val:0.244856 0.357204 0.290548
717,197,318
Test:0.274756 0.387795 0.321633
is about:
9142,2280,3617
Train:0.249398 0.419426   0.3128
3723,899,1425
Val:0.241472 0.385506 0.296945
849,203,318
Test:0.239105 0.399606 0.299189
trained 3781 correct pairs in training set
trained 7525 valid pairs in total
trained 1805 correct pairs in training set
trained 3380 valid pairs in total
Epoch 30
Train:
Target:
0.146496 0.178225
0.773106 0.857809
0.246317 0.295132
Val:
Target:
 0.26809 0.328354
0.733993 0.833483
0.392735 0.471111
Train:
Agent:
0.647352 0.672487
0.746545 0.777389
0.693419 0.721143
Val:
Agent:
0.624693 0.652723
0.692486 0.726352
0.656845 0.687572
Train:
DSE:
0.490628 0.534699
0.731179 0.796285
0.587223 0.639786
Val:
DSE:
 0.46926  0.51654
0.684059 0.754738
0.556657 0.613323
is from:
9026,2167,3781
Train:0.240084 0.398639 0.299682
3786,828,1460
Val:  0.2187  0.35506 0.270677
781,207,344
Test:0.265045  0.40748 0.321179
is about:
10032,2265,3781
Train:0.225778 0.416667 0.292863
4152,883,1460
Val:0.212669 0.378645 0.272363
913,208,344
Test: 0.22782 0.409449 0.292752
trained 3784 correct pairs in training set
trained 7574 valid pairs in total
trained 1841 correct pairs in training set
trained 3534 valid pairs in total
Epoch 35
Train:
Target:
0.146625 0.177135
0.776849 0.867466
0.246689 0.294196
Val:
Target:
0.263816 0.317477
0.735141 0.837959
0.388288 0.460488
Train:
Agent:
0.667537 0.686941
0.754438  0.78653
0.708332  0.73337
Val:
Agent:
0.645604 0.669699
0.694583 0.732047
0.669198 0.699486
Train:
DSE:
0.484455 0.535549
 0.73813 0.798297
0.584975 0.641045
Val:
DSE:
0.466039 0.521511
0.686981  0.75328
0.555341 0.616326
is from:
8919,2142,3784
Train:0.240161  0.39404 0.298433
3611,807,1443
Val:0.223484 0.346055  0.27158
795,201,339
Test: 0.25283 0.395669 0.308519
is about:
9608,2147,3784
Train: 0.22346  0.39496 0.285429
3830,845,1443
Val:0.220627  0.36235 0.274262
905,197,339
Test: 0.21768 0.387795 0.278839
trained 3693 correct pairs in training set
trained 7345 valid pairs in total
trained 1799 correct pairs in training set
trained 3421 valid pairs in total
Epoch 40
Train:
Target:
0.135052 0.171324
0.823603 0.887779
0.232053  0.28722
Val:
Target:
0.248808 0.314592
0.784874 0.864816
 0.37784 0.461357
Train:
Agent:
0.698069 0.718127
0.731569 0.763006
0.714426 0.739886
Val:
Agent:
0.664608 0.688351
0.671001 0.706738
0.667789 0.697424
Train:
DSE:
0.512829 0.556169
0.714805 0.780341
0.597202 0.649455
Val:
DSE:
0.494066 0.540784
0.659538 0.730321
0.564934 0.621421
is from:
8177,2164,3693
Train:0.264645 0.398087 0.317931
3320,825,1423
Val:0.248494 0.353774 0.291932
716,194,323
Test: 0.27095  0.38189 0.316993
is about:
9011,2206,3693
Train:0.244812 0.405813 0.305392
3592,867,1423
Val: 0.24137 0.371784 0.292708
820,198,323
Test:0.241463 0.389764 0.298193
