14492 7507 734
Valid size: 2870
Epoch 0
Train:
Target:
1 1
0 0
0 0
Agent:
1 1
0 0
0 0
DSE:
1 1
0 0
0 0
Val:
Target:
1 1
0 0
0 0
Agent:
1 1
0 0
0 0
DSE:
1 1
0 0
0 0
Epoch 5
Train:
Target:
0.0930996 0.0950362
0.0857767  0.223443
0.0892882  0.133354
Agent:
1 1
0 0
0 0
DSE:
1 1
0 0
0 0
Val:
Target:
0.197715  0.20105
0.103546 0.253805
0.135913 0.224368
Agent:
1 1
0 0
0 0
DSE:
1 1
0 0
0 0
Epoch 10
Train:
Target:
0.124328 0.124494
 0.13438 0.438561
0.129159 0.193935
Agent:
0.504463 0.516557
0.275271 0.389165
0.356183 0.443902
DSE:
1 1
0 0
0 0
Val:
Target:
0.254926 0.256013
0.165421 0.477619
0.200644 0.333346
Agent:
0.539162 0.549415
0.273364 0.388168
0.362789 0.454926
DSE:
1 1
0 0
0 0
Epoch 15
Train:
Target:
0.120471 0.121047
0.295546 0.726607
 0.17117 0.207523
Agent:
0.515921  0.52516
0.392931 0.502218
0.446104 0.513433
DSE:
   0.40625    0.40625
0.00172859 0.00201238
0.00344252 0.00400493
Val:
Target:
0.235201 0.236897
0.319095 0.750224
0.270799 0.360089
Agent:
0.541139 0.547856
0.386784 0.496362
0.451123 0.520839
DSE:
       0.4        0.4
0.00121477 0.00145773
0.00242219 0.00290487
Epoch 20
Train:
Target:
0.124025 0.124121
0.289786  0.70363
0.173706 0.211018
Agent:
0.520254 0.528025
0.431189 0.539723
0.471553  0.53381
DSE:
 0.493458  0.493458
0.0389216 0.0408669
0.0721521 0.0754825
Val:
Target:
0.242472 0.242902
0.311916 0.727395
0.272845 0.364189
Agent:
0.538143  0.54434
0.424234 0.535906
0.474447  0.54009
DSE:
 0.552941  0.552941
0.0304725 0.0342566
0.0577618 0.0645161
Epoch 25
Train:
Target:
0.118629  0.11879
0.193185 0.447219
0.146994 0.187718
Agent:
 0.50941 0.516759
0.464069 0.571044
0.485684 0.542547
DSE:
 0.510496  0.510496
0.0761625 0.0828173
 0.132549  0.142515
Val:
Target:
0.241658 0.241962
0.218651 0.487019
 0.22958 0.323301
Agent:
0.533085 0.539098
0.460766 0.571338
0.494294  0.55475
DSE:
 0.542328  0.542328
0.0651543 0.0747085
 0.116333  0.131326
Epoch 30
Train:
Target:
0.115914 0.116317
0.238997 0.511156
0.156113  0.18951
Agent:
0.505194 0.512652
0.478209 0.582874
0.491332 0.545513
DSE:
0.495635 0.495635
0.102152 0.114241
0.169392 0.185684
Val:
Target:
0.237243 0.237732
0.272826 0.559982
0.253794 0.333768
Agent:
 0.52631 0.532141
0.475935 0.584309
0.499856 0.557006
DSE:
 0.536765  0.536765
0.0905703  0.106414
 0.154989  0.177616
Epoch 35
Train:
Target:
0.113979 0.114419
0.190754 0.425574
0.142695 0.180349
Agent:
0.509553 0.516922
0.481683 0.585831
0.495227 0.549224
DSE:
 0.49816  0.49816
0.112375 0.125697
0.183383 0.200742
Val:
Target:
0.236428 0.236928
0.224699 0.470009
0.230414 0.315044
Agent:
0.529818 0.535639
0.478565 0.584625
0.502889 0.559061
DSE:
   0.5299    0.5299
0.0995293  0.116254
 0.167582  0.190675
Epoch 40
Train:
Target:
0.114659 0.115155
0.205825 0.446553
0.147275 0.183095
Agent:
0.509196  0.51651
0.481701 0.585159
0.495067 0.548696
DSE:
0.488528 0.488528
0.120106 0.135139
0.192809 0.211713
Val:
Target:
0.235544 0.236384
0.237144 0.491943
0.236341 0.319328
Agent:
 0.53298 0.538724
0.482064 0.587789
0.506245 0.562188
DSE:
  0.5231   0.5231
0.107863 0.127915
0.178847 0.205564
Epoch 45
Train:
Target:
0.115667 0.116131
 0.22522 0.477189
 0.15284 0.186801
Agent:
0.507581 0.514896
0.487649 0.590536
0.497416 0.550128
DSE:
0.489696 0.489696
0.124059 0.139783
0.197965 0.217486
Val:
Target:
0.237361 0.238348
0.257381 0.525515
0.246966 0.327953
Agent:
 0.53075 0.536623
0.487223 0.592534
0.508056 0.563194
DSE:
0.519943 0.519943
0.112409 0.133017
0.184854  0.21184
Epoch 50
Train:
Target:
0.116925 0.117403
0.236051 0.496836
0.156386 0.189927
Agent:
0.507452 0.514866
0.490987 0.593897
0.499084 0.551565
DSE:
0.487705 0.487705
0.129951 0.147368
0.205221 0.226343
Val:
Target:
0.238439 0.239617
0.264624 0.537601
 0.25085 0.331486
Agent:
0.530568 0.536769
0.491352 0.595381
0.510208 0.564558
DSE:
0.518417 0.518417
0.117086  0.13812
0.191028 0.218125
Epoch 55
Train:
Target:
0.117081 0.117613
0.238871 0.500833
0.157141 0.190491
Agent:
0.508289 0.515697
 0.48837  0.59094
0.498131 0.550761
DSE:
0.490096 0.490096
0.131783 0.149381
0.207714 0.228971
Val:
Target:
0.239187 0.240348
0.267827  0.54521
0.252698 0.333623
Agent:
0.531924   0.5379
  0.4884 0.592218
0.509233 0.563754
DSE:
0.520918 0.520918
0.118787 0.140306
0.193459 0.221069
Epoch 60
Train:
Target:
0.116662 0.117225
0.239349 0.501166
0.156865 0.190007
Agent:
0.508257 0.515689
0.490454 0.592956
0.499197  0.55163
DSE:
0.488407 0.488407
0.132222     0.15
0.208105 0.229512
Val:
Target:
0.239838 0.240995
0.269132 0.547896
0.253642 0.334749
Agent:
0.532059 0.538142
0.491152 0.595381
0.510788 0.565317
DSE:
0.521505 0.521505
0.119516 0.141035
0.194465 0.222026
Epoch 65
Train:
Target:
0.116344 0.116903
0.240565 0.503497
0.156837 0.189749
Agent:
0.507999 0.515435
0.490158 0.592418
0.498919 0.551252
DSE:
0.489521 0.489521
0.133899 0.151858
0.210279 0.231805
Val:
Target:
0.239576 0.240865
0.271777 0.552372
0.254663 0.335454
Agent:
0.532365 0.538442
0.490704 0.594748
0.510686 0.565196
DSE:
0.521333 0.521333
0.120427 0.142128
0.195657 0.223362
Epoch 70
Train:
Target:
 0.11647 0.117029
0.241163 0.504496
0.157079 0.189986
Agent:
 0.50836  0.51577
0.489316 0.591612
0.498656 0.551094
DSE:
0.489542 0.489542
0.134131 0.152167
0.210568 0.232168
Val:
Target:
0.239398 0.240688
  0.2719 0.551925
0.254616 0.335199
Agent:
0.532122 0.538202
 0.48994 0.594116
 0.51016 0.564778
DSE:
 0.52053  0.52053
0.120682 0.142857
0.195937 0.224187
Epoch 75
Train:
Target:
0.116431 0.116989
0.241627 0.505828
0.157142 0.190028
Agent:
0.508262 0.515627
0.488661 0.591074
0.498269 0.550779
DSE:
0.490303 0.490303
0.134492 0.152632
0.211083 0.232794
Val:
Target:
0.239158 0.240447
0.272096 0.551925
0.254566 0.334965
Agent:
0.531887 0.537841
0.489387 0.593483
0.509752 0.564294
DSE:
0.521108 0.521108
0.121168 0.143586
0.196618 0.225138
Epoch 80
Train:
Target:
 0.11627 0.116826
0.243101  0.50716
0.157305 0.189906
Agent:
0.508416 0.515776
0.489119 0.591612
0.498581 0.551097
DSE:
 0.49006  0.49006
0.134492 0.152632
0.211061 0.232767
Val:
Target:
0.239459 0.240741
0.273445 0.555058
0.255326 0.335826
Agent:
0.531594 0.537542
0.489661 0.593483
0.509766 0.564129
DSE:
0.520422 0.520422
0.121168 0.143586
0.196569 0.225074
Epoch 85
Train:
Target:
0.116286 0.116841
0.243908 0.508159
0.157488 0.189996
Agent:
0.508308 0.515719
0.489234 0.591612
0.498588 0.551064
DSE:
 0.49006  0.49006
0.134492 0.152632
0.211061 0.232767
Val:
Target:
0.239112 0.240393
0.273166 0.554611
0.255007 0.335406
Agent:
0.531845 0.537922
0.490135 0.594116
0.510139 0.564624
DSE:
0.520422 0.520422
0.121168 0.143586
0.196569 0.225074
Epoch 90
Train:
Target:
0.116321 0.116875
0.244241 0.508825
0.157589 0.190088
Agent:
0.508361 0.515773
0.489197 0.591612
0.498595 0.551095
DSE:
 0.49007  0.49007
0.134647 0.152786
0.211252 0.232948
Val:
Target:
0.238942 0.240222
0.273166 0.554611
 0.25491 0.335239
Agent:
0.531845 0.537922
 0.49009 0.594116
0.510115 0.564624
DSE:
0.519054 0.519054
0.121168 0.143586
0.196471 0.224945
Epoch 95
Train:
Target:
0.116365 0.116919
0.244288 0.509158
0.157639 0.190169
Agent:
0.508253 0.515661
0.489252 0.591746
0.498571  0.55109
DSE:
 0.49007  0.49007
0.134647 0.152786
0.211252 0.232948
Val:
Target:
0.238874 0.240154
0.273166 0.554611
0.254872 0.335173
Agent:
0.531845 0.537922
 0.49009 0.594116
0.510115 0.564624
DSE:
0.519054 0.519054
0.121168 0.143586
0.196471 0.224945
Epoch 100
Train:
Target:
0.116362 0.116916
0.244419 0.509491
0.157664 0.190188
Agent:
0.508304 0.515712
0.489285 0.591746
0.498614 0.551119
DSE:
 0.49007  0.49007
0.134647 0.152786
0.211252 0.232948
Val:
Target:
0.238826 0.240154
0.273465 0.554611
0.254975 0.335173
Agent:
0.531707 0.537782
0.490196 0.594116
0.510108 0.564547
DSE:
0.519054 0.519054
0.121168 0.143586
0.196471 0.224945
Epoch 105
Train:
Target:
0.116349 0.116902
0.244419 0.509491
0.157652  0.19017
Agent:
0.508356 0.515763
0.489346 0.591881
 0.49867 0.551206
DSE:
0.489826 0.489826
0.134647 0.152786
0.211229  0.23292
Val:
Target:
 0.23886 0.240188
0.273465 0.554611
0.254994 0.335206
Agent:
0.531707 0.537782
0.490196 0.594116
0.510108 0.564547
DSE:
0.518373 0.518373
0.121168 0.143586
0.196423 0.224881
Epoch 110
Train:
Target:
0.116379 0.116933
0.244441 0.509491
0.157685 0.190211
Agent:
0.508409 0.515817
0.489319 0.591881
0.498682 0.551237
DSE:
0.489826 0.489826
0.134647 0.152786
0.211229  0.23292
Val:
Target:
 0.23886 0.240188
0.273465 0.554611
0.254994 0.335206
Agent:
0.531707 0.537782
0.490196 0.594116
0.510108 0.564547
DSE:
0.518373 0.518373
0.121168 0.143586
0.196423 0.224881
Epoch 115
Train:
Target:
0.116373 0.116926
0.244441 0.509491
0.157678 0.190202
Agent:
0.508409 0.515817
0.489346 0.591881
0.498696 0.551237
DSE:
0.489826 0.489826
0.134647 0.152786
0.211229  0.23292
Val:
Target:
 0.23886 0.240188
0.273465 0.554611
0.254994 0.335206
Agent:
0.531707 0.537782
0.490196 0.594116
0.510108 0.564547
DSE:
0.518373 0.518373
0.121168 0.143586
0.196423 0.224881
Epoch 120
Train:
Target:
0.116353 0.116906
0.244483 0.509491
0.157669 0.190175
Agent:
0.508303 0.515709
0.489346 0.591881
0.498644 0.551175
DSE:
0.489826 0.489826
0.134647 0.152786
0.211229  0.23292
Val:
Target:
0.238969 0.240296
0.273502 0.555058
0.255072 0.335393
Agent:
0.531707 0.537782
0.490196 0.594116
0.510108 0.564547
DSE:
0.518373 0.518373
0.121168 0.143586
0.196423 0.224881
Epoch 125
Train:
Target:
0.116353 0.116906
0.244483 0.509491
0.157669 0.190175
Agent:
0.508303 0.515709
0.489346 0.591881
0.498644 0.551175
DSE:
0.489826 0.489826
0.134647 0.152786
0.211229  0.23292
Val:
Target:
0.238969 0.240296
0.273502 0.555058
0.255072 0.335393
Agent:
0.531707 0.537782
0.490196 0.594116
0.510108 0.564547
DSE:
0.518373 0.518373
0.121168 0.143586
0.196423 0.224881
Epoch 130
Train:
Target:
0.116353 0.116906
0.244483 0.509491
0.157669 0.190175
Agent:
0.508303 0.515709
0.489346 0.591881
0.498644 0.551175
DSE:
0.489826 0.489826
0.134647 0.152786
0.211229  0.23292
Val:
Target:
0.238969 0.240296
0.273502 0.555058
0.255072 0.335393
Agent:
0.531707 0.537782
0.490196 0.594116
0.510108 0.564547
DSE:
0.518373 0.518373
0.121168 0.143586
0.196423 0.224881
Epoch 135
Train:
Target:
0.116353 0.116906
0.244483 0.509491
0.157669 0.190175
Agent:
0.508356 0.515763
0.489346 0.591881
 0.49867 0.551206
DSE:
0.489826 0.489826
0.134647 0.152786
0.211229  0.23292
Val:
Target:
0.238969 0.240296
0.273502 0.555058
0.255072 0.335393
Agent:
0.531707 0.537782
0.490196 0.594116
0.510108 0.564547
DSE:
0.518373 0.518373
0.121168 0.143586
0.196423 0.224881
Epoch 140
Train:
Target:
0.116353 0.116906
0.244483 0.509491
0.157669 0.190175
Agent:
0.508356 0.515763
0.489346 0.591881
 0.49867 0.551206
DSE:
0.489826 0.489826
0.134647 0.152786
0.211229  0.23292
Val:
Target:
0.238935 0.240262
0.273502 0.555058
0.255052  0.33536
Agent:
0.531707 0.537782
0.490196 0.594116
0.510108 0.564547
DSE:
0.518373 0.518373
0.121168 0.143586
0.196423 0.224881
Epoch 145
Train:
Target:
0.116353 0.116906
0.244483 0.509491
0.157669 0.190175
Agent:
0.508356 0.515763
0.489346 0.591881
 0.49867 0.551206
DSE:
0.489826 0.489826
0.134647 0.152786
0.211229  0.23292
Val:
Target:
0.238935 0.240262
0.273502 0.555058
0.255052  0.33536
Agent:
0.531707 0.537782
0.490196 0.594116
0.510108 0.564547
DSE:
0.518373 0.518373
0.121168 0.143586
0.196423 0.224881
Epoch 150
Train:
Target:
0.116353 0.116906
0.244483 0.509491
0.157669 0.190175
Agent:
0.508356 0.515763
0.489346 0.591881
 0.49867 0.551206
DSE:
0.489826 0.489826
0.134647 0.152786
0.211229  0.23292
Val:
Target:
0.238935 0.240262
0.273502 0.555058
0.255052  0.33536
Agent:
0.531707 0.537782
0.490196 0.594116
0.510108 0.564547
DSE:
0.518373 0.518373
0.121168 0.143586
0.196423 0.224881
Epoch 155
Train:
Target:
0.116353 0.116906
0.244483 0.509491
0.157669 0.190175
Agent:
0.508356 0.515763
0.489346 0.591881
 0.49867 0.551206
DSE:
0.489826 0.489826
0.134647 0.152786
0.211229  0.23292
Val:
Target:
0.238935 0.240262
0.273502 0.555058
0.255052  0.33536
Agent:
0.531707 0.537782
0.490196 0.594116
0.510108 0.564547
DSE:
0.518373 0.518373
0.121168 0.143586
0.196423 0.224881
Epoch 160
Train:
Target:
0.116353 0.116906
0.244483 0.509491
0.157669 0.190175
Agent:
0.508356 0.515763
0.489346 0.591881
 0.49867 0.551206
DSE:
0.489826 0.489826
0.134647 0.152786
0.211229  0.23292
Val:
Target:
0.238935 0.240262
0.273502 0.555058
0.255052  0.33536
Agent:
0.531707 0.537782
0.490196 0.594116
0.510108 0.564547
DSE:
0.518373 0.518373
0.121168 0.143586
0.196423 0.224881
Epoch 165
Train:
Target:
0.116353 0.116906
0.244483 0.509491
0.157669 0.190175
Agent:
0.508356 0.515763
0.489346 0.591881
 0.49867 0.551206
DSE:
0.489826 0.489826
0.134647 0.152786
0.211229  0.23292
Val:
Target:
0.238935 0.240262
0.273502 0.555058
0.255052  0.33536
Agent:
0.531707 0.537782
0.490196 0.594116
0.510108 0.564547
DSE:
0.518373 0.518373
0.121168 0.143586
0.196423 0.224881
Epoch 170
Train:
Target:
0.116353 0.116906
0.244483 0.509491
0.157669 0.190175
Agent:
0.508356 0.515763
0.489346 0.591881
 0.49867 0.551206
DSE:
0.489826 0.489826
0.134647 0.152786
0.211229  0.23292
Val:
Target:
0.238935 0.240262
0.273502 0.555058
0.255052  0.33536
Agent:
0.531707 0.537782
0.490196 0.594116
0.510108 0.564547
DSE:
0.518373 0.518373
0.121168 0.143586
0.196423 0.224881
Epoch 175
Train:
Target:
0.116353 0.116906
0.244483 0.509491
0.157669 0.190175
Agent:
0.508356 0.515763
0.489346 0.591881
 0.49867 0.551206
DSE:
0.489826 0.489826
0.134647 0.152786
0.211229  0.23292
Val:
Target:
0.238935 0.240262
0.273502 0.555058
0.255052  0.33536
Agent:
0.531707 0.537782
0.490196 0.594116
0.510108 0.564547
DSE:
0.518373 0.518373
0.121168 0.143586
0.196423 0.224881
Epoch 180
Train:
Target:
0.116353 0.116906
0.244483 0.509491
0.157669 0.190175
Agent:
0.508356 0.515763
0.489346 0.591881
 0.49867 0.551206
DSE:
0.489826 0.489826
0.134647 0.152786
0.211229  0.23292
Val:
Target:
0.238935 0.240262
0.273502 0.555058
0.255052  0.33536
Agent:
0.531707 0.537782
0.490196 0.594116
0.510108 0.564547
DSE:
0.518373 0.518373
0.121168 0.143586
0.196423 0.224881
Epoch 185
Train:
Target:
0.116353 0.116906
0.244483 0.509491
0.157669 0.190175
Agent:
0.508356 0.515763
0.489346 0.591881
 0.49867 0.551206
DSE:
0.489826 0.489826
0.134647 0.152786
0.211229  0.23292
Val:
Target:
0.238935 0.240262
0.273502 0.555058
0.255052  0.33536
Agent:
0.531707 0.537782
0.490196 0.594116
0.510108 0.564547
DSE:
0.518373 0.518373
0.121168 0.143586
0.196423 0.224881
Epoch 190
Train:
Target:
0.116353 0.116906
0.244483 0.509491
0.157669 0.190175
Agent:
0.508356 0.515763
0.489346 0.591881
 0.49867 0.551206
DSE:
0.489826 0.489826
0.134647 0.152786
0.211229  0.23292
Val:
Target:
0.238935 0.240262
0.273502 0.555058
0.255052  0.33536
Agent:
0.531707 0.537782
0.490196 0.594116
0.510108 0.564547
DSE:
0.518373 0.518373
0.121168 0.143586
0.196423 0.224881
Epoch 195
Train:
Target:
0.116353 0.116906
0.244483 0.509491
0.157669 0.190175
Agent:
0.508356 0.515763
0.489346 0.591881
 0.49867 0.551206
DSE:
0.489826 0.489826
0.134647 0.152786
0.211229  0.23292
Val:
Target:
0.238935 0.240262
0.273502 0.555058
0.255052  0.33536
Agent:
0.531707 0.537782
0.490196 0.594116
0.510108 0.564547
DSE:
0.518373 0.518373
0.121168 0.143586
0.196423 0.224881
Best: 
OCLASS_WEIGHT_TARGET: 0.09
Validation:
Target
0.242472 0.242902
0.311916 0.727395
0.272845 0.364189
Agent
0.538143  0.54434
0.424234 0.535906
0.474447  0.54009
DSE
 0.552941  0.552941
0.0304725 0.0342566
0.0577618 0.0645161
Test:
Target
0.112897 0.113095
0.283796  0.73617
0.161534 0.196069
Agent
0.512224 0.518957
 0.45038 0.557447
0.479315 0.537514
DSE
 0.339623  0.339623
0.0274322 0.0287081
0.0507641 0.0529412
