14492 7352 889
Valid size: 2870
Epoch 0
0.260307 0.241501 0.151109 0.148843 0.0454799 0.0506084
0.173615 0.170171 0.177353 0.199183 0.148467 0.144088 0.0500052 0.0531612
0.143967 0.146289 0.142454 0.144401 0.144721 0.147603 0.0653661 0.0613987
P, R, F1:
1 1
0 0
0 0
P, R, F1:
1 1
0 0
0 0
P, R, F1
1 1
0 0
0 0

Epoch 5
0.698163 0.550565 0.196104 0.167126 0.0454799 0.0506084
0.455931 0.361852 0.461255 0.611374 0.153831 0.150512 0.0500052 0.0531612
0.437711 0.578 0.429466 0.324666 0.170241 0.149264 0.578934 0.408542
P, R, F1:
1 1
0 0
0 0
P, R, F1:
1 1
0 0
0 0
P, R, F1
1 1
0 0
0 0

Epoch 10
0.84155 0.654889 0.214843 0.165497 0.0454799 0.0506084
0.528045 0.409956 0.534443 0.720734 0.159436 0.201017 0.0500052 0.0531612
0.521101 0.703938 0.515672 0.381524 0.238579 0.15235 0.840444 0.573623
P, R, F1:
1 1
0 0
0 0
P, R, F1:
1 1
0 0
0 0
P, R, F1
1 1
0 0
0 0

Epoch 15
0.893553 0.691199 0.223124 0.175471 0.0454799 0.0506084
0.552788 0.425754 0.56255 0.76285 0.161645 0.239923 0.0500052 0.0531612
0.55286 0.758608 0.542522 0.398224 0.319775 0.155274 0.988027 0.637341
P, R, F1:
1 1
0 0
0 0
P, R, F1:
1 1
0 0
0 0
P, R, F1
1 1
0 0
0 0

Epoch 20
0.920684 0.70953 0.227115 0.182424 0.0454799 0.0506084
0.5661 0.433991 0.577311 0.785183 0.162022 0.259648 0.0500052 0.0531612
0.569601 0.787664 0.556104 0.407029 0.37135 0.156447 1.06837 0.663561
P, R, F1:
  0.10495  0.105408
0.0114301 0.0420629
0.0206151 0.0601307
P, R, F1:
0.223005 0.223005
0.011548 0.042077
0.021959 0.070796
P, R, F1
 0.225564  0.225564
0.0162079 0.0595238
0.0302427 0.0941915

Epoch 25
0.93333 0.717608 0.229296 0.18641 0.0454799 0.0506084
0.572423 0.43747 0.583927 0.795872 0.162051 0.26964 0.0500052 0.0531612
0.577756 0.802251 0.56175 0.410875 0.393794 0.156805 1.11495 0.679763
P, R, F1:
 0.109216  0.109814
 0.043988  0.130212
0.0627163  0.119147
P, R, F1:
 0.230577  0.231646
0.0463362  0.138765
0.0771654   0.17356
P, R, F1
 0.204439  0.205607
0.0566804  0.172619
 0.088754  0.187675

Epoch 30
0.941627 0.72297 0.230498 0.18891 0.0454799 0.0506084
0.576801 0.439958 0.588366 0.802744 0.162007 0.275068 0.0500052 0.0531612
0.583063 0.811228 0.565974 0.413839 0.408047 0.156964 1.14152 0.690277
P, R, F1:
 0.111259  0.111881
0.0510652  0.148135
0.0700015   0.12748
P, R, F1:
 0.220366  0.221311
0.0499769  0.147717
0.0814758  0.177176
P, R, F1
 0.208669  0.209677
0.0685789  0.202381
 0.103231  0.205965

Epoch 35
0.946172 0.725847 0.231323 0.190468 0.0454799 0.0506084
0.579269 0.441303 0.590722 0.806538 0.162091 0.278115 0.0500052 0.0531612
0.586042 0.816245 0.56815 0.415387 0.416091 0.157062 1.1563 0.695111
P, R, F1:
 0.111079  0.112454
0.0667798  0.200805
0.0834127  0.144171
P, R, F1:
 0.229292  0.230912
0.0649415  0.207252
 0.101216  0.218443
P, R, F1
 0.205925  0.208092
0.0929148   0.27381
 0.128052   0.23647

