14492 7507 734
Valid size: 2870
Epoch 0
P, R, F1:
1 1
0 0
0 0
P, R, F1:
1 1
0 0
0 0
P, R, F1
1 1
0 0
0 0

Epoch 5
P, R, F1:
0.609865 0.624165
0.423347  0.49382
0.499771 0.551394
P, R, F1:
0.601967 0.614325
0.403606 0.478198
0.483222 0.537781
P, R, F1
0.597337 0.609959
0.389017 0.451411
0.471178 0.518843

Epoch 10
P, R, F1:
0.576772 0.596369
0.560187 0.636197
0.568358  0.61564
P, R, F1:
0.574272 0.591376
0.535284 0.616937
0.554093 0.603886
P, R, F1
0.559103 0.575385
0.521044 0.579937
0.539403 0.577652

Epoch 15
P, R, F1:
0.596048 0.620831
0.589366 0.665802
0.592688 0.642531
P, R, F1:
0.575536 0.599303
0.541388 0.615856
 0.55794 0.607467
P, R, F1
0.562177 0.584475
0.535322 0.597179
0.548421 0.590758

Epoch 20
P, R, F1:
0.631192 0.658533
0.571645 0.639402
0.599945 0.648826
P, R, F1:
0.606782 0.635603
0.529179 0.601802
 0.56533 0.618241
P, R, F1
0.602275 0.624573
0.512218 0.570533
0.553608 0.596331

Epoch 25
P, R, F1:
0.606805 0.636171
0.608725 0.680299
0.607763 0.657496
P, R, F1:
 0.57322 0.602759
0.550912 0.625225
0.561845 0.613786
P, R, F1
0.553506 0.579268
0.534513 0.592476
0.543844 0.585798

Epoch 30
P, R, F1:
 0.60754 0.638544
0.628948 0.701206
0.618058  0.66841
P, R, F1:
0.573494 0.605572
0.571644 0.647568
0.572567 0.625866
P, R, F1
0.559556 0.591528
0.544611 0.611285
0.551983 0.601244

Epoch 35
P, R, F1:
0.611453 0.639591
0.627481 0.698611
0.619363   0.6678
P, R, F1:
0.581475 0.613297
0.571638 0.647928
0.576514 0.630137
P, R, F1
0.560272  0.59168
0.537558 0.600313
 0.54868 0.595965

Epoch 40
P, R, F1:
0.623242 0.650393
0.616655 0.688234
0.619931 0.668779
P, R, F1:
0.587812 0.618302
0.559729 0.635315
0.573427 0.626693
P, R, F1
0.573047      0.6
0.531027 0.595611
0.551237 0.597798

Epoch 45
P, R, F1:
0.607848 0.638658
0.638745 0.708836
0.622914 0.671919
P, R, F1:
0.574689 0.608292
0.581344 0.657658
0.577998 0.632012
P, R, F1
0.546305 0.580357
0.546492 0.611285
0.546398  0.59542

Epoch 50
P, R, F1:
0.630293 0.657823
0.615498 0.687777
0.622807 0.672466
P, R, F1:
0.588479 0.619031
0.559351 0.633514
0.573545 0.626188
P, R, F1
 0.56523 0.595611
0.527239 0.589342
0.545574  0.59246

Epoch 55
P, R, F1:
0.629719 0.656785
0.616894 0.687929
 0.62324 0.671997
P, R, F1:
0.589872 0.621175
0.559651 0.633153
0.574364 0.627107
P, R, F1
0.565547 0.595313
0.528284 0.590909
0.546281 0.593103

Epoch 60
P, R, F1:
0.617254 0.645851
0.632091 0.702579
0.624584 0.673022
P, R, F1:
0.579726 0.611637
0.573211 0.647207
 0.57645  0.62892
P, R, F1
0.555813 0.586826
0.543227 0.609718
0.549448 0.598053

Epoch 65
P, R, F1:
0.615226 0.644444
0.633434 0.703952
0.624197 0.672885
P, R, F1:
0.577401  0.61001
0.576106  0.65045
0.576753 0.629582
P, R, F1
0.553737 0.585949
 0.54597 0.609718
0.549826 0.597597

Epoch 70
P, R, F1:
0.621748  0.65007
0.628384 0.699222
0.625048 0.673751
P, R, F1:
0.581567 0.613621
0.568091 0.642883
 0.57475 0.627911
P, R, F1
0.560461 0.591185
0.535781 0.601881
0.547843 0.596485

Epoch 75
P, R, F1:
0.616846 0.645778
0.632364 0.703189
0.624509 0.673262
P, R, F1:
0.579876 0.612217
0.574713 0.649369
0.577283 0.630246
P, R, F1
0.554316 0.585329
0.542835  0.60815
0.548515 0.596522

Epoch 80
P, R, F1:
0.622116 0.650365
 0.62771 0.698459
  0.6249 0.673555
P, R, F1:
0.581791 0.613933
0.567408 0.641802
 0.57451 0.627558
P, R, F1
 0.56217 0.592988
0.535781 0.601881
0.548658 0.597401

Epoch 85
P, R, F1:
0.620828 0.649265
0.629522 0.700137
0.625144 0.673742
P, R, F1:
0.580666 0.612947
0.570415 0.645045
0.575495 0.628587
P, R, F1
0.560278 0.590909
0.538133 0.603448
0.548982 0.597113

Epoch 90
P, R, F1:
 0.62105 0.649524
   0.629 0.699374
   0.625 0.673528
P, R, F1:
 0.58038 0.612683
0.569682 0.644324
0.574981 0.628106
P, R, F1
0.561314 0.592085
0.536565 0.601881
0.548661 0.596943

Epoch 95
P, R, F1:
0.620971 0.649418
0.628695 0.698917
0.624809 0.673259
P, R, F1:
 0.58038 0.612683
0.569472 0.644324
0.574874 0.628106
P, R, F1
0.560461 0.591185
0.536565 0.601881
0.548253 0.596485

Epoch 100
P, R, F1:
0.621024 0.649467
0.628772 0.699069
0.624874 0.673356
P, R, F1:
0.580578 0.612892
0.569472 0.644324
0.574971 0.628215
P, R, F1
0.560461 0.591185
0.536565 0.601881
0.548253 0.596485

Epoch 105
P, R, F1:
0.621024 0.649467
0.628772 0.699069
0.624874 0.673356
P, R, F1:
0.580578 0.612892
0.569292 0.644324
 0.57488 0.628215
P, R, F1
0.560461 0.591185
0.536565 0.601881
0.548253 0.596485

Epoch 110
P, R, F1:
 0.62085 0.649285
0.628772 0.699069
0.624786 0.673258
P, R, F1:
 0.58038 0.612683
0.569292 0.644324
0.574782 0.628106
P, R, F1
0.560461 0.591185
0.536565 0.601881
0.548253 0.596485

Epoch 115
P, R, F1:
 0.62085 0.649285
0.628772 0.699069
0.624786 0.673258
P, R, F1:
 0.58038 0.612683
0.569292 0.644324
0.574782 0.628106
P, R, F1
0.560461 0.591185
0.536565 0.601881
0.548253 0.596485

Epoch 120
P, R, F1:
0.620937 0.649376
0.628772 0.699069
 0.62483 0.673307
P, R, F1:
 0.58038 0.612683
0.569292 0.644324
0.574782 0.628106
P, R, F1
0.560461 0.591185
0.536565 0.601881
0.548253 0.596485

Epoch 125
P, R, F1:
 0.62085 0.649285
0.628772 0.699069
0.624786 0.673258
P, R, F1:
 0.58038 0.612683
0.569292 0.644324
0.574782 0.628106
P, R, F1
0.560461 0.591185
0.536565 0.601881
0.548253 0.596485

Epoch 130
P, R, F1:
 0.62085 0.649285
0.628772 0.699069
0.624786 0.673258
P, R, F1:
 0.58038 0.612683
0.569292 0.644324
0.574782 0.628106
P, R, F1
0.560461 0.591185
0.536565 0.601881
0.548253 0.596485

Epoch 135
P, R, F1:
 0.62085 0.649285
0.628772 0.699069
0.624786 0.673258
P, R, F1:
 0.58038 0.612683
0.569292 0.644324
0.574782 0.628106
P, R, F1
0.560461 0.591185
0.536565 0.601881
0.548253 0.596485

Epoch 140
P, R, F1:
 0.62085 0.649285
0.628772 0.699069
0.624786 0.673258
P, R, F1:
 0.58038 0.612683
0.569292 0.644324
0.574782 0.628106
P, R, F1
0.560461 0.591185
0.536565 0.601881
0.548253 0.596485

Epoch 145
P, R, F1:
 0.62085 0.649285
0.628772 0.699069
0.624786 0.673258
P, R, F1:
 0.58038 0.612683
0.569292 0.644324
0.574782 0.628106
P, R, F1
0.560461 0.591185
0.536565 0.601881
0.548253 0.596485

Epoch 150
P, R, F1:
 0.62085 0.649285
0.628772 0.699069
0.624786 0.673258
P, R, F1:
 0.58038 0.612683
0.569292 0.644324
0.574782 0.628106
P, R, F1
0.560461 0.591185
0.536565 0.601881
0.548253 0.596485

Epoch 155
P, R, F1:
 0.62085 0.649285
0.628772 0.699069
0.624786 0.673258
P, R, F1:
 0.58038 0.612683
0.569292 0.644324
0.574782 0.628106
P, R, F1
0.560461 0.591185
0.536565 0.601881
0.548253 0.596485

Epoch 160
P, R, F1:
 0.62085 0.649285
0.628772 0.699069
0.624786 0.673258
P, R, F1:
 0.58038 0.612683
0.569292 0.644324
0.574782 0.628106
P, R, F1
0.560461 0.591185
0.536565 0.601881
0.548253 0.596485

Epoch 165
P, R, F1:
 0.62085 0.649285
0.628772 0.699069
0.624786 0.673258
P, R, F1:
 0.58038 0.612683
0.569292 0.644324
0.574782 0.628106
P, R, F1
0.560461 0.591185
0.536565 0.601881
0.548253 0.596485

Epoch 170
P, R, F1:
 0.62085 0.649285
0.628772 0.699069
0.624786 0.673258
P, R, F1:
 0.58038 0.612683
0.569292 0.644324
0.574782 0.628106
P, R, F1
0.560461 0.591185
0.536565 0.601881
0.548253 0.596485

Epoch 175
P, R, F1:
 0.62085 0.649285
0.628772 0.699069
0.624786 0.673258
P, R, F1:
 0.58038 0.612683
0.569292 0.644324
0.574782 0.628106
P, R, F1
0.560461 0.591185
0.536565 0.601881
0.548253 0.596485

Epoch 180
P, R, F1:
 0.62085 0.649285
0.628772 0.699069
0.624786 0.673258
P, R, F1:
 0.58038 0.612683
0.569292 0.644324
0.574782 0.628106
P, R, F1
0.560461 0.591185
0.536565 0.601881
0.548253 0.596485

Epoch 185
P, R, F1:
 0.62085 0.649285
0.628772 0.699069
0.624786 0.673258
P, R, F1:
 0.58038 0.612683
0.569292 0.644324
0.574782 0.628106
P, R, F1
0.560461 0.591185
0.536565 0.601881
0.548253 0.596485

Epoch 190
P, R, F1:
 0.62085 0.649285
0.628772 0.699069
0.624786 0.673258
P, R, F1:
 0.58038 0.612683
0.569292 0.644324
0.574782 0.628106
P, R, F1
0.560461 0.591185
0.536565 0.601881
0.548253 0.596485

Epoch 195
P, R, F1:
 0.62085 0.649285
0.628772 0.699069
0.624786 0.673258
P, R, F1:
 0.58038 0.612683
0.569292 0.644324
0.574782 0.628106
P, R, F1
0.560461 0.591185
0.536565 0.601881
0.548253 0.596485

Best: 
Drop: 0
0.574689 0.608292
0.581344 0.657658
0.577998 0.632012
0.546305 0.580357
0.546492 0.611285
0.546398  0.59542
