14492 7505 727
Valid size: 2889
Epoch 0
P, R, F1:
1 1
0 0
0 0
P, R, F1:
1 1
0 0
0 0
P, R, F1
1 1
0 0
0 0

Epoch 5
P, R, F1:
1 1
0 0
0 0
P, R, F1:
1 1
0 0
0 0
P, R, F1
1 1
0 0
0 0

Epoch 10
P, R, F1:
1 1
0 0
0 0
P, R, F1:
1 1
0 0
0 0
P, R, F1
1 1
0 0
0 0

Epoch 15
P, R, F1:
1 1
0 0
0 0
P, R, F1:
1 1
0 0
0 0
P, R, F1
1 1
0 0
0 0

Epoch 20
P, R, F1:
1 1
0 0
0 0
P, R, F1:
1 1
0 0
0 0
P, R, F1
1 1
0 0
0 0

Epoch 25
P, R, F1:
  0.363429   0.391429
0.00876072   0.030562
  0.017109  0.0566972
P, R, F1:
   0.29312   0.316239
0.00706227  0.0236167
 0.0137922  0.0439512
P, R, F1
 0.317073  0.341463
0.0112601 0.0289017
0.0217478 0.0532927

Epoch 30
P, R, F1:
  0.458636   0.468927
0.00435371   0.017871
0.00862554  0.0344299
P, R, F1:
  0.376138   0.393443
0.00358364  0.0134953
0.00709964  0.0260955
P, R, F1
  0.442708        0.5
0.00770649  0.0202312
 0.0151493  0.0388889

Epoch 35
P, R, F1:
  0.458186   0.469741
0.00780603   0.035224
 0.0153505  0.0655339
P, R, F1:
  0.344286   0.361905
0.00503854  0.0215924
0.00993173  0.0407534
P, R, F1
 0.502874  0.551724
0.0106559 0.0404624
0.0208695 0.0753955

Epoch 40
P, R, F1:
 0.318802  0.359145
0.0740429  0.157731
 0.120175  0.219195
P, R, F1:
 0.278138  0.318003
0.0622284  0.137652
 0.101703  0.192135
P, R, F1
 0.227676  0.263959
0.0609502  0.132948
0.0961583  0.176832

Epoch 45
P, R, F1:
 0.374513  0.402466
0.0406762   0.11137
0.0733823  0.174463
P, R, F1:
 0.291652  0.320641
0.0312632 0.0917679
 0.056473  0.142696
P, R, F1
 0.295605  0.328358
 0.039162  0.106936
0.0691614  0.161332

Epoch 50
P, R, F1:
 0.374396  0.401753
0.0418077  0.110334
0.0752163  0.173123
P, R, F1:
 0.292215  0.321429
0.0324167 0.0870445
0.0583594  0.136991
P, R, F1
 0.317929  0.348485
0.0399488  0.101156
 0.070979  0.156798

Epoch 55
P, R, F1:
 0.340309  0.379154
0.0736818  0.154623
 0.121136  0.219665
P, R, F1:
  0.28095  0.323529
0.0582774  0.133603
0.0965312  0.189112
P, R, F1
 0.237248  0.278947
0.0611584  0.141618
 0.097248  0.187862

Epoch 60
P, R, F1:
 0.354933  0.391206
0.0636166  0.139601
 0.107895  0.205773
P, R, F1:
 0.294579  0.335423
0.0496639  0.119433
0.0849977  0.176146
P, R, F1
 0.272933  0.316456
0.0557792  0.132948
 0.092628  0.187235

Epoch 65
P, R, F1:
 0.366628  0.399443
0.0471718  0.117068
0.0835888  0.181069
P, R, F1:
 0.287132  0.324597
0.0354586 0.0910931
0.0631221  0.142262
P, R, F1
 0.301386  0.343284
0.0434811  0.109827
 0.075998  0.166413

Epoch 70
P, R, F1:
 0.355084  0.390274
0.0559391  0.127169
0.0966519  0.191831
P, R, F1:
 0.296307  0.333333
0.0427291  0.105938
0.0746878  0.160778
P, R, F1
 0.293065  0.335664
0.0507632  0.124277
0.0865369  0.181395

Epoch 75
P, R, F1:
 0.357219  0.391883
0.0543322  0.125356
0.0943188  0.189951
P, R, F1:
0.286461  0.32342
0.040015  0.10054
0.070221 0.153395
P, R, F1
 0.292393  0.338235
0.0494448  0.118497
0.0845858  0.175507

Epoch 80
P, R, F1:
  0.36838  0.402258
0.0489742  0.116291
0.0864547  0.180423
P, R, F1:
 0.283317  0.321932
0.0358402 0.0904184
0.0636309  0.141184
P, R, F1
 0.297146  0.343511
 0.045447  0.109827
0.0788364   0.16644

Epoch 85
P, R, F1:
 0.368587  0.402041
0.0512914  0.119399
0.0900515  0.184118
P, R, F1:
 0.278159  0.316206
0.0370456 0.0924426
0.0653833  0.143061
P, R, F1
 0.297326  0.346154
0.0478705  0.112717
 0.082464  0.170058

Epoch 90
P, R, F1:
 0.368033   0.40146
0.0521801  0.120953
0.0914012  0.185898
P, R, F1:
 0.278711  0.315992
0.0380584 0.0951417
0.0669717  0.146249
P, R, F1
 0.299991  0.348485
0.0489521  0.118497
0.0841696  0.176857

Epoch 95
P, R, F1:
 0.364934  0.398033
0.0530114  0.122507
 0.092575  0.187351
P, R, F1:
 0.277319  0.314672
0.0383198 0.0951417
0.0673352  0.146107
P, R, F1
 0.297735  0.345865
0.0490726  0.118497
0.0842578  0.176517

Epoch 100
P, R, F1:
 0.363583  0.398166
0.0533076  0.123025
0.0929823  0.187971
P, R, F1:
  0.27892  0.316092
0.0387134 0.0964912
0.0679899  0.147849
P, R, F1
 0.302976  0.350746
0.0492102  0.121387
0.0846683  0.180356

Epoch 105
P, R, F1:
 0.364197  0.397377
0.0531741  0.122507
0.0927991  0.187278
P, R, F1:
  0.27658  0.313576
0.0386122 0.0958165
0.0677641  0.146782
P, R, F1
 0.305254  0.353383
0.0492102  0.121387
0.0847567  0.180703

Epoch 110
P, R, F1:
 0.363591  0.396597
0.0532259  0.122507
0.0928583  0.187192
P, R, F1:
 0.277004  0.314176
0.0386572 0.0958165
0.0678461  0.146848
P, R, F1
 0.302976  0.350746
0.0492102  0.121387
0.0846683  0.180356

Epoch 115
P, R, F1:
 0.364007  0.396991
0.0532382  0.122766
0.0928906  0.187538
P, R, F1:
 0.277004  0.314176
0.0386572 0.0958165
0.0678461  0.146848
P, R, F1
 0.302976  0.350746
0.0492102  0.121387
0.0846683  0.180356

Epoch 120
P, R, F1:
 0.364245  0.397251
0.0532382  0.122766
0.0928984  0.187567
P, R, F1:
 0.277004  0.314176
0.0386572 0.0958165
0.0678461  0.146848
P, R, F1
 0.302976  0.350746
0.0492102  0.121387
0.0846683  0.180356

Epoch 125
P, R, F1:
 0.364245  0.397251
0.0532382  0.122766
0.0928984  0.187567
P, R, F1:
 0.277004  0.314176
0.0386572 0.0958165
0.0678461  0.146848
P, R, F1
 0.302976  0.350746
0.0492102  0.121387
0.0846683  0.180356

Epoch 130
P, R, F1:
 0.364245  0.397251
0.0532382  0.122766
0.0928984  0.187567
P, R, F1:
 0.277004  0.314176
0.0386572 0.0958165
0.0678461  0.146848
P, R, F1
 0.302976  0.350746
0.0492102  0.121387
0.0846683  0.180356

Epoch 135
P, R, F1:
 0.364245  0.397251
0.0532382  0.122766
0.0928984  0.187567
P, R, F1:
 0.277004  0.314176
0.0386572 0.0958165
0.0678461  0.146848
P, R, F1
 0.302976  0.350746
0.0492102  0.121387
0.0846683  0.180356

Epoch 140
P, R, F1:
 0.364245  0.397251
0.0532382  0.122766
0.0928984  0.187567
P, R, F1:
 0.277004  0.314176
0.0386572 0.0958165
0.0678461  0.146848
P, R, F1
 0.302976  0.350746
0.0492102  0.121387
0.0846683  0.180356

Epoch 145
P, R, F1:
 0.364245  0.397251
0.0532382  0.122766
0.0928984  0.187567
P, R, F1:
 0.277004  0.314176
0.0386572 0.0958165
0.0678461  0.146848
P, R, F1
 0.302976  0.350746
0.0492102  0.121387
0.0846683  0.180356

Epoch 150
P, R, F1:
 0.364245  0.397251
0.0532382  0.122766
0.0928984  0.187567
P, R, F1:
 0.277004  0.314176
0.0386572 0.0958165
0.0678461  0.146848
P, R, F1
 0.302976  0.350746
0.0492102  0.121387
0.0846683  0.180356

Epoch 155
P, R, F1:
 0.364245  0.397251
0.0532382  0.122766
0.0928984  0.187567
P, R, F1:
 0.277004  0.314176
0.0386572 0.0958165
0.0678461  0.146848
P, R, F1
 0.302976  0.350746
0.0492102  0.121387
0.0846683  0.180356

Epoch 160
P, R, F1:
 0.364245  0.397251
0.0532382  0.122766
0.0928984  0.187567
P, R, F1:
 0.277004  0.314176
0.0386572 0.0958165
0.0678461  0.146848
P, R, F1
 0.302976  0.350746
0.0492102  0.121387
0.0846683  0.180356

Epoch 165
P, R, F1:
 0.364245  0.397251
0.0532382  0.122766
0.0928984  0.187567
P, R, F1:
 0.277004  0.314176
0.0386572 0.0958165
0.0678461  0.146848
P, R, F1
 0.302976  0.350746
0.0492102  0.121387
0.0846683  0.180356

Epoch 170
P, R, F1:
 0.364245  0.397251
0.0532382  0.122766
0.0928984  0.187567
P, R, F1:
 0.277004  0.314176
0.0386572 0.0958165
0.0678461  0.146848
P, R, F1
 0.302976  0.350746
0.0492102  0.121387
0.0846683  0.180356

Epoch 175
P, R, F1:
 0.364245  0.397251
0.0532382  0.122766
0.0928984  0.187567
P, R, F1:
 0.277004  0.314176
0.0386572 0.0958165
0.0678461  0.146848
P, R, F1
 0.302976  0.350746
0.0492102  0.121387
0.0846683  0.180356

Epoch 180
P, R, F1:
 0.364245  0.397251
0.0532382  0.122766
0.0928984  0.187567
P, R, F1:
 0.277004  0.314176
0.0386572 0.0958165
0.0678461  0.146848
P, R, F1
 0.302976  0.350746
0.0492102  0.121387
0.0846683  0.180356

Epoch 185
P, R, F1:
 0.364245  0.397251
0.0532382  0.122766
0.0928984  0.187567
P, R, F1:
 0.277004  0.314176
0.0386572 0.0958165
0.0678461  0.146848
P, R, F1
 0.302976  0.350746
0.0492102  0.121387
0.0846683  0.180356

Epoch 190
P, R, F1:
 0.364245  0.397251
0.0532382  0.122766
0.0928984  0.187567
P, R, F1:
 0.277004  0.314176
0.0386572 0.0958165
0.0678461  0.146848
P, R, F1
 0.302976  0.350746
0.0492102  0.121387
0.0846683  0.180356

Epoch 195
P, R, F1:
 0.364245  0.397251
0.0532382  0.122766
0.0928984  0.187567
P, R, F1:
 0.277004  0.314176
0.0386572 0.0958165
0.0678461  0.146848
P, R, F1
 0.302976  0.350746
0.0492102  0.121387
0.0846683  0.180356

Best: 
Drop: 0
 0.278138  0.318003
0.0622284  0.137652
 0.101703  0.192135
 0.227676  0.263959
0.0609502  0.132948
0.0961583  0.176832
