14492 7507 734
Valid size: 2870
Epoch 0
Train:
Target:
0.0981783  0.112966
 0.311483  0.556111
 0.149298  0.187786
Agent:
0.743455 0.743979
0.154828 0.189676
0.256284 0.302285
DSE:
0.554597 0.598176
 0.66693 0.730495
0.605598 0.657747
Val:
Target:
0.180433 0.209555
0.306668 0.540286
0.227193 0.301983
Agent:
0.720798 0.720798
0.134113 0.158494
0.226148 0.259851
DSE:
0.530038 0.577028
0.610033 0.683673
0.567229  0.62584
Epoch 5
Train:
Target:
0.127527  0.13912
0.506436 0.754579
0.203748 0.234927
Agent:
 0.57088 0.581999
0.465451 0.568356
0.512803 0.575097
DSE:
0.536892 0.568812
0.649395 0.728328
0.587809 0.638762
Val:
Target:
0.232158 0.252715
0.495354 0.751119
0.316147 0.378188
Agent:
0.586617 0.598712
 0.46313 0.567226
0.517611 0.582544
DSE:
  0.5137 0.545102
0.603407 0.689869
0.554952 0.609001
Epoch 10
Train:
Target:
0.129502  0.14418
0.550901 0.758575
0.209707 0.242305
Agent:
 0.57137 0.583519
0.510947 0.608818
0.539472 0.595901
DSE:
0.523998 0.566314
0.657142 0.733901
0.583066 0.639307
Val:
Target:
0.231891 0.259006
0.541449 0.753357
0.324714 0.385482
Agent:
0.579511 0.590999
0.507512 0.603923
0.541127 0.597391
DSE:
 0.50348 0.546978
0.615258 0.699708
0.553785 0.613988
Epoch 15
Train:
Target:
 0.12009 0.137726
0.624264   0.8002
0.201431 0.235004
Agent:
0.560034 0.573935
0.545221 0.641887
0.552528 0.606012
DSE:
0.521682 0.568514
0.657562 0.732663
0.581794 0.640235
Val:
Target:
0.219205 0.253093
0.618511 0.796329
0.323691 0.384108
Agent:
0.569771 0.582955
0.541267 0.633344
0.555153 0.607106
DSE:
0.499954 0.545631
0.611824 0.694242
0.550261  0.61103
Epoch 20
Train:
Target:
0.116509 0.139022
0.651527 0.805528
0.197669 0.237121
Agent:
0.571383  0.58443
0.545274 0.641618
0.558023 0.611691
DSE:
0.530554 0.574217
0.650708  0.72709
 0.58452 0.641674
Val:
Target:
0.218432 0.261337
0.637851 0.794539
0.325423 0.393309
Agent:
0.580474 0.593665
0.544278 0.637773
0.561793 0.614929
DSE:
0.506579 0.550168
0.604591 0.687318
0.551262 0.611143
Epoch 25
Train:
Target:
0.124269 0.144835
0.603183 0.774226
0.206081 0.244021
Agent:
0.558878 0.573755
0.567525 0.661648
0.563168 0.614575
DSE:
0.530231 0.575943
0.651659 0.727245
0.584707  0.64281
Val:
Target:
 0.23007 0.268483
 0.59318 0.768577
0.331547 0.397952
Agent:
0.570296 0.585158
0.562655 0.656121
 0.56645 0.618612
DSE:
0.506734 0.552357
0.604158 0.686589
0.551174 0.612201
Epoch 30
Train:
Target:
 0.12065 0.142704
0.630135 0.790543
0.202524 0.241765
Agent:
0.553726 0.569093
0.574347 0.668235
0.563848 0.614692
DSE:
0.527885 0.574403
 0.65303 0.728638
0.583827 0.642393
Val:
Target:
0.224396  0.26543
0.613545 0.779767
0.328608 0.396047
Agent:
0.568113 0.583079
0.569723 0.663714
0.568917 0.620789
DSE:
0.503825 0.550464
0.605466 0.687318
0.549989 0.611325
Epoch 35
Train:
Target:
0.123249 0.144877
0.613773 0.778555
0.205277 0.244295
Agent:
0.570004 0.584205
0.561446 0.656137
0.565693 0.618085
DSE:
0.527514 0.574608
0.653391 0.728638
0.583744  0.64252
Val:
Target:
0.227749 0.268396
0.599225 0.767234
0.330053 0.397676
Agent:
0.582706 0.596868
0.558848 0.652009
0.570528 0.623221
DSE:
0.503667   0.5509
0.605365 0.688411
0.549853 0.612027
Epoch 40
Train:
Target:
0.123202 0.144809
0.613648 0.777889
0.205205 0.244165
Agent:
0.568833 0.583196
0.564208 0.658153
0.566511 0.618412
DSE:
0.529026 0.575576
0.651286  0.72678
0.583824 0.642401
Val:
Target:
0.228945 0.269783
0.600242 0.767681
0.331463 0.399257
Agent:
0.581922   0.5962
0.561872 0.655172
0.571722 0.624296
DSE:
0.505108 0.551481
0.603864 0.686224
0.550089 0.611518
Epoch 45
Train:
Target:
0.123431 0.145071
0.613252 0.777556
0.205501 0.244521
Agent:
 0.57273 0.586976
0.560936 0.655196
0.566772 0.619212
DSE:
 0.52755  0.57463
0.651874 0.727245
 0.58316 0.641992
Val:
Target:
0.228943  0.26983
0.598884 0.766786
0.331254 0.399187
Agent:
0.585852 0.599947
0.558929 0.652325
0.572074 0.625041
DSE:
0.504399 0.551015
0.604505 0.686589
0.549933 0.611376
Epoch 50
Train:
Target:
0.124167 0.145632
0.610525 0.775558
0.206365 0.245218
Agent:
0.574037 0.588111
0.559437 0.653314
0.566643    0.619
DSE:
0.526747 0.574224
0.652713 0.728019
0.583003  0.64204
Val:
Target:
0.229016 0.269537
0.595969 0.764996
0.330882 0.398624
Agent:
0.586742 0.600752
0.557963 0.650743
0.571991 0.624749
DSE:
0.504641 0.551268
0.605143 0.687318
0.550341 0.611821
Epoch 55
Train:
Target:
0.124274 0.145737
0.609453 0.774559
0.206451 0.245316
Agent:
0.575085 0.589176
0.559011 0.652776
0.566934 0.619347
DSE:
  0.5279  0.57505
0.652158 0.727709
0.583487 0.642435
Val:
Target:
 0.22947 0.269974
0.595434 0.764548
0.331273  0.39904
Agent:
0.587327 0.601346
0.557396 0.650111
 0.57197 0.624778
DSE:
 0.50502 0.551452
 0.60496 0.686953
0.550491  0.61179
Epoch 60
Train:
Target:
0.124459 0.145911
 0.60885 0.774226
0.206672 0.245547
Agent:
0.575934 0.590002
0.558732 0.652238
0.567203 0.619561
DSE:
0.527606 0.574933
0.652132 0.727554
0.583297 0.642301
Val:
Target:
0.229042  0.26935
0.594477 0.763653
0.330679 0.398237
Agent:
 0.58765 0.601565
0.556763 0.649162
 0.57179 0.624457
DSE:
0.505163 0.551607
 0.60496 0.686953
0.550576 0.611885
Epoch 65
Train:
Target:
0.124357  0.14579
0.607992 0.772561
0.206481 0.245291
Agent:
0.575822  0.58989
0.558694 0.652238
0.567128 0.619499
DSE:
0.527486 0.574865
0.652558 0.727864
0.583394  0.64238
Val:
Target:
0.229669 0.270103
0.594926 0.763653
0.331402 0.399059
Agent:
0.587966 0.601887
0.557159 0.649794
0.572148 0.624924
DSE:
0.504882 0.551481
0.604596 0.686589
0.550258 0.611663
Epoch 70
Train:
Target:
0.124583  0.14602
0.607593 0.772561
 0.20677 0.245617
Agent:
0.576321 0.590399
0.558646 0.652104
0.567346 0.619719
DSE:
0.527551 0.574883
0.652184 0.727554
0.583284  0.64227
Val:
Target:
0.229349 0.269767
0.594656 0.762757
0.331026 0.398571
Agent:
 0.58822 0.602159
0.557069 0.649478
0.572221 0.624924
DSE:
0.505167 0.551792
0.604596 0.686589
0.550427 0.611854
Epoch 75
Train:
Target:
0.124436  0.14586
0.608117 0.772561
0.206597  0.24539
Agent:
0.576145 0.590221
0.558716 0.652373
0.567296 0.619742
DSE:
0.527606 0.574933
 0.65239 0.727709
  0.5834 0.642362
Val:
Target:
0.229319 0.269777
0.594755 0.762757
 0.33101 0.398581
Agent:
0.588442 0.602374
0.557211 0.649794
0.572401 0.625186
DSE:
0.505167 0.551792
0.604596 0.686589
0.550427 0.611854
Epoch 80
Train:
Target:
0.124618 0.146057
 0.60741 0.772228
0.206807 0.245652
Agent:
 0.57608 0.590155
0.558716 0.652373
0.567265 0.619706
DSE:
0.527489 0.574815
0.652184 0.727554
0.583246 0.642228
Val:
Target:
0.229472   0.2698
0.594518 0.762757
0.331133 0.398606
Agent:
0.588331 0.602267
0.556895 0.649478
0.572181 0.624982
DSE:
0.505026 0.551792
0.604596 0.686589
0.550344 0.611854
Epoch 85
Train:
Target:
0.124648 0.146093
0.607348 0.772228
0.206845 0.245702
Agent:
0.576128 0.590201
0.558761 0.652373
0.567311 0.619731
DSE:
0.527613  0.57495
0.652184 0.727554
0.583322 0.642312
Val:
Target:
0.229507 0.269864
0.594308 0.762757
0.331137 0.398676
Agent:
0.588442 0.602374
0.557211 0.649794
0.572401 0.625186
DSE:
0.505026 0.551792
0.604596 0.686589
0.550344 0.611854
Epoch 90
Train:
Target:
0.124502 0.145952
0.607876 0.772561
0.206674 0.245521
Agent:
0.575968 0.590043
0.558694 0.652238
0.567199 0.619583
DSE:
0.527545 0.574865
0.652339 0.727709
0.583342  0.64232
Val:
Target:
0.229456 0.269887
0.595088 0.763205
0.331205 0.398762
Agent:
0.588442 0.602374
0.557211 0.649794
0.572401 0.625186
DSE:
0.505026 0.551792
0.604596 0.686589
0.550344 0.611854
Epoch 95
Train:
Target:
0.124486 0.145931
 0.60796 0.772561
0.206656 0.245491
Agent:
0.575968 0.590043
0.558694 0.652238
0.567199 0.619583
DSE:
0.527545 0.574865
0.652339 0.727709
0.583342  0.64232
Val:
Target:
0.229475 0.269919
0.595122 0.763205
 0.33123 0.398797
Agent:
0.588442 0.602374
0.557211 0.649794
0.572401 0.625186
DSE:
0.504884 0.551637
0.604596 0.686589
0.550259 0.611759
Epoch 100
Train:
Target:
0.124494 0.145945
0.607876 0.772561
0.206664 0.245511
Agent:
0.575968 0.590043
0.558694 0.652238
0.567199 0.619583
DSE:
0.527545 0.574865
0.652339 0.727709
0.583342  0.64232
Val:
Target:
0.229456 0.269887
0.595088 0.763205
0.331205 0.398762
Agent:
0.588442 0.602374
0.557211 0.649794
0.572401 0.625186
DSE:
0.504884 0.551637
0.604596 0.686589
0.550259 0.611759
Epoch 105
Train:
Target:
0.124494 0.145945
0.607876 0.772561
0.206664 0.245511
Agent:
0.575968 0.590043
0.558649 0.652238
0.567176 0.619583
DSE:
0.527606 0.574933
0.652339 0.727709
 0.58338 0.642362
Val:
Target:
0.229429 0.269855
0.595088 0.763205
0.331176 0.398727
Agent:
0.588442 0.602374
0.557211 0.649794
0.572401 0.625186
DSE:
0.504884 0.551637
0.604596 0.686589
0.550259 0.611759
Epoch 110
Train:
Target:
0.124459 0.145911
 0.60771 0.772228
0.206605 0.245445
Agent:
0.575968 0.590043
0.558649 0.652238
0.567176 0.619583
DSE:
0.527606 0.574933
0.652339 0.727709
 0.58338 0.642362
Val:
Target:
0.229456 0.269887
0.595088 0.763205
0.331205 0.398762
Agent:
0.588442 0.602374
0.557211 0.649794
0.572401 0.625186
DSE:
0.505169 0.551948
0.604596 0.686589
0.550428  0.61195
Epoch 115
Train:
Target:
0.124459 0.145911
 0.60771 0.772228
0.206605 0.245445
Agent:
0.576015 0.590089
0.558649 0.652238
0.567199 0.619609
DSE:
0.527606 0.574933
0.652339 0.727709
 0.58338 0.642362
Val:
Target:
0.229337 0.269767
0.595074 0.763205
0.331078 0.398632
Agent:
0.588442 0.602374
0.557211 0.649794
0.572401 0.625186
DSE:
0.505026 0.551792
0.604596 0.686589
0.550344 0.611854
Epoch 120
Train:
Target:
0.124453 0.145903
 0.60771 0.772228
0.206597 0.245435
Agent:
0.576015 0.590089
0.558649 0.652238
0.567199 0.619609
DSE:
0.527606 0.574933
0.652339 0.727709
 0.58338 0.642362
Val:
Target:
0.229334 0.269767
0.595044 0.763205
0.331071 0.398632
Agent:
0.588442 0.602374
0.557211 0.649794
0.572401 0.625186
DSE:
0.505026 0.551792
0.604596 0.686589
0.550344 0.611854
Epoch 125
Train:
Target:
0.124453 0.145903
 0.60771 0.772228
0.206597 0.245435
Agent:
0.576015 0.590089
0.558649 0.652238
0.567199 0.619609
DSE:
0.527606 0.574933
0.652339 0.727709
 0.58338 0.642362
Val:
Target:
0.229334 0.269767
0.595044 0.763205
0.331071 0.398632
Agent:
0.588442 0.602374
0.557211 0.649794
0.572401 0.625186
DSE:
0.505026 0.551792
0.604596 0.686589
0.550344 0.611854
Epoch 130
Train:
Target:
0.124459 0.145911
 0.60771 0.772228
0.206605 0.245445
Agent:
0.576015 0.590089
0.558649 0.652238
0.567199 0.619609
DSE:
0.527606 0.574933
0.652339 0.727709
 0.58338 0.642362
Val:
Target:
0.229334 0.269767
0.595044 0.763205
0.331071 0.398632
Agent:
0.588442 0.602374
0.557211 0.649794
0.572401 0.625186
DSE:
0.505169 0.551948
0.604596 0.686589
0.550428  0.61195
Epoch 135
Train:
Target:
0.124465 0.145918
 0.60771 0.772228
0.206614 0.245455
Agent:
0.576015 0.590089
0.558649 0.652238
0.567199 0.619609
DSE:
0.527606 0.574933
0.652339 0.727709
 0.58338 0.642362
Val:
Target:
0.229334 0.269767
0.595044 0.763205
0.331071 0.398632
Agent:
0.588442 0.602374
0.557211 0.649794
0.572401 0.625186
DSE:
0.505169 0.551948
0.604596 0.686589
0.550428  0.61195
Epoch 140
Train:
Target:
0.124465 0.145918
 0.60771 0.772228
0.206614 0.245455
Agent:
0.576015 0.590089
0.558649 0.652238
0.567199 0.619609
DSE:
0.527606 0.574933
0.652339 0.727709
 0.58338 0.642362
Val:
Target:
0.229334 0.269767
0.595044 0.763205
0.331071 0.398632
Agent:
0.588442 0.602374
0.557211 0.649794
0.572401 0.625186
DSE:
0.505169 0.551948
0.604596 0.686589
0.550428  0.61195
Epoch 145
Train:
Target:
0.124459 0.145911
 0.60771 0.772228
0.206605 0.245445
Agent:
0.576015 0.590089
0.558649 0.652238
0.567199 0.619609
DSE:
0.527606 0.574933
0.652339 0.727709
 0.58338 0.642362
Val:
Target:
0.229334 0.269767
0.595044 0.763205
0.331071 0.398632
Agent:
0.588442 0.602374
0.557211 0.649794
0.572401 0.625186
DSE:
0.505169 0.551948
0.604596 0.686589
0.550428  0.61195
Epoch 150
Train:
Target:
0.124459 0.145911
 0.60771 0.772228
0.206605 0.245445
Agent:
0.576015 0.590089
0.558649 0.652238
0.567199 0.619609
DSE:
0.527606 0.574933
0.652339 0.727709
 0.58338 0.642362
Val:
Target:
0.229334 0.269767
0.595044 0.763205
0.331071 0.398632
Agent:
0.588442 0.602374
0.557211 0.649794
0.572401 0.625186
DSE:
0.505169 0.551948
0.604596 0.686589
0.550428  0.61195
Epoch 155
Train:
Target:
0.124465 0.145918
 0.60771 0.772228
0.206614 0.245455
Agent:
0.576015 0.590089
0.558649 0.652238
0.567199 0.619609
DSE:
0.527606 0.574933
0.652339 0.727709
 0.58338 0.642362
Val:
Target:
0.229334 0.269767
0.595044 0.763205
0.331071 0.398632
Agent:
0.588442 0.602374
0.557211 0.649794
0.572401 0.625186
DSE:
0.505169 0.551948
0.604596 0.686589
0.550428  0.61195
Epoch 160
Train:
Target:
0.124465 0.145918
 0.60771 0.772228
0.206614 0.245455
Agent:
0.576015 0.590089
0.558649 0.652238
0.567199 0.619609
DSE:
0.527606 0.574933
0.652339 0.727709
 0.58338 0.642362
Val:
Target:
0.229334 0.269767
0.595044 0.763205
0.331071 0.398632
Agent:
0.588442 0.602374
0.557211 0.649794
0.572401 0.625186
DSE:
0.505169 0.551948
0.604596 0.686589
0.550428  0.61195
Epoch 165
Train:
Target:
0.124465 0.145918
 0.60771 0.772228
0.206614 0.245455
Agent:
0.576015 0.590089
0.558649 0.652238
0.567199 0.619609
DSE:
0.527606 0.574933
0.652339 0.727709
 0.58338 0.642362
Val:
Target:
0.229334 0.269767
0.595044 0.763205
0.331071 0.398632
Agent:
0.588442 0.602374
0.557211 0.649794
0.572401 0.625186
DSE:
0.505169 0.551948
0.604596 0.686589
0.550428  0.61195
Epoch 170
Train:
Target:
0.124465 0.145918
 0.60771 0.772228
0.206614 0.245455
Agent:
0.576015 0.590089
0.558649 0.652238
0.567199 0.619609
DSE:
0.527606 0.574933
0.652339 0.727709
 0.58338 0.642362
Val:
Target:
0.229334 0.269767
0.595044 0.763205
0.331071 0.398632
Agent:
0.588442 0.602374
0.557211 0.649794
0.572401 0.625186
DSE:
0.505169 0.551948
0.604596 0.686589
0.550428  0.61195
Epoch 175
Train:
Target:
0.124465 0.145918
 0.60771 0.772228
0.206614 0.245455
Agent:
0.576015 0.590089
0.558649 0.652238
0.567199 0.619609
DSE:
0.527606 0.574933
0.652339 0.727709
 0.58338 0.642362
Val:
Target:
0.229334 0.269767
0.595044 0.763205
0.331071 0.398632
Agent:
0.588442 0.602374
0.557211 0.649794
0.572401 0.625186
DSE:
0.505169 0.551948
0.604596 0.686589
0.550428  0.61195
Epoch 180
Train:
Target:
0.124465 0.145918
 0.60771 0.772228
0.206614 0.245455
Agent:
0.576015 0.590089
0.558649 0.652238
0.567199 0.619609
DSE:
0.527606 0.574933
0.652339 0.727709
 0.58338 0.642362
Val:
Target:
0.229334 0.269767
0.595044 0.763205
0.331071 0.398632
Agent:
0.588442 0.602374
0.557211 0.649794
0.572401 0.625186
DSE:
0.505169 0.551948
0.604596 0.686589
0.550428  0.61195
Epoch 185
Train:
Target:
0.124465 0.145918
 0.60771 0.772228
0.206614 0.245455
Agent:
0.576015 0.590089
0.558649 0.652238
0.567199 0.619609
DSE:
0.527606 0.574933
0.652339 0.727709
 0.58338 0.642362
Val:
Target:
0.229334 0.269767
0.595044 0.763205
0.331071 0.398632
Agent:
0.588442 0.602374
0.557211 0.649794
0.572401 0.625186
DSE:
0.505169 0.551948
0.604596 0.686589
0.550428  0.61195
Epoch 190
Train:
Target:
0.124465 0.145918
 0.60771 0.772228
0.206614 0.245455
Agent:
0.576015 0.590089
0.558649 0.652238
0.567199 0.619609
DSE:
0.527606 0.574933
0.652339 0.727709
 0.58338 0.642362
Val:
Target:
0.229334 0.269767
0.595044 0.763205
0.331071 0.398632
Agent:
0.588442 0.602374
0.557211 0.649794
0.572401 0.625186
DSE:
0.505169 0.551948
0.604596 0.686589
0.550428  0.61195
Epoch 195
Train:
Target:
0.124465 0.145918
 0.60771 0.772228
0.206614 0.245455
Agent:
0.576015 0.590089
0.558649 0.652238
0.567199 0.619609
DSE:
0.527606 0.574933
0.652339 0.727709
 0.58338 0.642362
Val:
Target:
0.229334 0.269767
0.595044 0.763205
0.331071 0.398632
Agent:
0.588442 0.602374
0.557211 0.649794
0.572401 0.625186
DSE:
0.505169 0.551948
0.604596 0.686589
0.550428  0.61195
Best: 
OCLASS_WEIGHT_TARGET: 0.09
Validation:
Target
 0.23007 0.268483
 0.59318 0.768577
0.331547 0.397952
Agent
0.570296 0.585158
0.562655 0.656121
 0.56645 0.618612
DSE
0.506734 0.552357
0.604158 0.686589
0.551174 0.612201
Test:
Target
0.116232 0.133239
0.647762 0.834043
0.197098 0.229771
Agent
0.522262 0.535789
0.573085 0.669504
0.546494 0.595229
DSE
0.495462 0.539855
0.605958 0.682616
0.545168   0.6029
