14492 7507 734
Valid size: 2870
Epoch 0
P, R, F1:
1 1
0 0
0 0
P, R, F1:
1 1
0 0
0 0
P, R, F1
1 1
0 0
0 0

Epoch 5
P, R, F1:
0.501758 0.517982
0.531427  0.61468
0.516166 0.562203
P, R, F1:
0.504373 0.520439
0.515836 0.606847
 0.51004 0.560331
P, R, F1
0.469856 0.487549
0.512946 0.583072
0.490456 0.531049

Epoch 10
P, R, F1:
0.621715 0.639485
0.518933 0.607661
0.565693 0.623167
P, R, F1:
0.609014 0.623985
 0.48511 0.576216
0.540046  0.59915
P, R, F1
0.588268 0.602369
0.473918 0.550157
0.524938  0.57508

Epoch 15
P, R, F1:
0.624263 0.654874
0.551617 0.624447
0.585696 0.639299
P, R, F1:
0.595583  0.62601
0.507688 0.585225
0.548134 0.604931
P, R, F1
0.565221 0.590835
0.508871 0.567398
0.535568 0.578879

Epoch 20
P, R, F1:
0.633406 0.665523
0.580156 0.651763
0.605613 0.658571
P, R, F1:
0.598776 0.630764
0.535499 0.614054
0.565372 0.622297
P, R, F1
0.576737 0.605816
0.523317 0.587774
 0.54873 0.596659

Epoch 25
P, R, F1:
0.645723 0.672395
0.586731 0.659087
0.614815 0.665675
P, R, F1:
0.604894 0.633096
0.532842 0.605405
0.566587 0.618941
P, R, F1
0.577408 0.603896
0.522011 0.579937
0.548314 0.591674

Epoch 30
P, R, F1:
0.657373 0.679655
0.571889 0.643369
0.611659 0.661015
P, R, F1:
0.617139 0.644427
0.515931 0.587748
0.562015 0.614784
P, R, F1
0.592981 0.619128
0.516682   0.5721
0.552208 0.594686

Epoch 35
P, R, F1:
0.620074 0.650866
0.638337 0.711125
0.629073 0.679662
P, R, F1:
0.577571 0.612655
0.576981 0.654775
0.577276 0.633015
P, R, F1
0.547721 0.575499
 0.57316 0.630094
0.560152  0.60156

Epoch 40
P, R, F1:
 0.63756 0.668681
0.618971  0.68854
0.628128 0.678465
P, R, F1:
0.591548 0.628633
0.556407 0.629189
 0.57344 0.628911
P, R, F1
0.562946 0.594268
0.556441 0.612853
0.559675 0.603418

Epoch 45
P, R, F1:
0.623872 0.654642
0.639481 0.709904
 0.63158 0.681154
P, R, F1:
0.579701 0.615593
0.577084 0.651171
 0.57839 0.632883
P, R, F1
0.552357 0.582857
0.576687 0.634796
 0.56426 0.607719

Epoch 50
P, R, F1:
0.622109 0.654422
0.645707  0.71494
0.633689 0.683344
P, R, F1:
 0.57373 0.612011
0.577701 0.649369
0.575709 0.630137
P, R, F1
0.547393  0.57932
0.573925 0.633229
0.560345 0.605076

Epoch 55
P, R, F1:
0.624141 0.655486
0.640587 0.709904
0.632257  0.68161
P, R, F1:
0.576913 0.613737
0.574771 0.646126
 0.57584 0.629515
P, R, F1
0.549052 0.578947
0.571294 0.630094
0.559952 0.603439

Epoch 60
P, R, F1:
0.621006 0.653435
0.645374 0.714329
0.632955 0.682527
P, R, F1:
0.575274 0.613306
0.579399  0.64973
0.577329 0.630993
P, R, F1
0.546378 0.578125
0.573795 0.631661
0.559751 0.603709

Epoch 65
P, R, F1:
0.629667 0.660364
0.634157 0.703037
0.631904 0.681033
P, R, F1:
0.580538 0.617881
0.569471     0.64
0.574951 0.628746
P, R, F1
0.551351 0.581766
0.565547 0.625392
0.558359  0.60279

Epoch 70
P, R, F1:
0.628301  0.65981
0.635824 0.704715
 0.63204 0.681524
P, R, F1:
0.579139 0.616415
0.571281 0.641441
0.575183 0.628679
P, R, F1
0.550096 0.581295
0.567114 0.626959
0.558476 0.603264

Epoch 75
P, R, F1:
0.626529 0.658457
0.636765 0.704868
0.631606 0.680873
P, R, F1:
0.578627 0.616335
0.572546 0.642523
 0.57557 0.629156
P, R, F1
0.549164 0.580229
0.567562 0.626959
0.558212  0.60269

Epoch 80
P, R, F1:
 0.62812 0.659574
0.636108 0.704715
0.632089 0.681398
P, R, F1:
0.579199 0.616678
0.572001 0.642162
0.575578 0.629162
P, R, F1
0.549306  0.58046
0.567114 0.626959
0.558068 0.602814

Epoch 85
P, R, F1:
0.626694 0.658371
0.637388 0.705784
0.631996 0.681253
P, R, F1:
 0.57943 0.616941
0.572662 0.642883
0.576026 0.629645
P, R, F1
0.549164 0.580229
0.567562 0.626959
0.558212  0.60269

Epoch 90
P, R, F1:
 0.62727 0.658882
 0.63695 0.705478
0.632073 0.681384
P, R, F1:
0.579087 0.616598
0.572422 0.642523
0.575735 0.629293
P, R, F1
0.549952 0.581062
0.567562 0.626959
0.558618 0.603139

Epoch 95
P, R, F1:
0.627227 0.658834
0.637083 0.705478
0.632116 0.681359
P, R, F1:
0.579087 0.616598
0.572614 0.642523
0.575833 0.629293
P, R, F1
0.549952 0.581062
0.567562 0.626959
0.558618 0.603139

Epoch 100
P, R, F1:
0.627352 0.658972
0.636976 0.705326
0.632127 0.681361
P, R, F1:
0.578943 0.616467
0.572434 0.642162
 0.57567 0.629052
P, R, F1
0.549952 0.581062
0.567562 0.626959
0.558618 0.603139

Epoch 105
P, R, F1:
0.627388 0.659017
0.636785 0.705173
0.632052 0.681314
P, R, F1:
0.578943 0.616467
0.572434 0.642162
 0.57567 0.629052
P, R, F1
0.549952 0.581062
0.567562 0.626959
0.558618 0.603139

Epoch 110
P, R, F1:
0.627378 0.659017
0.636658 0.705021
0.631984 0.681243
P, R, F1:
0.578943 0.616467
0.572434 0.642162
 0.57567 0.629052
P, R, F1
0.549952 0.581062
0.567562 0.626959
0.558618 0.603139

Epoch 115
P, R, F1:
0.627378 0.659017
0.636658 0.705021
0.631984 0.681243
P, R, F1:
0.578802 0.616255
0.572362 0.642162
0.575564 0.628942
P, R, F1
0.549952 0.581062
0.567562 0.626959
0.558618 0.603139

Epoch 120
P, R, F1:
0.627467  0.65911
0.636658 0.705021
0.632029 0.681293
P, R, F1:
0.578802 0.616255
0.572362 0.642162
0.575564 0.628942
P, R, F1
0.549952 0.581062
0.567562 0.626959
0.558618 0.603139

Epoch 125
P, R, F1:
0.627335 0.658969
0.636658 0.705021
0.631962 0.681217
P, R, F1:
0.578802 0.616255
0.572434 0.642162
  0.5756 0.628942
P, R, F1
0.549952 0.581062
0.567562 0.626959
0.558618 0.603139

Epoch 130
P, R, F1:
0.627335 0.658969
0.636658 0.705021
0.631962 0.681217
P, R, F1:
0.578802 0.616255
0.572434 0.642162
  0.5756 0.628942
P, R, F1
0.549952 0.581062
0.567562 0.626959
0.558618 0.603139

Epoch 135
P, R, F1:
0.627424 0.659062
0.636658 0.705021
0.632007 0.681267
P, R, F1:
0.578802 0.616255
0.572434 0.642162
  0.5756 0.628942
P, R, F1
0.549952 0.581062
0.567562 0.626959
0.558618 0.603139

Epoch 140
P, R, F1:
0.627467  0.65911
0.636658 0.705021
0.632029 0.681293
P, R, F1:
0.578802 0.616255
0.572434 0.642162
  0.5756 0.628942
P, R, F1
0.549952 0.581062
0.567562 0.626959
0.558618 0.603139

Epoch 145
P, R, F1:
0.627424 0.659062
0.636658 0.705021
0.632007 0.681267
P, R, F1:
0.578802 0.616255
0.572434 0.642162
  0.5756 0.628942
P, R, F1
0.549952 0.581062
0.567562 0.626959
0.558618 0.603139

Epoch 150
P, R, F1:
0.627424 0.659062
0.636658 0.705021
0.632007 0.681267
P, R, F1:
0.578802 0.616255
0.572434 0.642162
  0.5756 0.628942
P, R, F1
0.549952 0.581062
0.567562 0.626959
0.558618 0.603139

Epoch 155
P, R, F1:
0.627424 0.659062
0.636658 0.705021
0.632007 0.681267
P, R, F1:
0.578802 0.616255
0.572434 0.642162
  0.5756 0.628942
P, R, F1
0.549952 0.581062
0.567562 0.626959
0.558618 0.603139

Epoch 160
P, R, F1:
0.627424 0.659062
0.636658 0.705021
0.632007 0.681267
P, R, F1:
0.578802 0.616255
0.572434 0.642162
  0.5756 0.628942
P, R, F1
0.549952 0.581062
0.567562 0.626959
0.558618 0.603139

Epoch 165
P, R, F1:
0.627424 0.659062
0.636658 0.705021
0.632007 0.681267
P, R, F1:
0.578802 0.616255
0.572434 0.642162
  0.5756 0.628942
P, R, F1
0.549952 0.581062
0.567562 0.626959
0.558618 0.603139

Epoch 170
P, R, F1:
0.627424 0.659062
0.636658 0.705021
0.632007 0.681267
P, R, F1:
0.578802 0.616255
0.572434 0.642162
  0.5756 0.628942
P, R, F1
0.549952 0.581062
0.567562 0.626959
0.558618 0.603139

Epoch 175
P, R, F1:
0.627424 0.659062
0.636658 0.705021
0.632007 0.681267
P, R, F1:
0.578802 0.616255
0.572434 0.642162
  0.5756 0.628942
P, R, F1
0.549952 0.581062
0.567562 0.626959
0.558618 0.603139

Epoch 180
P, R, F1:
0.627424 0.659062
0.636658 0.705021
0.632007 0.681267
P, R, F1:
0.578802 0.616255
0.572434 0.642162
  0.5756 0.628942
P, R, F1
0.549952 0.581062
0.567562 0.626959
0.558618 0.603139

Epoch 185
P, R, F1:
0.627424 0.659062
0.636658 0.705021
0.632007 0.681267
P, R, F1:
0.578802 0.616255
0.572434 0.642162
  0.5756 0.628942
P, R, F1
0.549952 0.581062
0.567562 0.626959
0.558618 0.603139

Epoch 190
P, R, F1:
0.627424 0.659062
0.636658 0.705021
0.632007 0.681267
P, R, F1:
0.578802 0.616255
0.572434 0.642162
  0.5756 0.628942
P, R, F1
0.549952 0.581062
0.567562 0.626959
0.558618 0.603139

Epoch 195
P, R, F1:
0.627424 0.659062
0.636658 0.705021
0.632007 0.681267
P, R, F1:
0.578802 0.616255
0.572434 0.642162
  0.5756 0.628942
P, R, F1
0.549952 0.581062
0.567562 0.626959
0.558618 0.603139

Best: 
Drop: 0
0.579701 0.615593
0.577084 0.651171
 0.57839 0.632883
0.552357 0.582857
0.576687 0.634796
 0.56426 0.607719
