9471 6281 892
Valid size: 2298
Epoch 5
Train:
Target:
0.311037 0.311037
0.059791 0.138406
0.100301 0.191568
Val:
Target:
 0.289017  0.289017
 0.057806  0.117832
0.0963427  0.167411
Train:
Agent:
0.533915 0.541262
0.481582 0.544726
  0.5064 0.542988
Val:
Agent:
0.498681 0.504854
0.456482 0.517705
0.476649 0.511199
Train:
DSE:
0.541018 0.567489
 0.53828 0.598469
0.539646 0.582568
Val:
DSE:
0.510743 0.539189
0.484583 0.534806
0.497319 0.536989
is from:
4855,1922,3454,1035,1382,3137
Train:0.299653 0.329933 0.314065
1745,689,1200,349,442,1176
Val:0.290833 0.296769 0.293771
520,187,342,104,140,349
Test:0.304094 0.297994 0.301013
is about:
1946,934,1307,240,346,3064
Train:0.183627 0.078329 0.109815
714,377,515,87,114,1145
Val: 0.168932 0.0759825  0.104819
253,134,175,31,43,338
Test:0.177143 0.091716 0.120858
