9471 6281 892
Valid size: 2298
Epoch 5
Train:
Target:
 0.290185  0.290185
  0.02731 0.0611144
0.0499217  0.100965
Val:
Target:
 0.288256  0.288256
0.0286245 0.0636292
0.0520776  0.104247
Train:
Agent:
1 1
0 0
0 0
Val:
Agent:
1 1
0 0
0 0
Train:
DSE:
0.491158 0.491158
0.310646 0.375255
0.380582 0.425454
Val:
DSE:
0.470169 0.470169
 0.29353 0.353414
0.361422 0.403515
is from:
0,0,0,0,0,3137
Train:1 0 0
0,0,0,0,0,1176
Val:1 0 0
0,0,0,0,0,349
Test:1 0 0
is about:
862,0,0,0,149,3064
Train:1 0 0
353,0,0,0,61,1145
Val:1 0 0
99,0,0,0,12,338
Test:1 0 0
