9471 6281 892
Valid size: 2298
Epoch 5
Train:
Target:
0.323519 0.323693
 0.13903 0.272918
0.194483 0.296145
Val:
Target:
0.295319 0.295817
 0.13589 0.230951
0.186132  0.25939
Train:
Agent:
1 1
0 0
0 0
Val:
Agent:
1 1
0 0
0 0
Train:
DSE:
0.568478 0.587051
 0.57842  0.64949
0.573406 0.616694
Val:
DSE:
0.521047 0.544015
 0.51853 0.572289
0.519786 0.557794
is from:
0,0,0,0,0,3137
Train:1 0 0
0,0,0,0,0,1176
Val:1 0 0
0,0,0,0,0,349
Test:1 0 0
is about:
3796,1233,1771,349,689,3064
Train:0.197064 0.113903 0.144364
1382,489,651,98,190,1145
Val: 0.150538 0.0855895  0.109131
473,138,215,53,97,338
Test:0.246512 0.156805 0.191682
