9471 6281 892
Valid size: 2298
Epoch 5
Train:
Target:
0.197612 0.244523
0.607026 0.764829
 0.29816 0.370571
Val:
Target:
0.188692  0.24069
0.595161 0.748625
0.286539 0.364265
Train:
Agent:
1 1
0 0
0 0
Val:
Agent:
1 1
0 0
0 0
Train:
DSE:
0.572073 0.610977
0.660815 0.708418
 0.61325 0.656099
Val:
DSE:
0.460923 0.505148
0.509702 0.558233
0.484087 0.530366
is from:
0,0,0,0,0,3137
Train:1 0 0
0,0,0,0,0,1176
Val:1 0 0
0,0,0,0,0,349
Test:1 0 0
is about:
14362,2291,2815,324,2256,3064
Train:0.115098 0.105744 0.110223
5038,837,1016,96,666,1145
Val:0.0944882 0.0838428 0.0888478
1471,267,309,26,181,338
Test:0.0841424 0.0769231 0.0803709
