9471 6281 892
Valid size: 2298
Epoch 5
Train:
Target:
1 1
0 0
0 0
Val:
Target:
1 1
0 0
0 0
Train:
Agent:
0.591639  0.59752
0.490384 0.550067
0.536274 0.572812
Val:
Agent:
0.554999 0.559762
0.460373 0.520538
0.503276 0.539438
Train:
DSE:
0.573917 0.600865
0.671596 0.737245
0.618927 0.662105
Val:
DSE:
0.492674 0.525656
0.557869 0.614458
0.523248 0.566598
is from:
5193,1407,2681,869,1497,3137
Train:0.324133 0.277016 0.298728
1833,512,915,290,464,1176
Val: 0.31694 0.246599 0.277379
615,179,308,99,159,349
Test:0.321429 0.283668  0.30137
is about:
0,0,0,0,0,3064
Train:1 0 0
0,0,0,0,0,1145
Val:1 0 0
0,0,0,0,0,338
Test:1 0 0
