9471 6281 892
Valid size: 2298
Epoch 5
Train:
Target:
 0.326531  0.326531
0.0214803 0.0527262
0.0403089 0.0907918
Val:
Target:
 0.300546  0.300546
0.0216661  0.043205
0.0404184 0.0755495
Train:
Agent:
1 1
0 0
0 0
Val:
Agent:
1 1
0 0
0 0
Train:
DSE:
0.581954  0.59709
0.565071 0.631633
0.573388 0.613876
Val:
DSE:
0.534437 0.554754
0.505083 0.559572
0.519346 0.557152
is from:
0,0,0,0,0,3137
Train:1 0 0
0,0,0,0,0,1176
Val:1 0 0
0,0,0,0,0,349
Test:1 0 0
is about:
711,185,275,61,141,3064
Train: 0.221818 0.0199086 0.0365379
233,71,96,14,41,1145
Val: 0.145833 0.0122271 0.0225624
62,20,23,2,11,338
Test: 0.0869565 0.00591716  0.0110803
