9471 6281 892
Valid size: 2298
Epoch 5
Train:
Target:
0.320205  0.32597
0.212818 0.426603
0.255694 0.369558
Val:
Target:
0.306207 0.311979
0.194671 0.377848
 0.23802 0.341769
Train:
Agent:
0.672581 0.675786
0.390617 0.435781
 0.49421 0.529873
Val:
Agent:
0.626674 0.627579
0.364362 0.407932
0.460803  0.49446
Train:
DSE:
 0.44066 0.483399
0.786712   0.8375
0.564902 0.612987
Val:
DSE:
0.393736 0.438269
0.677877 0.735609
0.498136 0.549281
is from:
4943,1826,3214,914,1274,3137
Train:0.284381 0.291361 0.287829
1797,704,1177,307,402,1176
Val:0.260833 0.261054 0.260943
624,255,409,102,139,349
Test:0.249389 0.292264 0.269129
is about:
10573,702,904,133,1549,3064
Train: 0.147124 0.0434073 0.0670363
3708,278,357,42,470,1145
Val: 0.117647 0.0366812 0.0559254
904,80,100,15,118,338
Test:     0.15 0.0443787 0.0684932
