9471 6281 892
Valid size: 2298
Epoch 5
Train:
Target:
0.315443 0.330476
0.297003 0.539844
0.305945 0.409977
Val:
Target:
0.307524  0.32166
0.286763 0.498822
0.296781 0.391114
Train:
Agent:
0.536158 0.536934
0.360758 0.459012
0.431307 0.494925
Val:
Agent:
0.521434 0.521847
0.357914 0.447592
 0.42447 0.481876
Train:
DSE:
 0.66387  0.68937
 0.58396 0.646173
0.621357 0.667073
Val:
DSE:
0.530031 0.559653
0.464155 0.512718
 0.49491 0.535158
is from:
3620,1120,2099,701,1089,3137
Train:0.333969 0.223462 0.267762
1324,490,820,242,336,1176
Val:0.295122 0.205782 0.242485
345,106,200,68,100,349
Test:    0.34 0.194842 0.247723
is about:
8820,2244,3537,790,1796,3064
Train:0.223353 0.257833 0.239358
2990,857,1230,223,476,1145
Val:0.181301  0.19476 0.187789
911,292,417,76,141,338
Test:0.182254 0.224852 0.201325
