9471 6281 892
Valid size: 2298
Epoch 5
Train:
Target:
1 1
0 0
0 0
Val:
Target:
1 1
0 0
0 0
Train:
Agent:
0.621279 0.626829
0.474466  0.53271
0.538037  0.57595
Val:
Agent:
0.578162   0.5832
0.446625 0.507082
0.503952 0.542484
Train:
DSE:
0.615536 0.639407
0.614259 0.671939
0.614897 0.655269
Val:
DSE:
0.516115 0.544914
0.503432 0.549531
0.509694 0.547213
is from:
4644,1325,2553,906,1488,3137
Train:0.354877 0.288811 0.318453
1652,550,934,298,465,1176
Val:0.319058 0.253401 0.282464
531,167,295,92,150,349
Test:0.311864  0.26361 0.285714
is about:
0,0,0,0,0,3064
Train:1 0 0
0,0,0,0,0,1145
Val:1 0 0
0,0,0,0,0,338
Test:1 0 0
