9471 6281 892
Valid size: 2298
Epoch 5
Train:
Target:
1 1
0 0
0 0
Val:
Target:
1 1
0 0
0 0
Train:
Agent:
0.544055 0.547669
0.426003 0.488385
0.477846  0.51633
Val:
Agent:
0.524117 0.527082
0.402145 0.458924
  0.4551 0.490647
Train:
DSE:
0.591948 0.610925
0.607542 0.681378
0.599644 0.644231
Val:
DSE:
0.539254 0.561601
0.523813 0.584337
0.531421 0.572744
is from:
4694,1963,3466,1040,1303,3137
Train:0.300058 0.331527 0.315008
1636,745,1236,346,418,1176
Val:0.279935 0.294218 0.286899
588,271,442,117,140,349
Test:0.264706 0.335244 0.295828
is about:
0,0,0,0,0,3064
Train:1 0 0
0,0,0,0,0,1145
Val:1 0 0
0,0,0,0,0,338
Test:1 0 0
