9471 6281 892
Valid size: 2298
Epoch 5
Train:
Target:
 0.259589  0.259937
0.0299592  0.131516
0.0537187  0.174661
Val:
Target:
 0.254667  0.254667
0.0305193  0.130401
0.0545065  0.172483
Train:
Agent:
  0.916667   0.916667
0.00280374 0.00293725
0.00559038 0.00585574
Val:
Agent:
  0.833333   0.833333
 0.0029745 0.00354108
0.00592785 0.00705219
Train:
DSE:
0.491983 0.515139
0.547119 0.608929
0.518088 0.558121
Val:
DSE:
0.470051 0.491775
0.519044 0.576305
0.493334 0.530695
is from:
17,0,0,0,8,3137
Train:1 0 0
12,0,0,0,5,1176
Val:1 0 0
4,0,0,0,2,349
Test:1 0 0
is about:
2149,1121,1486,215,317,3064
Train: 0.144684 0.0701697 0.0945055
858,457,599,75,114,1145
Val: 0.125209 0.0655022 0.0860092
153,97,121,20,24,338
Test: 0.165289 0.0591716  0.087146
