9471 6281 892
Valid size: 2298
Epoch 5
Train:
Target:
 0.420259  0.420259
0.0273076 0.0584182
0.0512829  0.102578
Val:
Target:
 0.372671  0.372671
 0.025045 0.0471328
0.0469357  0.083682
Train:
Agent:
 0.505976  0.505976
0.0244145 0.0336449
0.0465813 0.0630943
Val:
Agent:
 0.505208  0.510417
 0.026376 0.0347025
0.0501345 0.0649867
Train:
DSE:
0.692506   0.7136
0.622931 0.675255
0.655878 0.693898
Val:
DSE:
0.540833 0.574633
0.447609 0.495315
0.489825 0.532034
is from:
285,92,175,52,88,3137
Train: 0.297143 0.0165763  0.031401
79,26,49,19,25,1176
Val: 0.387755 0.0161565 0.0310204
29,6,16,5,7,349
Test:   0.3125 0.0143266 0.0273973
is about:
610,253,417,99,156,3064
Train:  0.23741 0.0323107 0.0568802
202,93,131,24,40,1145
Val: 0.183206 0.0209607 0.0376176
74,43,57,10,15,338
Test: 0.175439 0.0295858 0.0506329
