9471 6281 892
Valid size: 2298
Epoch 5
Train:
Target:
1 1
0 0
0 0
Val:
Target:
1 1
0 0
0 0
Train:
Agent:
0.491817 0.491817
0.135609  0.15247
0.212598 0.232776
Val:
Agent:
0.570312 0.570312
0.139185 0.155099
0.223761 0.243875
Train:
DSE:
0.522634 0.538062
0.523719 0.599745
0.523176 0.567231
Val:
DSE:
0.501019 0.518221
0.491104 0.553548
0.496012 0.535302
is from:
1933,924,1377,304,391,3137
Train:  0.22077 0.0969079  0.134692
571,252,404,108,145,1176
Val: 0.267327 0.0918367  0.136709
244,106,163,42,54,349
Test:0.257669 0.120344 0.164062
is about:
0,0,0,0,0,3064
Train:1 0 0
0,0,0,0,0,1145
Val:1 0 0
0,0,0,0,0,338
Test:1 0 0
