9471 6281 892
Valid size: 2298
Epoch 5
Train:
Target:
1 1
0 0
0 0
Val:
Target:
1 1
0 0
0 0
Train:
Agent:
 0.812081  0.812081
0.0265555 0.0323097
0.0514293 0.0621469
Val:
Agent:
 0.739726  0.739726
0.0297923 0.0382436
0.0572777 0.0727273
Train:
DSE:
0.552615 0.576198
0.549489  0.61301
0.551048 0.594035
Val:
DSE:
 0.51629 0.543522
0.493922 0.541499
0.504858 0.542509
is from:
227,0,0,0,72,3137
Train:1 0 0
112,0,0,0,29,1176
Val:1 0 0
13,0,0,0,4,349
Test:1 0 0
is about:
0,0,0,0,0,3064
Train:1 0 0
0,0,0,0,0,1145
Val:1 0 0
0,0,0,0,0,338
Test:1 0 0
