9471 6281 892
Valid size: 2298
Epoch 5
Train:
Target:
   0.056338    0.056338
0.000459357  0.00119832
0.000911284  0.00234673
Val:
Target:
   0.153846    0.153846
0.000772454  0.00314218
 0.00153719  0.00615858
Train:
Agent:
1 1
0 0
0 0
Val:
Agent:
1 1
0 0
0 0
Train:
DSE:
0.531139 0.543365
0.563912 0.644133
0.547035 0.589473
Val:
DSE:
0.500046 0.509749
0.524306 0.597724
0.511889 0.550243
is from:
0,0,0,0,0,3137
Train:1 0 0
0,0,0,0,0,1176
Val:1 0 0
0,0,0,0,0,349
Test:1 0 0
is about:
67,30,32,1,1,3064
Train:    0.03125 0.000326371 0.000645995
29,13,15,1,2,1145
Val:  0.0666667 0.000873362  0.00172414
9,1,2,0,1,338
Test:   0    0 -nan
