9471 6281 892
Valid size: 2298
Epoch 5
Train:
Target:
  0.252033   0.252033
0.00193061   0.009287
0.00383186  0.0179139
Val:
Target:
  0.421053   0.421053
0.00278531  0.0125687
0.00553402  0.0244088
Train:
Agent:
1 1
0 0
0 0
Val:
Agent:
1 1
0 0
0 0
Train:
DSE:
0.513454  0.52954
0.380194 0.433163
0.436888 0.476527
Val:
DSE:
0.515738 0.524804
0.357653 0.405622
0.422389  0.45758
is from:
0,0,0,0,0,3137
Train:1 0 0
0,0,0,0,0,1176
Val:1 0 0
0,0,0,0,0,349
Test:1 0 0
is about:
81,0,0,0,9,3064
Train:1 0 0
38,0,0,0,6,1145
Val:1 0 0
9,0,0,0,0,338
Test:1 0 0
