9471 6281 892
Valid size: 2298
Epoch 5
Train:
Target:
1 1
0 0
0 0
Val:
Target:
1 1
0 0
0 0
Train:
Agent:
0.552739 0.563107
0.462755 0.514286
0.503761  0.53759
Val:
Agent:
0.512795 0.522825
 0.44203 0.495751
 0.47479 0.508928
Train:
DSE:
0.437345  0.45902
0.429759 0.491327
0.433519 0.474624
Val:
DSE:
0.438687 0.457495
0.411976 0.470549
0.424912  0.46393
is from:
5054,39,53,10,1245,3137
Train:  0.188679 0.00318776 0.00626959
1867,10,15,5,438,1176
Val:  0.333333  0.0042517 0.00839631
656,7,8,1,143,349
Test:     0.125 0.00286533 0.00560224
is about:
0,0,0,0,0,3064
Train:1 0 0
0,0,0,0,0,1145
Val:1 0 0
0,0,0,0,0,338
Test:1 0 0
