9471 6281 892
Valid size: 2298
Epoch 5
Train:
Target:
        0.5         0.5
4.99301e-05 0.000299581
9.98502e-05 0.000598802
Val:
Target:
       0.25        0.25
0.000392773 0.000785546
0.000784314  0.00156617
Train:
Agent:
0.466266  0.49116
0.574191 0.624566
0.514631 0.549887
Val:
Agent:
0.436574 0.459194
0.544949 0.606232
0.484778 0.522567
Train:
DSE:
1 1
0 0
0 0
Val:
DSE:
1 1
0 0
0 0
is from:
0,0,0,0,0,3137
Train:1 0 0
0,0,0,0,0,1176
Val:1 0 0
0,0,0,0,0,349
Test:1 0 0
is about:
0,0,0,0,0,3064
Train:1 0 0
0,0,0,0,0,1145
Val:1 0 0
0,0,0,0,0,338
Test:1 0 0
