9471 6281 892
Valid size: 2298
Epoch 5
Train:
Target:
0.392758 0.395079
0.122209 0.251947
0.186414 0.307682
Val:
Target:
0.378134 0.380223
0.105465 0.211312
 0.16493 0.271651
Train:
Agent:
1 1
0 0
0 0
Val:
Agent:
1 1
0 0
0 0
Train:
DSE:
0.662138 0.673325
 0.49365 0.569388
0.565613  0.61701
Val:
DSE:
0.597609 0.608197
0.430525  0.48929
0.500491 0.542302
is from:
0,0,0,0,0,3137
Train:1 0 0
0,0,0,0,0,1176
Val:1 0 0
0,0,0,0,0,349
Test:1 0 0
is about:
2425,720,1307,374,613,3064
Train:0.286151 0.122063 0.171128
805,250,406,94,175,1145
Val: 0.231527 0.0820961  0.121212
260,95,161,43,62,338
Test:0.267081 0.127219 0.172345
