9471 6281 892
Valid size: 2298
Epoch 5
Train:
Target:
1 1
0 0
0 0
Val:
Target:
1 1
0 0
0 0
Train:
Agent:
0.463269 0.463475
0.221978 0.281709
0.300142 0.350424
Val:
Agent:
0.498272 0.498848
0.231327 0.290368
0.315965 0.367072
Train:
DSE:
0.546321 0.567329
0.628397 0.695918
0.584492 0.625079
Val:
DSE:
0.507566 0.531425
0.569553 0.627175
0.536776 0.575344
is from:
3154,1418,2313,610,750,3137
Train:0.263727 0.194453 0.223853
1140,523,882,240,272,1176
Val:0.272109 0.204082 0.233236
371,160,265,65,81,349
Test:0.245283 0.186246 0.211726
is about:
0,0,0,0,0,3064
Train:1 0 0
0,0,0,0,0,1145
Val:1 0 0
0,0,0,0,0,338
Test:1 0 0
