9471 6281 892
Valid size: 2298
Epoch 5
Train:
Target:
1 1
0 0
0 0
Val:
Target:
1 1
0 0
0 0
Train:
Agent:
0.626423 0.627595
0.166424 0.218692
0.262981 0.324358
Val:
Agent:
0.590133    0.592
 0.17004 0.208215
0.264009 0.308076
Train:
DSE:
0.486451 0.516753
0.594475 0.659439
0.535065 0.579441
Val:
DSE:
0.475066 0.505618
0.551713 0.603079
0.510528 0.550065
is from:
2507,0,0,0,655,3137
Train:1 0 0
977,0,0,0,251,1176
Val:1 0 0
231,0,0,0,63,349
Test:1 0 0
is about:
0,0,0,0,0,3064
Train:1 0 0
0,0,0,0,0,1145
Val:1 0 0
0,0,0,0,0,338
Test:1 0 0
