9471 6281 892
Valid size: 2298
Epoch 5
Train:
Target:
 0.263003  0.263003
0.0349011  0.079988
0.0616245  0.122668
Val:
Target:
 0.266504  0.266504
0.0402724 0.0856245
0.0699711  0.129608
Train:
Agent:
1 1
0 0
0 0
Val:
Agent:
1 1
0 0
0 0
Train:
DSE:
0.553846 0.577315
0.633222 0.702806
 0.59088  0.63391
Val:
DSE:
0.501426 0.526404
0.563527 0.623159
0.530666  0.57071
is from:
0,0,0,0,0,3137
Train:1 0 0
0,0,0,0,0,1176
Val:1 0 0
0,0,0,0,0,349
Test:1 0 0
is about:
1523,1014,1348,197,219,3064
Train: 0.146142  0.064295 0.0893019
610,428,557,79,87,1145
Val: 0.141831 0.0689956  0.092832
207,158,189,22,23,338
Test: 0.116402 0.0650888 0.0834915
