9471 6281 892
Valid size: 2298
Epoch 5
Train:
Target:
1 1
0 0
0 0
Val:
Target:
1 1
0 0
0 0
Train:
Agent:
 0.814151  0.815094
0.0962687  0.115087
 0.172178  0.201695
Val:
Agent:
 0.77665  0.77665
0.090911 0.107649
0.162769 0.189089
Train:
DSE:
0.485705 0.506331
0.603096 0.681888
0.538072 0.581141
Val:
DSE:
0.467854 0.488384
0.570528 0.645917
0.514115 0.556211
is from:
970,472,924,272,281,3137
Train:0.294372 0.086707 0.133957
377,199,362,94,96,1176
Val:0.259669 0.079932 0.122237
97,43,94,37,39,349
Test:0.393617 0.106017 0.167043
is about:
0,0,0,0,0,3064
Train:1 0 0
0,0,0,0,0,1145
Val:1 0 0
0,0,0,0,0,338
Test:1 0 0
