14492 7507 734
Valid size: 2870
Epoch 0
P, R, F1:
1 1
0 0
0 0
P, R, F1:
1 1
0 0
0 0
P, R, F1
1 1
0 0
0 0

Epoch 5
P, R, F1:
0.579316  0.59614
0.583626 0.647011
0.581463 0.620535
P, R, F1:
0.595974 0.614423
0.570043 0.638493
 0.58272 0.626227
P, R, F1
0.589921 0.602041
0.588086 0.647727
0.589003 0.624049

Epoch 10
P, R, F1:
0.591872 0.613226
0.645373 0.698034
0.617466 0.652888
P, R, F1:
0.593953 0.615552
0.634452 0.693574
0.613535 0.652238
P, R, F1
0.592982 0.611244
0.654473 0.704545
0.622212 0.654587

Epoch 15
P, R, F1:
0.637049 0.665587
0.628168  0.67461
0.632577 0.670068
P, R, F1:
0.637166 0.669508
0.604432 0.654638
0.620367 0.661989
P, R, F1
0.629745 0.654008
0.607363 0.646307
0.618352 0.650135

Epoch 20
P, R, F1:
0.621958 0.645647
0.661183 0.715401
0.640971 0.678737
P, R, F1:
0.610429 0.636596
0.631093 0.687559
0.620589 0.661097
P, R, F1
0.617856 0.640764
0.642548 0.700284
 0.62996 0.669203

Epoch 25
P, R, F1:
0.724202  0.74569
0.560034 0.612547
0.631625 0.672593
P, R, F1:
0.706667 0.731274
0.526658 0.579297
0.603526 0.646474
P, R, F1
0.714678 0.734982
 0.52406 0.578125
0.604703 0.647185

Epoch 30
P, R, F1:
0.670494 0.695232
0.657246 0.704093
0.663804 0.699634
P, R, F1:
0.636972 0.665446
0.614664 0.669199
0.625619 0.667317
P, R, F1
 0.63395 0.660248
 0.61193 0.666193
0.622746 0.663207

Epoch 35
P, R, F1:
0.626849   0.6548
0.714142 0.753231
0.667654 0.700575
P, R, F1:
0.597277 0.627128
0.665096 0.715416
0.629365 0.668369
P, R, F1
0.604131 0.631453
0.676311 0.727273
0.638187 0.675984

Epoch 40
P, R, F1:
 0.67285 0.700924
0.669265 0.710959
0.671053 0.705905
P, R, F1:
0.640607  0.67173
 0.62149 0.667616
0.630904 0.669667
P, R, F1
0.637162  0.66573
0.620074 0.664773
0.628502 0.665251

Epoch 45
P, R, F1:
0.689593 0.713695
0.658868 0.701939
 0.67388 0.707768
P, R, F1:
0.653646 0.682151
 0.61112  0.65812
0.631668  0.66992
P, R, F1
0.644962 0.672365
0.617267 0.663352
 0.63081 0.667828

Epoch 50
P, R, F1:
0.646398 0.676346
0.702871 0.740442
0.673453 0.706944
P, R, F1:
0.616941 0.649624
0.646728 0.694207
0.631484 0.671176
P, R, F1
0.608274 0.638889
0.657451 0.700284
0.631907 0.668179

Epoch 55
P, R, F1:
0.668663 0.694911
0.685849 0.726575
0.677147  0.71039
P, R, F1:
0.636808 0.666869
 0.63049 0.676163
0.633633 0.671484
P, R, F1
0.622531  0.65046
0.639485   0.6875
0.630894 0.668467

Epoch 60
P, R, F1:
0.655044 0.683913
0.700381 0.739095
0.676954 0.710434
P, R, F1:
0.620457 0.651352
0.644528 0.690408
0.632263 0.670312
P, R, F1
0.614624 0.645408
0.656534 0.703125
0.634888 0.673031

Epoch 65
P, R, F1:
0.661502 0.689685
0.694314  0.73371
0.677511 0.711017
P, R, F1:
0.629255 0.660507
0.638915  0.68471
0.634048 0.672391
P, R, F1
0.614348 0.643782
 0.64863 0.690341
0.631024 0.666249

Epoch 70
P, R, F1:
0.669237 0.697202
0.685335 0.724556
 0.67719 0.710616
P, R, F1:
0.638691 0.670034
0.628863 0.675214
0.633739 0.672614
P, R, F1
0.620065 0.650134
0.633075 0.676136
0.626502  0.66288

Epoch 75
P, R, F1:
0.668399 0.695558
0.687055 0.726575
0.677598 0.710729
P, R, F1:
0.638525  0.66951
0.630124 0.677746
0.634297 0.673603
P, R, F1
0.615625  0.64418
0.633709 0.678977
0.624536 0.661121

Epoch 80
P, R, F1:
0.664154  0.69223
0.692879  0.73196
0.678212 0.711541
P, R, F1:
 0.63302 0.664559
0.636206 0.682494
0.634609 0.673407
P, R, F1
0.618054 0.647906
0.642517   0.6875
0.630048 0.667116

Epoch 85
P, R, F1:
0.664967 0.692946
 0.69196 0.731152
0.678195 0.711537
P, R, F1:
0.633678 0.665057
  0.6358 0.682178
0.634737 0.673509
P, R, F1
0.616243 0.646134
0.640623 0.684659
0.628196 0.664839

Epoch 90
P, R, F1:
0.664042 0.691989
0.693422 0.732633
0.678414 0.711732
P, R, F1:
0.631628  0.66306
 0.63638 0.682494
0.633995 0.672637
P, R, F1
0.617093  0.64752
0.643227  0.68892
0.629889 0.667579

Epoch 95
P, R, F1:
0.664333 0.692298
0.693288 0.732499
0.678502 0.711831
P, R, F1:
0.632419  0.66386
0.636333 0.682494
 0.63437 0.673049
P, R, F1
0.617093  0.64752
0.643227  0.68892
0.629889 0.667579

Epoch 100
P, R, F1:
0.664112 0.692153
0.693566 0.732903
0.678519 0.711945
P, R, F1:
0.632039 0.663462
0.636473 0.682494
0.634249 0.672843
P, R, F1
  0.6179 0.648366
0.643385  0.68892
0.630385 0.668028

Epoch 105
P, R, F1:
0.664028 0.692067
0.693566 0.732903
0.678476 0.711899
P, R, F1:
0.632039 0.663462
0.636513 0.682494
0.634268 0.672843
P, R, F1
  0.6179 0.648366
0.643385  0.68892
0.630385 0.668028

Epoch 110
P, R, F1:
0.664028 0.692067
0.693566 0.732903
0.678476 0.711899
P, R, F1:
0.632039 0.663462
0.636513 0.682494
0.634268 0.672843
P, R, F1
  0.6179 0.648366
0.643385  0.68892
0.630385 0.668028

Epoch 115
P, R, F1:
0.664029  0.69198
0.693532 0.732903
 0.67846 0.711854
P, R, F1:
0.632039 0.663462
0.636438 0.682494
0.634231 0.672843
P, R, F1
  0.6179 0.648366
0.643385  0.68892
0.630385 0.668028

Epoch 120
P, R, F1:
0.664024  0.69198
0.693438 0.732903
0.678413 0.711854
P, R, F1:
0.632039 0.663462
0.636438 0.682494
0.634231 0.672843
P, R, F1
  0.6179 0.648366
0.643243  0.68892
0.630317 0.668028

Epoch 125
P, R, F1:
0.664024  0.69198
0.693438 0.732903
0.678413 0.711854
P, R, F1:
0.632039 0.663462
0.636438 0.682494
0.634231 0.672843
P, R, F1
  0.6179 0.648366
0.643243  0.68892
0.630317 0.668028

Epoch 130
P, R, F1:
0.664024  0.69198
0.693438 0.732903
0.678413 0.711854
P, R, F1:
0.632039 0.663462
0.636438 0.682494
0.634231 0.672843
P, R, F1
  0.6179 0.648366
0.643243  0.68892
0.630317 0.668028

Epoch 135
P, R, F1:
0.664024  0.69198
0.693438 0.732903
0.678413 0.711854
P, R, F1:
0.632039 0.663462
0.636438 0.682494
0.634231 0.672843
P, R, F1
  0.6179 0.648366
0.643243  0.68892
0.630317 0.668028

Epoch 140
P, R, F1:
0.664024  0.69198
0.693438 0.732903
0.678413 0.711854
P, R, F1:
0.632039 0.663462
0.636438 0.682494
0.634231 0.672843
P, R, F1
  0.6179 0.648366
0.643243  0.68892
0.630317 0.668028

Epoch 145
P, R, F1:
0.664024  0.69198
0.693438 0.732903
0.678413 0.711854
P, R, F1:
0.632039 0.663462
0.636438 0.682494
0.634231 0.672843
P, R, F1
  0.6179 0.648366
0.643243  0.68892
0.630317 0.668028

Epoch 150
P, R, F1:
0.664024  0.69198
0.693438 0.732903
0.678413 0.711854
P, R, F1:
0.632039 0.663462
0.636438 0.682494
0.634231 0.672843
P, R, F1
  0.6179 0.648366
0.643243  0.68892
0.630317 0.668028

Epoch 155
P, R, F1:
0.664024  0.69198
0.693438 0.732903
0.678413 0.711854
P, R, F1:
0.632039 0.663462
0.636438 0.682494
0.634231 0.672843
P, R, F1
  0.6179 0.648366
0.643243  0.68892
0.630317 0.668028

Epoch 160
P, R, F1:
0.664024  0.69198
0.693438 0.732903
0.678413 0.711854
P, R, F1:
0.632039 0.663462
0.636438 0.682494
0.634231 0.672843
P, R, F1
  0.6179 0.648366
0.643243  0.68892
0.630317 0.668028

Epoch 165
P, R, F1:
0.664024  0.69198
0.693438 0.732903
0.678413 0.711854
P, R, F1:
0.632039 0.663462
0.636438 0.682494
0.634231 0.672843
P, R, F1
  0.6179 0.648366
0.643243  0.68892
0.630317 0.668028

Epoch 170
P, R, F1:
0.664024  0.69198
0.693438 0.732903
0.678413 0.711854
P, R, F1:
0.632039 0.663462
0.636438 0.682494
0.634231 0.672843
P, R, F1
  0.6179 0.648366
0.643243  0.68892
0.630317 0.668028

Epoch 175
P, R, F1:
0.664024  0.69198
0.693438 0.732903
0.678413 0.711854
P, R, F1:
0.632039 0.663462
0.636438 0.682494
0.634231 0.672843
P, R, F1
  0.6179 0.648366
0.643243  0.68892
0.630317 0.668028

Epoch 180
P, R, F1:
0.664024  0.69198
0.693438 0.732903
0.678413 0.711854
P, R, F1:
0.632039 0.663462
0.636438 0.682494
0.634231 0.672843
P, R, F1
  0.6179 0.648366
0.643243  0.68892
0.630317 0.668028

Epoch 185
P, R, F1:
0.664024  0.69198
0.693438 0.732903
0.678413 0.711854
P, R, F1:
0.632039 0.663462
0.636438 0.682494
0.634231 0.672843
P, R, F1
  0.6179 0.648366
0.643243  0.68892
0.630317 0.668028

Epoch 190
P, R, F1:
0.664024  0.69198
0.693438 0.732903
0.678413 0.711854
P, R, F1:
0.632039 0.663462
0.636438 0.682494
0.634231 0.672843
P, R, F1
  0.6179 0.648366
0.643243  0.68892
0.630317 0.668028

Epoch 195
P, R, F1:
0.664024  0.69198
0.693438 0.732903
0.678413 0.711854
P, R, F1:
0.632039 0.663462
0.636438 0.682494
0.634231 0.672843
P, R, F1
  0.6179 0.648366
0.643243  0.68892
0.630317 0.668028

