9471 6281 892
Valid size: 2298
Epoch 5
Train:
Target:
 0.234533  0.234533
0.0550361  0.124326
0.0891516  0.162507
Val:
Target:
 0.227474  0.227474
0.0563555  0.120974
0.0903317  0.157949
Train:
Agent:
0.558144  0.55833
0.277315 0.374366
0.370531 0.448206
Val:
Agent:
0.527045 0.527859
0.263771 0.356941
0.351584 0.425891
Train:
DSE:
0.561816 0.565899
0.243564 0.292857
 0.33981 0.385971
Val:
DSE:
0.576102 0.577525
0.221448 0.269746
0.319921 0.367733
is from:
1998,414,692,172,615,3137
Train: 0.248555 0.0548295 0.0898407
671,119,200,45,198,1176
Val:    0.225 0.0382653  0.065407
219,41,70,18,60,349
Test: 0.257143 0.0515759 0.0859189
is about:
1166,883,1166,195,195,3064
Train: 0.167238 0.0636423 0.0921986
391,288,391,70,70,1145
Val: 0.179028 0.0611354 0.0911458
168,139,168,23,23,338
Test: 0.136905 0.0680473 0.0909091
