9471 6281 892
Valid size: 2298
Epoch 5
Train:
Target:
1 1
0 0
0 0
Val:
Target:
1 1
0 0
0 0
Train:
Agent:
0.738511 0.741379
 0.23356 0.281709
0.354885  0.40828
Val:
Agent:
0.679091     0.68
0.218244 0.260623
0.330328 0.376822
Train:
DSE:
0.500986 0.522705
0.474855 0.528061
0.487571 0.525369
Val:
DSE:
0.482661  0.50684
0.442912 0.491968
0.461933 0.499293
is from:
2040,413,869,337,726,3137
Train:0.387802 0.107427 0.168248
746,168,344,125,237,1176
Val:0.363372 0.106293 0.164474
223,44,91,35,76,349
Test:0.384615 0.100287 0.159091
is about:
0,0,0,0,0,3064
Train:1 0 0
0,0,0,0,0,1145
Val:1 0 0
0,0,0,0,0,338
Test:1 0 0
