9471 6281 892
Valid size: 2298
Epoch 5
Train:
Target:
1 1
0 0
0 0
Val:
Target:
1 1
0 0
0 0
Train:
Agent:
0.629915 0.635624
 0.49009 0.548465
0.551275 0.588836
Val:
Agent:
0.605876 0.610073
 0.45415 0.513456
0.519154  0.55761
Train:
DSE:
0.545888 0.564166
0.502264 0.569898
0.523169 0.567018
Val:
DSE:
0.520791 0.537996
0.468965 0.528782
0.493521 0.533349
is from:
4576,2443,4555,1421,1428,3137
Train:0.311965 0.452981 0.369475
1635,914,1619,472,474,1176
Val:0.291538 0.401361 0.337746
546,323,545,144,144,349
Test: 0.26422 0.412607 0.322148
is about:
0,0,0,0,0,3064
Train:1 0 0
0,0,0,0,0,1145
Val:1 0 0
0,0,0,0,0,338
Test:1 0 0
