9471 6281 892
Valid size: 2298
Epoch 5
Train:
Target:
 0.212963  0.212963
0.0260758 0.0551228
0.0464625 0.0875773
Val:
Target:
 0.206128  0.206128
0.0284114 0.0581304
0.0499394 0.0906863
Train:
Agent:
0.606479 0.613005
0.481352  0.54713
0.536719 0.578197
Val:
Agent:
0.569349 0.574371
0.444752 0.509915
0.499396 0.540227
Train:
DSE:
0.580853 0.600887
0.489789 0.548214
0.531448 0.573343
Val:
DSE:
0.566836 0.587685
0.450322 0.502008
0.501905 0.541478
is from:
4039,979,1994,678,1300,3137
Train: 0.34002  0.21613 0.264276
1349,321,666,239,432,1176
Val:0.358859 0.203231 0.259501
430,108,207,71,132,349
Test:0.342995 0.203438 0.255396
is about:
1034,0,0,0,129,3064
Train:1 0 0
388,0,0,0,48,1145
Val:1 0 0
122,0,0,0,11,338
Test:1 0 0
