9471 6281 892
Valid size: 2298
Epoch 5
Train:
Target:
1 1
0 0
0 0
Val:
Target:
1 1
0 0
0 0
Train:
Agent:
0.672412 0.682943
0.455567 0.515354
0.543146 0.587429
Val:
Agent:
0.586193  0.59673
0.389405 0.446884
0.467952 0.511049
Train:
DSE:
0.559296  0.59771
0.705348 0.757143
0.623889 0.668046
Val:
DSE:
0.474336 0.521665
0.564027 0.616466
0.515308 0.565117
is from:
4474,866,1760,678,1420,3137
Train:0.385227  0.21613 0.276904
1546,367,628,201,405,1176
Val:0.320064 0.170918 0.222838
480,138,217,60,121,349
Test:0.276498  0.17192 0.212014
is about:
0,0,0,0,0,3064
Train:1 0 0
0,0,0,0,0,1145
Val:1 0 0
0,0,0,0,0,338
Test:1 0 0
