9471 6281 892
Valid size: 2298
Epoch 5
Train:
Target:
0.327546 0.329313
0.135176 0.265129
0.191373 0.293756
Val:
Target:
0.301715 0.303734
  0.1275 0.233307
0.179252 0.263903
Train:
Agent:
0.620929   0.6268
0.497444 0.575968
0.552369  0.60031
Val:
Agent:
0.550382 0.553254
0.439187 0.506374
0.488537 0.528777
Train:
DSE:
0.464766 0.514701
0.697809 0.750255
 0.55793 0.610546
Val:
DSE:
0.417695  0.47123
0.577082 0.634538
 0.48462 0.540825
is from:
6137,1814,3448,1162,1637,3137
Train:0.337007 0.370418 0.352923
2165,728,1218,360,491,1176
Val:0.295567 0.306122 0.300752
656,227,374,106,146,349
Test:0.283422 0.303725 0.293223
is about:
4560,3292,4443,711,735,3064
Train:0.160027  0.23205 0.189423
1648,1243,1614,216,222,1145
Val:0.133829 0.188646 0.156578
517,369,503,89,90,338
Test:0.176938 0.263314 0.211653
