9471 6281 892
Valid size: 2298
Epoch 5
Train:
Target:
0.155225 0.203645
0.666577 0.838526
0.251811 0.327703
Val:
Target:
0.144825  0.19712
0.654992 0.824823
0.237203 0.318196
Train:
Agent:
 0.62312 0.624513
0.243188 0.299065
0.349841 0.404449
Val:
Agent:
0.600752 0.601504
0.230728  0.28187
0.333406  0.38386
Train:
DSE:
0.594281  0.62184
0.676901 0.725255
0.632906 0.669578
Val:
DSE:
0.483751 0.520717
0.501792  0.56091
0.492606 0.540067
is from:
2365,701,1376,464,729,3137
Train:0.337209 0.147912 0.205628
845,294,516,155,204,1176
Val:0.300388 0.131803 0.183215
271,96,164,49,72,349
Test: 0.29878 0.140401 0.191033
is about:
17958,579,794,127,2520,3064
Train:  0.15995 0.0414491 0.0658372
6271,257,318,36,727,1145
Val: 0.113208  0.031441 0.0492139
1814,75,99,14,197,338
Test: 0.141414 0.0414201 0.0640732
