9471 6281 892
Valid size: 2298
Epoch 5
Train:
Target:
1 1
0 0
0 0
Val:
Target:
1 1
0 0
0 0
Train:
Agent:
0.651629 0.656603
 0.48108 0.551669
0.553515 0.599579
Val:
Agent:
 0.57619 0.578776
0.432868  0.48796
0.494351 0.529502
Train:
DSE:
0.606699 0.627958
0.647458  0.71199
0.626416 0.667339
Val:
DSE:
 0.51891 0.548162
0.510631 0.568942
0.514737 0.558359
is from:
4619,1628,3472,1236,1540,3137
Train:0.355991 0.394007 0.374035
1565,660,1194,357,448,1176
Val:0.298995 0.303571 0.301266
512,226,404,120,142,349
Test: 0.29703  0.34384 0.318725
is about:
0,0,0,0,0,3064
Train:1 0 0
0,0,0,0,0,1145
Val:1 0 0
0,0,0,0,0,338
Test:1 0 0
