9471 6281 892
Valid size: 2298
Epoch 5
Train:
Target:
1 1
0 0
0 0
Val:
Target:
1 1
0 0
0 0
Train:
Agent:
0.465637 0.484137
0.652545 0.703071
 0.54347 0.573417
Val:
Agent:
0.432545 0.452459
0.606729  0.66289
 0.50504 0.537824
Train:
DSE:
0.516716 0.546632
0.683968 0.747449
0.588693 0.631459
Val:
DSE:
0.461747 0.495897
0.579435 0.643909
 0.51394 0.560293
is from:
8433,5285,8431,1897,1897,3137
Train:0.225003 0.604718 0.327974
3035,2040,3034,619,619,1176
Val:0.204021 0.526361 0.294062
922,623,922,189,189,349
Test:0.204989 0.541547 0.297404
is about:
0,0,0,0,0,3064
Train:1 0 0
0,0,0,0,0,1145
Val:1 0 0
0,0,0,0,0,338
Test:1 0 0
