9471 6281 892
Valid size: 2298
Epoch 5
Train:
Target:
 0.297297  0.297297
0.0126892 0.0230677
0.0243396 0.0428135
Val:
Target:
 0.268595  0.272727
0.0147676  0.025923
0.0279959 0.0473458
Train:
Agent:
   0.111111    0.111111
0.000534045 0.000534045
 0.00106298  0.00106298
Val:
Agent:
   0    0
   0    0
-nan -nan
Train:
DSE:
0.524685 0.526126
0.321122 0.367347
0.398407 0.432628
Val:
DSE:
     0.5 0.500978
0.301451 0.340696
0.376131 0.405576
is from:
25,23,25,1,1,3137
Train:       0.04 0.000318776 0.000632511
1,1,1,0,0,1176
Val:   0    0 -nan
5,2,5,3,3,349
Test:       0.6 0.00859599  0.0169492
is about:
297,0,0,0,53,3064
Train:1 0 0
168,0,0,0,26,1145
Val:1 0 0
38,0,0,0,2,338
Test:1 0 0
