9471 6281 892
Valid size: 2298
Epoch 5
Train:
Target:
1 1
0 0
0 0
Val:
Target:
1 1
0 0
0 0
Train:
Agent:
0.609577 0.631844
0.537182 0.580774
0.571095 0.605234
Val:
Agent:
0.531738 0.552206
0.464908 0.509915
0.496082 0.530218
Train:
DSE:
0.568565 0.602407
0.712618 0.764541
0.632493 0.673859
Val:
DSE:
0.477628 0.516147
0.544305 0.605087
0.508791  0.55709
is from:
5303,1269,2537,879,1584,3137
Train:0.346472 0.280204 0.309834
1881,545,910,264,484,1176
Val: 0.29011  0.22449 0.253116
581,201,302,76,136,349
Test:0.251656 0.217765 0.233487
is about:
0,0,0,0,0,3064
Train:1 0 0
0,0,0,0,0,1145
Val:1 0 0
0,0,0,0,0,338
Test:1 0 0
