9471 6281 892
Valid size: 2298
Epoch 5
Train:
Target:
1 1
0 0
0 0
Val:
Target:
1 1
0 0
0 0
Train:
Agent:
 0.64245 0.651856
0.519531 0.577036
0.574489 0.612168
Val:
Agent:
0.567079  0.57866
 0.45413 0.507082
0.504358 0.540512
Train:
DSE:
0.642238 0.664428
 0.63475 0.695663
0.638472 0.679687
Val:
DSE:
 0.54079 0.567184
0.492595 0.552209
0.515568 0.559596
is from:
4552,1068,2234,870,1530,3137
Train:0.389436 0.277335 0.323962
1545,436,791,273,450,1176
Val:0.345133 0.232143  0.27758
472,136,244,81,127,349
Test:0.331967 0.232092 0.273187
is about:
0,0,0,0,0,3064
Train:1 0 0
0,0,0,0,0,1145
Val:1 0 0
0,0,0,0,0,338
Test:1 0 0
