9471 6281 892
Valid size: 2298
Epoch 5
Train:
Target:
1 1
0 0
0 0
Val:
Target:
1 1
0 0
0 0
Train:
Agent:
0.745778 0.749641
 0.36369 0.408545
0.488941 0.528865
Val:
Agent:
0.696547 0.698539
0.325772 0.366856
0.443923 0.481067
Train:
DSE:
0.616478 0.638644
0.629275 0.693112
0.622811 0.664764
Val:
DSE:
0.522852 0.555113
0.503407 0.557564
0.512945 0.556336
is from:
3119,932,2111,858,1136,3137
Train:0.406442  0.27351 0.326982
1094,371,739,274,349,1176
Val:0.370771 0.232993 0.286162
340,123,240,89,105,349
Test:0.370833 0.255014 0.302207
is about:
0,0,0,0,0,3064
Train:1 0 0
0,0,0,0,0,1145
Val:1 0 0
0,0,0,0,0,338
Test:1 0 0
