9471 6281 892
Valid size: 2298
Epoch 5
Train:
Target:
1 1
0 0
0 0
Val:
Target:
1 1
0 0
0 0
Train:
Agent:
0.545599 0.569238
0.593609 0.641121
0.568592 0.603045
Val:
Agent:
0.487812 0.511222
0.519095 0.570822
0.502968  0.53938
Train:
DSE:
0.562616 0.575053
0.475935 0.540051
0.515658 0.557003
Val:
DSE:
0.539632 0.551471
0.441444 0.495984
0.485625 0.522258
is from:
5230,2333,3928,1110,1481,3137
Train:0.282587 0.353841 0.314225
1799,833,1379,389,489,1176
Val:0.282088 0.330782 0.304501
605,274,428,113,157,349
Test:0.264019 0.323782 0.290862
is about:
0,0,0,0,0,3064
Train:1 0 0
0,0,0,0,0,1145
Val:1 0 0
0,0,0,0,0,338
Test:1 0 0
