9471 6281 892
Valid size: 2298
Epoch 5
Train:
Target:
1 1
0 0
0 0
Val:
Target:
1 1
0 0
0 0
Train:
Agent:
0.653554 0.656922
0.340716 0.402136
0.447919 0.498881
Val:
Agent:
0.582979 0.585106
0.333866 0.383853
0.424579 0.463579
Train:
DSE:
0.597498 0.624873
0.736129 0.781633
0.659608 0.694517
Val:
DSE:
0.481627 0.518602
 0.54739 0.607764
0.512407 0.559654
is from:
3306,1214,2520,877,1066,3137
Train:0.348016 0.279566 0.310058
1294,566,987,281,329,1176
Val:0.284701 0.238946 0.259824
362,158,290,93,102,349
Test: 0.32069 0.266476  0.29108
is about:
0,0,0,0,0,3064
Train:1 0 0
0,0,0,0,0,1145
Val:1 0 0
0,0,0,0,0,338
Test:1 0 0
