9471 6281 892
Valid size: 2298
Epoch 5
Train:
Target:
 0.332487  0.332487
0.0327777 0.0784901
0.0596727     0.127
Val:
Target:
 0.351724  0.351724
0.0353784 0.0801257
0.0642901  0.130518
Train:
Agent:
0.605613 0.615643
0.469964 0.525501
0.529235 0.567012
Val:
Agent:
0.560232 0.566422
0.428013  0.48017
0.485278 0.519742
Train:
DSE:
0.547838 0.585339
0.773219 0.809184
0.641303 0.679296
Val:
DSE:
 0.44807 0.494018
0.599759 0.658635
0.512935 0.564571
is from:
5097,1732,3385,1115,1440,3137
Train:0.329394 0.355435  0.34192
1877,694,1173,332,459,1176
Val:0.283035 0.282313 0.282673
609,216,390,119,162,349
Test:0.305128 0.340974 0.322057
is about:
1235,538,773,143,222,3064
Train: 0.184994  0.046671 0.0745374
489,199,297,54,82,1145
Val: 0.181818 0.0471616  0.074896
153,66,86,15,21,338
Test: 0.174419 0.0443787 0.0707547
