9471 6281 892
Valid size: 2298
Epoch 5
Train:
Target:
1 1
0 0
0 0
Val:
Target:
1 1
0 0
0 0
Train:
Agent:
0.741633 0.744399
0.328169 0.379439
0.455002  0.50266
Val:
Agent:
0.669209  0.67129
0.294427 0.339943
0.408937 0.451331
Train:
DSE:
0.550093  0.58739
 0.76954 0.806122
 0.64157  0.67959
Val:
DSE:
0.436256 0.476854
0.571944 0.636546
0.494969 0.545248
is from:
3317,1126,2390,855,1044,3137
Train:0.357741 0.272553  0.30939
1243,513,894,264,311,1176
Val:0.295302  0.22449 0.255072
424,161,301,94,118,349
Test:0.312292 0.269341 0.289231
is about:
0,0,0,0,0,3064
Train:1 0 0
0,0,0,0,0,1145
Val:1 0 0
0,0,0,0,0,338
Test:1 0 0
