9471 6281 892
Valid size: 2298
Epoch 5
Train:
Target:
 0.248333  0.251079
0.0631338  0.177651
 0.100673  0.208077
Val:
Target:
  0.25028   0.25196
0.0574435   0.16575
0.0934408  0.199959
Train:
Agent:
0.556761  0.56167
0.400474 0.460347
0.465859 0.505986
Val:
Agent:
0.524186 0.526825
0.369294  0.42068
0.433315 0.467807
Train:
DSE:
0.513434 0.526945
0.459416 0.520408
0.484925 0.523656
Val:
DSE:
0.513704 0.526942
0.435096  0.48929
0.471144 0.507419
is from:
4047,2361,4021,1110,1113,3137
Train:0.276051 0.353841 0.310142
1357,810,1346,349,350,1176
Val:0.259287 0.296769 0.276764
481,295,475,121,122,349
Test:0.254737 0.346705 0.293689
is about:
2805,2135,2784,400,403,3064
Train:0.143678 0.130548 0.136799
1017,761,1007,141,143,1145
Val: 0.14002 0.123144 0.131041
341,260,338,53,54,338
Test:0.156805 0.156805 0.156805
