9471 6281 892
Valid size: 2298
Epoch 5
Train:
Target:
1 1
0 0
0 0
Val:
Target:
1 1
0 0
0 0
Train:
Agent:
0.703305 0.705632
0.331001 0.388518
0.450146 0.501121
Val:
Agent:
0.642946 0.644195
0.308441 0.359773
0.416888 0.461696
Train:
DSE:
0.582903 0.608097
0.722857 0.773214
 0.64538 0.680787
Val:
DSE:
0.476426  0.50932
0.555391 0.613788
0.512887 0.556696
is from:
3274,877,1791,633,1043,3137
Train:0.353434 0.201785 0.256899
1168,333,617,204,331,1176
Val:0.330632 0.173469 0.227552
409,126,221,57,107,349
Test:0.257919 0.163324      0.2
is about:
0,0,0,0,0,3064
Train:1 0 0
0,0,0,0,0,1145
Val:1 0 0
0,0,0,0,0,338
Test:1 0 0
