9471 6281 892
Valid size: 2298
Epoch 5
Train:
Target:
1 1
0 0
0 0
Val:
Target:
1 1
0 0
0 0
Train:
Agent:
0.631016 0.639755
0.538894 0.586382
0.581328 0.611907
Val:
Agent:
0.570388 0.578947
0.474144 0.521246
0.517832 0.548584
Train:
DSE:
0.543413 0.549401
0.333105 0.374235
0.413029 0.445208
Val:
DSE:
0.530984 0.533197
0.309248 0.348728
0.390858  0.42167
is from:
3548,200,399,154,1152,3137
Train: 0.385965 0.0490915 0.0871041
1219,56,111,40,373,1176
Val:  0.36036 0.0340136 0.0621601
395,31,51,16,118,349
Test: 0.313725 0.0458453      0.08
is about:
0,0,0,0,0,3064
Train:1 0 0
0,0,0,0,0,1145
Val:1 0 0
0,0,0,0,0,338
Test:1 0 0
