9471 6281 892
Valid size: 2298
Epoch 5
Train:
Target:
0.276168 0.276168
0.110493 0.270521
0.157837 0.273315
Val:
Target:
0.257674 0.257674
0.111097 0.246661
0.155256 0.252047
Train:
Agent:
0.585625 0.590656
0.493273 0.563418
0.535496 0.576715
Val:
Agent:
0.551334 0.555876
0.453399  0.51983
0.497594 0.537249
Train:
DSE:
1 1
0 0
0 0
Val:
DSE:
1 1
0 0
0 0
is from:
0,0,0,0,0,3137
Train:1 0 0
0,0,0,0,0,1176
Val:1 0 0
0,0,0,0,0,349
Test:1 0 0
is about:
0,0,0,0,0,3064
Train:1 0 0
0,0,0,0,0,1145
Val:1 0 0
0,0,0,0,0,338
Test:1 0 0
