9471 6281 892
Valid size: 2298
Epoch 5
Train:
Target:
1 1
0 0
0 0
Val:
Target:
1 1
0 0
0 0
Train:
Agent:
0.670088 0.675715
0.419943 0.479039
0.516313 0.560628
Val:
Agent:
0.598715 0.603736
0.369768 0.422096
 0.45718 0.496835
Train:
DSE:
0.676154 0.694021
  0.6612 0.718622
0.668593 0.706107
Val:
DSE:
0.547202 0.570932
0.476065 0.542838
0.509161 0.556531
is from:
3683,944,2168,862,1274,3137
Train:0.397601 0.274785 0.324976
1268,392,725,232,351,1176
Val:    0.32 0.197279 0.244082
404,136,241,74,113,349
Test:0.307054 0.212034 0.250847
is about:
0,0,0,0,0,3064
Train:1 0 0
0,0,0,0,0,1145
Val:1 0 0
0,0,0,0,0,338
Test:1 0 0
