9471 6281 892
Valid size: 2298
Epoch 5
Train:
Target:
1 1
0 0
0 0
Val:
Target:
1 1
0 0
0 0
Train:
Agent:
0.671783 0.674597
0.392748 0.457944
0.495695 0.545548
Val:
Agent:
0.614984 0.616025
0.350819 0.409348
0.446775 0.491858
Train:
DSE:
0.562076 0.588506
0.601743 0.664796
0.581234 0.624329
Val:
DSE:
0.503012  0.53576
0.499427 0.559572
0.501213 0.547407
is from:
3832,1131,2223,739,1204,3137
Train:0.332434 0.235575 0.275746
1266,412,756,245,370,1176
Val:0.324074 0.208333 0.253623
462,147,257,69,137,349
Test:0.268482 0.197708 0.227723
is about:
0,0,0,0,0,3064
Train:1 0 0
0,0,0,0,0,1145
Val:1 0 0
0,0,0,0,0,338
Test:1 0 0
