9471 6281 892
Valid size: 2298
Epoch 5
Train:
Target:
0.237396 0.248119
0.373082 0.710605
 0.29016 0.367811
Val:
Target:
0.229681   0.2393
0.344205 0.663786
0.275516 0.351781
Train:
Agent:
0.607586 0.611038
0.534959 0.601869
0.568964 0.606419
Val:
Agent:
0.556113 0.560424
0.487978 0.545326
0.519822 0.552772
Train:
DSE:
0.628747 0.657009
0.643459 0.707398
0.636018 0.681273
Val:
DSE:
0.507749 0.544855
  0.5025 0.554217
0.505111 0.549496
is from:
4985,1468,3366,1225,1588,3137
Train:0.363933   0.3905 0.376749
1690,634,1188,359,454,1176
Val:0.302189 0.305272 0.303723
553,187,339,99,150,349
Test:0.292035 0.283668 0.287791
is about:
15555,5300,7393,1249,2518,3064
Train:0.168944 0.407637 0.238883
5241,1945,2571,389,731,1145
Val:0.151303 0.339738 0.209365
1664,519,680,98,233,338
Test:0.144118 0.289941 0.192534
