9471 6281 892
Valid size: 2298
Epoch 5
Train:
Target:
0.254351  0.25542
0.234169   0.5003
0.243843 0.338185
Val:
Target:
0.235689 0.236749
0.212601 0.450903
0.223551 0.310479
Train:
Agent:
1 1
0 0
0 0
Val:
Agent:
1 1
0 0
0 0
Train:
DSE:
0.630635 0.655521
0.620964  0.68801
0.625762 0.671373
Val:
DSE:
0.530925 0.566599
0.513947  0.56158
0.522298 0.564078
is from:
0,0,0,0,0,3137
Train:1 0 0
0,0,0,0,0,1176
Val:1 0 0
0,0,0,0,0,349
Test:1 0 0
is about:
8377,175,246,47,1448,3064
Train: 0.191057 0.0153394 0.0283988
2919,94,118,14,419,1145
Val: 0.118644 0.0122271 0.0221694
855,28,37,3,143,338
Test: 0.0810811 0.00887574      0.016
