9471 6281 892
Valid size: 2298
Epoch 5
Train:
Target:
0.524566 0.526012
0.071142 0.157879
0.125292 0.242864
Val:
Target:
 0.462963  0.462963
0.0558397  0.115475
0.0996592  0.184845
Train:
Agent:
0.595618 0.595618
0.229246 0.318558
0.331068 0.415104
Val:
Agent:
0.578298 0.578298
0.243594 0.331445
0.342794  0.42138
Train:
DSE:
0.618476 0.644409
0.651558 0.713776
0.634586 0.677321
Val:
DSE:
0.511086 0.545512
0.517173 0.567604
0.514111 0.556339
is from:
2645,872,1753,645,789,3137
Train:0.367941  0.20561 0.263804
971,353,653,216,261,1176
Val:0.330781 0.183673 0.236195
254,97,179,60,71,349
Test:0.335196  0.17192 0.227273
is about:
1647,353,672,191,448,3064
Train: 0.284226 0.0623368  0.102248
497,113,190,43,106,1145
Val: 0.226316 0.0375546 0.0644195
188,45,76,19,46,338
Test:     0.25  0.056213 0.0917874
