9471 6281 892
Valid size: 2298
Epoch 5
Train:
Target:
1 1
0 0
0 0
Val:
Target:
1 1
0 0
0 0
Train:
Agent:
0.709088 0.713356
  0.4182 0.469693
0.526113 0.566432
Val:
Agent:
0.640402 0.645405
0.368553  0.41289
0.467855 0.503605
Train:
DSE:
 0.60627 0.639583
0.559306 0.628571
0.581842  0.63403
Val:
DSE:
0.543405 0.585799
0.472544 0.534137
0.505503 0.558776
is from:
3322,788,1771,713,1143,3137
Train:0.402597 0.227287 0.290546
1093,291,623,223,331,1176
Val:0.357945 0.189626 0.247916
410,126,231,74,118,349
Test:0.320346 0.212034 0.255172
is about:
0,0,0,0,0,3064
Train:1 0 0
0,0,0,0,0,1145
Val:1 0 0
0,0,0,0,0,338
Test:1 0 0
