9471 6281 892
Valid size: 2298
Epoch 5
Train:
Target:
1 1
0 0
0 0
Val:
Target:
1 1
0 0
0 0
Train:
Agent:
0.648088 0.652561
0.392963 0.449132
0.489264 0.532065
Val:
Agent:
0.612416 0.615385
0.364653 0.417139
0.457121  0.49723
Train:
DSE:
0.648802  0.66443
0.602726 0.667092
0.624916 0.665758
Val:
DSE:
0.543683 0.566738
0.477389 0.528782
0.508384 0.547102
is from:
3623,79,143,54,1219,3137
Train: 0.377622 0.0172139 0.0329268
1208,28,46,14,364,1176
Val: 0.304348 0.0119048 0.0229133
395,15,24,8,119,349
Test: 0.333333 0.0229226 0.0428954
is about:
0,0,0,0,0,3064
Train:1 0 0
0,0,0,0,0,1145
Val:1 0 0
0,0,0,0,0,338
Test:1 0 0
