9471 6281 892
Valid size: 2298
Epoch 5
Train:
Target:
1 1
0 0
0 0
Val:
Target:
1 1
0 0
0 0
Train:
Agent:
0.736065 0.736988
0.302138 0.346328
 0.42842 0.471219
Val:
Agent:
0.712575 0.714072
0.288892 0.331445
0.411112 0.452743
Train:
DSE:
0.595076 0.623737
 0.69372 0.747194
0.640623 0.679907
Val:
DSE:
0.481459 0.520047
0.533718 0.589692
0.506244 0.552684
is from:
2876,716,1523,617,945,3137
Train:0.405121 0.196685 0.264807
995,280,556,212,292,1176
Val:0.381295 0.180272 0.244804
335,97,172,57,92,349
Test:0.331395 0.163324  0.21881
is about:
0,0,0,0,0,3064
Train:1 0 0
0,0,0,0,0,1145
Val:1 0 0
0,0,0,0,0,338
Test:1 0 0
