9471 6281 892
Valid size: 2298
Epoch 5
Train:
Target:
1 1
0 0
0 0
Val:
Target:
1 1
0 0
0 0
Train:
Agent:
0.572804 0.589842
0.551082      0.6
0.561733 0.594878
Val:
Agent:
0.510099 0.525355
0.480346 0.535411
0.494776 0.530335
Train:
DSE:
0.577081 0.595057
0.582222  0.64949
 0.57964 0.621083
Val:
DSE:
0.524438 0.548982
  0.5135  0.57162
0.518911 0.560072
is from:
5300,2275,4109,1257,1591,3137
Train:0.305914 0.400701  0.34695
1880,902,1493,410,503,1176
Val:0.274615 0.348639 0.307231
634,295,479,133,165,349
Test:0.277662 0.381089 0.321256
is about:
0,0,0,0,0,3064
Train:1 0 0
0,0,0,0,0,1145
Val:1 0 0
0,0,0,0,0,338
Test:1 0 0
