9471 6281 892
Valid size: 2298
Epoch 5
Train:
Target:
1 1
0 0
0 0
Val:
Target:
1 1
0 0
0 0
Train:
Agent:
0.588194 0.592105
0.450384 0.508678
0.510146  0.54723
Val:
Agent:
0.565553  0.56641
0.405875  0.46034
 0.47259 0.507896
Train:
DSE:
0.583549 0.603829
0.459221 0.519898
0.513973 0.558729
Val:
DSE:
0.571482 0.591696
0.407526 0.459839
0.475775   0.5175
is from:
3738,1689,3262,1105,1203,3137
Train:0.338749 0.352247 0.345366
1210,573,1050,319,347,1176
Val: 0.30381 0.271259 0.286613
417,210,364,103,111,349
Test:0.282967 0.295129  0.28892
is about:
0,0,0,0,0,3064
Train:1 0 0
0,0,0,0,0,1145
Val:1 0 0
0,0,0,0,0,338
Test:1 0 0
