9471 6281 892
Valid size: 2298
Epoch 5
Train:
Target:
0.249401 0.256644
0.348747 0.660875
0.290824 0.369714
Val:
Target:
   0.233 0.240165
0.324939 0.611155
0.271395 0.344824
Train:
Agent:
0.625443   0.6328
0.554355 0.608011
0.587757 0.620158
Val:
Agent:
0.575919 0.580311
0.477132 0.534703
0.521892 0.556574
Train:
DSE:
0.467509 0.483727
0.653959 0.731633
0.545235 0.582396
Val:
DSE:
0.449777 0.467497
0.593002 0.670013
0.511554 0.550727
is from:
6857,2570,4284,1222,1773,3137
Train:0.285247 0.389544 0.329336
2316,923,1431,374,541,1176
Val:0.261356 0.318027  0.28692
814,311,478,119,182,349
Test:0.248954 0.340974 0.287787
is about:
21223,12504,15582,1799,2697,3064
Train:0.115454 0.587141 0.192964
7277,4458,5492,581,811,1145
Val: 0.10579 0.507424 0.175079
2116,1245,1500,153,246,338
Test:   0.102 0.452663 0.166485
