9471 6281 892
Valid size: 2298
Epoch 5
Train:
Target:
  0.24918   0.24918
0.0447721  0.153685
0.0759056  0.190114
Val:
Target:
 0.224359  0.224359
0.0391596  0.135114
0.0666807  0.168658
Train:
Agent:
1 1
0 0
0 0
Val:
Agent:
1 1
0 0
0 0
Train:
DSE:
0.577021  0.60369
0.657708 0.722449
0.614728 0.657752
Val:
DSE:
0.499081 0.533215
0.546605 0.599063
0.521763 0.564224
is from:
0,0,0,0,0,3137
Train:1 0 0
0,0,0,0,0,1176
Val:1 0 0
0,0,0,0,0,349
Test:1 0 0
is about:
2499,1518,2087,346,392,3064
Train:0.165788 0.112924 0.134343
895,581,769,97,110,1145
Val: 0.126138 0.0847162  0.101358
255,164,224,37,42,338
Test:0.165179 0.109467 0.131673
