9471 6281 892
Valid size: 2298
Epoch 5
Train:
Target:
 0.230573  0.230573
0.0236615 0.0542241
0.0429187 0.0878001
Val:
Target:
 0.233333  0.233333
0.0275531  0.060487
0.0492862 0.0960699
Train:
Agent:
0.617676  0.62624
0.437079 0.501736
0.511917 0.557117
Val:
Agent:
0.567342 0.573944
0.389012 0.449717
 0.46155 0.504292
Train:
DSE:
0.547063 0.579875
 0.75191 0.799235
0.633334 0.672109
Val:
DSE:
0.443185 0.481122
0.580699 0.634538
0.502707 0.547282
is from:
5118,1227,2369,795,1432,3137
Train:0.335585 0.253427 0.288776
1746,468,858,277,423,1176
Val:0.322844 0.235544  0.27237
517,156,256,68,130,349
Test:0.265625 0.194842 0.224793
is about:
1231,762,988,137,150,3064
Train: 0.138664 0.0447128 0.0676209
512,321,412,54,56,1145
Val: 0.131068 0.0471616 0.0693642
179,116,132,11,12,338
Test:0.0833333 0.0325444 0.0468085
