9471 6281 892
Valid size: 2298
Epoch 5
Train:
Target:
1 1
0 0
0 0
Val:
Target:
1 1
0 0
0 0
Train:
Agent:
0.538343 0.554168
0.543156 0.598398
0.540739 0.575434
Val:
Agent:
0.513366  0.52356
0.502063 0.553824
0.507652 0.538267
Train:
DSE:
  0.4984 0.522226
0.656008 0.724745
0.566445  0.60704
Val:
DSE:
0.463617 0.488221
0.591761 0.646586
 0.51991 0.556353
is from:
7087,1552,2699,833,1730,3137
Train:0.308633  0.26554 0.285469
2395,603,955,265,552,1176
Val:0.277487  0.22534  0.24871
778,180,303,93,182,349
Test:0.306931 0.266476 0.285276
is about:
0,0,0,0,0,3064
Train:1 0 0
0,0,0,0,0,1145
Val:1 0 0
0,0,0,0,0,338
Test:1 0 0
