9471 6281 892
Valid size: 2298
Epoch 5
Train:
Target:
1 1
0 0
0 0
Val:
Target:
1 1
0 0
0 0
Train:
Agent:
0.672922 0.674746
0.384887 0.443525
0.489689 0.535231
Val:
Agent:
0.658678  0.66122
0.354533 0.410057
0.460956 0.506195
Train:
DSE:
 0.59487 0.611296
0.562469 0.635969
0.578216 0.623388
Val:
DSE:
0.553409 0.570265
0.485431 0.548862
0.517196 0.559359
is from:
3690,492,936,363,1220,3137
Train:0.387821 0.115716 0.178247
1224,223,381,125,385,1176
Val:0.328084 0.106293 0.160565
448,62,111,37,121,349
Test:0.333333 0.106017  0.16087
is about:
0,0,0,0,0,3064
Train:1 0 0
0,0,0,0,0,1145
Val:1 0 0
0,0,0,0,0,338
Test:1 0 0
