9471 6281 892
Valid size: 2298
Epoch 5
Train:
Target:
1 1
0 0
0 0
Val:
Target:
1 1
0 0
0 0
Train:
Agent:
0.547104 0.554365
0.570581 0.633111
0.558596 0.591127
Val:
Agent:
0.515556 0.521321
 0.52846 0.586402
0.521928  0.55195
Train:
DSE:
0.575772 0.597126
0.604527 0.668878
0.589799 0.630968
Val:
DSE:
 0.52248 0.547014
0.519478  0.57095
0.520974 0.558726
is from:
6284,1482,2385,687,1740,3137
Train: 0.28805 0.218999 0.248823
2178,645,950,241,551,1176
Val:0.253684 0.204932 0.226717
704,162,253,70,171,349
Test: 0.27668 0.200573 0.232558
is about:
0,0,0,0,0,3064
Train:1 0 0
0,0,0,0,0,1145
Val:1 0 0
0,0,0,0,0,338
Test:1 0 0
