9471 6281 892
Valid size: 2298
Epoch 5
Train:
Target:
 0.269177  0.269177
   0.0279 0.0578191
0.0505595 0.0951911
Val:
Target:
 0.264493  0.264493
0.0279093 0.0573449
0.0504908 0.0942544
Train:
Agent:
0.564248 0.575117
0.553671 0.601335
0.558909 0.587934
Val:
Agent:
0.520814  0.53125
0.500734 0.550283
0.510577 0.540599
Train:
DSE:
0.650537  0.66844
0.515071 0.591327
0.574932 0.627523
Val:
DSE:
0.585599 0.602965
0.426249 0.484605
0.493376 0.537345
is from:
4559,1038,2124,805,1413,3137
Train:0.379002 0.256615 0.306025
1505,402,774,283,428,1176
Val:0.365633 0.240646 0.290256
511,136,249,86,142,349
Test:0.345382 0.246418 0.287625
is about:
744,285,413,85,115,3064
Train: 0.205811 0.0277415 0.0488927
270,113,160,31,38,1145
Val:  0.19375 0.0270742 0.0475096
85,37,50,10,11,338
Test:      0.2 0.0295858 0.0515464
