9471 6281 892
Valid size: 2298
Epoch 5
Train:
Target:
1 1
0 0
0 0
Val:
Target:
1 1
0 0
0 0
Train:
Agent:
0.739465 0.741269
0.335607 0.390387
 0.46168 0.511431
Val:
Agent:
0.674119 0.674797
0.295328 0.344901
0.410722 0.456484
Train:
DSE:
0.605246 0.622992
0.606262 0.685969
0.605754 0.652965
Val:
DSE:
0.529291 0.553151
0.512094 0.575636
0.520551 0.564169
is from:
2989,710,1607,705,1065,3137
Train:0.438706 0.224737 0.297218
997,309,588,217,314,1176
Val:0.369048 0.184524 0.246032
325,90,187,74,100,349
Test:0.395722 0.212034 0.276119
is about:
0,0,0,0,0,3064
Train:1 0 0
0,0,0,0,0,1145
Val:1 0 0
0,0,0,0,0,338
Test:1 0 0
