9471 6281 892
Valid size: 2298
Epoch 5
Train:
Target:
1 1
0 0
0 0
Val:
Target:
1 1
0 0
0 0
Train:
Agent:
0.615274 0.619881
0.458294  0.53271
0.525307 0.572999
Val:
Agent:
0.561055 0.563945
0.423286 0.495042
 0.48253 0.527252
Train:
DSE:
0.601878 0.624863
0.644275 0.715306
0.622355 0.667033
Val:
DSE:
0.516412   0.5467
0.523967 0.582329
0.520162 0.563952
is from:
4754,858,1770,613,1483,3137
Train:0.346328  0.19541 0.249847
1651,359,654,205,450,1176
Val:0.313456  0.17432 0.224044
528,103,214,72,143,349
Test:0.336449 0.206304 0.255773
is about:
0,0,0,0,0,3064
Train:1 0 0
0,0,0,0,0,1145
Val:1 0 0
0,0,0,0,0,338
Test:1 0 0
