9471 6281 892
Valid size: 2298
Epoch 5
Train:
Target:
0.304137 0.318516
0.332689 0.570401
0.317773 0.408771
Val:
Target:
0.298039 0.315443
0.323471 0.527887
0.310234 0.394906
Train:
Agent:
0.672177 0.673263
0.260763 0.326035
0.375756 0.439323
Val:
Agent:
 0.66779 0.669811
0.259358 0.310198
0.373612 0.424025
Train:
DSE:
0.487033 0.495217
0.369384 0.439031
0.420128 0.465434
Val:
DSE:
0.477394 0.481541
0.327165 0.394913
0.388254 0.433946
is from:
3280,1166,2028,649,936,3137
Train: 0.32002 0.206886 0.251307
1114,418,725,226,308,1176
Val:0.311724 0.192177  0.23777
413,129,237,69,101,349
Test:0.291139 0.197708 0.235495
is about:
10546,211,278,51,1620,3064
Train: 0.183453 0.0166449 0.0305206
3480,66,93,22,449,1145
Val: 0.236559  0.019214 0.0355412
1225,30,36,4,155,338
Test: 0.111111 0.0118343 0.0213904
