9471 6281 892
Valid size: 2298
Epoch 5
Train:
Target:
  0.3276 0.369805
0.381703 0.536549
0.352588 0.437839
Val:
Target:
0.307151 0.360735
0.357765 0.489395
0.330532 0.415329
Train:
Agent:
0.737237 0.739224
0.196677 0.248598
0.310516  0.37207
Val:
Agent:
0.707138 0.709016
0.187542 0.226629
0.296459 0.343471
Train:
DSE:
0.506694 0.513548
0.338517 0.402551
0.405874 0.451325
Val:
DSE:
0.492028 0.495487
0.301439 0.362784
0.373844 0.418877
is from:
2106,836,1551,539,671,3137
Train:0.347518  0.17182 0.229949
679,291,529,176,201,1176
Val:0.332703  0.14966 0.206452
230,72,160,57,69,349
Test: 0.35625 0.163324 0.223969
is about:
6727,3452,4903,856,1167,3064
Train:0.174587 0.279373 0.214886
2258,1189,1655,251,328,1145
Val:0.151662 0.219214 0.179286
777,386,524,84,124,338
Test:0.160305 0.248521 0.194896
