9471 6281 892
Valid size: 2298
Epoch 5
Train:
Target:
0.332759 0.376688
0.395656 0.540144
0.361492 0.443845
Val:
Target:
0.312756 0.365261
0.359511 0.483111
0.334508    0.416
Train:
Agent:
0.643575 0.647059
0.350099 0.433645
0.453499  0.51928
Val:
Agent:
0.615736 0.620476
0.329885 0.402266
0.429605 0.488093
Train:
DSE:
0.516813  0.52657
0.390446 0.461735
0.444829 0.492026
Val:
DSE:
0.504248 0.511327
0.347936 0.415663
0.411756 0.458559
is from:
4029,1494,2658,850,1149,3137
Train:0.319789  0.27096 0.293356
1317,547,939,282,352,1176
Val:0.300319 0.239796 0.266667
473,168,285,83,117,349
Test:0.291228 0.237822  0.26183
is about:
7757,2255,3298,622,1359,3064
Train:0.188599 0.203003 0.195536
2517,707,1023,177,390,1145
Val:0.173021 0.154585 0.163284
902,258,349,55,132,338
Test:0.157593 0.162722 0.160116
