9471 6281 892
Valid size: 2298
Epoch 5
Train:
Target:
0.296904 0.337654
 0.48259 0.634212
0.367631 0.440687
Val:
Target:
0.286683 0.337372
0.458921 0.590731
0.352908 0.429469
Train:
Agent:
 0.70308 0.705258
0.267844 0.331909
 0.38791 0.451386
Val:
Agent:
0.680882 0.683824
0.262716 0.312323
0.379142   0.4288
Train:
DSE:
0.524267 0.532248
0.344915 0.407653
0.416087 0.461692
Val:
DSE:
 0.50122 0.505032
0.305444  0.36747
0.379575 0.425407
is from:
2690,933,1753,615,848,3137
Train:0.350827 0.196047 0.251534
920,360,652,220,277,1176
Val:0.337423 0.187075   0.2407
345,105,198,66,93,349
Test:0.333333 0.189112 0.241316
is about:
8428,412,624,132,1384,3064
Train: 0.211538 0.0430809 0.0715835
2809,119,194,46,406,1145
Val: 0.237113 0.0401747  0.068708
995,53,69,9,145,338
Test: 0.130435 0.0266272  0.044226
