9471 6281 892
Valid size: 2298
Epoch 5
Train:
Target:
0.321332 0.348575
0.347438 0.537448
0.333875  0.42288
Val:
Target:
0.309955 0.339835
0.325938 0.487824
0.317746 0.400599
Train:
Agent:
0.748988 0.748988
0.116431 0.144726
0.201534 0.242579
Val:
Agent:
0.752941 0.752941
0.107239  0.13102
0.187739   0.2232
Train:
DSE:
0.506179 0.511943
 0.30037 0.361735
0.377016 0.423926
Val:
DSE:
0.489796 0.491837
0.265752 0.319277
0.344556 0.387201
is from:
1157,528,927,299,352,3137
Train:0.322546 0.095314 0.147146
363,169,308,104,113,1176
Val: 0.337662 0.0884354  0.140162
124,45,91,34,38,349
Test: 0.373626 0.0974212  0.154545
is about:
6837,832,1166,202,1114,3064
Train: 0.173242 0.0659269 0.0955083
2329,274,398,75,323,1145
Val: 0.188442 0.0655022 0.0972132
775,86,124,19,116,338
Test: 0.153226  0.056213 0.0822511
