9471 6281 892
Valid size: 2298
Epoch 5
Train:
Target:
0.263888 0.307659
0.510351 0.673457
0.347891 0.422366
Val:
Target:
 0.25196 0.302266
0.480001  0.62608
0.330457 0.407699
Train:
Agent:
0.759036 0.759036
0.108043 0.132176
 0.18916 0.225146
Val:
Agent:
0.740891 0.740891
0.103447 0.124646
0.181546 0.213391
Train:
DSE:
0.474252 0.481523
 0.35774 0.433929
0.407838 0.456488
Val:
DSE:
0.463592 0.466828
0.313287 0.381526
0.373899 0.419889
is from:
1186,546,955,289,337,3137
Train: 0.302618 0.0921262  0.141251
394,207,353,109,113,1176
Val: 0.308782 0.0926871  0.142577
141,58,112,37,39,349
Test:0.330357 0.106017 0.160521
is about:
10056,3346,4406,637,1427,3064
Train:0.144576 0.207898 0.170549
3253,997,1334,180,415,1145
Val:0.134933 0.157205  0.14522
1191,346,452,62,157,338
Test:0.137168 0.183432 0.156962
