9471 6281 892
Valid size: 2298
Epoch 5
Train:
Target:
0.273283 0.326226
 0.54536 0.680348
0.364109 0.440995
Val:
Target:
0.260043 0.320819
0.503444 0.628437
0.342945 0.424784
Train:
Agent:
0.682663 0.684591
0.309676 0.384246
0.426073  0.49222
Val:
Agent:
 0.66086 0.664516
0.296201 0.350567
0.409059 0.458991
Train:
DSE:
0.548439 0.558002
0.379704 0.447959
0.448734 0.496962
Val:
DSE:
0.535061 0.540301
0.335721 0.402945
0.412574 0.461622
is from:
3211,1128,2150,760,999,3137
Train:0.353488  0.24227 0.287498
1048,414,764,259,323,1176
Val:0.339005 0.220238  0.26701
392,129,243,81,105,349
Test:0.333333 0.232092 0.273649
is about:
8954,2362,3428,620,1510,3064
Train:0.180863  0.20235 0.191004
2984,767,1111,189,450,1145
Val:0.170117 0.165066 0.167553
999,262,338,52,143,338
Test:0.153846 0.153846 0.153846
