9471 6281 892
Valid size: 2298
Epoch 5
Train:
Target:
0.272933 0.328102
0.568217 0.694727
0.368746 0.445707
Val:
Target:
0.261737 0.323705
0.521542 0.644148
0.348553 0.430879
Train:
Agent:
0.678302 0.682455
0.343673 0.417891
0.456203 0.518367
Val:
Agent:
0.639503 0.643094
0.327003 0.399433
0.432733 0.492789
Train:
DSE:
0.567592 0.578826
0.424476 0.498724
0.485711 0.535798
Val:
DSE:
0.550222 0.559435
0.375697 0.442436
0.446511 0.494104
is from:
3563,1252,2383,840,1112,3137
Train:0.352497 0.267772 0.304348
1213,460,841,277,357,1176
Val: 0.32937 0.235544 0.274665
427,154,271,85,112,349
Test:0.313653 0.243553 0.274194
is about:
9417,2112,3178,615,1620,3064
Train:0.193518 0.200718 0.197052
3192,663,1001,193,495,1145
Val:0.192807 0.168559  0.17987
1002,213,299,54,152,338
Test:0.180602 0.159763 0.169545
