9471 6281 892
Valid size: 2298
Epoch 5
Train:
Target:
0.344169 0.368086
0.369681 0.553026
0.356469  0.44199
Val:
Target:
 0.32585 0.355386
0.341082 0.501178
0.333292 0.415875
Train:
Agent:
 0.64595 0.649033
0.360313 0.446729
0.462592 0.529206
Val:
Agent:
0.621252 0.625523
 0.33502 0.410057
0.435298 0.495374
Train:
DSE:
0.557137 0.567223
0.368214 0.432653
 0.44339 0.490882
Val:
DSE:
0.543265 0.549111
0.323483  0.38755
0.405509 0.454397
is from:
3674,1309,2415,821,1114,3137
Train:0.339959 0.261715 0.295749
1203,483,858,272,343,1176
Val:0.317016 0.231293 0.267453
404,140,261,85,110,349
Test: 0.32567 0.243553 0.278689
is about:
8210,308,462,99,1479,3064
Train: 0.214286 0.0323107 0.0561543
2675,76,124,29,417,1145
Val: 0.233871 0.0253275 0.0457053
846,40,54,8,133,338
Test: 0.148148 0.0236686 0.0408163
