9471 6281 892
Valid size: 2298
Epoch 5
Train:
Target:
0.270292 0.325932
0.557641 0.687537
0.364101 0.442224
Val:
Target:
0.261993 0.328348
0.514225 0.636292
0.347127 0.433167
Train:
Agent:
0.629425 0.634494
0.420625 0.502537
0.504266 0.560858
Val:
Agent:
0.598826 0.604348
0.394145  0.47238
 0.47539 0.530276
Train:
DSE:
0.554112 0.566282
0.435181  0.51199
0.487498 0.537769
Val:
DSE:
0.533712 0.543818
0.386473 0.454485
0.448313 0.495154
is from:
4516,1665,2993,969,1333,3137
Train:0.323755 0.308894  0.31615
1534,606,1059,318,415,1176
Val:0.300283 0.270408 0.284564
500,184,308,88,120,349
Test:0.285714 0.252149 0.267884
is about:
9962,2366,3554,679,1660,3064
Train:0.191052 0.221606 0.205198
3350,746,1109,203,515,1145
Val:0.183048 0.177293 0.180124
1075,237,334,63,158,338
Test:0.188623 0.186391   0.1875
