9471 6281 892
Valid size: 2298
Epoch 5
Train:
Target:
0.336995 0.370029
0.418649 0.573098
 0.37341 0.449701
Val:
Target:
0.323825 0.365577
0.385412  0.52553
0.351944 0.431198
Train:
Agent:
0.652613 0.656807
0.324897 0.407744
0.433821  0.50314
Val:
Agent:
0.624442 0.629464
 0.30307  0.38102
 0.40808   0.4747
Train:
DSE:
0.580151 0.590078
0.385328 0.453316
0.463083 0.512734
Val:
DSE:
0.551721 0.558685
 0.33364 0.392905
0.415822 0.461355
is from:
3394,1217,2273,789,1048,3137
Train:0.347118 0.251514 0.291682
1096,449,792,250,323,1176
Val:0.315657 0.212585 0.254065
396,153,263,79,100,349
Test: 0.30038 0.226361  0.25817
is about:
7762,1357,2026,408,1455,3064
Train:0.201382 0.133159 0.160314
2475,402,599,111,399,1145
Val: 0.185309 0.0969432  0.127294
804,157,224,39,143,338
Test:0.174107 0.115385  0.13879
