9471 6281 892
Valid size: 2298
Epoch 5
Train:
Target:
 0.24445  0.30123
 0.62329 0.743259
0.351173 0.428711
Val:
Target:
0.246705 0.309986
0.579916 0.699921
0.346152 0.429674
Train:
Agent:
0.698155 0.700249
0.290642 0.358344
0.410425 0.474083
Val:
Agent:
0.677922 0.680764
0.285905 0.339943
0.402191 0.453453
Train:
DSE:
0.547575 0.558218
0.416194 0.491837
 0.47293 0.522929
Val:
DSE:
0.526454 0.534733
0.366761 0.436412
0.432332 0.480596
is from:
3167,1114,2105,732,973,3137
Train:0.347743 0.233344 0.279283
1057,409,754,256,321,1176
Val:0.339523 0.217687 0.265285
383,130,239,77,99,349
Test:0.322176  0.22063 0.261905
is about:
10490,1656,2482,459,1657,3064
Train:0.184932 0.149804 0.165525
3575,552,817,158,539,1145
Val: 0.19339 0.137991  0.16106
1166,175,232,36,154,338
Test:0.155172 0.106509 0.126316
