9471 6281 892
Valid size: 2298
Epoch 5
Train:
Target:
0.288034 0.344127
0.556609 0.677352
0.379621 0.456387
Val:
Target:
0.279837  0.34805
0.502628 0.622938
0.359515 0.446583
Train:
Agent:
0.599489 0.604717
0.439806 0.523899
 0.50738 0.561414
Val:
Agent:
0.572437 0.576271
 0.38486 0.474504
0.460271  0.52046
Train:
DSE:
 0.61323 0.625547
0.369509 0.432143
0.461148 0.511163
Val:
DSE:
0.591075 0.601253
 0.32654 0.380857
0.420677 0.466325
is from:
3993,1395,2553,822,1239,3137
Train:0.321974 0.262034 0.288928
1309,497,860,259,374,1176
Val:0.301163 0.220238  0.25442
443,160,285,92,128,349
Test:0.322807  0.26361 0.290221
is about:
7287,1309,2153,488,1399,3064
Train: 0.22666 0.159269 0.187081
2418,405,679,154,427,1145
Val:0.226804 0.134498  0.16886
756,127,206,47,133,338
Test:0.228155 0.139053 0.172794
