9471 6281 892
Valid size: 2298
Epoch 5
Train:
Target:
0.298056 0.338134
0.534315 0.676453
0.382656 0.450887
Val:
Target:
0.286857 0.334914
 0.48424 0.617439
0.360286 0.434269
Train:
Agent:
0.570998 0.576579
0.508195 0.586649
0.537769  0.58157
Val:
Agent:
0.548163 0.553121
0.466231 0.548867
0.503888 0.550986
Train:
DSE:
0.572174 0.587084
0.446667 0.522704
 0.50169 0.553027
Val:
DSE:
0.560538 0.573864
0.399381 0.465863
0.466431 0.514254
is from:
5590,2174,3709,1083,1532,3137
Train:0.291992 0.345234 0.316389
1877,793,1284,349,486,1176
Val:0.271807 0.296769  0.28374
615,266,402,102,143,349
Test:0.253731 0.292264 0.271638
is about:
10395,796,1265,279,1784,3064
Train: 0.220553 0.0910574  0.128898
3390,251,429,102,546,1145
Val:0.237762 0.089083 0.129606
1127,98,148,30,158,338
Test: 0.202703 0.0887574  0.123457
