9471 6281 892
Valid size: 2298
Epoch 5
Train:
Target:
 0.28246 0.335258
0.582885 0.701618
0.380523 0.453715
Val:
Target:
0.270344 0.333446
0.529224 0.641005
0.357874  0.43869
Train:
Agent:
0.642628  0.64886
0.432497 0.497997
0.517028 0.563506
Val:
Agent:
0.616548 0.621429
0.402436 0.468839
0.486997 0.534456
Train:
DSE:
0.583011 0.599203
0.450162 0.524745
0.508045 0.559508
Val:
DSE:
0.561594 0.576702
0.401924 0.462517
0.468529 0.513336
is from:
4260,1378,2566,861,1321,3137
Train:0.335542 0.274466 0.301946
1449,513,893,274,412,1176
Val:0.306831 0.232993 0.264862
487,162,272,82,128,349
Test:0.301471 0.234957  0.26409
is about:
9903,977,1567,325,1758,3064
Train:0.207403  0.10607 0.140358
3269,302,501,114,529,1145
Val: 0.227545 0.0995633  0.138518
1027,121,175,36,161,338
Test:0.205714 0.106509 0.140351
