9471 6281 892
Valid size: 2298
Epoch 5
Train:
Target:
0.350643 0.391849
0.426844 0.569203
0.385009 0.464161
Val:
Target:
0.331082 0.378942
0.380044 0.505892
0.353877  0.43331
Train:
Agent:
0.591522 0.597291
0.483705 0.560481
0.532208 0.578301
Val:
Agent:
0.552748 0.557925
0.433181 0.514873
0.485714 0.535535
Train:
DSE:
0.541977 0.560057
0.506707  0.58699
0.523749 0.573207
Val:
DSE:
0.527115 0.544338
0.456565 0.524766
 0.48931 0.534373
is from:
5913,2149,3646,1027,1587,3137
Train:0.281679 0.327383 0.302816
2003,789,1246,329,489,1176
Val:0.264045 0.279762 0.271676
669,254,391,101,151,349
Test:0.258312 0.289398 0.272973
is about:
9451,2603,3925,760,1737,3064
Train:0.193631 0.248042 0.217485
3049,814,1233,243,499,1145
Val: 0.19708 0.212227 0.204373
1005,300,421,74,167,338
Test:0.175772 0.218935 0.194993
