9471 6281 892
Valid size: 2298
Epoch 5
Train:
Target:
0.336931 0.379553
  0.4476 0.583883
 0.38446  0.46005
Val:
Target:
0.319976 0.370018
0.400441 0.523174
0.355715 0.433465
Train:
Agent:
0.588964 0.594957
0.478551 0.553004
0.528048 0.573214
Val:
Agent:
0.557546 0.563611
0.437779 0.518414
0.490456 0.540068
Train:
DSE:
0.582914 0.597099
0.429989 0.503827
0.494907 0.546512
Val:
DSE:
0.569934 0.582115
0.384131 0.447791
 0.45894 0.506194
is from:
4937,1780,3114,937,1427,3137
Train:0.300899 0.298693 0.299792
1718,687,1125,314,454,1176
Val:0.279111 0.267007 0.272925
529,214,340,95,141,349
Test:0.279412 0.272206 0.275762
is about:
8030,2075,3194,661,1553,3064
Train:0.206951 0.215731  0.21125
2681,686,1057,216,467,1145
Val:0.204352 0.188646 0.196185
831,220,323,62,149,338
Test: 0.19195 0.183432 0.187595
