9471 6281 892
Valid size: 2298
Epoch 5
Train:
Target:
0.344847 0.383255
 0.44793 0.588975
0.389686  0.46435
Val:
Target:
0.325469 0.372197
 0.40073 0.530244
  0.3592 0.437381
Train:
Agent:
0.682436 0.688434
0.365565 0.431776
0.476096 0.530703
Val:
Agent:
0.633793 0.639066
0.326024 0.395184
0.430565 0.488371
Train:
DSE:
0.627017 0.639683
0.348054 0.406122
 0.44763 0.496822
Val:
DSE:
0.609477 0.620531
0.307553 0.354752
0.408812 0.451427
is from:
2828,876,1765,659,1003,3137
Train:0.373371 0.210073  0.26887
920,322,618,225,313,1176
Val:0.364078 0.191327 0.250836
327,99,196,74,107,349
Test:0.377551 0.212034  0.27156
is about:
6178,761,1271,315,1319,3064
Train:0.247836 0.102807 0.145329
1959,256,430,105,365,1145
Val: 0.244186 0.0917031  0.133333
693,100,170,39,127,338
Test:0.229412 0.115385 0.153543
