9471 6281 892
Valid size: 2298
Epoch 5
Train:
Target:
0.276646 0.304029
0.394086 0.616537
0.325085 0.407239
Val:
Target:
0.259832 0.294943
0.377543 0.565593
0.307818 0.387706
Train:
Agent:
1 1
0 0
0 0
Val:
Agent:
1 1
0 0
0 0
Train:
DSE:
0.462068 0.464175
0.331817 0.405357
0.386258 0.432777
Val:
DSE:
0.468201 0.468619
0.294378 0.368139
0.361479 0.412346
is from:
0,0,0,0,0,3137
Train:1 0 0
0,0,0,0,0,1176
Val:1 0 0
0,0,0,0,0,349
Test:1 0 0
is about:
9349,1765,2353,351,1336,3064
Train:0.149171 0.114556 0.129592
3118,560,741,101,384,1145
Val: 0.136302 0.0882096  0.107105
1106,170,215,22,144,338
Test: 0.102326 0.0650888  0.079566
