9471 6281 892
Valid size: 2298
Epoch 5
Train:
Target:
0.328724 0.332514
0.116629 0.282804
0.172173 0.305651
Val:
Target:
 0.33223 0.335393
 0.10908 0.278083
0.164237 0.304061
Train:
Agent:
0.562365 0.563198
0.410478  0.49239
0.474565 0.525419
Val:
Agent:
0.545345 0.545746
0.394984 0.469547
0.458143 0.504787
Train:
DSE:
0.616513  0.63334
0.688567 0.755102
0.650551 0.688882
Val:
DSE:
0.501849 0.528818
0.533202 0.587684
 0.51705 0.556699
is from:
4890,2595,4889,1438,1438,3137
Train: 0.29413   0.4584 0.358335
1749,1041,1749,449,449,1176
Val:0.256718 0.381803 0.307009
575,349,575,152,152,349
Test:0.264348  0.43553 0.329004
is about:
4498,1414,2248,502,878,3064
Train: 0.22331 0.163838 0.189006
1465,501,721,134,261,1145
Val:0.185853 0.117031 0.143623
392,149,234,60,77,338
Test: 0.25641 0.177515  0.20979
