9471 6281 892
Valid size: 2298
Epoch 5
Train:
Target:
1 1
0 0
0 0
Val:
Target:
1 1
0 0
0 0
Train:
Agent:
0.725596 0.727395
0.351265 0.416555
0.473369 0.529744
Val:
Agent:
0.691583 0.692211
 0.32534 0.381728
0.442511 0.492088
Train:
DSE:
0.582334 0.588412
0.263539 0.297704
0.362863 0.395372
Val:
DSE:
0.559736 0.560876
0.245187 0.274431
0.341002 0.368539
is from:
2015,905,1951,788,810,3137
Train:0.403895 0.251195 0.309748
702,336,672,255,264,1176
Val:0.379464 0.216837 0.275974
242,113,236,94,95,349
Test:0.398305 0.269341 0.321368
is about:
0,0,0,0,0,3064
Train:1 0 0
0,0,0,0,0,1145
Val:1 0 0
0,0,0,0,0,338
Test:1 0 0
