9471 6281 892
Valid size: 2298
Epoch 5
Train:
Target:
 0.296763  0.297362
0.0329817  0.074296
0.0593656  0.118888
Val:
Target:
 0.283898  0.285311
0.0356644 0.0793401
0.0633682  0.124155
Train:
Agent:
1 1
0 0
0 0
Val:
Agent:
1 1
0 0
0 0
Train:
DSE:
0.516728 0.524175
0.342812 0.396173
0.412175 0.451273
Val:
DSE:
0.498804 0.502242
0.326573 0.375502
0.394719 0.429722
is from:
0,0,0,0,0,3137
Train:1 0 0
0,0,0,0,0,1176
Val:1 0 0
0,0,0,0,0,349
Test:1 0 0
is about:
963,0,0,0,177,3064
Train:1 0 0
392,0,0,0,68,1145
Val:1 0 0
132,0,0,0,25,338
Test:1 0 0
