9471 6281 892
Valid size: 2298
Epoch 5
Train:
Target:
  0.391304   0.391304
0.00424017 0.00808868
0.00838944  0.0158497
Val:
Target:
  0.222222   0.222222
0.00314218 0.00471328
0.00619675 0.00923077
Train:
Agent:
 0.69033 0.693764
 0.42455 0.486515
 0.52576 0.571944
Val:
Agent:
0.647271 0.650875
0.380981 0.439093
0.479645  0.52441
Train:
DSE:
1 1
0 0
0 0
Val:
DSE:
1 1
0 0
0 0
is from:
0,0,0,0,0,3137
Train:1 0 0
0,0,0,0,0,1176
Val:1 0 0
0,0,0,0,0,349
Test:1 0 0
is about:
0,0,0,0,0,3064
Train:1 0 0
0,0,0,0,0,1145
Val:1 0 0
0,0,0,0,0,338
Test:1 0 0
