9471 6281 892
Valid size: 2298
Epoch 5
Train:
Target:
0.328782 0.348615
0.240604 0.453565
0.277865 0.394225
Val:
Target:
0.320838 0.340785
0.207831 0.398272
0.252256 0.367293
Train:
Agent:
0.636421  0.64112
0.431105  0.49239
0.514019 0.556997
Val:
Agent:
   0.599 0.602507
0.406804 0.462465
0.484539 0.523278
Train:
DSE:
0.666951 0.688172
0.638956 0.698214
0.652653 0.693157
Val:
DSE:
0.535245 0.563441
0.473019 0.522758
0.502212 0.542337
is from:
3850,1095,2356,875,1246,3137
Train:0.371392 0.278929 0.318587
1259,370,765,275,364,1176
Val:0.359477 0.233844 0.283359
415,137,254,85,131,349
Test:0.334646 0.243553 0.281924
is about:
6979,804,1367,354,1441,3064
Train:0.258961 0.115535 0.159783
2197,288,411,77,380,1145
Val: 0.187348 0.0672489 0.0989717
729,83,135,34,135,338
Test:0.251852 0.100592 0.143763
