9471 6281 892
Valid size: 2298
Epoch 5
Train:
Target:
  0.24495   0.24495
0.0533855  0.206711
 0.087665  0.224212
Val:
Target:
 0.238806  0.238806
0.0499581  0.188531
  0.08263  0.210711
Train:
Agent:
0.528806 0.536628
0.477864 0.550334
0.502046 0.543395
Val:
Agent:
0.512065 0.516783
0.438783 0.503541
  0.4726 0.510076
Train:
DSE:
0.614408 0.631555
0.640576 0.705357
0.627219 0.666419
Val:
DSE:
0.512144 0.536432
0.513166 0.563588
0.512654 0.549675
is from:
5458,1391,2797,954,1531,3137
Train: 0.34108 0.304112 0.321537
1781,543,944,262,442,1176
Val:0.277542 0.222789  0.24717
604,196,327,92,152,349
Test:0.281346  0.26361 0.272189
is about:
3482,1505,2116,360,577,3064
Train:0.170132 0.117493 0.138996
1176,521,705,96,158,1145
Val:  0.13617 0.0838428  0.103784
322,151,187,21,45,338
Test: 0.112299 0.0621302      0.08
