9471 6281 892
Valid size: 2298
Epoch 5
Train:
Target:
0.216807  0.23224
0.390795 0.659676
 0.27889 0.343538
Val:
Target:
0.202121  0.22056
0.391852 0.639434
0.266684 0.327987
Train:
Agent:
0.568466 0.577696
0.512624 0.570628
0.539103  0.57414
Val:
Agent:
0.527551 0.537151
0.488642 0.544618
0.507352 0.540858
Train:
DSE:
0.558993 0.599299
0.751388 0.792347
0.641067 0.682433
Val:
DSE:
0.445767 0.494186
0.574632 0.626506
0.502062 0.552535
is from:
5871,3183,5835,1609,1615,3137
Train: 0.27575  0.51291 0.358671
2170,1357,2151,477,483,1176
Val:0.221757 0.405612 0.286745
677,417,673,165,167,349
Test:0.245171 0.472779 0.322896
is about:
18167,12759,16978,2493,2639,3064
Train:0.146837 0.813642 0.248778
6442,4801,6004,701,745,1145
Val:0.116755 0.612227 0.196111
1799,1379,1679,182,196,338
Test:0.108398 0.538462 0.180466
