9471 6281 892
Valid size: 2298
Epoch 5
Train:
Target:
0.197331 0.199313
0.371791 0.725884
0.257821 0.312751
Val:
Target:
0.186525 0.189189
0.362753 0.696779
0.246369  0.29758
Train:
Agent:
0.583293 0.590399
0.486983 0.540988
0.530805 0.564614
Val:
Agent:
0.551614  0.55902
0.458036 0.514164
0.500489 0.535655
Train:
DSE:
0.495242 0.542822
0.742505 0.785714
0.594176 0.642064
Val:
DSE:
 0.42787 0.480019
0.602805  0.66332
0.500492 0.556976
is from:
5639,3075,5472,1438,1474,3137
Train:0.262792   0.4584 0.334069
2034,1241,1993,454,463,1176
Val:0.227797 0.386054 0.286526
654,392,627,147,153,349
Test: 0.23445 0.421203  0.30123
is about:
26175,5980,7679,1102,3118,3064
Train:0.143508 0.359661 0.205157
9330,2146,2676,328,953,1145
Val:0.122571 0.286463 0.171683
2629,667,805,89,278,338
Test:0.110559 0.263314 0.155731
