9471 6281 892
Valid size: 2298
Epoch 5
Train:
Target:
1 1
0 0
0 0
Val:
Target:
1 1
0 0
0 0
Train:
Agent:
0.744547  0.74958
 0.30691 0.348198
0.434652  0.47551
Val:
Agent:
0.714279 0.719457
0.291556 0.330028
0.414088 0.452491
Train:
DSE:
0.573184 0.608019
0.757317 0.796684
0.652509 0.689681
Val:
DSE:
0.447635 0.490456
0.562117 0.613119
0.498386 0.544971
is from:
2881,1116,2499,870,951,3137
Train:0.348139 0.277335  0.30873
1025,484,914,270,294,1176
Val:0.295405 0.229592 0.258373
331,134,282,96,105,349
Test:0.340426 0.275072 0.304279
is about:
0,0,0,0,0,3064
Train:1 0 0
0,0,0,0,0,1145
Val:1 0 0
0,0,0,0,0,338
Test:1 0 0
