9471 6281 892
Valid size: 2298
Epoch 5
Train:
Target:
1 1
0 0
0 0
Val:
Target:
1 1
0 0
0 0
Train:
Agent:
0.602001 0.608142
0.515115 0.568758
0.555179 0.587791
Val:
Agent:
0.570172 0.575038
0.472151 0.523371
0.516552  0.54799
Train:
DSE:
0.538354 0.556954
0.401414 0.456888
0.459907 0.501983
Val:
DSE:
0.514997 0.531199
0.374286 0.421017
0.433509 0.469733
is from:
4129,2120,3859,1201,1273,3137
Train:0.311221  0.38285 0.343339
1399,753,1306,370,398,1176
Val:0.283308 0.314626 0.298147
503,265,456,130,143,349
Test:0.285088 0.372493 0.322981
is about:
0,0,0,0,0,3064
Train:1 0 0
0,0,0,0,0,1145
Val:1 0 0
0,0,0,0,0,338
Test:1 0 0
