9471 6281 892
Valid size: 2298
Epoch 5
Train:
Target:
1 1
0 0
0 0
Val:
Target:
1 1
0 0
0 0
Train:
Agent:
   0.333333    0.333333
0.000648679  0.00213618
 0.00129484  0.00424516
Val:
Agent:
  0.555556   0.555556
0.00101511 0.00354108
0.00202651  0.0070373
Train:
DSE:
0.472522 0.475784
0.395897 0.458673
0.430829 0.467072
Val:
DSE:
0.453932  0.45679
0.369529  0.42838
0.407405 0.442129
is from:
28,11,15,3,7,3137
Train:        0.2 0.000956328  0.00190355
12,4,7,1,4,1176
Val:  0.142857 0.00085034 0.00169062
0,0,0,0,0,349
Test:1 0 0
is about:
0,0,0,0,0,3064
Train:1 0 0
0,0,0,0,0,1145
Val:1 0 0
0,0,0,0,0,338
Test:1 0 0
