9471 6281 892
Valid size: 2298
Epoch 5
Train:
Target:
0.126912 0.142048
 0.27706 0.626423
0.174082 0.231583
Val:
Target:
0.119678 0.136718
0.281706  0.62608
0.167989 0.224428
Train:
Agent:
0.683522 0.689705
0.444597 0.489987
0.538758  0.57294
Val:
Agent:
0.625854 0.629667
0.377986 0.424221
0.471318 0.506919
Train:
DSE:
0.498544 0.506947
0.283232 0.324235
0.361238 0.395509
Val:
DSE:
0.476852 0.482222
0.253983 0.291165
0.331435 0.363094
is from:
2652,188,341,114,910,3137
Train: 0.334311 0.0363405 0.0655549
907,49,100,40,292,1176
Val:      0.4 0.0340136 0.0626959
307,25,48,14,99,349
Test: 0.291667 0.0401146  0.070529
is about:
11783,7814,9089,765,1045,3064
Train:0.0841677  0.249674  0.125895
4198,2754,3185,252,331,1145
Val:0.0791209  0.220087  0.116397
1192,813,905,62,93,338
Test:0.0685083  0.183432 0.0997586
