9471 6281 892
Valid size: 2298
Epoch 5
Train:
Target:
1 1
0 0
0 0
Val:
Target:
1 1
0 0
0 0
Train:
Agent:
 0.65605 0.664507
0.427924 0.469426
0.517982 0.550186
Val:
Agent:
0.620037 0.628856
0.386492 0.429887
 0.47617 0.510675
Train:
DSE:
0.512924 0.519735
0.325838 0.373214
0.398516 0.434453
Val:
DSE:
0.483796 0.489247
0.310476  0.35743
0.378225 0.413077
is from:
2922,413,722,220,986,3137
Train: 0.304709 0.0701307  0.114019
1054,155,242,69,343,1176
Val: 0.285124 0.0586735 0.0973202
348,36,60,18,117,349
Test:      0.3 0.0515759 0.0880196
is about:
0,0,0,0,0,3064
Train:1 0 0
0,0,0,0,0,1145
Val:1 0 0
0,0,0,0,0,338
Test:1 0 0
