9471 6281 892
Valid size: 2298
Epoch 5
Train:
Target:
0.326552 0.331925
0.212974  0.48592
0.257808 0.394424
Val:
Target:
 0.31557 0.322125
0.197638 0.437549
0.243054 0.371068
Train:
Agent:
0.618489 0.631579
0.494448 0.543925
0.549556 0.584484
Val:
Agent:
0.562948  0.57108
0.430812 0.482295
0.488095 0.522946
Train:
DSE:
0.493203 0.499697
 0.37042 0.419898
0.423083 0.456335
Val:
DSE:
0.490265 0.496272
0.351958 0.402945
0.409755 0.444765
is from:
3653,800,1415,460,1141,3137
Train:0.325088 0.146637 0.202109
1232,301,519,175,366,1176
Val:0.337187  0.14881  0.20649
423,76,134,44,126,349
Test:0.328358 0.126074 0.182195
is about:
5985,895,1169,138,987,3064
Train:  0.11805 0.0450392  0.065202
1966,326,418,56,294,1145
Val: 0.133971 0.0489083 0.0716571
553,73,104,18,90,338
Test: 0.173077 0.0532544  0.081448
