9471 6281 892
Valid size: 2298
Epoch 5
Train:
Target:
 0.457895  0.457895
0.0102696 0.0257639
0.0200887  0.048783
Val:
Target:
  0.333333   0.333333
0.00786528  0.0157109
 0.0153679  0.0300075
Train:
Agent:
1 1
0 0
0 0
Val:
Agent:
1 1
0 0
0 0
Train:
DSE:
0.537779 0.545046
0.374746 0.428827
0.441699 0.480002
Val:
DSE:
0.511111 0.517544
0.348567 0.392905
0.414473 0.446693
is from:
0,0,0,0,0,3137
Train:1 0 0
0,0,0,0,0,1176
Val:1 0 0
0,0,0,0,0,349
Test:1 0 0
is about:
238,40,66,21,67,3064
Train:  0.318182 0.00685379  0.0134185
68,18,24,4,15,1145
Val:  0.166667 0.00349345 0.00684346
18,5,6,1,4,338
Test:  0.166667 0.00295858 0.00581395
