9471 6281 892
Valid size: 2298
Epoch 5
Train:
Target:
 0.403329  0.403329
0.0781241  0.185141
 0.130894  0.253786
Val:
Target:
 0.338156  0.338156
0.0714742  0.145326
 0.118006  0.203287
Train:
Agent:
0.588816 0.592187
0.507265 0.598398
0.545006 0.595276
Val:
Agent:
0.536228 0.538249
0.456792 0.537535
0.493333 0.537892
Train:
DSE:
 0.43275  0.44788
  0.5436 0.606888
0.481882 0.515399
Val:
DSE:
0.427918 0.444609
0.533864 0.597724
0.475056 0.509921
is from:
6605,3817,6031,1477,1621,3137
Train:0.244901 0.470832 0.322208
2339,1391,2122,491,534,1176
Val:0.231385 0.417517 0.297756
824,517,762,167,186,349
Test:0.21916 0.47851 0.30063
is about:
2668,26,38,6,471,3064
Train:  0.157895 0.00195822 0.00386847
917,12,18,3,138,1145
Val:  0.166667 0.00262009 0.00515907
323,6,8,0,56,338
Test:   0    0 -nan
