9471 6281 892
Valid size: 2298
Epoch 5
Train:
Target:
0.314264 0.316205
0.213776 0.458658
0.254458 0.374337
Val:
Target:
0.295632 0.298172
0.199723 0.408484
0.238392 0.344718
Train:
Agent:
0.649977 0.654338
0.444833 0.497997
0.528185 0.565562
Val:
Agent:
0.618672 0.621777
0.408176 0.456091
0.491849 0.526199
Train:
DSE:
0.469894 0.476776
0.426417 0.493878
0.447101 0.485176
Val:
DSE:
0.459839 0.465194
0.402104 0.465194
0.429038 0.465194
is from:
4383,944,1579,445,1236,3137
Train:0.281824 0.141855 0.188719
1486,338,542,140,418,1176
Val:0.258303 0.119048  0.16298
532,103,180,54,146,349
Test:     0.3 0.154728 0.204159
is about:
6846,13,20,5,1057,3064
Train:      0.25 0.00163185 0.00324254
2361,3,7,4,316,1145
Val:  0.571429 0.00349345 0.00694444
684,4,4,0,102,338
Test:   0    0 -nan
