9471 6281 892
Valid size: 2298
Epoch 5
Train:
Target:
1 1
0 0
0 0
Val:
Target:
1 1
0 0
0 0
Train:
Agent:
 0.73036 0.730656
0.264054 0.327637
0.387875 0.452407
Val:
Agent:
0.683917 0.684713
0.251748 0.299575
0.368027 0.416795
Train:
DSE:
0.465104 0.496447
0.658084 0.724745
0.545016 0.589256
Val:
DSE:
 0.44956 0.480806
0.606891 0.668675
 0.51651 0.559388
is from:
3184,1747,3183,912,912,3137
Train:0.286522 0.290724 0.288608
1128,645,1123,287,288,1176
Val:0.255565 0.244048 0.249674
341,194,341,97,97,349
Test:0.284457 0.277937 0.281159
is about:
0,0,0,0,0,3064
Train:1 0 0
0,0,0,0,0,1145
Val:1 0 0
0,0,0,0,0,338
Test:1 0 0
