9471 6281 892
Valid size: 2298
Epoch 5
Train:
Target:
  0.371134   0.371134
0.00457239  0.0107849
0.00903349  0.0209607
Val:
Target:
       0.2        0.2
0.00274941 0.00549882
0.00542425  0.0107034
Train:
Agent:
0.635584 0.640511
0.390386 0.451535
0.483685 0.529672
Val:
Agent:
0.586738 0.591398
0.359468 0.416431
0.445809 0.488726
Train:
DSE:
1 1
0 0
0 0
Val:
DSE:
1 1
0 0
0 0
is from:
0,0,0,0,0,3137
Train:1 0 0
0,0,0,0,0,1176
Val:1 0 0
0,0,0,0,0,349
Test:1 0 0
is about:
0,0,0,0,0,3064
Train:1 0 0
0,0,0,0,0,1145
Val:1 0 0
0,0,0,0,0,338
Test:1 0 0
