9471 6281 892
Valid size: 2298
Epoch 5
Train:
Target:
1 1
0 0
0 0
Val:
Target:
1 1
0 0
0 0
Train:
Agent:
0.592065 0.598954
0.345782 0.406142
0.436586 0.484054
Val:
Agent:
0.538329 0.542091
0.334574 0.399433
0.412671 0.459955
Train:
DSE:
0.563049 0.573521
0.432044 0.494133
0.488923 0.530875
Val:
DSE:
0.545753 0.555288
0.403549 0.460509
   0.464 0.503477
is from:
3153,827,1704,642,1027,3137
Train:0.376761 0.204654 0.265234
1142,318,626,218,347,1176
Val:0.348243 0.185374 0.241953
368,102,199,73,113,349
Test:0.366834 0.209169 0.266423
is about:
0,0,0,0,0,3064
Train:1 0 0
0,0,0,0,0,1145
Val:1 0 0
0,0,0,0,0,338
Test:1 0 0
