9471 6281 892
Valid size: 2298
Epoch 5
Train:
Target:
1 1
0 0
0 0
Val:
Target:
1 1
0 0
0 0
Train:
Agent:
0.648079 0.658371
0.473068 0.525234
0.546914 0.584314
Val:
Agent:
0.588142 0.597281
0.432388  0.48796
0.498379 0.537115
Train:
DSE:
0.559634 0.577389
0.407554 0.458673
0.471637  0.51123
Val:
DSE:
0.545127 0.560554
0.391812 0.435743
0.455926  0.49033
is from:
3583,1273,2393,822,1203,3137
Train:0.343502 0.262034 0.297288
1252,474,863,284,402,1176
Val:0.329085 0.241497 0.278568
409,149,257,85,125,349
Test:0.330739 0.243553 0.280528
is about:
0,0,0,0,0,3064
Train:1 0 0
0,0,0,0,0,1145
Val:1 0 0
0,0,0,0,0,338
Test:1 0 0
