9471 6281 892
Valid size: 2298
Epoch 5
Train:
Target:
1 1
0 0
0 0
Val:
Target:
1 1
0 0
0 0
Train:
Agent:
0.634651 0.635914
0.384177 0.473431
0.478625 0.542774
Val:
Agent:
0.610868 0.611744
0.370162 0.456091
0.460985 0.522573
Train:
DSE:
  0.4911 0.527306
0.661415 0.726786
0.563673 0.611181
Val:
DSE:
  0.4654 0.503539
0.614029 0.670683
0.529482 0.575215
is from:
5279,1595,2877,841,1478,3137
Train:0.292318 0.268091 0.279681
1850,588,1007,259,484,1176
Val:  0.2572 0.220238 0.237288
572,177,312,89,157,349
Test:0.285256 0.255014 0.269289
is about:
0,0,0,0,0,3064
Train:1 0 0
0,0,0,0,0,1145
Val:1 0 0
0,0,0,0,0,338
Test:1 0 0
