9471 6281 892
Valid size: 2298
Epoch 5
Train:
Target:
1 1
0 0
0 0
Val:
Target:
1 1
0 0
0 0
Train:
Agent:
0.536554 0.542882
0.584679 0.646195
0.559584  0.59005
Val:
Agent:
0.514686 0.520093
0.547571 0.606941
 0.53062 0.560171
Train:
DSE:
0.486315 0.523702
0.702636 0.765816
0.574796  0.62203
Val:
DSE:
0.446607 0.485078
0.628328 0.686078
0.522107  0.56833
is from:
7902,1652,2446,565,1890,3137
Train:0.230989 0.180108   0.2024
2780,595,853,194,624,1176
Val:0.227433 0.164966 0.191227
914,224,303,61,200,349
Test: 0.20132 0.174785 0.187117
is about:
0,0,0,0,0,3064
Train:1 0 0
0,0,0,0,0,1145
Val:1 0 0
0,0,0,0,0,338
Test:1 0 0
