9471 6281 892
Valid size: 2298
Epoch 5
Train:
Target:
0.128675  0.30123
0.240787  0.29988
0.167721 0.300554
Val:
Target:
0.121294 0.288182
0.248719 0.300079
0.163065  0.29401
Train:
Agent:
 0.61843 0.622914
0.502936 0.571963
0.554736 0.596352
Val:
Agent:
0.558068 0.560606
0.447131  0.50779
0.496478 0.532893
Train:
DSE:
0.574247 0.603506
0.623955 0.682398
 0.59807 0.640532
Val:
DSE:
0.515413 0.546954
0.530774 0.575636
0.522981 0.560929
is from:
5029,1491,2816,899,1555,3137
Train:0.319247  0.28658 0.302033
1682,576,984,277,463,1176
Val:0.281504 0.235544 0.256481
557,193,317,86,158,349
Test:0.271293 0.246418 0.258258
is about:
2937,0,0,0,580,3064
Train:1 0 0
1082,0,0,0,184,1145
Val:1 0 0
297,0,0,0,49,338
Test:1 0 0
