9471 6281 892
Valid size: 2298
Epoch 5
Train:
Target:
1 1
0 0
0 0
Val:
Target:
1 1
0 0
0 0
Train:
Agent:
0.715825 0.721162
0.387297 0.436315
 0.50264 0.543689
Val:
Agent:
0.667529 0.668966
0.361404 0.403683
0.468928  0.50352
Train:
DSE:
0.517142 0.544936
0.701712  0.77398
0.595452  0.63957
Val:
DSE:
0.451394 0.481898
0.596858 0.653949
0.514033 0.554893
is from:
4002,1281,2617,929,1258,3137
Train:0.354987 0.296143 0.322906
1421,473,871,284,390,1176
Val:0.326062 0.241497 0.277479
473,167,321,106,132,349
Test:0.330218 0.303725 0.316418
is about:
0,0,0,0,0,3064
Train:1 0 0
0,0,0,0,0,1145
Val:1 0 0
0,0,0,0,0,338
Test:1 0 0
