9471 6281 892
Valid size: 2298
Epoch 5
Train:
Target:
 0.379147  0.379147
0.0977289  0.231276
 0.155402  0.287301
Val:
Target:
 0.321127  0.321127
0.0807174  0.176748
 0.129008  0.228003
Train:
Agent:
1 1
0 0
0 0
Val:
Agent:
1 1
0 0
0 0
Train:
DSE:
0.636245 0.653216
0.584322 0.653571
0.609179 0.653393
Val:
DSE:
0.549744 0.570732
0.496381 0.547523
0.521702 0.558887
is from:
0,0,0,0,0,3137
Train:1 0 0
0,0,0,0,0,1176
Val:1 0 0
0,0,0,0,0,349
Test:1 0 0
is about:
2866,1827,2850,625,629,3064
Train:0.219298 0.203982 0.211363
942,661,932,160,162,1145
Val:0.171674 0.139738 0.154068
373,250,369,79,79,338
Test:0.214092 0.233728 0.223479
