9471 6281 892
Valid size: 2298
Epoch 5
Train:
Target:
0.314596 0.321241
0.267009 0.541342
0.288855 0.403211
Val:
Target:
0.304898 0.310526
 0.24876 0.498822
0.273983  0.38277
Train:
Agent:
1 1
0 0
0 0
Val:
Agent:
1 1
0 0
0 0
Train:
DSE:
0.678165 0.700886
0.513114 0.579847
0.584206 0.634647
Val:
DSE:
0.592553 0.621647
0.398515 0.448461
0.476539 0.521039
is from:
0,0,0,0,0,3137
Train:1 0 0
0,0,0,0,0,1176
Val:1 0 0
0,0,0,0,0,349
Test:1 0 0
is about:
6763,580,939,236,1444,3064
Train: 0.251331 0.0770235  0.117912
2089,225,314,52,369,1145
Val: 0.165605 0.0454148 0.0712817
648,65,95,19,140,338
Test:      0.2  0.056213 0.0877598
