9471 6281 892
Valid size: 2298
Epoch 5
Train:
Target:
 0.34766 0.375781
  0.3248 0.498203
0.335841 0.428418
Val:
Target:
0.324827  0.35718
0.295339 0.440691
0.309382 0.394565
Train:
Agent:
0.731959 0.731959
0.146214 0.182377
 0.24374 0.291998
Val:
Agent:
0.723926 0.723926
0.132138 0.161473
0.223483 0.264049
Train:
DSE:
0.507048 0.514147
0.356626 0.422449
0.418738 0.463809
Val:
DSE:
0.488218 0.491379
0.316254  0.37751
0.383857 0.426983
is from:
1654,388,719,254,466,3137
Train: 0.353268 0.0809691  0.131743
510,135,241,86,142,1176
Val: 0.356846 0.0731293  0.121383
191,38,76,29,46,349
Test: 0.381579 0.0830946  0.136471
is about:
7132,127,212,53,1263,3064
Train:     0.25 0.0172977 0.0323565
2335,31,51,12,340,1145
Val: 0.235294 0.0104803 0.0200669
817,33,41,3,129,338
Test: 0.0731707 0.00887574  0.0158311
