9471 6281 892
Valid size: 2298
Epoch 5
Train:
Target:
0.316622 0.354598
0.439676  0.59287
0.368138 0.443773
Val:
Target:
0.298965 0.347182
0.410602 0.542812
0.346001 0.423496
Train:
Agent:
0.616246 0.616246
0.218119  0.28518
0.322197 0.389918
Val:
Agent:
 0.58843  0.58843
0.195464 0.244334
 0.29345 0.345292
Train:
DSE:
0.517475 0.527067
0.375144 0.442092
0.434962 0.480854
Val:
DSE:
0.500492 0.506329
0.330143 0.395582
 0.39785 0.444156
is from:
2733,708,1220,390,695,3137
Train:0.319672 0.124323 0.179022
883,293,463,130,209,1176
Val:0.280778 0.110544 0.158633
329,80,136,44,76,349
Test:0.323529 0.126074 0.181443
is about:
8572,1820,2591,451,1426,3064
Train:0.174064 0.147193 0.159505
2826,558,797,135,417,1145
Val:0.169385 0.117904 0.139032
934,198,269,41,140,338
Test:0.152416 0.121302 0.135091
