9471 6281 892
Valid size: 2298
Epoch 5
Train:
Target:
 0.31237 0.343382
 0.39355   0.5713
0.348292 0.428945
Val:
Target:
0.297577 0.336952
 0.37162 0.521603
0.330502 0.409421
Train:
Agent:
0.758267 0.758267
 0.13223 0.169025
0.225191 0.276431
Val:
Agent:
0.751656 0.751656
0.120143  0.15085
0.207173 0.251272
Train:
DSE:
0.507837 0.514208
0.317208 0.380357
  0.3905 0.437269
Val:
DSE:
0.491142 0.494094
0.275982 0.332664
0.353388 0.397619
is from:
1391,570,1013,337,423,3137
Train:0.332675 0.107427  0.16241
426,180,335,119,134,1176
Val:0.355224  0.10119 0.157512
150,53,104,33,40,349
Test: 0.317308 0.0945559  0.145695
is about:
7665,567,787,149,1242,3064
Train: 0.189327 0.0486292 0.0773825
2504,179,270,54,344,1145
Val:      0.2 0.0471616 0.0763251
884,73,97,11,137,338
Test: 0.113402 0.0325444 0.0505747
