9471 6281 892
Valid size: 2298
Epoch 5
Train:
Target:
0.252537 0.310795
0.607191 0.726183
0.356713 0.435292
Val:
Target:
0.242427 0.307811
0.562707 0.673213
0.338863 0.422461
Train:
Agent:
0.669218 0.671715
0.338588 0.413885
0.449668 0.512183
Val:
Agent:
0.646322 0.650235
 0.32011 0.377479
0.428161 0.477662
Train:
DSE:
0.562448 0.571836
 0.33824  0.39949
0.422438 0.470373
Val:
DSE:
0.540089 0.544524
0.294088 0.352744
0.380815 0.428139
is from:
3120,1063,2078,765,1013,3137
Train:0.368142 0.243864 0.293384
1028,412,745,242,306,1176
Val:0.324832 0.205782 0.251952
353,115,224,74,100,349
Test:0.330357 0.212034  0.25829
is about:
8181,972,1582,333,1369,3064
Train:0.210493 0.108681 0.143349
2818,311,497,102,417,1145
Val:0.205231 0.089083 0.124239
906,115,166,33,139,338
Test: 0.198795 0.0976331  0.130952
