9471 6281 892
Valid size: 2298
Epoch 5
Train:
Target:
0.299454 0.354014
 0.52304 0.647394
0.380858 0.457729
Val:
Target:
0.290502 0.357515
0.476823 0.593873
0.361042 0.446334
Train:
Agent:
0.665083  0.66998
0.343892 0.422163
0.453365 0.517956
Val:
Agent:
0.622554 0.627535
0.320572 0.396601
0.423217 0.486031
Train:
DSE:
0.584612 0.596618
0.405711 0.475765
0.479002 0.529382
Val:
DSE:
0.557581 0.567001
0.347785 0.410308
0.428376 0.476093
is from:
3421,1168,2246,795,1083,3137
Train:0.353963 0.253427 0.295374
1158,447,811,260,337,1176
Val:0.320592 0.221088 0.261701
404,148,254,75,104,349
Test:0.295276   0.2149 0.248756
is about:
8069,2826,4263,825,1507,3064
Train:0.193526 0.269256 0.225194
2633,882,1360,265,458,1145
Val:0.194853 0.231441 0.211577
876,306,427,71,139,338
Test:0.166276 0.210059 0.185621
