9471 6281 892
Valid size: 2298
Epoch 5
Train:
Target:
0.302325 0.350252
0.498824 0.630018
0.376477 0.450213
Val:
Target:
0.288053 0.345944
0.459555 0.584446
0.354132 0.434625
Train:
Agent:
 0.65513 0.657905
0.347254 0.436315
0.453911 0.524673
Val:
Agent:
0.626119 0.630505
0.328537 0.402266
0.430948 0.491166
Train:
DSE:
0.526395 0.537341
0.428365 0.504082
0.472348  0.52018
Val:
DSE:
0.512512 0.522189
0.385793  0.45917
0.440215 0.488656
is from:
4071,1474,2661,876,1179,3137
Train:  0.3292 0.279248 0.302173
1355,526,920,282,368,1176
Val:0.306522 0.239796 0.269084
479,170,296,87,114,349
Test:0.293919 0.249284 0.269767
is about:
9580,2573,3711,678,1602,3064
Train:  0.1827 0.221279 0.200148
3258,848,1215,207,501,1145
Val: 0.17037 0.180786 0.175424
1109,300,398,59,154,338
Test:0.148241 0.174556 0.160326
