9471 6281 892
Valid size: 2298
Epoch 5
Train:
Target:
0.279488 0.326636
0.561576 0.695626
0.373226 0.444537
Val:
Target:
0.266552 0.320323
0.514211  0.64022
0.351102 0.427002
Train:
Agent:
0.696128 0.699858
0.299951 0.370895
0.419253 0.484843
Val:
Agent:
0.670247 0.674479
0.294519 0.353399
 0.40922 0.463791
Train:
DSE:
0.544863  0.55594
0.439772 0.518878
0.486709  0.53677
Val:
DSE:
0.525316 0.536364
0.394494 0.464525
0.450602 0.497866
is from:
3429,1171,2216,771,1034,3137
Train:0.347924 0.245776 0.288063
1119,423,771,256,330,1176
Val:0.332036 0.217687 0.262969
402,138,245,74,98,349
Test:0.302041 0.212034 0.249158
is about:
10762,2139,3000,526,1753,3064
Train:0.175333 0.171671 0.173483
3648,717,989,155,545,1145
Val:0.156724 0.135371 0.145267
1182,257,335,49,160,338
Test:0.146269  0.14497 0.145617
