9471 6281 892
Valid size: 2298
Epoch 5
Train:
Target:
0.259448 0.307384
0.605578 0.732774
0.363263 0.433094
Val:
Target:
0.252028 0.305508
0.555602 0.682639
0.346761 0.422106
Train:
Agent:
0.643302 0.647579
0.368065  0.45741
0.468231  0.53613
Val:
Agent:
0.600714 0.605714
0.350231  0.43272
0.442484 0.504807
Train:
DSE:
0.530169 0.541881
0.443925 0.522704
0.483229  0.53212
Val:
DSE:
0.517306  0.52822
0.403486 0.474565
0.453361 0.499957
is from:
4400,1630,2899,932,1253,3137
Train: 0.32149 0.297099 0.308814
1489,595,1028,310,398,1176
Val:0.301556 0.263605 0.281307
488,186,309,85,115,349
Test:0.275081 0.243553 0.258359
is about:
11711,2467,3420,573,1791,3064
Train:0.167544  0.18701 0.176743
4076,843,1163,185,589,1145
Val:0.159071 0.161572 0.160312
1263,284,357,48,161,338
Test:0.134454 0.142012 0.138129
