9471 6281 892
Valid size: 2298
Epoch 5
Train:
Target:
0.309141 0.354663
0.494688 0.632714
0.380499 0.454538
Val:
Target:
0.294099 0.350101
 0.44748 0.571877
0.354928 0.434315
Train:
Agent:
0.701652 0.705828
0.325592 0.389586
0.444787 0.502058
Val:
Agent:
0.680556 0.684343
0.311128 0.371813
0.427031 0.481837
Train:
DSE:
0.549987 0.562308
0.466411 0.544388
0.504763 0.553203
Val:
DSE:
0.539187 0.550073
0.422942 0.493307
0.474042 0.520145
is from:
3535,1212,2286,780,1096,3137
Train:0.341207 0.248645 0.287664
1170,424,779,255,345,1176
Val:0.327343 0.216837  0.26087
408,149,264,77,106,349
Test:0.291667  0.22063 0.251223
is about:
9854,1079,1756,402,1699,3064
Train:0.228929 0.131201 0.166805
3205,347,567,130,512,1145
Val:0.229277 0.113537 0.151869
1032,123,186,39,156,338
Test:0.209677 0.115385 0.148855
