9471 6281 892
Valid size: 2298
Epoch 5
Train:
Target:
0.255915 0.319509
0.616691 0.724685
0.361722 0.443487
Val:
Target:
0.249695 0.323443
  0.5637 0.670856
0.346088 0.436456
Train:
Agent:
0.538297 0.543424
0.499456 0.588518
0.518149 0.565073
Val:
Agent:
 0.52067 0.525889
0.458839 0.550283
0.487803  0.53781
Train:
DSE:
0.539694 0.554173
0.483815  0.56352
0.510229 0.558807
Val:
DSE:
0.532433 0.546283
 0.44252 0.511379
0.483331 0.528255
is from:
6593,2481,3956,1022,1607,3137
Train:0.258342 0.325789 0.288171
2230,899,1392,351,531,1176
Val:0.252155 0.298469 0.273364
706,283,419,103,154,349
Test:0.245823 0.295129 0.268229
is about:
11323,2650,4050,802,1805,3064
Train:0.198025 0.261749 0.225471
3797,914,1353,257,588,1145
Val:0.189948 0.224454 0.205765
1220,264,385,80,167,338
Test:0.207792 0.236686   0.2213
