9471 6281 892
Valid size: 2298
Epoch 5
Train:
Target:
0.299073 0.345305
0.527361 0.662972
0.381687 0.454096
Val:
Target:
0.281302 0.334643
0.473287 0.600943
0.352872 0.429894
Train:
Agent:
0.529745 0.534699
0.545153 0.622697
0.537339 0.575353
Val:
Agent:
 0.50922 0.515083
0.503969 0.587819
0.506581 0.549052
Train:
DSE:
0.584875 0.599017
0.443339 0.518367
0.504366 0.555782
Val:
DSE:
0.564548 0.577119
0.386083 0.448461
0.458564  0.50472
is from:
6048,2181,3594,971,1575,3137
Train:0.270173 0.309531 0.288516
2083,823,1281,323,513,1176
Val:0.252147  0.27466 0.262922
638,242,369,95,153,349
Test:0.257453 0.272206 0.264624
is about:
9456,1076,1694,371,1702,3064
Train:0.219008 0.121084 0.155948
3111,355,578,132,513,1145
Val:0.228374 0.115284 0.153221
986,107,171,41,161,338
Test:0.239766 0.121302   0.1611
