9471 6281 892
Valid size: 2298
Epoch 5
Train:
Target:
0.316916 0.362093
0.475166 0.603954
0.380232 0.452747
Val:
Target:
0.309209 0.366155
0.435256 0.553024
0.361562 0.440595
Train:
Agent:
0.587601 0.592894
0.451819 0.538051
0.510841 0.564143
Val:
Agent:
0.563902 0.568356
 0.40086 0.485127
0.468604 0.523454
Train:
DSE:
0.518759 0.533151
0.497478 0.580867
0.507896 0.555987
Val:
DSE:
0.507742 0.520645
0.456096 0.529451
0.480535 0.525011
is from:
5990,2135,3540,993,1533,3137
Train:0.280508 0.316544 0.297439
1967,767,1219,321,476,1176
Val:0.263331 0.272959 0.268058
653,238,369,99,148,349
Test:0.268293 0.283668 0.275766
is about:
10632,1911,2896,576,1740,3064
Train:0.198895  0.18799 0.193289
3430,617,945,192,556,1145
Val:0.203175 0.167686 0.183732
1171,243,343,60,166,338
Test:0.174927 0.177515 0.176211
