9471 6281 892
Valid size: 2298
Epoch 5
Train:
Target:
  0.377049   0.377049
0.00454376 0.00689035
0.00897931  0.0135334
Val:
Target:
  0.310345   0.310345
0.00494928 0.00706991
0.00974318  0.0138249
Train:
Agent:
1 1
0 0
0 0
Val:
Agent:
1 1
0 0
0 0
Train:
DSE:
 0.54841  0.54841
0.163437 0.193112
0.251825 0.285641
Val:
DSE:
0.542857 0.542857
 0.14686 0.177376
0.231179 0.267385
is from:
0,0,0,0,0,3137
Train:1 0 0
0,0,0,0,0,1176
Val:1 0 0
0,0,0,0,0,349
Test:1 0 0
is about:
41,0,0,0,9,3064
Train:1 0 0
16,0,0,0,3,1145
Val:1 0 0
12,0,0,0,1,338
Test:1 0 0
