9471 6281 892
Valid size: 2298
Epoch 5
Train:
Target:
0.256523 0.265588
0.271733   0.5716
0.263909 0.362666
Val:
Target:
0.247023 0.259445
0.268878 0.520817
0.257488 0.346354
Train:
Agent:
1 1
0 0
0 0
Val:
Agent:
1 1
0 0
0 0
Train:
DSE:
0.462296 0.462296
0.322287 0.396684
0.379799 0.426984
Val:
DSE:
0.467328 0.467328
0.289603 0.364123
0.357601 0.409321
is from:
0,0,0,0,0,3137
Train:1 0 0
0,0,0,0,0,1176
Val:1 0 0
0,0,0,0,0,349
Test:1 0 0
is about:
9181,15,19,3,1240,3064
Train:   0.157895 0.000979112  0.00194616
2968,1,3,2,365,1145
Val:  0.666667 0.00174672 0.00348432
990,5,6,0,127,338
Test:   0    0 -nan
