9471 6281 892
Valid size: 2298
Epoch 5
Train:
Target:
0.337195 0.353419
0.241433  0.45746
0.281389 0.398765
Val:
Target:
0.323322 0.342487
0.222324 0.400628
0.263476 0.369283
Train:
Agent:
1 1
0 0
0 0
Val:
Agent:
1 1
0 0
0 0
Train:
DSE:
0.552963 0.554274
0.219737 0.266837
0.314499 0.360245
Val:
DSE:
0.550528 0.550528
0.200542 0.243641
0.293991  0.33779
is from:
0,0,0,0,0,3137
Train:1 0 0
0,0,0,0,0,1176
Val:1 0 0
0,0,0,0,0,349
Test:1 0 0
is about:
4036,192,300,64,734,3064
Train: 0.213333 0.0208877 0.0380499
1384,73,106,16,207,1145
Val: 0.150943 0.0139738 0.0255795
501,17,28,5,81,338
Test: 0.178571 0.0147929 0.0273224
