9471 6281 892
Valid size: 2298
Epoch 5
Train:
Target:
1 1
0 0
0 0
Val:
Target:
1 1
0 0
0 0
Train:
Agent:
0.587097 0.591946
0.358307 0.418425
0.445018 0.490285
Val:
Agent:
0.553996  0.55948
0.342278  0.40085
0.423131 0.467063
Train:
DSE:
0.659173 0.682139
0.559834 0.628827
0.605455 0.654399
Val:
DSE:
0.554469  0.58529
0.444465 0.498661
 0.49341 0.538514
is from:
3218,759,1427,523,1020,3137
Train:0.366503  0.16672 0.229185
1106,304,535,185,302,1176
Val:0.345794 0.157313 0.216248
313,82,149,54,104,349
Test:0.362416 0.154728 0.216867
is about:
0,0,0,0,0,3064
Train:1 0 0
0,0,0,0,0,1145
Val:1 0 0
0,0,0,0,0,338
Test:1 0 0
