9471 6281 892
Valid size: 2298
Epoch 5
Train:
Target:
1 1
0 0
0 0
Val:
Target:
1 1
0 0
0 0
Train:
Agent:
0.481082 0.492593
0.455697 0.536716
0.468045 0.513708
Val:
Agent:
0.442881 0.453106
0.421212 0.495042
0.431775 0.473147
Train:
DSE:
0.589391 0.619499
0.689659 0.743367
0.635595 0.675804
Val:
DSE:
  0.4833 0.520556
0.546164 0.597055
0.512813 0.556187
is from:
5665,2466,4473,1255,1464,3137
Train:0.280572 0.400064 0.329829
2035,1023,1621,379,438,1176
Val:0.233806 0.322279 0.271005
599,288,495,139,154,349
Test:0.280808 0.398281 0.329384
is about:
0,0,0,0,0,3064
Train:1 0 0
0,0,0,0,0,1145
Val:1 0 0
0,0,0,0,0,338
Test:1 0 0
