9471 6281 892
Valid size: 2298
Epoch 5
Train:
Target:
0.288951 0.292259
0.190183 0.340024
0.229387 0.314337
Val:
Target:
 0.27231 0.276247
0.187302 0.322074
0.221944 0.297405
Train:
Agent:
1 1
0 0
0 0
Val:
Agent:
1 1
0 0
0 0
Train:
DSE:
0.586664 0.611542
0.663672 0.728316
0.622797 0.664841
Val:
DSE:
0.489933 0.520637
0.536425 0.589023
0.512126 0.552723
is from:
0,0,0,0,0,3137
Train:1 0 0
0,0,0,0,0,1176
Val:1 0 0
0,0,0,0,0,349
Test:1 0 0
is about:
5546,524,807,168,941,3064
Train: 0.208178 0.0548303 0.0867993
1943,198,296,57,276,1145
Val: 0.192568 0.0497817 0.0791117
603,53,79,17,98,338
Test:  0.21519 0.0502959 0.0815348
