9471 6281 892
Valid size: 2298
Epoch 5
Train:
Target:
  0.424242   0.424242
0.00242161 0.00419413
0.00481573 0.00830614
Val:
Target:
       0.3        0.3
0.00195077 0.00471328
0.00387634 0.00928074
Train:
Agent:
1 1
0 0
0 0
Val:
Agent:
1 1
0 0
0 0
Train:
DSE:
0.689987 0.703924
0.522476 0.591582
 0.59466 0.642882
Val:
DSE:
0.566788 0.588083
0.409298 0.453815
0.475338 0.512298
is from:
0,0,0,0,0,3137
Train:1 0 0
0,0,0,0,0,1176
Val:1 0 0
0,0,0,0,0,349
Test:1 0 0
is about:
39,25,35,6,6,3064
Train:  0.171429 0.00195822 0.00387222
25,15,22,2,2,1145
Val: 0.0909091 0.00174672 0.00342759
5,3,4,1,1,338
Test:      0.25 0.00295858 0.00584795
