9471 6281 892
Valid size: 2298
Epoch 5
Train:
Target:
 0.330049  0.330049
0.0170702 0.0398442
0.0324614 0.0711046
Val:
Target:
 0.350318  0.350318
0.0195564 0.0424195
0.0370448 0.0756755
Train:
Agent:
1 1
0 0
0 0
Val:
Agent:
1 1
0 0
0 0
Train:
DSE:
0.683184 0.696916
0.516287 0.589541
0.588125 0.638747
Val:
DSE:
0.554037 0.577215
 0.39807 0.452477
0.463279  0.50729
is from:
0,0,0,0,0,3137
Train:1 0 0
0,0,0,0,0,1176
Val:1 0 0
0,0,0,0,0,349
Test:1 0 0
is about:
498,233,344,77,99,3064
Train: 0.223837 0.0251305 0.0451878
192,84,122,23,38,1145
Val: 0.188525 0.0200873 0.0363062
57,18,30,9,12,338
Test:      0.3 0.0266272  0.048913
