9471 6281 892
Valid size: 2298
Epoch 5
Train:
Target:
 0.25325 0.260421
0.179205 0.332235
0.209888 0.291977
Val:
Target:
0.221228 0.228384
0.170146  0.29458
0.192353 0.257292
Train:
Agent:
1 1
0 0
0 0
Val:
Agent:
1 1
0 0
0 0
Train:
DSE:
0.551543 0.593701
0.734788 0.777296
0.630113 0.673206
Val:
DSE:
0.446999 0.495855
0.592494 0.639893
0.509564  0.55874
is from:
0,0,0,0,0,3137
Train:1 0 0
0,0,0,0,0,1176
Val:1 0 0
0,0,0,0,0,349
Test:1 0 0
is about:
6049,2328,3201,542,910,3064
Train:0.169322 0.176893 0.173025
2214,866,1112,144,278,1145
Val:0.129496 0.125764 0.127603
651,265,348,54,93,338
Test:0.155172 0.159763 0.157434
