9471 6281 892
Valid size: 2298
Epoch 5
Train:
Target:
0.322368 0.330191
0.240728 0.446974
 0.27563 0.379808
Val:
Target:
0.305539 0.313808
0.211832 0.390416
0.250199 0.347945
Train:
Agent:
1 1
0 0
0 0
Val:
Agent:
1 1
0 0
0 0
Train:
DSE:
 0.59266 0.611661
0.647122 0.708163
0.618695 0.656384
Val:
DSE:
0.496986 0.521483
 0.53233 0.584337
0.514051 0.551124
is from:
0,0,0,0,0,3137
Train:1 0 0
0,0,0,0,0,1176
Val:1 0 0
0,0,0,0,0,349
Test:1 0 0
is about:
6461,3124,4686,943,1239,3064
Train:0.201238 0.307768 0.243355
2165,1133,1582,267,359,1145
Val:0.168774 0.233188  0.19582
630,312,463,105,127,338
Test:0.226782 0.310651 0.262172
