9471 6281 892
Valid size: 2298
Epoch 5
Train:
Target:
1 1
0 0
0 0
Val:
Target:
1 1
0 0
0 0
Train:
Agent:
0.650551 0.650975
0.317549 0.389052
0.426778 0.487032
Val:
Agent:
0.633958 0.633958
 0.31075  0.38102
0.417065 0.475972
Train:
DSE:
0.529163 0.542885
0.614437 0.684949
0.568621 0.605699
Val:
DSE:
0.488676   0.5056
0.567738 0.627175
0.525248 0.559864
is from:
3892,2090,3888,1161,1162,3137
Train:0.298611 0.370099 0.330534
1489,848,1484,396,396,1176
Val:0.266846 0.336735 0.297744
456,251,456,127,127,349
Test:0.278509 0.363897 0.315528
is about:
0,0,0,0,0,3064
Train:1 0 0
0,0,0,0,0,1145
Val:1 0 0
0,0,0,0,0,338
Test:1 0 0
