9471 6281 892
Valid size: 2298
Epoch 5
Train:
Target:
 0.315024  0.315024
0.0519347  0.116237
 0.089169  0.169816
Val:
Target:
 0.269585  0.269585
0.0419405 0.0919089
0.0725881  0.137083
Train:
Agent:
 0.64954 0.653974
0.299949 0.353805
0.410387 0.459187
Val:
Agent:
0.602911 0.607656
0.292127 0.344193
0.393563 0.439462
Train:
DSE:
0.515172 0.529744
0.556127 0.628571
0.534867 0.574942
Val:
DSE:
0.496435 0.513043
0.516394 0.578983
0.506218 0.544022
is from:
3236,807,1575,517,981,3137
Train:0.328254 0.164807  0.21944
1209,313,611,191,326,1176
Val:0.312602 0.162415 0.213766
366,103,185,54,108,349
Test:0.291892 0.154728 0.202247
is about:
1885,172,205,11,324,3064
Train: 0.0536585 0.00359008 0.00672989
654,62,68,0,94,1145
Val:   0    0 -nan
237,25,30,0,39,338
Test:   0    0 -nan
