9471 6281 892
Valid size: 2298
Epoch 5
Train:
Target:
1 1
0 0
0 0
Val:
Target:
1 1
0 0
0 0
Train:
Agent:
0.646744 0.653392
0.434127 0.487316
0.519524 0.558265
Val:
Agent:
0.595019 0.601216
0.413075  0.46813
0.487628 0.526392
Train:
DSE:
0.542449 0.558519
0.418141 0.477806
0.472252 0.515019
Val:
DSE:
 0.55529 0.572628
0.394039 0.454485
 0.46097 0.506762
is from:
3468,389,748,276,1111,3137
Train: 0.368984 0.0879821  0.142085
1209,157,299,113,377,1176
Val: 0.377926 0.0960884   0.15322
437,48,93,37,129,349
Test:0.397849 0.106017 0.167421
is about:
0,0,0,0,0,3064
Train:1 0 0
0,0,0,0,0,1145
Val:1 0 0
0,0,0,0,0,338
Test:1 0 0
