9471 6281 892
Valid size: 2298
Epoch 5
Train:
Target:
1 1
0 0
0 0
Val:
Target:
1 1
0 0
0 0
Train:
Agent:
0.628764 0.630181
0.110211 0.154072
0.187548 0.247607
Val:
Agent:
0.596515 0.597855
0.117616 0.156516
 0.19649 0.248084
Train:
DSE:
0.513249 0.523105
0.440272 0.500765
0.473968 0.511691
Val:
DSE:
0.510556 0.515834
0.420845 0.481258
 0.46138 0.497947
is from:
1227,636,1160,349,363,3137
Train:0.300862 0.111253 0.162439
489,261,477,132,134,1176
Val: 0.27673 0.112245  0.15971
126,65,117,38,40,349
Test:0.324786 0.108883  0.16309
is about:
0,0,0,0,0,3064
Train:1 0 0
0,0,0,0,0,1145
Val:1 0 0
0,0,0,0,0,338
Test:1 0 0
