9471 6281 892
Valid size: 2298
Epoch 5
Train:
Target:
0.331042 0.347879
0.329404 0.585081
0.330221 0.436326
Val:
Target:
0.325521 0.343284
0.306193 0.531815
0.315561 0.417241
Train:
Agent:
1 1
0 0
0 0
Val:
Agent:
1 1
0 0
0 0
Train:
DSE:
0.572969 0.594854
0.504945  0.57398
 0.53681 0.584231
Val:
DSE:
0.542846  0.57079
 0.44382 0.504016
0.488364 0.535329
is from:
0,0,0,0,0,3137
Train:1 0 0
0,0,0,0,0,1176
Val:1 0 0
0,0,0,0,0,349
Test:1 0 0
is about:
9109,4494,6681,1331,1733,3064
Train:0.199222 0.434399 0.273166
2941,1479,2179,412,510,1145
Val:0.189078 0.359825 0.247894
973,576,767,119,158,338
Test: 0.15515 0.352071 0.215385
