9471 6281 892
Valid size: 2298
Epoch 5
Train:
Target:
0.243985 0.259286
0.333649 0.600659
0.281858 0.362215
Val:
Target:
0.228622 0.242765
0.304811 0.554595
0.261276 0.337705
Train:
Agent:
0.599033 0.602354
0.471641 0.536449
0.527758 0.567494
Val:
Agent:
0.556865 0.559505
0.433049 0.495751
0.487214 0.525702
Train:
DSE:
0.468524 0.493078
0.632201      0.7
0.538194 0.578595
Val:
DSE:
0.445001 0.471834
0.586887 0.648594
0.506189 0.546271
is from:
6183,2472,4047,1017,1570,3137
Train:0.251297 0.324195 0.283129
2158,897,1435,345,508,1176
Val:0.240418 0.293367 0.264267
724,319,494,105,167,349
Test:0.212551  0.30086  0.24911
is about:
14377,8652,11245,1538,1902,3064
Train:0.136772 0.501958  0.21497
5164,3084,3965,494,625,1145
Val: 0.12459 0.431441 0.193346
1369,876,1099,144,173,338
Test:0.131028 0.426036 0.200418
