9471 6281 892
Valid size: 2298
Epoch 5
Train:
Target:
1 1
0 0
0 0
Val:
Target:
1 1
0 0
0 0
Train:
Agent:
0.456846 0.463762
0.443441 0.528171
0.450044 0.493875
Val:
Agent:
0.428613  0.43526
0.418794      0.5
0.423646 0.465389
Train:
DSE:
0.528785 0.545556
0.550674   0.6125
0.539508 0.577093
Val:
DSE:
0.502364  0.52303
0.516014 0.574297
0.509098 0.547466
is from:
5282,130,263,99,1303,3137
Train: 0.376426 0.0315588 0.0582353
1919,54,95,30,443,1176
Val: 0.315789 0.0255102 0.0472069
551,10,29,17,129,349
Test: 0.586207 0.0487106 0.0899471
is about:
0,0,0,0,0,3064
Train:1 0 0
0,0,0,0,0,1145
Val:1 0 0
0,0,0,0,0,338
Test:1 0 0
