9471 6281 892
Valid size: 2298
Epoch 5
Train:
Target:
0.258003 0.263977
0.135498 0.327741
0.177682 0.292423
Val:
Target:
0.230817 0.238243
0.126696 0.288295
0.163595  0.26089
Train:
Agent:
1 1
0 0
0 0
Val:
Agent:
1 1
0 0
0 0
Train:
DSE:
0.544941 0.574763
0.572685   0.6375
0.558469 0.604508
Val:
DSE:
0.510512 0.548158
0.518514  0.57095
0.514482 0.559322
is from:
0,0,0,0,0,3137
Train:1 0 0
0,0,0,0,0,1176
Val:1 0 0
0,0,0,0,0,349
Test:1 0 0
is about:
5215,2604,3584,585,807,3064
Train:0.163225 0.190927 0.175993
1795,904,1213,179,241,1145
Val:0.147568 0.156332 0.151824
577,284,395,73,90,338
Test: 0.18481 0.215976 0.199181
