9471 6281 892
Valid size: 2298
Epoch 5
Train:
Target:
 0.333407  0.333774
0.0875624  0.219593
 0.138698  0.264903
Val:
Target:
 0.303457  0.303457
0.0803532  0.183818
 0.127061   0.22895
Train:
Agent:
1 1
0 0
0 0
Val:
Agent:
1 1
0 0
0 0
Train:
DSE:
0.465346 0.498877
0.558359 0.617857
0.507627 0.552029
Val:
DSE:
0.470255 0.503712
0.536007 0.589023
0.500983 0.543037
is from:
0,0,0,0,0,3137
Train:1 0 0
0,0,0,0,0,1176
Val:1 0 0
0,0,0,0,0,349
Test:1 0 0
is about:
3335,1537,2117,369,547,3064
Train:0.174303 0.120431 0.142444
1116,563,749,115,159,1145
Val:0.153538 0.100437 0.121436
389,184,239,33,67,338
Test: 0.138075 0.0976331  0.114385
