9471 6281 892
Valid size: 2298
Epoch 5
Train:
Target:
1 1
0 0
0 0
Val:
Target:
1 1
0 0
0 0
Train:
Agent:
0.576148 0.581711
0.369278 0.435247
0.450081 0.497932
Val:
Agent:
0.540634 0.544627
 0.34986 0.415722
0.424812 0.471523
Train:
DSE:
0.637051 0.654895
0.474828 0.534694
0.544105 0.588721
Val:
DSE:
0.601264 0.621693
0.425882  0.46988
  0.4986 0.535229
is from:
3064,1487,3000,987,996,3137
Train:   0.329 0.314632 0.321656
1047,535,1021,315,317,1176
Val:0.308521 0.267857 0.286755
341,178,337,102,102,349
Test:0.302671 0.292264 0.297376
is about:
0,0,0,0,0,3064
Train:1 0 0
0,0,0,0,0,1145
Val:1 0 0
0,0,0,0,0,338
Test:1 0 0
