9471 6281 892
Valid size: 2298
Epoch 5
Train:
Target:
 0.353898  0.353898
0.0807323   0.18604
 0.131473  0.243876
Val:
Target:
 0.320635  0.320635
0.0763897   0.15868
 0.123384  0.212296
Train:
Agent:
1 1
0 0
0 0
Val:
Agent:
1 1
0 0
0 0
Train:
DSE:
0.480159 0.511863
0.739697 0.802296
0.582318 0.624986
Val:
DSE:
0.425066 0.461876
0.632206 0.697456
0.508345 0.555731
is from:
0,0,0,0,0,3137
Train:1 0 0
0,0,0,0,0,1176
Val:1 0 0
0,0,0,0,0,349
Test:1 0 0
is about:
3423,1566,2127,347,539,3064
Train:0.163141 0.113251 0.133693
1212,563,744,106,161,1145
Val: 0.142473 0.0925764  0.112229
455,227,297,52,73,338
Test:0.175084 0.153846  0.16378
