9471 6281 892
Valid size: 2298
Epoch 5
Train:
Target:
1 1
0 0
0 0
Val:
Target:
1 1
0 0
0 0
Train:
Agent:
 0.49828 0.503006
0.474266 0.558611
0.485977 0.529352
Val:
Agent:
0.470033 0.473068
0.450123 0.533286
0.459863 0.501375
Train:
DSE:
0.602341 0.623133
0.442098 0.495663
0.509927 0.552137
Val:
DSE:
0.579359 0.600368
0.394685 0.435743
0.469515 0.504977
is from:
4536,2348,4174,1194,1263,3137
Train:0.286057 0.380618 0.326631
1483,784,1362,384,413,1176
Val:0.281938 0.326531   0.3026
511,276,465,123,135,349
Test:0.264516 0.352436 0.302211
is about:
0,0,0,0,0,3064
Train:1 0 0
0,0,0,0,0,1145
Val:1 0 0
0,0,0,0,0,338
Test:1 0 0
