9471 6281 892
Valid size: 2298
Epoch 5
Train:
Target:
 0.431373  0.431373
0.0188018 0.0461354
 0.036033 0.0833559
Val:
Target:
 0.364486  0.364486
0.0142963 0.0306363
0.0275135 0.0565217
Train:
Agent:
1 1
0 0
0 0
Val:
Agent:
1 1
0 0
0 0
Train:
DSE:
0.563176 0.587719
0.666054 0.735714
 0.61031 0.653442
Val:
DSE:
0.485565 0.518092
0.562659 0.625167
0.521277 0.566616
is from:
0,0,0,0,0,3137
Train:1 0 0
0,0,0,0,0,1176
Val:1 0 0
0,0,0,0,0,349
Test:1 0 0
is about:
541,246,386,90,131,3064
Train: 0.233161 0.0293734 0.0521739
170,87,125,22,32,1145
Val:    0.176  0.019214 0.0346457
56,28,37,7,14,338
Test: 0.189189 0.0207101 0.0373333
