9471 6281 892
Valid size: 2298
Epoch 5
Train:
Target:
1 1
0 0
0 0
Val:
Target:
1 1
0 0
0 0
Train:
Agent:
0.634221 0.637354
0.322268 0.396796
0.427373 0.489096
Val:
Agent:
0.590092 0.592402
0.311452 0.379603
0.407712 0.462709
Train:
DSE:
 0.64465 0.662921
0.486853 0.546684
0.554749 0.599218
Val:
DSE:
0.607963 0.629004
0.416975 0.467202
0.494675 0.536162
is from:
2725,763,1774,637,895,3137
Train:0.359076  0.20306 0.259418
902,260,570,193,283,1176
Val:0.338596 0.164116 0.221077
295,94,207,66,91,349
Test:0.318841 0.189112  0.23741
is about:
0,0,0,0,0,3064
Train:1 0 0
0,0,0,0,0,1145
Val:1 0 0
0,0,0,0,0,338
Test:1 0 0
