9471 6281 892
Valid size: 2298
Epoch 5
Train:
Target:
1 1
0 0
0 0
Val:
Target:
1 1
0 0
0 0
Train:
Agent:
 0.475827  0.475827
 0.030845 0.0493992
0.0579345 0.0895061
Val:
Agent:
 0.489899  0.492424
0.0235758 0.0453258
0.0449867 0.0830107
Train:
DSE:
0.614174 0.630802
0.594793 0.666327
0.604328 0.648078
Val:
DSE:
0.530442 0.554305
0.496944 0.551539
0.513147 0.552919
is from:
583,230,388,105,136,3137
Train: 0.270619 0.0334715 0.0595745
177,78,132,33,38,1176
Val:     0.25 0.0280612 0.0504587
53,21,34,7,10,349
Test: 0.205882 0.0200573 0.0365535
is about:
0,0,0,0,0,3064
Train:1 0 0
0,0,0,0,0,1145
Val:1 0 0
0,0,0,0,0,338
Test:1 0 0
