9471 6281 892
Valid size: 2298
Epoch 5
Train:
Target:
1 1
0 0
0 0
Val:
Target:
1 1
0 0
0 0
Train:
Agent:
0.787008 0.787879
0.172432 0.199199
0.282885 0.317998
Val:
Agent:
0.780051 0.780051
0.182094 0.213173
0.295262  0.33484
Train:
DSE:
0.580786 0.610833
0.589727 0.646173
0.585222 0.628006
Val:
DSE:
0.530973 0.569117
0.509607 0.562918
0.520071 0.566001
is from:
1514,157,353,157,507,3137
Train: 0.444759 0.0500478 0.0899713
608,73,148,63,203,1176
Val: 0.425676 0.0535714 0.0951662
179,25,45,15,56,349
Test: 0.333333 0.0429799 0.0761421
is about:
0,0,0,0,0,3064
Train:1 0 0
0,0,0,0,0,1145
Val:1 0 0
0,0,0,0,0,338
Test:1 0 0
