9471 6281 892
Valid size: 2298
Epoch 5
Train:
Target:
 0.510441  0.510441
0.0267999 0.0653086
0.0509259  0.115801
Val:
Target:
 0.448529  0.448529
 0.022279 0.0479183
0.0424495 0.0865862
Train:
Agent:
1 1
0 0
0 0
Val:
Agent:
1 1
0 0
0 0
Train:
DSE:
0.655318 0.674411
0.480225 0.541837
0.554272 0.600899
Val:
DSE:
0.602405 0.625789
0.416316  0.45917
0.492364 0.529686
is from:
0,0,0,0,0,3137
Train:1 0 0
0,0,0,0,0,1176
Val:1 0 0
0,0,0,0,0,349
Test:1 0 0
is about:
540,219,410,133,157,3064
Train:  0.32439 0.0434073 0.0765688
165,69,124,38,47,1145
Val: 0.306452 0.0331878 0.0598897
79,37,64,20,22,338
Test:   0.3125 0.0591716 0.0995025
