9471 6281 892
Valid size: 2298
Epoch 5
Train:
Target:
0.220691 0.265446
0.512125  0.69982
0.308458 0.384898
Val:
Target:
 0.21093 0.264027
 0.49533 0.666143
0.295868 0.378167
Train:
Agent:
 0.64998 0.654582
0.358807 0.417623
0.462372 0.509919
Val:
Agent:
0.621724 0.624585
0.341516 0.393059
0.440863 0.482485
Train:
DSE:
0.586904 0.601009
0.555387 0.626786
0.570711 0.613627
Val:
DSE:
0.551933 0.571036
0.493862 0.551539
0.521285 0.561119
is from:
3511,616,1143,397,1100,3137
Train:0.347332 0.126554 0.185514
1163,199,364,124,338,1176
Val:0.340659 0.105442 0.161039
417,73,113,35,122,349
Test:0.309735 0.100287 0.151515
is about:
11320,6047,8373,1392,1896,3064
Train:0.166249 0.454308  0.24342
3709,2036,2844,469,594,1145
Val:0.164909 0.409607 0.235147
1219,711,938,146,191,338
Test: 0.15565 0.431953  0.22884
