9471 6281 892
Valid size: 2298
Epoch 5
Train:
Target:
  0.30291  0.304233
0.0163993 0.0344518
0.0311141 0.0618945
Val:
Target:
 0.262295  0.262295
0.0108399 0.0251375
0.0208193 0.0458781
Train:
Agent:
0.730395 0.731747
 0.30133 0.340721
0.426644 0.464949
Val:
Agent:
0.688826 0.688826
0.287154 0.323654
0.405334 0.440387
Train:
DSE:
 0.53193 0.547418
0.665415 0.742092
0.591232  0.63006
Val:
DSE:
0.468974 0.489255
0.575256 0.639893
0.516706 0.554526
is from:
3410,1006,2017,744,1031,3137
Train:0.368865 0.237169 0.288708
1241,389,713,240,335,1176
Val:0.336606 0.204082 0.254103
457,169,283,80,117,349
Test:0.282686 0.229226 0.253165
is about:
618,191,254,42,94,3064
Train: 0.165354 0.0137076 0.0253165
200,50,71,14,28,1145
Val: 0.197183 0.0122271 0.0230263
72,20,28,5,14,338
Test: 0.178571 0.0147929 0.0273224
