9471 6281 892
Valid size: 2298
Epoch 5
Train:
Target:
1 1
0 0
0 0
Val:
Target:
1 1
0 0
0 0
Train:
Agent:
0.481145  0.48912
0.579996 0.652336
0.525966 0.559059
Val:
Agent:
0.468345 0.474987
 0.54413 0.613314
0.503401  0.53536
Train:
DSE:
0.644185 0.656771
 0.43702 0.495408
0.520756  0.56479
Val:
DSE:
0.603074 0.612116
0.390172 0.442436
0.473805 0.513625
is from:
4946,2776,4938,1416,1417,3137
Train:0.286756 0.451387 0.350712
1688,973,1679,474,476,1176
Val:0.282311 0.403061 0.332049
562,347,562,148,148,349
Test:0.263345 0.424069 0.324918
is about:
0,0,0,0,0,3064
Train:1 0 0
0,0,0,0,0,1145
Val:1 0 0
0,0,0,0,0,338
Test:1 0 0
