9471 6281 892
Valid size: 2298
Epoch 5
Train:
Target:
 0.317556  0.317556
0.0745905  0.169862
 0.120805  0.221333
Val:
Target:
 0.293051  0.293051
0.0759385   0.15161
 0.120621  0.199836
Train:
Agent:
0.717364 0.724603
 0.34465 0.393057
0.465605 0.509655
Val:
Agent:
0.658846 0.662821
0.311806  0.36119
0.423287 0.467581
Train:
DSE:
0.601575 0.621732
0.514526 0.576531
0.554656 0.598279
Val:
DSE:
0.534605 0.555393
 0.45864 0.508032
0.493717 0.530658
is from:
2901,1265,2780,998,1022,3137
Train:0.358993 0.318138 0.337333
1009,521,979,320,325,1176
Val:0.326864 0.272109 0.296984
327,159,318,109,112,349
Test:0.342767 0.312321 0.326837
is about:
2231,1438,2110,416,421,3064
Train:0.197156  0.13577 0.160804
806,548,761,131,132,1145
Val:0.172142  0.11441 0.137461
252,167,240,50,50,338
Test:0.208333 0.147929  0.17301
