9471 6281 892
Valid size: 2298
Epoch 5
Train:
Target:
1 1
0 0
0 0
Val:
Target:
1 1
0 0
0 0
Train:
Agent:
0.622602 0.631025
 0.50276 0.555674
  0.5563 0.590958
Val:
Agent:
0.587648 0.592357
0.458901 0.509915
0.515355 0.548053
Train:
DSE:
0.477605 0.518696
0.718765 0.775765
0.573879 0.621705
Val:
DSE:
0.427338 0.469136
0.618706 0.665997
0.505517 0.550496
is from:
6037,2268,4104,1246,1621,3137
Train:0.303606 0.397195 0.344151
2021,835,1393,386,515,1176
Val:  0.2771 0.328231 0.300506
683,259,438,126,178,349
Test:0.287671 0.361032 0.320203
is about:
0,0,0,0,0,3064
Train:1 0 0
0,0,0,0,0,1145
Val:1 0 0
0,0,0,0,0,338
Test:1 0 0
