9471 6281 892
Valid size: 2298
Epoch 5
Train:
Target:
0.266027 0.269338
0.236572  0.55722
0.250436 0.363146
Val:
Target:
0.259333 0.263297
0.233062 0.508248
0.245497 0.346889
Train:
Agent:
1 1
0 0
0 0
Val:
Agent:
1 1
0 0
0 0
Train:
DSE:
0.590357 0.612327
  0.6193 0.686224
0.604482 0.647173
Val:
DSE:
0.497772 0.528165
0.531287 0.577644
0.513984 0.551797
is from:
0,0,0,0,0,3137
Train:1 0 0
0,0,0,0,0,1176
Val:1 0 0
0,0,0,0,0,349
Test:1 0 0
is about:
11705,3517,4711,781,1843,3064
Train:0.165782 0.254896   0.2009
3970,1220,1596,244,530,1145
Val:0.152882   0.2131 0.178037
1295,443,569,85,182,338
Test:0.149385 0.251479 0.187431
