9471 6281 892
Valid size: 2298
Epoch 5
Train:
Target:
 0.40214 0.409091
0.129273 0.255542
0.195651  0.31458
Val:
Target:
0.371846 0.378486
0.114866  0.22231
0.175515 0.280099
Train:
Agent:
1 1
0 0
0 0
Val:
Agent:
1 1
0 0
0 0
Train:
DSE:
0.572415 0.610006
0.688121 0.739541
0.624958 0.668557
Val:
DSE:
 0.47328 0.514813
0.568225 0.613788
0.516425 0.559961
is from:
0,0,0,0,0,3137
Train:1 0 0
0,0,0,0,0,1176
Val:1 0 0
0,0,0,0,0,349
Test:1 0 0
is about:
3249,728,1117,251,709,3064
Train: 0.224709 0.0819191  0.120067
1145,298,413,73,208,1145
Val: 0.176755 0.0637555 0.0937099
381,103,155,35,84,338
Test:0.225806  0.10355 0.141988
