14492 7507 734
Valid size: 2870
Epoch 0
P, R, F1:
1 1
0 0
0 0
P, R, F1:
1 1
0 0
0 0
P, R, F1
1 1
0 0
0 0

Epoch 5
P, R, F1:
 0.14953  0.14953
0.090077 0.195471
0.112428 0.169442
P, R, F1:
 0.293845  0.293845
0.0879538  0.192032
 0.135384  0.232272
P, R, F1
 0.106742  0.106742
0.0753365  0.161702
0.0883307  0.128596

Epoch 10
P, R, F1:
0.154971  0.15549
0.255486  0.57043
0.192921 0.244369
P, R, F1:
0.287967 0.289284
 0.25493 0.573411
0.270444 0.384559
P, R, F1
0.133355 0.133683
0.258981 0.621277
0.176056 0.220022

Epoch 15
P, R, F1:
0.171242 0.174601
0.301385 0.585415
0.218396 0.268978
P, R, F1:
0.298874 0.305808
  0.3005 0.580125
0.299685 0.400498
P, R, F1
 0.14737 0.148224
0.310144 0.655319
0.199801 0.241764

Epoch 20
P, R, F1:
0.154446 0.168302
0.476526 0.705628
0.233283 0.271781
P, R, F1:
0.284633 0.307704
0.457886 0.689794
0.351047 0.425569
P, R, F1
 0.13844 0.146015
0.488664 0.731915
0.215756 0.243461

Epoch 25
P, R, F1:
0.180611 0.193069
0.439412 0.640693
0.255999 0.296723
P, R, F1:
0.327812 0.347794
0.420576  0.62444
0.368445 0.446758
P, R, F1
0.155694 0.160767
0.454238 0.693617
0.231902 0.261032

Epoch 30
P, R, F1:
0.137504 0.168142
0.675556 0.802864
0.228498 0.278052
P, R, F1:
0.257924 0.311624
0.661934 0.794987
0.371206  0.44774
P, R, F1
0.124191 0.145314
0.705403  0.86383
0.211199 0.248779

Epoch 35
P, R, F1:
0.157397 0.180609
0.607361 0.751249
0.250005 0.291208
P, R, F1:
0.284378 0.324631
 0.58533 0.739033
0.382784 0.451107
P, R, F1
0.143804 0.157354
0.622243 0.817021
0.233617 0.263885

Epoch 40
P, R, F1:
0.143255 0.173101
0.678442 0.790876
0.236559 0.284035
P, R, F1:
 0.26883 0.321757
0.665507 0.784691
0.382963 0.456379
P, R, F1
0.132152  0.15076
0.693923 0.842553
0.222022 0.255757

Epoch 45
P, R, F1:
0.166939 0.192144
0.603795 0.732268
0.261561 0.304412
P, R, F1:
 0.29726 0.342012
0.585021 0.717099
0.394213 0.463137
P, R, F1
0.135764 0.150826
0.593003 0.744681
0.220945 0.250847

Epoch 50
P, R, F1:
0.170802 0.195964
0.595661 0.721612
0.265479 0.308225
P, R, F1:
0.297885 0.341236
0.575419 0.704118
0.392553 0.459692
P, R, F1
0.137167 0.152507
0.586251  0.72766
0.222318 0.252164

Epoch 55
P, R, F1:
0.174273 0.198989
 0.59696 0.722278
0.269786 0.312017
P, R, F1:
0.302717 0.345832
0.574439 0.703671
0.396491 0.463747
P, R, F1
 0.13903 0.153352
0.585562 0.731915
0.224707 0.253575

Epoch 60
P, R, F1:
0.174774 0.202147
0.594786  0.71029
0.270163 0.314724
P, R, F1:
0.303413 0.352014
0.562504 0.685765
0.394198 0.465222
P, R, F1
0.140465 0.156296
0.584952 0.723404
0.226532 0.257054

Epoch 65
P, R, F1:
0.179037 0.205555
0.574673 0.695638
0.273017 0.317339
P, R, F1:
0.309671 0.355321
0.545828 0.672337
0.395154 0.464932
P, R, F1
 0.14425 0.159143
0.565192 0.702128
0.229839 0.259474

Epoch 70
P, R, F1:
0.167807 0.195494
0.625573 0.739594
0.264629 0.309246
P, R, F1:
0.295866 0.344206
0.598992 0.719785
0.396088 0.465707
P, R, F1
0.134045 0.149684
 0.61854 0.757447
0.220339  0.24997

Epoch 75
P, R, F1:
0.172522 0.200126
0.607363 0.720946
0.268715 0.313287
P, R, F1:
0.300697 0.349809
0.578702 0.700985
0.395756 0.466715
P, R, F1
0.140332 0.156591
0.598846  0.73617
0.227381  0.25825

Epoch 80
P, R, F1:
0.175399 0.201959
 0.59853 0.714286
0.271295 0.314886
P, R, F1:
 0.30596 0.353417
0.570464 0.694718
0.398298 0.468499
P, R, F1
 0.14217 0.157469
0.590269  0.73617
0.229148 0.259442

Epoch 85
P, R, F1:
0.174683 0.201934
0.603868 0.717616
0.270979 0.315178
P, R, F1:
0.302676 0.351617
0.573353 0.695613
0.396197 0.467117
P, R, F1
0.141111  0.15682
0.595215  0.73617
0.228137 0.258561

Epoch 90
P, R, F1:
0.175065 0.202446
0.602749 0.717283
0.271325 0.315769
P, R, F1:
 0.30343 0.352487
0.573821 0.695613
0.396955 0.467884
P, R, F1
0.140568 0.156433
0.593877  0.73617
0.227328 0.258034

Epoch 95
P, R, F1:
0.174342 0.201756
0.604565 0.718948
0.270638  0.31509
P, R, F1:
0.303112  0.35224
0.574897 0.696956
0.396939 0.467969
P, R, F1
0.140606 0.156934
0.594964  0.73617
0.227458 0.258716

Epoch 100
P, R, F1:
0.175255  0.20244
0.599925 0.715285
0.271266 0.315568
P, R, F1:
0.303594 0.352124
0.571375 0.693823
0.396507 0.467158
P, R, F1
0.141513  0.15727
0.591413  0.73617
0.228379 0.259172

Epoch 105
P, R, F1:
0.175559 0.202911
0.602363 0.717616
0.271879 0.316367
P, R, F1:
0.303816 0.353112
0.573644 0.696061
0.397243 0.468535
P, R, F1
0.139924 0.155882
0.592553  0.73617
0.226389 0.257285

Epoch 110
P, R, F1:
0.175565 0.202961
0.602227 0.717283
0.271872 0.316395
P, R, F1:
0.303767 0.353043
0.573484 0.695613
0.397163 0.468374
P, R, F1
0.140027 0.155997
0.592553  0.73617
0.226524 0.257441

Epoch 115
P, R, F1:
0.175672 0.203086
0.602693 0.717949
0.272048 0.316613
P, R, F1:
0.303516 0.352782
0.573516 0.695613
0.396955 0.468144
P, R, F1
0.140556 0.156503
0.593404  0.73617
0.227278 0.258129

Epoch 120
P, R, F1:
 0.17547  0.20288
0.602711 0.717949
0.271807 0.316362
P, R, F1:
0.303573  0.35285
0.573516 0.695613
0.397004 0.468204
P, R, F1
0.140027 0.155997
0.592553  0.73617
0.226524 0.257441

Epoch 125
P, R, F1:
0.175533 0.202927
 0.60319 0.718282
0.271932 0.316452
P, R, F1:
0.303632 0.352918
0.573554 0.695613
0.397063 0.468264
P, R, F1
0.140453 0.156388
0.593404  0.73617
0.227143 0.257973

Epoch 130
P, R, F1:
0.175496 0.202896
0.603044 0.718282
0.271872 0.316414
P, R, F1:
 0.30375 0.353055
0.573516 0.695613
0.397156 0.468384
P, R, F1
0.140027 0.155997
0.592553  0.73617
0.226524 0.257441

Epoch 135
P, R, F1:
 0.17551 0.202912
0.603016 0.718282
0.271886 0.316433
P, R, F1:
0.303574  0.35285
0.573516 0.695613
0.397005 0.468204
P, R, F1
0.140027 0.155997
0.592553  0.73617
0.226524 0.257441

Epoch 140
P, R, F1:
0.175524 0.202929
0.603016 0.718282
0.271903 0.316453
P, R, F1:
0.303702 0.352862
0.573106 0.695166
0.397016 0.468112
P, R, F1
0.140027 0.155997
0.592553  0.73617
0.226524 0.257441

Epoch 145
P, R, F1:
0.175528 0.202929
0.602849 0.718282
0.271891 0.316453
P, R, F1:
0.303702 0.352862
0.573069 0.695166
0.397007 0.468112
P, R, F1
0.140027 0.155997
0.592553  0.73617
0.226524 0.257441

Epoch 150
P, R, F1:
0.175496 0.202896
0.603016 0.718282
0.271869 0.316414
P, R, F1:
0.303585 0.352725
0.573106 0.695166
0.396916 0.467992
P, R, F1
0.140027 0.155997
0.592553  0.73617
0.226524 0.257441

Epoch 155
P, R, F1:
 0.17551 0.202912
0.602849 0.718282
0.271869 0.316433
P, R, F1:
0.303585 0.352725
0.573106 0.695166
0.396916 0.467992
P, R, F1
0.140027 0.155997
0.592553  0.73617
0.226524 0.257441

Epoch 160
P, R, F1:
 0.17551 0.202912
0.602849 0.718282
0.271869 0.316433
P, R, F1:
0.303585 0.352725
0.573106 0.695166
0.396916 0.467992
P, R, F1
0.140027 0.155997
0.592553  0.73617
0.226524 0.257441

Epoch 165
P, R, F1:
 0.17551 0.202912
0.602849 0.718282
0.271869 0.316433
P, R, F1:
0.303585 0.352725
0.573106 0.695166
0.396916 0.467992
P, R, F1
0.140027 0.155997
0.592553  0.73617
0.226524 0.257441

Epoch 170
P, R, F1:
 0.17551 0.202912
0.602849 0.718282
0.271869 0.316433
P, R, F1:
0.303585 0.352725
0.573106 0.695166
0.396916 0.467992
P, R, F1
0.140027 0.155997
0.592553  0.73617
0.226524 0.257441

Epoch 175
P, R, F1:
 0.17551 0.202912
0.602849 0.718282
0.271869 0.316433
P, R, F1:
0.303585 0.352725
0.573106 0.695166
0.396916 0.467992
P, R, F1
0.140027 0.155997
0.592553  0.73617
0.226524 0.257441

Epoch 180
P, R, F1:
 0.17551 0.202912
0.602849 0.718282
0.271869 0.316433
P, R, F1:
0.303585 0.352725
0.573106 0.695166
0.396916 0.467992
P, R, F1
0.140027 0.155997
0.592553  0.73617
0.226524 0.257441

Epoch 185
P, R, F1:
 0.17551 0.202912
0.602849 0.718282
0.271869 0.316433
P, R, F1:
0.303585 0.352725
0.573106 0.695166
0.396916 0.467992
P, R, F1
0.140027 0.155997
0.592553  0.73617
0.226524 0.257441

Epoch 190
P, R, F1:
 0.17551 0.202912
0.602849 0.718282
0.271869 0.316433
P, R, F1:
0.303585 0.352725
0.573106 0.695166
0.396916 0.467992
P, R, F1
0.140027 0.155997
0.592553  0.73617
0.226524 0.257441

Epoch 195
P, R, F1:
 0.17551 0.202912
0.602849 0.718282
0.271869 0.316433
P, R, F1:
0.303585 0.352725
0.573106 0.695166
0.396916 0.467992
P, R, F1
0.140027 0.155997
0.592553  0.73617
0.226524 0.257441

Best: 
Drop: 0
 0.30596 0.353417
0.570464 0.694718
0.398298 0.468499
 0.14217 0.157469
0.590269  0.73617
0.229148 0.259442
