14492 7507 734
Valid size: 2870
0
Epoch 0
0.853441 1.33297 1.31452 0.37642 0.0454799 0.0506084
0.426186 0.584742 0.605849 0.401915 0.217913 0.316936 0.0500052 0.0531612
0.614923 0.59539 0.608412 0.629165 0.227655 0.154005 0.461952 0.510724
P, R, F1:
1 1
0 0
0 0
P, R, F1:
1 1
0 0
0 0
P, R, F1
1 1
0 0
0 0

1
2
3
4
5
Epoch 5
2.41837 3.22525 1.34283 0.729356 0.0454799 0.0506084
0.724703 1.24532 1.18992 0.608029 1.10244 0.842899 0.0500052 0.0531612
1.32729 1.0359 0.791542 0.967464 1.04288 0.352978 0.879342 0.749831
P, R, F1:
1 1
0 0
0 0
P, R, F1:
1 1
0 0
0 0
P, R, F1
1 1
0 0
0 0

6
7
8
9
10
Epoch 10
3.17344 4.03723 1.39088 1.14997 0.0454799 0.0506084
0.856253 1.31986 1.53909 0.670857 1.37914 0.990674 0.0500052 0.0531612
1.64526 1.23739 0.832596 0.919067 1.72654 0.367059 1.04451 0.824511
P, R, F1:
  0.191617   0.191617
0.00393134   0.010656
0.00770461  0.0201893
P, R, F1:
  0.260274   0.260274
0.00229473 0.00850492
0.00454935  0.0164716
P, R, F1
    0.0625     0.0625
0.00425532 0.00425532
0.00796813 0.00796813

11
12
13
14
15
Epoch 15
3.47245 4.54284 1.39958 1.45268 0.0454799 0.0506084
1.00808 1.48818 1.72015 0.797002 1.60812 1.03286 0.0500052 0.0531612
2.08585 1.36761 0.936356 0.940696 2.20394 0.370773 1.14003 0.874987
P, R, F1:
 0.275924  0.280469
0.0506107  0.108225
0.0855327  0.156183
P, R, F1:
 0.415243  0.423786
0.0532457  0.100269
0.0943882  0.162168
P, R, F1
 0.231771  0.234375
0.0513591  0.119149
0.0840854  0.157984

16
17
18
19
20
Epoch 20
3.61428 4.88036 1.41476 1.63269 0.0454799 0.0506084
1.08726 1.63296 1.84296 0.864314 1.76746 1.12395 0.0500052 0.0531612
2.35087 1.44681 0.980102 0.9982 2.35744 0.420458 1.18636 0.908175
P, R, F1:
 0.259497  0.264418
0.0939249  0.222111
 0.137927  0.241425
P, R, F1:
 0.411647  0.421617
0.0899842  0.208594
 0.147685  0.279103
P, R, F1
0.237686 0.243986
0.102785 0.268085
0.143511 0.255469

21
22
23
24
25
Epoch 25
3.70737 5.08981 1.43374 1.73654 0.0454799 0.0506084
1.16155 1.70221 1.91805 0.893511 1.81542 1.24845 0.0500052 0.0531612
2.46013 1.47123 1.02818 1.05882 2.49254 0.439339 1.19576 0.937172
P, R, F1:
 0.320689  0.322581
0.0589056  0.143856
0.0995292  0.198977
P, R, F1:
 0.438228  0.443726
0.0576331  0.123098
 0.101869  0.192729
P, R, F1
 0.256863  0.258824
 0.054825  0.140426
0.0903628  0.182069

26
27
28
29
30
Epoch 30
3.76079 5.17471 1.44434 1.80206 0.0454799 0.0506084
1.19926 1.76546 1.94186 0.94876 1.86197 1.30634 0.0500052 0.0531612
2.55654 1.48839 1.04291 1.08272 2.60383 0.462086 1.21499 0.94993
P, R, F1:
0.254758 0.264936
0.190163 0.356643
0.217771 0.304025
P, R, F1:
0.373718 0.392541
 0.17477 0.326321
0.238163 0.356381
P, R, F1
  0.1839 0.190939
0.183153  0.33617
0.183526 0.243547

31
32
33
34
35
Epoch 35
3.79031 5.21675 1.45169 1.84707 0.0454799 0.0506084
1.2343 1.79944 1.95053 0.985578 1.87782 1.36512 0.0500052 0.0531612
2.61618 1.50619 1.0534 1.10027 2.65207 0.473558 1.22818 0.959885
P, R, F1:
0.276728 0.288265
0.179544 0.319014
0.217786 0.302861
P, R, F1:
0.391339 0.412268
0.161122 0.280215
0.228264 0.333651
P, R, F1
0.199301 0.206827
0.183851 0.310638
0.191264  0.24832

36
37
38
39
40
Epoch 40
3.80075 5.23153 1.45704 1.87792 0.0454799 0.0506084
1.24153 1.82241 1.94953 0.994168 1.89035 1.4019 0.0500052 0.0531612
2.64471 1.50397 1.0579 1.10133 2.69057 0.481046 1.23588 0.96433
P, R, F1:
0.197152 0.220786
0.320383 0.454878
0.244096  0.29728
P, R, F1:
0.318311 0.359581
0.303576 0.437332
0.310769 0.394664
P, R, F1
0.158158 0.172967
0.326744 0.468085
0.213145 0.252595

41
42
43
44
45
Epoch 45
3.80648 5.24178 1.46251 1.8973 0.0454799 0.0506084
1.24922 1.83875 1.95304 1.00101 1.90362 1.41962 0.0500052 0.0531612
2.66319 1.51376 1.06052 1.10606 2.70387 0.488568 1.24275 0.967623
P, R, F1:
0.262604 0.282601
0.245673 0.374292
0.253856 0.322047
P, R, F1:
 0.36947 0.399762
0.210418 0.329006
0.268131 0.360949
P, R, F1
0.168332 0.179487
0.229394 0.319149
0.194175 0.229759

46
47
48
49
50
Epoch 50
3.80805 5.24661 1.46421 1.91244 0.0454799 0.0506084
1.2507 1.85021 1.95496 1.00521 1.91523 1.42305 0.0500052 0.0531612
2.67551 1.51831 1.0625 1.10852 2.70999 0.49396 1.2475 0.969554
P, R, F1:
0.243139 0.262564
0.281209 0.426573
0.260792 0.325052
P, R, F1:
0.354972  0.38494
0.247658 0.391674
 0.29176 0.388278
P, R, F1
 0.17727 0.187408
0.265395 0.404255
0.212561 0.256094

51
52
53
54
55
Epoch 55
3.80916 5.24776 1.46472 1.92295 0.0454799 0.0506084
1.25341 1.85587 1.95569 1.00882 1.92569 1.43857 0.0500052 0.0531612
2.68229 1.52281 1.06403 1.10966 2.70885 0.497121 1.25084 0.970703
P, R, F1:
0.254071   0.2737
 0.26454 0.397269
  0.2592 0.324106
P, R, F1:
0.357627 0.388022
0.226014 0.350045
0.276981 0.368056
P, R, F1
0.186638 0.197694
 0.25291 0.382979
0.214778 0.260775

56
57
58
59
60
Epoch 60
3.80959 5.24859 1.46682 1.92989 0.0454799 0.0506084
1.25428 1.86127 1.95565 1.01231 1.93698 1.44658 0.0500052 0.0531612
2.68847 1.52638 1.06466 1.10977 2.71519 0.499596 1.25348 0.971225
P, R, F1:
0.271789 0.292949
0.241079 0.360639
0.255515 0.323289
P, R, F1:
0.359834 0.393064
0.207538 0.316025
0.263246 0.350359
P, R, F1
0.172439 0.184843
0.227979  0.32766
0.196357 0.236352

61
62
63
64
65
Epoch 65
3.80921 5.24886 1.46754 1.93402 0.0454799 0.0506084
1.25468 1.8636 1.95601 1.01295 1.94151 1.4489 0.0500052 0.0531612
2.69121 1.52824 1.06501 1.10974 2.71344 0.501072 1.25502 0.97154
P, R, F1:
0.269359 0.289454
0.248374  0.37296
0.258441 0.325944
P, R, F1:
0.361886 0.393339
0.213745 0.328559
0.268753 0.358042
P, R, F1
0.176897 0.188713
0.237917 0.348936
0.202919  0.24495

66
67
68
69
70
Epoch 70
3.80864 5.24921 1.46816 1.93669 0.0454799 0.0506084
1.25529 1.86622 1.95617 1.01158 1.94543 1.44962 0.0500052 0.0531612
2.69396 1.52846 1.065 1.10961 2.71654 0.502085 1.25622 0.971681
P, R, F1:
0.230264 0.252532
0.314473 0.445221
 0.26586 0.322271
P, R, F1:
0.344665 0.382538
0.275823 0.408236
0.306425 0.394969
P, R, F1
0.179708 0.191406
0.300153 0.442553
0.224814 0.267233

71
72
73
74
75
Epoch 75
3.80844 5.24948 1.46857 1.93795 0.0454799 0.0506084
1.25499 1.86767 1.95654 1.01274 1.94806 1.45182 0.0500052 0.0531612
2.6955 1.53016 1.06527 1.10958 2.71591 0.502527 1.25693 0.971821
P, R, F1:
0.267215 0.288684
0.257477 0.378954
0.262256 0.327717
P, R, F1:
0.359696  0.39235
0.218213 0.327663
0.271636 0.357101
P, R, F1
0.170579 0.181973
0.244349 0.348936
0.200907 0.239201

76
77
78
79
80
Epoch 80
3.80833 5.24961 1.46882 1.93885 0.0454799 0.0506084
1.25494 1.86837 1.95684 1.01316 1.94995 1.45325 0.0500052 0.0531612
2.69626 1.53109 1.06544 1.10957 2.71539 0.502822 1.25738 0.971907
P, R, F1:
0.272114 0.292469
0.242839 0.365634
0.256644 0.324985
P, R, F1:
 0.36564  0.39643
0.208739 0.317816
0.265759 0.352796
P, R, F1
 0.17359 0.183971
 0.23651 0.340426
0.200223 0.238859

81
82
83
84
85
Epoch 85
3.80823 5.24963 1.46889 1.9394 0.0454799 0.0506084
1.25506 1.86877 1.95694 1.01316 1.95055 1.45404 0.0500052 0.0531612
2.69682 1.53144 1.06545 1.10952 2.71591 0.503049 1.25769 0.971939
P, R, F1:
0.264315 0.285662
0.259785 0.381951
 0.26203 0.326863
P, R, F1:
0.362129 0.394033
0.221796  0.33214
  0.2751 0.360449
P, R, F1
0.171881 0.181364
0.245666 0.353191
0.202255 0.239662

86
87
88
89
90
Epoch 90
3.80815 5.24967 1.46896 1.93976 0.0454799 0.0506084
1.25503 1.86908 1.95702 1.01321 1.95112 1.45444 0.0500052 0.0531612
2.69722 1.53171 1.06545 1.10949 2.71614 0.503193 1.25787 0.971959
P, R, F1:
0.265557 0.286763
 0.25822 0.379953
0.261837 0.326846
P, R, F1:
0.361982 0.394994
0.220046 0.329902
0.273708 0.359525
P, R, F1
0.169116 0.178631
0.244254 0.348936
0.199856 0.236295

91
92
93
94
95
Epoch 95
3.80812 5.24971 1.46899 1.93995 0.0454799 0.0506084
1.25504 1.86929 1.95709 1.01329 1.95141 1.45461 0.0500052 0.0531612
2.69745 1.53193 1.06546 1.10946 2.71617 0.503277 1.258 0.971973
P, R, F1:
 0.26593 0.287255
0.258936 0.381951
0.262387 0.327903
P, R, F1:
0.361569 0.394696
0.221558  0.33214
0.274755 0.360726
P, R, F1
0.168554 0.178037
0.245213 0.348936
0.199782 0.235775

96
97
98
99
100
Epoch 100
3.8081 5.24973 1.469 1.94005 0.0454799 0.0506084
1.25504 1.86943 1.95712 1.01334 1.95162 1.45485 0.0500052 0.0531612
2.69761 1.53205 1.06547 1.10945 2.71611 0.503327 1.25807 0.971982
P, R, F1:
0.267335 0.288373
0.256799 0.379953
0.261961 0.327889
P, R, F1:
0.361901 0.394695
 0.21758 0.326321
0.271768 0.357266
P, R, F1
0.168612 0.178388
0.243046 0.348936
0.199099 0.236082

101
102
103
104
105
Epoch 105
3.80808 5.24974 1.46901 1.94012 0.0454799 0.0506084
1.25506 1.86949 1.95713 1.01332 1.95174 1.45492 0.0500052 0.0531612
2.6977 1.53209 1.06547 1.10944 2.7162 0.503362 1.25812 0.971986
P, R, F1:
0.265898 0.287044
0.259705 0.382617
0.262765  0.32801
P, R, F1:
0.360876 0.393833
0.220769 0.331244
0.273948 0.359837
P, R, F1
0.171071 0.180602
0.245495 0.353191
0.201635 0.238995

106
107
108
109
110
Epoch 110
3.80807 5.24975 1.46902 1.94016 0.0454799 0.0506084
1.25505 1.86955 1.95715 1.01334 1.95183 1.45503 0.0500052 0.0531612
2.69776 1.53214 1.06547 1.10943 2.7162 0.503382 1.25814 0.971989
P, R, F1:
0.265585 0.286578
0.258831 0.381618
0.262165 0.327339
P, R, F1:
0.362893 0.395678
0.219976 0.329902
0.273913 0.359808
P, R, F1
0.166048 0.175676
 0.24424 0.348936
0.197693 0.233695

111
112
113
114
115
Epoch 115
3.80806 5.24975 1.46902 1.94019 0.0454799 0.0506084
1.25505 1.86958 1.95716 1.01335 1.95189 1.45507 0.0500052 0.0531612
2.6978 1.53217 1.06547 1.10943 2.71621 0.503394 1.25816 0.971992
P, R, F1:
0.265792 0.286735
0.258831 0.381618
0.262265 0.327442
P, R, F1:
0.362751 0.395522
0.219976 0.329902
0.273873 0.359744
P, R, F1
0.165768 0.175379
 0.24424 0.348936
0.197495 0.233433

116
117
118
119
120
Epoch 120
3.80805 5.24976 1.46902 1.9402 0.0454799 0.0506084
1.25505 1.8696 1.95717 1.01334 1.95192 1.4551 0.0500052 0.0531612
2.69782 1.53219 1.06547 1.10943 2.71622 0.503402 1.25817 0.971993
P, R, F1:
 0.26626 0.287283
0.259187 0.382284
0.262676 0.328044
P, R, F1:
0.362432 0.395139
0.220257 0.330349
0.273999 0.359851
P, R, F1
0.167173 0.176768
0.244377 0.348936
0.198534 0.234659

121
122
123
124
125
Epoch 125
3.80805 5.24976 1.46902 1.94022 0.0454799 0.0506084
1.25505 1.86961 1.95717 1.01334 1.95195 1.45512 0.0500052 0.0531612
2.69784 1.5322 1.06547 1.10943 2.71622 0.503408 1.25818 0.971993
P, R, F1:
0.266205 0.287205
0.258952 0.381951
0.262528  0.32787
P, R, F1:
0.362574 0.395294
0.220223 0.330349
0.274013 0.359915
P, R, F1
0.164359 0.173986
0.243913 0.348936
0.196385 0.232196

126
127
128
129
130
Epoch 130
3.80805 5.24976 1.46902 1.94022 0.0454799 0.0506084
1.25505 1.86962 1.95718 1.01334 1.95196 1.45514 0.0500052 0.0531612
2.69784 1.53221 1.06547 1.10943 2.71622 0.503411 1.25818 0.971994
P, R, F1:
0.266205 0.287205
0.258952 0.381951
0.262528  0.32787
P, R, F1:
0.362966 0.395686
0.220206 0.330349
0.274112 0.360078
P, R, F1
0.164637 0.174281
0.243913 0.348936
0.196584 0.232458

131
132
133
134
135
Epoch 135
3.80805 5.24976 1.46902 1.94023 0.0454799 0.0506084
1.25505 1.86962 1.95718 1.01334 1.95197 1.45514 0.0500052 0.0531612
2.69785 1.53221 1.06547 1.10942 2.71622 0.503413 1.25819 0.971994
P, R, F1:
0.266205 0.287205
0.258952 0.381951
0.262528  0.32787
P, R, F1:
0.362966 0.395686
0.220206 0.330349
0.274112 0.360078
P, R, F1
0.164637 0.174281
0.243913 0.348936
0.196584 0.232458

136
137
138
139
140
Epoch 140
3.80805 5.24976 1.46902 1.94023 0.0454799 0.0506084
1.25505 1.86963 1.95718 1.01334 1.95197 1.45515 0.0500052 0.0531612
2.69785 1.53221 1.06547 1.10942 2.71622 0.503414 1.25819 0.971994
P, R, F1:
0.266425 0.287413
0.259156 0.382284
 0.26274 0.328129
P, R, F1:
0.362432 0.395139
0.220223 0.330349
0.273973 0.359851
P, R, F1
0.164359 0.173986
0.243913 0.348936
0.196385 0.232196

141
142
143
144
145
Epoch 145
3.80805 5.24976 1.46902 1.94023 0.0454799 0.0506084
1.25505 1.86963 1.95718 1.01334 1.95198 1.45515 0.0500052 0.0531612
2.69786 1.53221 1.06547 1.10942 2.71622 0.503415 1.25819 0.971994
P, R, F1:
0.266474 0.287466
0.259156 0.382284
0.262764 0.328163
P, R, F1:
0.362432 0.395139
0.220223 0.330349
0.273973 0.359851
P, R, F1
0.164359 0.173986
0.243913 0.348936
0.196385 0.232196

146
147
148
149
150
Epoch 150
3.80805 5.24976 1.46902 1.94023 0.0454799 0.0506084
1.25505 1.86963 1.95718 1.01334 1.95198 1.45515 0.0500052 0.0531612
2.69786 1.53221 1.06547 1.10942 2.71622 0.503415 1.25819 0.971995
P, R, F1:
0.266425 0.287413
0.259156 0.382284
 0.26274 0.328129
P, R, F1:
0.362432 0.395139
0.220223 0.330349
0.273973 0.359851
P, R, F1
0.164359 0.173986
0.243913 0.348936
0.196385 0.232196

151
152
153
154
155
Epoch 155
3.80805 5.24976 1.46902 1.94023 0.0454799 0.0506084
1.25505 1.86963 1.95718 1.01334 1.95198 1.45515 0.0500052 0.0531612
2.69786 1.53222 1.06548 1.10942 2.71622 0.503415 1.25819 0.971995
P, R, F1:
0.266425 0.287413
0.259156 0.382284
 0.26274 0.328129
P, R, F1:
0.362432 0.395139
0.220223 0.330349
0.273973 0.359851
P, R, F1
0.164359 0.173986
0.243913 0.348936
0.196385 0.232196

156
157
158
159
160
Epoch 160
3.80805 5.24976 1.46902 1.94023 0.0454799 0.0506084
1.25505 1.86963 1.95718 1.01334 1.95198 1.45515 0.0500052 0.0531612
2.69786 1.53222 1.06548 1.10942 2.71622 0.503416 1.25819 0.971995
P, R, F1:
0.266425 0.287413
0.259156 0.382284
 0.26274 0.328129
P, R, F1:
0.362432 0.395139
0.220223 0.330349
0.273973 0.359851
P, R, F1
0.164359 0.173986
0.243913 0.348936
0.196385 0.232196

161
162
163
164
165
Epoch 165
3.80804 5.24976 1.46902 1.94023 0.0454799 0.0506084
1.25505 1.86963 1.95718 1.01334 1.95198 1.45516 0.0500052 0.0531612
2.69786 1.53222 1.06548 1.10942 2.71622 0.503416 1.25819 0.971995
P, R, F1:
0.266425 0.287413
0.259156 0.382284
 0.26274 0.328129
P, R, F1:
0.362432 0.395139
0.220223 0.330349
0.273973 0.359851
P, R, F1
0.164359 0.173986
0.243913 0.348936
0.196385 0.232196

166
167
168
169
170
Epoch 170
3.80804 5.24976 1.46902 1.94023 0.0454799 0.0506084
1.25505 1.86963 1.95718 1.01334 1.95198 1.45516 0.0500052 0.0531612
2.69786 1.53222 1.06548 1.10942 2.71622 0.503416 1.25819 0.971995
P, R, F1:
0.266425 0.287413
0.259156 0.382284
 0.26274 0.328129
P, R, F1:
0.362432 0.395139
0.220223 0.330349
0.273973 0.359851
P, R, F1
0.164359 0.173986
0.243913 0.348936
0.196385 0.232196

171
172
173
174
175
Epoch 175
3.80804 5.24976 1.46902 1.94023 0.0454799 0.0506084
1.25505 1.86963 1.95718 1.01334 1.95198 1.45516 0.0500052 0.0531612
2.69786 1.53222 1.06548 1.10942 2.71622 0.503416 1.25819 0.971995
P, R, F1:
0.266425 0.287413
0.259156 0.382284
 0.26274 0.328129
P, R, F1:
0.362432 0.395139
0.220223 0.330349
0.273973 0.359851
P, R, F1
0.164359 0.173986
0.243913 0.348936
0.196385 0.232196

176
177
178
179
180
Epoch 180
3.80804 5.24976 1.46902 1.94023 0.0454799 0.0506084
1.25505 1.86963 1.95718 1.01334 1.95198 1.45516 0.0500052 0.0531612
2.69786 1.53222 1.06548 1.10942 2.71622 0.503416 1.25819 0.971995
P, R, F1:
0.266425 0.287413
0.259156 0.382284
 0.26274 0.328129
P, R, F1:
0.362432 0.395139
0.220223 0.330349
0.273973 0.359851
P, R, F1
0.164359 0.173986
0.243913 0.348936
0.196385 0.232196

181
182
183
184
185
Epoch 185
3.80804 5.24976 1.46902 1.94023 0.0454799 0.0506084
1.25505 1.86963 1.95718 1.01334 1.95198 1.45516 0.0500052 0.0531612
2.69786 1.53222 1.06548 1.10942 2.71622 0.503416 1.25819 0.971995
P, R, F1:
0.266425 0.287413
0.259156 0.382284
 0.26274 0.328129
P, R, F1:
0.362432 0.395139
0.220223 0.330349
0.273973 0.359851
P, R, F1
0.164359 0.173986
0.243913 0.348936
0.196385 0.232196

186
187
188
189
190
Epoch 190
3.80804 5.24976 1.46902 1.94023 0.0454799 0.0506084
1.25505 1.86963 1.95718 1.01334 1.95198 1.45516 0.0500052 0.0531612
2.69786 1.53222 1.06548 1.10942 2.71622 0.503416 1.25819 0.971995
P, R, F1:
0.266425 0.287413
0.259156 0.382284
 0.26274 0.328129
P, R, F1:
0.362432 0.395139
0.220223 0.330349
0.273973 0.359851
P, R, F1
0.164359 0.173986
0.243913 0.348936
0.196385 0.232196

191
192
193
194
195
Epoch 195
3.80804 5.24976 1.46902 1.94023 0.0454799 0.0506084
1.25505 1.86963 1.95718 1.01334 1.95198 1.45516 0.0500052 0.0531612
2.69786 1.53222 1.06548 1.10942 2.71622 0.503416 1.25819 0.971995
P, R, F1:
0.266425 0.287413
0.259156 0.382284
 0.26274 0.328129
P, R, F1:
0.362432 0.395139
0.220223 0.330349
0.273973 0.359851
P, R, F1
0.164359 0.173986
0.243913 0.348936
0.196385 0.232196

196
197
198
199
Best: 
Drop: 0
0.318311 0.359581
0.303576 0.437332
0.310769 0.394664
0.158158 0.172967
0.326744 0.468085
0.213145 0.252595
