9471 6281 892
Valid size: 2298
Epoch 5
Train:
Target:
0.361624 0.365049
0.156546 0.316956
0.218502 0.339307
Val:
Target:
0.330806 0.334523
0.139006 0.279654
0.195755 0.304638
Train:
Agent:
0.566585 0.567196
0.379046 0.472897
0.454219 0.515772
Val:
Agent:
0.565255 0.566119
0.351623 0.436969
0.433551  0.49323
Train:
DSE:
 0.49063 0.520226
0.673246 0.741327
0.567611 0.611401
Val:
DSE:
0.452018 0.483421
 0.60215  0.66332
0.516393  0.55926
is from:
5412,2089,3324,850,1332,3137
Train:0.255716  0.27096 0.263117
1854,721,1093,250,428,1176
Val:0.228728 0.212585 0.220361
587,265,402,95,138,349
Test:0.236318 0.272206 0.252996
is about:
5148,2246,3299,656,917,3064
Train:0.198848 0.214099 0.206192
1905,926,1282,221,288,1145
Val:0.172387 0.193013 0.182118
543,277,387,70,90,338
Test:0.180879 0.207101 0.193103
