9471 6281 892
Valid size: 2298
Epoch 5
Train:
Target:
1 1
0 0
0 0
Val:
Target:
1 1
0 0
0 0
Train:
Agent:
0.594457 0.599898
0.527339 0.599733
 0.55889 0.599815
Val:
Agent:
0.551197 0.555091
0.470288 0.541785
0.507538 0.548357
Train:
DSE:
0.610872 0.654569
0.594663  0.64949
0.602659 0.652019
Val:
DSE:
0.540214  0.58794
0.500178 0.548862
0.519425 0.567729
is from:
4818,1885,3870,1320,1506,3137
Train:0.341085 0.420784 0.376766
1619,677,1310,414,460,1176
Val:0.316031 0.352041 0.333065
539,248,442,138,153,349
Test:0.312217 0.395415 0.348925
is about:
0,0,0,0,0,3064
Train:1 0 0
0,0,0,0,0,1145
Val:1 0 0
0,0,0,0,0,338
Test:1 0 0
