9471 6281 892
Valid size: 2298
Epoch 5
Train:
Target:
1 1
0 0
0 0
Val:
Target:
1 1
0 0
0 0
Train:
Agent:
0.625018 0.628272
0.470248 0.531108
0.536698 0.575619
Val:
Agent:
0.597962 0.603493
0.418601  0.48017
0.492458 0.534814
Train:
DSE:
0.486951 0.520445
0.709226 0.767857
0.577437 0.620394
Val:
DSE:
0.422345 0.459954
 0.61459 0.670013
0.500647 0.545459
is from:
5775,2386,4227,1235,1544,3137
Train:0.292169 0.393688 0.335416
1981,920,1463,376,461,1176
Val:0.257006 0.319728 0.284956
717,301,493,138,178,349
Test:0.279919 0.395415 0.327791
is about:
0,0,0,0,0,3064
Train:1 0 0
0,0,0,0,0,1145
Val:1 0 0
0,0,0,0,0,338
Test:1 0 0
