9471 6281 892
Valid size: 2298
Epoch 5
Train:
Target:
 0.303704  0.303704
0.0091866 0.0365488
0.0178338 0.0652457
Val:
Target:
 0.384106  0.384106
0.0114222 0.0455617
0.0221847 0.0814607
Train:
Agent:
0.701676 0.706897
0.350751 0.409346
0.467707 0.518463
Val:
Agent:
 0.64017 0.643204
0.323772 0.371813
0.430045 0.471227
Train:
DSE:
0.483055 0.522808
0.725621  0.78801
0.579998 0.628581
Val:
DSE:
0.431667 0.470831
0.621617 0.685408
0.509514 0.558209
is from:
3972,632,1222,461,1154,3137
Train: 0.37725 0.146956 0.211516
1446,257,455,162,357,1176
Val:0.356044 0.137755 0.198651
496,99,168,51,127,349
Test:0.303571 0.146132 0.197292
is about:
699,15,19,3,95,3064
Train:   0.157895 0.000979112  0.00194616
261,4,4,0,47,1145
Val:   0    0 -nan
61,1,2,1,12,338
Test:       0.5 0.00295858 0.00588235
