9471 6281 892
Valid size: 2298
Epoch 5
Train:
Target:
 0.221174  0.221174
0.0918679  0.213002
 0.129815  0.217011
Val:
Target:
  0.21721   0.21721
0.0927447    0.2011
 0.129987  0.208845
Train:
Agent:
0.691384 0.697891
 0.42978 0.494259
0.530062 0.578684
Val:
Agent:
0.630929 0.635821
0.379549 0.431303
0.473971 0.513964
Train:
DSE:
0.568111 0.602626
0.677273  0.73699
0.617908 0.663069
Val:
DSE:
0.467277 0.504101
0.561352 0.616466
0.510013 0.554649
is from:
4350,1339,2866,1113,1429,3137
Train:0.388346 0.354798 0.370815
1552,550,1008,341,422,1176
Val:0.338294 0.289966 0.312271
500,168,339,126,152,349
Test:0.371681 0.361032 0.366279
is about:
4183,2487,3322,509,565,3064
Train:0.153221 0.166123 0.159411
1535,951,1244,174,189,1145
Val:0.139871 0.151965 0.145668
423,260,347,60,65,338
Test:0.172911 0.177515 0.175182
