9471 6281 892
Valid size: 2298
Epoch 5
Train:
Target:
0.292529 0.300352
0.296904 0.559916
  0.2947 0.390975
Val:
Target:
0.274223 0.280677
0.281046 0.513747
0.277593 0.363022
Train:
Agent:
0.604273 0.607968
0.459945  0.53992
0.522322 0.571927
Val:
Agent:
0.567877 0.571429
0.417222 0.490085
0.481029  0.52764
Train:
DSE:
0.484743 0.524902
 0.73871  0.78648
0.585367 0.629603
Val:
DSE:
0.403106 0.448368
0.622049 0.670683
0.489198 0.537443
is from:
5925,1527,2824,943,1551,3137
Train:0.333924 0.300606  0.31639
2181,636,1048,287,473,1176
Val:0.273855 0.244048 0.258094
705,217,365,112,170,349
Test:0.306849 0.320917 0.313725
is about:
11981,2031,3088,653,1854,3064
Train:0.211464  0.21312 0.212289
4440,767,1050,164,545,1145
Val: 0.15619 0.143231 0.149431
1158,236,333,68,162,338
Test:0.204204 0.201183 0.202683
