9471 6281 892
Valid size: 2298
Epoch 5
Train:
Target:
0.285563 0.290865
0.225166 0.475734
0.251793 0.361008
Val:
Target:
0.271882 0.276529
0.211964 0.434407
0.238213 0.337938
Train:
Agent:
0.640566 0.649985
0.524076 0.575167
0.576495 0.610292
Val:
Agent:
0.590208  0.59854
0.447499 0.506374
 0.50904 0.548613
Train:
DSE:
0.627218 0.639934
0.602371 0.676276
0.614543 0.657603
Val:
DSE:
0.537021 0.555483
 0.50017 0.560241
0.517941 0.557852
is from:
4842,1838,3723,1324,1575,3137
Train:0.355627 0.422059 0.386006
1637,712,1276,402,455,1176
Val:0.315047 0.341837 0.327896
556,240,439,148,169,349
Test: 0.33713 0.424069 0.375635
is about:
6956,3338,5032,1035,1327,3064
Train:0.205684 0.337794 0.255682
2449,1261,1779,299,394,1145
Val:0.168072 0.261135 0.204514
674,339,491,99,134,338
Test:0.201629 0.292899 0.238842
