9471 6281 892
Valid size: 2298
Epoch 5
Train:
Target:
1 1
0 0
0 0
Val:
Target:
1 1
0 0
0 0
Train:
Agent:
  0.484848   0.484848
0.00086039 0.00400534
0.00171773 0.00794505
Val:
Agent:
  0.772727   0.772727
0.00289188 0.00991501
0.00576219  0.0195788
Train:
DSE:
0.583384 0.612144
0.679639 0.742857
0.627844 0.671196
Val:
DSE:
0.472857 0.503906
0.535773 0.596386
0.502353 0.546259
is from:
45,0,0,0,14,3137
Train:1 0 0
33,0,0,0,13,1176
Val:1 0 0
0,0,0,0,0,349
Test:1 0 0
is about:
0,0,0,0,0,3064
Train:1 0 0
0,0,0,0,0,1145
Val:1 0 0
0,0,0,0,0,338
Test:1 0 0
