9471 6281 892
Valid size: 2298
Epoch 5
Train:
Target:
1 1
0 0
0 0
Val:
Target:
1 1
0 0
0 0
Train:
Agent:
0.394019 0.410444
 0.54068 0.616021
0.455843 0.492646
Val:
Agent:
0.377732 0.394462
0.500134 0.578612
  0.4304 0.469112
Train:
DSE:
0.599926 0.615445
0.530395 0.595663
0.563022 0.605392
Val:
DSE:
0.542872 0.557584
0.468068 0.522088
0.502703 0.539253
is from:
6176,2242,3448,893,1489,3137
Train:0.258991 0.284667 0.271222
2216,830,1250,321,490,1176
Val:  0.2568 0.272959 0.264633
661,242,353,83,153,349
Test:0.235127 0.237822 0.236467
is about:
0,0,0,0,0,3064
Train:1 0 0
0,0,0,0,0,1145
Val:1 0 0
0,0,0,0,0,338
Test:1 0 0
