9471 6281 892
Valid size: 2298
Epoch 5
Train:
Target:
0.240343 0.242521
0.142639 0.245357
0.179028 0.243931
Val:
Target:
0.216507 0.220096
0.135568 0.216025
0.166734 0.218041
Train:
Agent:
0.826465 0.827879
0.153303 0.182109
0.258632 0.298547
Val:
Agent:
0.815113  0.81672
0.153231 0.179887
0.257968 0.294835
Train:
DSE:
0.451417 0.464661
 0.50188  0.57602
0.475313 0.514382
Val:
DSE:
0.457062 0.466231
0.490925 0.558902
0.473389 0.508378
is from:
1438,518,987,323,466,3137
Train:0.327254 0.102965 0.156644
543,152,324,116,180,1176
Val: 0.358025 0.0986395  0.154667
155,48,93,28,47,349
Test: 0.301075 0.0802292  0.126697
is about:
5017,2277,2937,439,624,3064
Train:0.149472 0.143277 0.146309
1804,786,1020,143,209,1145
Val:0.140196 0.124891 0.132102
636,292,379,62,91,338
Test:0.163588 0.183432 0.172943
