9471 6281 892
Valid size: 2298
Epoch 5
Train:
Target:
 0.379731  0.386447
0.0880964  0.186938
 0.143014  0.251983
Val:
Target:
0.317158  0.32409
0.071869 0.145326
0.117184 0.200669
Train:
Agent:
1 1
0 0
0 0
Val:
Agent:
1 1
0 0
0 0
Train:
DSE:
    0.58 0.613965
0.730031    0.775
0.646424 0.685147
Val:
DSE:
0.454336 0.492122
0.563311 0.618474
0.502989  0.54811
is from:
0,0,0,0,0,3137
Train:1 0 0
0,0,0,0,0,1176
Val:1 0 0
0,0,0,0,0,349
Test:1 0 0
is about:
2527,215,337,67,520,3064
Train: 0.198813 0.0218668 0.0394002
869,111,149,20,138,1145
Val: 0.134228 0.0174672 0.0309119
317,39,58,10,72,338
Test: 0.172414 0.0295858 0.0505051
