9471 6281 892
Valid size: 2298
Epoch 5
Train:
Target:
1 1
0 0
0 0
Val:
Target:
1 1
0 0
0 0
Train:
Agent:
0.643903 0.655931
0.492607  0.53271
0.558185 0.587934
Val:
Agent:
 0.57499 0.586655
0.421092  0.46034
0.486153 0.515878
Train:
DSE:
0.692355 0.700821
0.346181 0.404592
0.461573 0.513015
Val:
DSE:
0.669395 0.672544
0.299192 0.350067
0.413546 0.460459
is from:
2606,909,2190,854,985,3137
Train:0.389954 0.272235 0.320631
818,307,692,254,286,1176
Val:0.367052 0.215986 0.271949
317,132,290,112,119,349
Test:0.386207 0.320917 0.350548
is about:
0,0,0,0,0,3064
Train:1 0 0
0,0,0,0,0,1145
Val:1 0 0
0,0,0,0,0,338
Test:1 0 0
