9471 6281 892
Valid size: 2298
Epoch 5
Train:
Target:
1 1
0 0
0 0
Val:
Target:
1 1
0 0
0 0
Train:
Agent:
 0.74206 0.743007
0.367787  0.42964
0.491815 0.544453
Val:
Agent:
0.674096 0.675904
0.330985 0.379603
0.443975 0.486165
Train:
DSE:
0.646551 0.666382
0.353528 0.396429
0.457111 0.497121
Val:
DSE:
0.639838 0.657107
 0.31095 0.350736
0.418511 0.457355
is from:
2158,611,1607,719,897,3137
Train:0.447418   0.2292  0.30312
715,235,549,222,257,1176
Val:0.404372 0.188776 0.257391
295,103,228,82,100,349
Test:0.359649 0.234957 0.284229
is about:
0,0,0,0,0,3064
Train:1 0 0
0,0,0,0,0,1145
Val:1 0 0
0,0,0,0,0,338
Test:1 0 0
