9471 6281 892
Valid size: 2298
Epoch 5
Train:
Target:
0.424534 0.428571
 0.10803 0.202816
0.172233 0.275334
Val:
Target:
0.386678 0.392734
0.104584 0.177533
0.164638 0.244529
Train:
Agent:
1 1
0 0
0 0
Val:
Agent:
1 1
0 0
0 0
Train:
DSE:
0.603091 0.626785
0.723657 0.780867
0.657896 0.695393
Val:
DSE:
0.483263  0.51334
 0.57062 0.631191
0.523321 0.566198
is from:
0,0,0,0,0,3137
Train:1 0 0
0,0,0,0,0,1176
Val:1 0 0
0,0,0,0,0,349
Test:1 0 0
is about:
2552,627,1101,287,590,3064
Train: 0.260672 0.0936684  0.137815
921,234,373,71,175,1145
Val: 0.190349 0.0620087 0.0935441
300,84,126,28,59,338
Test: 0.222222 0.0828402   0.12069
