9471 6281 892
Valid size: 2298
Epoch 5
Train:
Target:
  0.172297   0.172297
0.00683389  0.0305572
 0.0131464  0.0519084
Val:
Target:
  0.165354   0.165354
0.00740253  0.0329929
 0.0141707  0.0550098
Train:
Agent:
 0.70428 0.707544
 0.40781 0.475834
0.516527 0.569004
Val:
Agent:
0.598923 0.602351
0.348047 0.414306
0.440253 0.490938
Train:
DSE:
0.559438 0.575223
0.605365 0.678061
0.581496 0.622423
Val:
DSE:
0.496834 0.515256
 0.53961 0.592369
0.517339 0.551129
is from:
3983,1104,2140,757,1320,3137
Train:0.353738 0.241313 0.286905
1418,472,784,233,407,1176
Val:0.297194 0.198129 0.237755
454,124,222,70,134,349
Test:0.315315 0.200573 0.245184
is about:
507,37,44,6,65,3064
Train:  0.136364 0.00195822   0.003861
231,17,23,2,23,1145
Val: 0.0869565 0.00174672 0.00342466
40,1,1,0,5,338
Test:   0    0 -nan
