9471 6281 892
Valid size: 2298
Epoch 5
Train:
Target:
1 1
0 0
0 0
Val:
Target:
1 1
0 0
0 0
Train:
Agent:
0.659125 0.665881
0.452089 0.506809
 0.53632 0.575556
Val:
Agent:
0.605375 0.611712
0.401952 0.458924
0.483124 0.524416
Train:
DSE:
0.618013 0.626412
0.327598  0.36199
 0.42821 0.458831
Val:
DSE:
0.583825 0.587264
0.299114 0.329317
0.395566 0.421995
is from:
2813,1058,2157,812,1082,3137
Train:0.376449 0.258846 0.306762
940,377,740,283,349,1176
Val:0.382432 0.240646 0.295407
319,116,230,84,118,349
Test:0.365217 0.240688 0.290155
is about:
0,0,0,0,0,3064
Train:1 0 0
0,0,0,0,0,1145
Val:1 0 0
0,0,0,0,0,338
Test:1 0 0
