9471 6281 892
Valid size: 2298
Epoch 5
Train:
Target:
1 1
0 0
0 0
Val:
Target:
1 1
0 0
0 0
Train:
Agent:
0.529234 0.543942
0.579967 0.629907
0.553441 0.583777
Val:
Agent:
0.475583  0.48631
0.512183 0.563031
0.493205 0.521866
Train:
DSE:
0.550421 0.592919
0.765193 0.804592
0.640276 0.682725
Val:
DSE:
0.459534 0.506104
0.604724 0.662651
0.522225 0.573893
is from:
6875,2331,4295,1247,1799,3137
Train:0.290338 0.397514 0.335576
2496,981,1521,360,538,1176
Val:0.236686 0.306122 0.266963
802,329,490,107,167,349
Test:0.218367  0.30659 0.255066
is about:
0,0,0,0,0,3064
Train:1 0 0
0,0,0,0,0,1145
Val:1 0 0
0,0,0,0,0,338
Test:1 0 0
