9471 6281 892
Valid size: 2298
Epoch 5
Train:
Target:
  0.313869   0.313869
0.00505422   0.012882
0.00994823  0.0247482
Val:
Target:
  0.351852   0.351852
0.00666405  0.0149254
 0.0130804   0.028636
Train:
Agent:
0.773513 0.775934
0.302624 0.343391
0.435044 0.476088
Val:
Agent:
0.690779 0.691574
0.265916 0.303824
0.384008 0.422177
Train:
DSE:
0.643802 0.664166
0.702966 0.754082
0.672084 0.706273
Val:
DSE:
 0.49451 0.525077
0.510594 0.564926
0.502423 0.544273
is from:
2581,626,1519,665,945,3137
Train:0.437788 0.211986 0.285653
880,298,576,213,267,1176
Val:0.369792 0.181122 0.243151
299,81,175,63,95,349
Test:    0.36 0.180516 0.240458
is about:
171,104,155,30,32,3064
Train:  0.193548 0.00979112  0.0186393
73,40,61,16,16,1145
Val: 0.262295 0.0139738  0.026534
9,8,9,1,1,338
Test:  0.111111 0.00295858 0.00576369
