9471 6281 892
Valid size: 2298
Epoch 5
Train:
Target:
1 1
0 0
0 0
Val:
Target:
1 1
0 0
0 0
Train:
Agent:
0.683125 0.686013
0.369955 0.425634
0.479974 0.525329
Val:
Agent:
0.640817 0.641657
0.343922 0.395184
0.447613 0.489125
Train:
DSE:
0.559993 0.607419
0.754724 0.787755
0.642937 0.685932
Val:
DSE:
0.441079 0.492701
0.577404 0.633199
0.500118 0.554184
is from:
3573,1212,2706,1009,1137,3137
Train:0.372875 0.321645 0.345371
1290,544,979,287,333,1176
Val:0.293156 0.244048 0.266357
438,192,347,99,111,349
Test:0.285303 0.283668 0.284483
is about:
0,0,0,0,0,3064
Train:1 0 0
0,0,0,0,0,1145
Val:1 0 0
0,0,0,0,0,338
Test:1 0 0
