9471 6281 892
Valid size: 2298
Epoch 5
Train:
Target:
0.244811 0.259652
0.492659  0.72888
0.327087 0.382901
Val:
Target:
0.234151  0.25029
0.459116 0.682639
0.310133 0.366283
Train:
Agent:
0.735733 0.737754
0.352844 0.395461
0.476951 0.514911
Val:
Agent:
0.688919 0.690254
0.323258 0.364023
0.440038 0.476664
Train:
DSE:
0.589566 0.629188
0.729252 0.767092
0.652011  0.69133
Val:
DSE:
0.462662 0.508028
0.534951 0.590361
0.496187 0.546109
is from:
3092,1229,2830,983,1042,3137
Train: 0.34735 0.313357 0.329479
1110,553,1025,296,311,1176
Val: 0.28878 0.251701 0.268969
408,198,370,107,115,349
Test:0.289189  0.30659 0.297636
is about:
18417,3795,5068,771,2874,3064
Train:0.152131 0.251632 0.189621
6503,1650,2038,232,815,1145
Val:0.113837  0.20262 0.145774
1932,506,608,58,218,338
Test:0.0953947  0.171598  0.122622
