9471 6281 892
Valid size: 2298
Epoch 5
Train:
Target:
0.260438 0.267531
0.234167 0.524865
0.246605 0.354413
Val:
Target:
0.248131  0.25522
0.212356   0.4674
0.228854  0.33016
Train:
Agent:
1 1
0 0
0 0
Val:
Agent:
1 1
0 0
0 0
Train:
DSE:
 0.69273 0.711646
0.544505 0.608929
0.609739 0.656292
Val:
DSE:
0.583291 0.605308
0.425859 0.471888
0.492295 0.530335
is from:
0,0,0,0,0,3137
Train:1 0 0
0,0,0,0,0,1176
Val:1 0 0
0,0,0,0,0,349
Test:1 0 0
is about:
7039,359,504,92,1326,3064
Train:  0.18254 0.0300261 0.0515695
2303,143,179,22,353,1145
Val: 0.122905  0.019214 0.0332326
713,57,72,9,122,338
Test:    0.125 0.0266272 0.0439024
