9471 6281 892
Valid size: 2298
Epoch 5
Train:
Target:
 0.284293  0.284293
0.0507451  0.118933
0.0861184  0.167707
Val:
Target:
 0.253112  0.253112
0.0465718 0.0958366
0.0786688  0.139031
Train:
Agent:
0.624187 0.629379
0.384277 0.441389
0.475696 0.518881
Val:
Agent:
0.566266 0.570192
0.358748 0.414306
 0.43923 0.479908
Train:
DSE:
0.575865 0.615338
0.730899 0.779082
0.644185 0.687596
Val:
DSE:
0.475607 0.517568
0.574305 0.624498
0.520317 0.566027
is from:
4042,890,1516,508,1224,3137
Train:0.335092 0.161938 0.218354
1486,391,636,197,373,1176
Val:0.309748 0.167517 0.217439
444,103,168,49,130,349
Test:0.291667 0.140401 0.189555
is about:
1915,400,575,111,302,3064
Train: 0.193043 0.0362272 0.0610058
625,137,181,31,82,1145
Val: 0.171271 0.0270742 0.0467572
180,43,61,15,35,338
Test: 0.245902 0.0443787  0.075188
