9471 6281 892
Valid size: 2298
Epoch 5
Train:
Target:
0.328033 0.331671
 0.17902 0.437687
 0.23163 0.377375
Val:
Target:
0.305182 0.309364
0.165639 0.392773
0.214732 0.346114
Train:
Agent:
0.694598 0.700993
 0.29213  0.34526
0.411284 0.462651
Val:
Agent:
0.616759 0.622069
0.267977 0.311615
0.373619 0.415228
Train:
DSE:
0.611431 0.641316
0.704725 0.753316
0.654772 0.692819
Val:
DSE:
0.483012 0.517303
 0.51848  0.57095
0.500118 0.542804
is from:
2726,1218,2722,871,872,3137
Train:0.319985 0.277654  0.29732
996,582,995,256,256,1176
Val:0.257286 0.217687 0.235836
300,157,298,89,89,349
Test:0.298658 0.255014 0.275116
is about:
7102,1540,2422,538,1423,3064
Train: 0.22213 0.175587 0.196136
2471,624,882,140,374,1145
Val: 0.15873 0.122271 0.138135
613,132,190,36,111,338
Test:0.189474 0.106509 0.136364
