9471 6281 892
Valid size: 2298
Epoch 5
Train:
Target:
 0.24334 0.250954
0.364502 0.654584
0.291845 0.362813
Val:
Target:
0.229114 0.238444
0.341016 0.620581
0.274084 0.344516
Train:
Agent:
0.552978 0.561438
0.535991 0.592256
0.544352 0.576436
Val:
Agent:
0.524306 0.533246
0.502863 0.560907
0.513361 0.546726
Train:
DSE:
0.617399 0.636185
0.656638 0.723469
0.636414 0.677025
Val:
DSE:
0.505467 0.529736
0.515588  0.57095
0.510477 0.549572
is from:
5685,949,1764,559,1628,3137
Train:0.316893 0.178196 0.228117
1992,334,631,205,492,1176
Val:0.324881  0.17432 0.226895
647,138,225,62,163,349
Test:0.275556  0.17765 0.216028
is about:
15608,1078,1665,376,2551,3064
Train:0.225826 0.122715 0.159019
5372,412,557,88,681,1145
Val: 0.157989 0.0768559  0.103408
1313,141,201,43,175,338
Test: 0.21393 0.127219 0.159555
