9471 6281 892
Valid size: 2298
Epoch 5
Train:
Target:
 0.285405  0.285405
0.0632865  0.189035
   0.1036  0.227433
Val:
Target:
  0.26335   0.26335
0.0607714   0.16575
0.0987539   0.20345
Train:
Agent:
1 1
0 0
0 0
Val:
Agent:
1 1
0 0
0 0
Train:
DSE:
0.479914 0.485806
0.388531 0.460714
0.429415 0.472928
Val:
DSE:
0.466813  0.46973
0.365551 0.431058
0.410023 0.449564
is from:
0,0,0,0,0,3137
Train:1 0 0
0,0,0,0,0,1176
Val:1 0 0
0,0,0,0,0,349
Test:1 0 0
is about:
2221,0,0,0,365,3064
Train:1 0 0
823,0,0,0,114,1145
Val:1 0 0
212,0,0,0,32,338
Test:1 0 0
