9471 6281 892
Valid size: 2298
Epoch 5
Train:
Target:
0.356706 0.374864
0.281155  0.45716
0.314456 0.411942
Val:
Target:
0.333584 0.354902
0.248585 0.396701
0.284879 0.374639
Train:
Agent:
1 1
0 0
0 0
Val:
Agent:
1 1
0 0
0 0
Train:
DSE:
 0.47536 0.492949
0.538485 0.623724
0.504957 0.550679
Val:
DSE:
0.477361 0.492659
0.517738  0.60241
 0.49673 0.542035
is from:
0,0,0,0,0,3137
Train:1 0 0
0,0,0,0,0,1176
Val:1 0 0
0,0,0,0,0,349
Test:1 0 0
is about:
7133,389,520,85,1301,3064
Train: 0.163462 0.0277415  0.047433
2402,140,188,28,387,1145
Val: 0.148936 0.0244541 0.0420105
827,67,101,24,150,338
Test: 0.237624 0.0710059  0.109339
