9471 6281 892
Valid size: 2298
Epoch 5
Train:
Target:
1 1
0 0
0 0
Val:
Target:
1 1
0 0
0 0
Train:
Agent:
0.456869   0.4611
0.474957 0.565821
0.465737 0.508121
Val:
Agent:
0.423775 0.428571
0.456331 0.543201
0.439451 0.479125
Train:
DSE:
0.618179 0.633904
0.414379 0.468367
0.496167 0.538706
Val:
DSE:
0.586957 0.604743
0.365341   0.4083
0.450362 0.487475
is from:
4379,318,528,121,1199,3137
Train: 0.229167 0.0385719   0.06603
1504,122,206,42,383,1176
Val: 0.203883 0.0357143 0.0607815
483,38,72,20,128,349
Test: 0.277778 0.0573066 0.0950119
is about:
0,0,0,0,0,3064
Train:1 0 0
0,0,0,0,0,1145
Val:1 0 0
0,0,0,0,0,338
Test:1 0 0
