9471 6281 892
Valid size: 2298
Epoch 5
Train:
Target:
1 1
0 0
0 0
Val:
Target:
1 1
0 0
0 0
Train:
Agent:
0.507332  0.51496
0.566637 0.634713
0.535347   0.5686
Val:
Agent:
  0.4977 0.504678
 0.53003 0.596317
0.513356 0.546684
Train:
DSE:
0.514431 0.530496
0.598771 0.676531
0.553406 0.594679
Val:
DSE:
0.490722 0.507325
0.548232 0.613788
0.517885 0.555502
is from:
7368,4606,7368,1779,1779,3137
Train: 0.24145 0.567102 0.338696
2542,1637,2542,590,590,1176
Val:0.232101 0.501701 0.317375
1005,684,1005,213,213,349
Test: 0.21194 0.610315 0.314623
is about:
0,0,0,0,0,3064
Train:1 0 0
0,0,0,0,0,1145
Val:1 0 0
0,0,0,0,0,338
Test:1 0 0
