14492 7507 734
Valid size: 2870
Epoch 0
Train
DSE:
P, R, F1: 
1 1
0 0
0 0
Target:
P, R, F1: 
1 1
0 0
0 0
Agent:
P, R, F1: 
1 1
0 0
0 0
All:
P, R, F1: 
1 1
0 0
0 0

Val
DSE:
P, R, F1: 
1 1
0 0
0 0
Target:
P, R, F1: 
1 1
0 0
0 0
Agent:
P, R, F1: 
1 1
0 0
0 0
All:
P, R, F1: 
1 1
0 0
0 0

Test
DSE:
P, R, F1: 
1 1
0 0
0 0
Target:
P, R, F1: 
1 1
0 0
0 0
Agent:
P, R, F1: 
1 1
0 0
0 0
All:
P, R, F1: 
1 1
0 0
0 0

Epoch 5
Train
DSE:
P, R, F1: 
0.357584 0.418338
0.602049 0.659343
0.448678 0.511892
Target:
P, R, F1: 
  0.23035  0.233074
0.0645081     0.183
  0.10079  0.205024
Agent:
P, R, F1: 
0.586381 0.595424
0.523726  0.60463
0.553285 0.599992
All:
P, R, F1: 
0.425567 0.459408
0.465239 0.544345
 0.44452 0.498283

Val
DSE:
P, R, F1: 
0.343846 0.406149
0.603672 0.665401
0.438134 0.504413
Target:
P, R, F1: 
 0.406474  0.411765
0.0630407  0.182184
 0.109153  0.252605
Agent:
P, R, F1: 
0.556091 0.564685
0.552553 0.626761
0.554317 0.594106
All:
P, R, F1: 
0.428489 0.463837
0.413992  0.49829
0.421116 0.480447

Test
DSE:
P, R, F1: 
0.347433 0.415485
0.573416 0.626917
0.432696 0.499759
Target:
P, R, F1: 
      0.2       0.2
0.0545718  0.178723
0.0857468  0.188764
Agent:
P, R, F1: 
0.599826 0.607143
0.535314 0.601881
0.565737   0.6045
All:
P, R, F1: 
0.422034 0.459043
0.473253 0.543836
0.446179 0.497855

Epoch 10
Train
DSE:
P, R, F1: 
0.607256 0.626536
0.365274 0.422341
0.456161 0.504562
Target:
P, R, F1: 
  0.331858   0.331858
0.00844912  0.0246667
 0.0164787  0.0459201
Agent:
P, R, F1: 
0.490555 0.517961
0.701233 0.763353
0.577273 0.617159
All:
P, R, F1: 
0.520929 0.545618
0.439121 0.490463
 0.47654 0.516572

Val
DSE:
P, R, F1: 
0.574026 0.589369
0.358541 0.418143
0.441388 0.489206
Target:
P, R, F1: 
  0.544803   0.548387
0.00757183   0.022829
 0.0149361  0.0438333
Agent:
P, R, F1: 
0.441933 0.466859
0.697688 0.761806
0.541112 0.578931
All:
P, R, F1: 
0.481522 0.503359
0.363476 0.410516
0.414254 0.452221

Test
DSE:
P, R, F1: 
0.547523 0.567568
0.303367 0.352641
0.390415 0.435005
Target:
P, R, F1: 
     0.375      0.375
0.00863133  0.0382979
 0.0168743  0.0694981
Agent:
P, R, F1: 
0.487196  0.51217
0.695569  0.76489
0.573027 0.613525
All:
P, R, F1: 
0.501419 0.524638
0.427313 0.482192
 0.46141  0.50252

Epoch 15
Train
DSE:
P, R, F1: 
0.538448 0.564914
0.507627 0.573968
0.522584 0.569405
Target:
P, R, F1: 
   0.3351  0.337147
0.0586271      0.15
0.0997948  0.207625
Agent:
P, R, F1: 
0.611913 0.641332
0.639513 0.691179
0.625409 0.665323
All:
P, R, F1: 
0.554322 0.579817
0.477098 0.542033
0.512819 0.560289

Val
DSE:
P, R, F1: 
0.504335 0.527962
0.491979 0.557806
 0.49808 0.542474
Target:
P, R, F1: 
 0.525415    0.5313
0.0525383  0.134736
0.0955247  0.214959
Agent:
P, R, F1: 
0.540788 0.566013
0.636837 0.694698
0.584895 0.623788
All:
P, R, F1: 
0.524315 0.546955
0.401921 0.470219
0.455032 0.505693

Test
DSE:
P, R, F1: 
0.526052 0.547782
0.474536 0.540034
0.498968  0.54388
Target:
P, R, F1: 
 0.308271  0.308271
0.0410379  0.153191
0.0724332  0.204673
Agent:
P, R, F1: 
0.593622 0.616046
 0.61207 0.664577
0.602705 0.639392
All:
P, R, F1: 
0.538895 0.558927
0.464861 0.532192
0.499148 0.545232

Epoch 20
Train
DSE:
P, R, F1: 
0.540418 0.568637
0.532139 0.603992
0.536246 0.585781
Target:
P, R, F1: 
0.327438 0.342312
0.186311    0.317
0.237491  0.32917
Agent:
P, R, F1: 
0.570104 0.601141
0.695984 0.740505
0.626786 0.663585
All:
P, R, F1: 
 0.51028 0.537041
0.535053 0.606641
0.522373 0.569723

Val
DSE:
P, R, F1: 
0.498761 0.525316
0.504312 0.579747
0.501521 0.551191
Target:
P, R, F1: 
0.455064 0.480044
 0.16212 0.291406
0.239069 0.362661
Agent:
P, R, F1: 
0.498486 0.525659
0.680721 0.737365
0.575522 0.613769
All:
P, R, F1: 
0.488807  0.51528
0.456064 0.542177
0.471868 0.528387

Test
DSE:
P, R, F1: 
0.531529 0.558917
 0.49654 0.572402
0.513439 0.565579
Target:
P, R, F1: 
0.279092 0.288889
0.191011 0.344681
0.226799 0.314328
Agent:
P, R, F1: 
0.557427 0.585067
0.679027 0.733542
0.612248 0.650946
All:
P, R, F1: 
0.492903 0.516898
0.527107 0.606164
0.509432 0.557983

Epoch 25
Train
DSE:
P, R, F1: 
 0.54889 0.579369
0.533874 0.608185
0.541278 0.593427
Target:
P, R, F1: 
0.343208 0.357389
0.153331 0.285667
0.211965 0.317528
Agent:
P, R, F1: 
0.603749 0.632178
   0.688 0.735966
0.643127 0.680135
All:
P, R, F1: 
0.536189 0.562765
0.525974 0.600283
0.531032 0.580919

Val
DSE:
P, R, F1: 
0.505809 0.533538
 0.49936 0.576371
0.502564 0.554128
Target:
P, R, F1: 
0.464457 0.487316
0.132477 0.256043
0.206154 0.335703
Agent:
P, R, F1: 
0.519629 0.546009
0.663261 0.719553
0.582725 0.620882
All:
P, R, F1: 
0.503564 0.529706
 0.43895 0.523653
0.469042 0.526663

Test
DSE:
P, R, F1: 
0.535678 0.564489
0.496256 0.565588
0.515214 0.565038
Target:
P, R, F1: 
0.285846 0.295385
0.147055 0.314894
0.194202 0.304827
Agent:
P, R, F1: 
0.590901 0.615079
0.659453 0.711599
0.623297 0.659828
All:
P, R, F1: 
 0.51217 0.535161
0.511364 0.589041
0.511767  0.56081

Epoch 30
Train
DSE:
P, R, F1: 
0.565371 0.592702
0.520563 0.591245
0.542042 0.591972
Target:
P, R, F1: 
0.377539 0.390368
0.138862    0.259
0.203043 0.311396
Agent:
P, R, F1: 
0.581897 0.609558
0.702288 0.749281
0.636449 0.672236
All:
P, R, F1: 
0.543473 0.568654
0.524154  0.59431
0.533639 0.581199

Val
DSE:
P, R, F1: 
0.521345 0.546034
0.486863 0.560759
0.503514 0.553299
Target:
P, R, F1: 
0.503931 0.523771
0.112775 0.219338
0.184305 0.309195
Agent:
P, R, F1: 
0.502395 0.530103
0.681498 0.738608
0.578399 0.617222
All:
P, R, F1: 
0.509227  0.53454
0.434731 0.513252
 0.46904  0.52368

Test
DSE:
P, R, F1: 
0.564341  0.59034
0.479504 0.543441
0.518475 0.565921
Target:
P, R, F1: 
0.296769 0.306122
 0.13723 0.280851
0.187676 0.292943
Agent:
P, R, F1: 
0.577866 0.603797
0.677102 0.733542
0.623561 0.662376
All:
P, R, F1: 
0.522965 0.545953
 0.51076 0.584247
 0.51679 0.564451

Epoch 35
Train
DSE:
P, R, F1: 
0.545622 0.575499
 0.54638 0.618584
0.546001 0.596264
Target:
P, R, F1: 
 0.37063 0.384146
0.160273 0.287667
0.223778 0.328979
Agent:
P, R, F1: 
0.565301 0.594185
0.725793  0.77107
0.635572 0.671169
All:
P, R, F1: 
 0.52557 0.552219
0.548141 0.619549
0.536618  0.58395

Val
DSE:
P, R, F1: 
0.498318 0.525349
0.510569 0.587764
0.504369 0.554806
Target:
P, R, F1: 
0.466336 0.488811
0.126713 0.238138
0.199278 0.320255
Agent:
P, R, F1: 
0.480976 0.507451
0.698164 0.750621
0.569568 0.605535
All:
P, R, F1: 
0.484325 0.510264
0.452906 0.532488
0.468089 0.521139

Test
DSE:
P, R, F1: 
0.534809 0.560386
0.505524 0.572402
0.519755 0.566331
Target:
P, R, F1: 
0.243332 0.250746
0.137768 0.251064
 0.17593 0.250905
Agent:
P, R, F1: 
0.560946 0.587678
0.700539 0.758621
0.623019 0.662297
All:
P, R, F1: 
0.492818 0.515556
 0.53155 0.602055
0.511451 0.555458

Epoch 40
Train
DSE:
P, R, F1: 
0.553587 0.584637
0.543228 0.611875
0.548359 0.597946
Target:
P, R, F1: 
0.366912 0.381701
 0.17919 0.299333
0.240787 0.335536
Agent:
P, R, F1: 
0.616667 0.645712
 0.69016 0.733545
0.651347 0.686832
All:
P, R, F1: 
0.546778 0.573896
0.535455 0.603301
0.541057 0.588231

Val
DSE:
P, R, F1: 
0.506968 0.537524
0.508956 0.583122
 0.50796 0.559395
Target:
P, R, F1: 
0.475593 0.499052
0.143624 0.255148
0.220623 0.337661
Agent:
P, R, F1: 
0.527962 0.555107
0.662244  0.71541
0.587528 0.625146
All:
P, R, F1: 
0.509385  0.53695
0.445389 0.524223
0.475242  0.53051

Test
DSE:
P, R, F1: 
0.533722 0.565724
0.498994 0.568995
0.515774 0.567355
Target:
P, R, F1: 
0.278758  0.28882
0.166987 0.297872
 0.20886 0.293276
Agent:
P, R, F1: 
0.607303 0.635344
0.649457 0.694357
0.627673 0.663541
All:
P, R, F1: 
0.515607 0.541565
0.511305 0.580137
0.513447 0.560188

Epoch 45
Train
DSE:
P, R, F1: 
 0.55939 0.588974
0.535464 0.606843
0.547165 0.597775
Target:
P, R, F1: 
0.392562 0.408163
0.168295    0.281
 0.23559  0.33285
Agent:
P, R, F1: 
0.611981 0.641022
0.693703 0.738084
0.650285 0.686138
All:
P, R, F1: 
0.554762 0.581687
0.531887 0.599769
0.543084  0.59059

Val
DSE:
P, R, F1: 
0.505079 0.532209
0.497432 0.571308
0.501226 0.551066
Target:
P, R, F1: 
 0.47261 0.500367
0.127463 0.231423
0.200777 0.316475
Agent:
P, R, F1: 
 0.52232 0.549569
0.662473  0.71541
0.584107 0.621618
All:
P, R, F1: 
0.506715 0.534017
0.436431 0.512682
0.468954 0.523132

Test
DSE:
P, R, F1: 
 0.54529 0.575296
 0.49871 0.570698
0.520961 0.572988
Target:
P, R, F1: 
0.268411 0.275618
0.146969  0.27234
0.189937  0.27397
Agent:
P, R, F1: 
0.598055 0.623989
0.658201  0.69906
0.626688 0.659395
All:
P, R, F1: 
 0.52103 0.545173
0.511789 0.578767
0.516368 0.561468

Epoch 50
Train
DSE:
P, R, F1: 
0.557325  0.58898
0.533585 0.601476
0.545196 0.595162
Target:
P, R, F1: 
0.371255  0.38959
0.198443    0.313
0.258639 0.347121
Agent:
P, R, F1: 
 0.62284 0.649916
0.688374 0.735815
0.653969 0.690203
All:
P, R, F1: 
0.551694 0.578782
0.534714 0.602916
0.543071 0.590603

Val
DSE:
P, R, F1: 
0.510231 0.539922
0.501377 0.573418
0.505765 0.556166
Target:
P, R, F1: 
0.478171  0.50853
  0.1473  0.26231
0.225221 0.346096
Agent:
P, R, F1: 
0.530466 0.557921
0.657673 0.712925
 0.58726  0.62597
All:
P, R, F1: 
0.512392 0.541244
0.442427 0.522371
0.474846  0.53164

Test
DSE:
P, R, F1: 
0.550552 0.583624
0.499988 0.563884
0.524053 0.573584
Target:
P, R, F1: 
0.263984 0.278317
 0.17402 0.314894
0.209762 0.295478
Agent:
P, R, F1: 
0.617813 0.644476
0.646533 0.688088
0.631847 0.665568
All:
P, R, F1: 
 0.52471  0.55129
0.511559 0.578082
0.518051 0.564368

Epoch 55
Train
DSE:
P, R, F1: 
0.554208 0.586358
0.542325 0.613888
0.548202 0.599807
Target:
P, R, F1: 
0.392652 0.410498
0.183231    0.294
0.249864 0.342617
Agent:
P, R, F1: 
0.620751 0.648332
0.694569 0.740505
0.655588  0.69136
All:
P, R, F1: 
0.556335 0.583932
0.537759 0.605998
0.546889  0.59476

Val
DSE:
P, R, F1: 
0.499524 0.529412
0.504323 0.575105
0.501912 0.551313
Target:
P, R, F1: 
0.469475 0.497139
0.131793  0.23769
 0.20581 0.321612
Agent:
P, R, F1: 
0.521349 0.547823
0.661941 0.714167
0.583293 0.620032
All:
P, R, F1: 
0.503525  0.53146
0.439954 0.515531
0.469598 0.523375

Test
DSE:
P, R, F1: 
0.537443 0.571429
0.496155 0.562181
0.515974 0.566767
Target:
P, R, F1: 
0.282991 0.294118
0.169315 0.293617
0.211868 0.293867
Agent:
P, R, F1: 
0.609534 0.638655
0.657559  0.69906
0.632636 0.667494
All:
P, R, F1: 
0.523575 0.551226
0.514078 0.578767
0.518783 0.564661

Epoch 60
Train
DSE:
P, R, F1: 
0.560823 0.591972
0.530915 0.601811
0.545459 0.596851
Target:
P, R, F1: 
0.401561 0.418112
0.175586    0.289
0.244334 0.341769
Agent:
P, R, F1: 
0.624664 0.653359
0.692602 0.736571
0.656881 0.692475
All:
P, R, F1: 
0.562635 0.590149
0.531082 0.598741
0.546403 0.594414

Val
DSE:
P, R, F1: 
0.505008 0.534638
0.495013 0.563291
 0.49996 0.548591
Target:
P, R, F1: 
0.464938 0.492604
0.126308 0.229633
0.198649 0.313244
Agent:
P, R, F1: 
0.524165   0.5521
0.659379 0.710025
0.584048 0.621182
All:
P, R, F1: 
0.506049 0.534541
0.434182 0.507552
0.467369 0.520697

Test
DSE:
P, R, F1: 
0.546131 0.577661
0.489908 0.555366
0.516494 0.566294
Target:
P, R, F1: 
0.276922  0.28777
0.156732 0.289362
0.200172 0.288564
Agent:
P, R, F1: 
0.610654 0.641243
0.649803  0.69279
0.629621 0.666021
All:
P, R, F1: 
0.527429 0.554843
0.506152 0.572603
0.516571 0.563583

Epoch 65
Train
DSE:
P, R, F1: 
0.559226 0.590263
0.534681 0.607011
0.546678  0.59852
Target:
P, R, F1: 
0.372237 0.393995
0.213584    0.323
0.271427 0.354982
Agent:
P, R, F1: 
 0.62326 0.652469
 0.69142  0.73521
0.655573 0.691373
All:
P, R, F1: 
0.551885 0.580332
0.539343 0.606705
0.545542 0.593226

Val
DSE:
P, R, F1: 
0.504986 0.534784
0.497678 0.565823
0.501305 0.549866
Target:
P, R, F1: 
 0.46007 0.491547
0.152776 0.257833
0.229382 0.338246
Agent:
P, R, F1: 
0.525624 0.554126
 0.65895 0.708368
0.584784 0.621825
All:
P, R, F1: 
0.504533 0.534119
0.443361 0.516814
0.471973 0.525324

Test
DSE:
P, R, F1: 
0.543557 0.573883
0.490902 0.560477
0.515889 0.567101
Target:
P, R, F1: 
0.253754 0.266476
0.193632 0.310638
0.219653 0.286867
Agent:
P, R, F1: 
0.612948 0.643367
0.651958 0.691223
0.631851 0.666437
All:
P, R, F1: 
0.511389  0.53799
0.513433 0.577397
0.512409 0.556998

Epoch 70
Train
DSE:
P, R, F1: 
0.557927 0.589067
0.536072  0.60785
0.546781 0.598311
Target:
P, R, F1: 
0.371168 0.392708
0.218855     0.33
0.275352 0.358633
Agent:
P, R, F1: 
0.622252 0.651363
0.691901  0.73521
0.655231 0.690751
All:
P, R, F1: 
0.550316 0.578701
0.541095 0.608375
0.545667 0.593167

Val
DSE:
P, R, F1: 
0.501086 0.531274
0.498993 0.566667
0.500037   0.5484
Target:
P, R, F1: 
 0.44679 0.479506
0.154483 0.259176
0.229585 0.336482
Agent:
P, R, F1: 
0.524571 0.553465
0.659405 0.708368
 0.58431 0.621408
All:
P, R, F1: 
0.499916 0.530071
0.444505 0.517526
0.470585 0.523724

Test
DSE:
P, R, F1: 
0.536621 0.567753
0.488205 0.555366
0.511269 0.561491
Target:
P, R, F1: 
0.257074 0.271676
0.199612 0.319149
0.224728 0.293505
Agent:
P, R, F1: 
0.612903 0.644189
0.649465 0.689655
0.630654 0.666147
All:
P, R, F1: 
0.509835 0.537515
0.512222 0.576027
0.511025 0.556105

Epoch 75
Train
DSE:
P, R, F1: 
0.557288 0.588077
0.536248 0.608017
0.546566 0.597881
Target:
P, R, F1: 
0.360265 0.382924
0.231267 0.341333
  0.2817 0.360935
Agent:
P, R, F1: 
0.623006 0.651743
0.691021 0.734604
0.655253 0.690697
All:
P, R, F1: 
0.546612 0.574871
0.543181 0.610365
0.544891 0.592087

Val
DSE:
P, R, F1: 
0.501088 0.530636
0.500118 0.567511
0.500603 0.548454
Target:
P, R, F1: 
0.453866 0.487005
0.163672 0.270367
0.240584 0.347703
Agent:
P, R, F1: 
0.525259 0.554122
0.657334 0.705882
0.583921 0.620863
All:
P, R, F1: 
0.501156 0.531195
0.447097 0.520519
0.472586 0.525803

Test
DSE:
P, R, F1: 
0.536003  0.56661
0.493741 0.563884
0.514005 0.565244
Target:
P, R, F1: 
0.248349 0.265753
0.211373 0.331915
0.228374 0.295172
Agent:
P, R, F1: 
0.609781 0.640625
0.648851 0.689655
0.628709 0.664237
All:
P, R, F1: 
0.504081 0.531889
0.516072 0.581507
0.510006 0.555592

Epoch 80
Train
DSE:
P, R, F1: 
0.557858 0.588984
0.534652 0.607011
0.546009 0.597862
Target:
P, R, F1: 
0.378816 0.399629
0.210902    0.321
0.270953 0.356025
Agent:
P, R, F1: 
0.622468 0.651523
 0.69341 0.736723
0.656027 0.691508
All:
P, R, F1: 
 0.55301  0.58127
 0.53966 0.606962
0.546253 0.593838

Val
DSE:
P, R, F1: 
 0.50106 0.531093
0.498008 0.566667
 0.49953 0.548303
Target:
P, R, F1: 
 0.45049 0.481481
0.148358 0.252462
0.223208  0.33124
Agent:
P, R, F1: 
0.522083 0.550639
0.659158 0.707539
0.582667 0.619306
All:
P, R, F1: 
0.499829 0.529412
0.442137 0.515104
0.469216  0.52216

Test
DSE:
P, R, F1: 
 0.53558 0.566553
0.489908  0.55707
0.511727 0.561771
Target:
P, R, F1: 
 0.26601 0.278287
0.183653 0.310638
0.217289 0.293574
Agent:
P, R, F1: 
0.612916 0.643777
0.650235 0.689655
0.631025 0.665927
All:
P, R, F1: 
0.514432 0.541563
0.510675 0.575342
0.512546 0.557942

Epoch 85
Train
DSE:
P, R, F1: 
0.557078 0.588114
0.538195  0.61003
0.547474 0.598872
Target:
P, R, F1: 
0.370455 0.392238
0.224377 0.335667
0.279479 0.361754
Agent:
P, R, F1: 
0.618687 0.647727
0.695079 0.738236
0.654662 0.690026
All:
P, R, F1: 
0.548058 0.576408
0.544321 0.611586
0.546183 0.593476

Val
DSE:
P, R, F1: 
0.499487 0.530088
 0.50156  0.56962
0.500521 0.549144
Target:
P, R, F1: 
0.450685 0.482846
0.157731   0.2641
0.233679 0.341443
Agent:
P, R, F1: 
0.521565 0.550837
0.662866 0.713339
0.583787 0.621644
All:
P, R, F1: 
0.498732 0.529086
0.447596 0.521801
0.471782 0.525418

Test
DSE:
P, R, F1: 
0.534317 0.564924
0.493315 0.562181
0.512998 0.563549
Target:
P, R, F1: 
0.249849 0.266476
0.205453 0.319149
0.225487 0.290443
Agent:
P, R, F1: 
0.610416 0.641026
0.650836 0.689655
0.629978 0.664452
All:
P, R, F1: 
0.506423 0.534063
0.515816 0.578767
0.511076 0.555517

Epoch 90
Train
DSE:
P, R, F1: 
0.557752 0.588935
0.537175 0.609192
 0.54727 0.598892
Target:
P, R, F1: 
0.376482 0.397817
0.217633 0.329333
0.275822  0.36035
Agent:
P, R, F1: 
0.620447 0.649514
0.694535 0.737631
0.655404 0.690773
All:
P, R, F1: 
0.551163 0.579528
  0.5424 0.609787
0.546746 0.594273

Val
DSE:
P, R, F1: 
0.499646 0.529547
0.500259 0.568354
0.499952 0.548265
Target:
P, R, F1: 
0.447129 0.478744
0.151961 0.256938
0.226832 0.334404
Agent:
P, R, F1: 
0.521284 0.549798
0.660354 0.710025
0.582635 0.619723
All:
P, R, F1: 
0.498211 0.527861
0.444455 0.517954
0.469801  0.52286

Test
DSE:
P, R, F1: 
 0.53455 0.565365
 0.49076 0.558773
 0.51172  0.56205
Target:
P, R, F1: 
0.261137 0.277108
 0.19876 0.314894
0.225718 0.294795
Agent:
P, R, F1: 
0.611167  0.64194
0.650314 0.689655
0.630133 0.664943
All:
P, R, F1: 
0.511699 0.539457
0.513483 0.576712
0.512589 0.557463

Epoch 95
Train
DSE:
P, R, F1: 
0.557472 0.588571
0.537496 0.609527
0.547302 0.598865
Target:
P, R, F1: 
0.375852 0.397501
0.221256    0.334
0.278541 0.362994
Agent:
P, R, F1: 
0.619578 0.648659
 0.69426 0.737177
0.654796 0.690091
All:
P, R, F1: 
 0.54994 0.578318
0.543105 0.610622
0.546501 0.594031

Val
DSE:
P, R, F1: 
0.499551 0.529885
 0.50156  0.56962
0.500553 0.549035
Target:
P, R, F1: 
0.444128 0.476527
0.154911 0.260072
0.229702 0.336496
Agent:
P, R, F1: 
 0.52206 0.551071
0.661887 0.711682
0.583717 0.621162
All:
P, R, F1: 
0.497699 0.527891
0.446361 0.519949
0.470634  0.52389

Test
DSE:
P, R, F1: 
0.532741 0.563452
0.491612 0.558773
0.511351 0.561103
Target:
P, R, F1: 
0.257135 0.274052
  0.2047 0.319149
0.227941 0.294887
Agent:
P, R, F1: 
0.611167  0.64194
0.650314 0.689655
0.630133 0.664943
All:
P, R, F1: 
0.508548 0.536391
0.514782 0.577397
0.511646  0.55614

Epoch 100
Train
DSE:
P, R, F1: 
0.557871 0.589093
0.537189 0.609192
0.547335 0.598974
Target:
P, R, F1: 
 0.37703 0.398681
 0.21998    0.332
0.277848 0.362298
Agent:
P, R, F1: 
 0.62014 0.649209
0.694346 0.737177
0.655148 0.690402
All:
P, R, F1: 
0.550788 0.579214
0.542778 0.610109
0.546754  0.59426

Val
DSE:
P, R, F1: 
0.500318 0.530495
0.501349  0.56962
0.500833 0.549362
Target:
P, R, F1: 
0.443222 0.475634
0.153527 0.257386
0.228058 0.334019
Agent:
P, R, F1: 
0.521898   0.5509
0.661614 0.711268
0.583509 0.620896
All:
P, R, F1: 
0.497829 0.527959
0.445755 0.518951
0.470355 0.523416

Test
DSE:
P, R, F1: 
0.533644 0.564407
0.491612 0.558773
0.511766 0.561576
Target:
P, R, F1: 
0.255711 0.272727
0.204069 0.319149
 0.22699 0.294118
Agent:
P, R, F1: 
0.612041 0.642857
0.650314 0.689655
0.630597 0.665434
All:
P, R, F1: 
0.509182 0.537094
 0.51468 0.577397
0.511916 0.556517

Epoch 105
Train
DSE:
P, R, F1: 
0.557735 0.588943
0.537412 0.609359
0.547385 0.598977
Target:
P, R, F1: 
0.376322 0.397859
0.221804 0.334333
0.279104  0.36334
Agent:
P, R, F1: 
0.619846 0.648918
0.694563 0.737479
0.655081  0.69037
All:
P, R, F1: 
0.550224 0.578615
0.543307 0.610751
0.546744 0.594248

Val
DSE:
P, R, F1: 
  0.4998 0.529885
0.501349  0.56962
0.500573 0.549035
Target:
P, R, F1: 
0.445129 0.477785
0.154885 0.260519
0.229808 0.337184
Agent:
P, R, F1: 
0.522223 0.551242
0.661876 0.711682
0.583814 0.621271
All:
P, R, F1: 
0.498079 0.528241
0.446278 0.520091
0.470758 0.524134

Test
DSE:
P, R, F1: 
0.533644 0.564407
0.491612 0.558773
0.511766 0.561576
Target:
P, R, F1: 
0.256388 0.273256
  0.2047 0.319149
0.227647 0.294425
Agent:
P, R, F1: 
0.612041 0.642857
0.650314 0.689655
0.630597 0.665434
All:
P, R, F1: 
0.508859  0.53672
0.514782 0.577397
0.511803 0.556316

Epoch 110
Train
DSE:
P, R, F1: 
0.557783    0.589
0.537161 0.609192
0.547277 0.598926
Target:
P, R, F1: 
0.376327  0.39791
0.220791    0.333
0.278302 0.362573
Agent:
P, R, F1: 
0.620007 0.649086
0.694541 0.737479
0.655161 0.690465
All:
P, R, F1: 
0.550434 0.578844
0.543006  0.61043
0.546695 0.594218

Val
DSE:
P, R, F1: 
0.500318 0.530495
0.501349  0.56962
0.500833 0.549362
Target:
P, R, F1: 
0.444306 0.476467
0.154408 0.259624
0.229173 0.336106
Agent:
P, R, F1: 
 0.52206 0.551071
0.661876 0.711682
0.583712 0.621162
All:
P, R, F1: 
0.498035  0.52812
0.446126 0.519806
0.470654  0.52393

Test
DSE:
P, R, F1: 
0.533644 0.564407
0.491612 0.558773
0.511766 0.561576
Target:
P, R, F1: 
0.255711 0.272727
0.204373 0.319149
0.227178 0.294118
Agent:
P, R, F1: 
0.612041 0.642857
0.650314 0.689655
0.630597 0.665434
All:
P, R, F1: 
0.509182 0.537094
0.514729 0.577397
 0.51194 0.556517

Epoch 115
Train
DSE:
P, R, F1: 
0.557783    0.589
0.537161 0.609192
0.547277 0.598926
Target:
P, R, F1: 
0.376411 0.398087
0.220654 0.332667
0.278216 0.362449
Agent:
P, R, F1: 
0.620053 0.649132
0.694538 0.737479
0.655185 0.690491
All:
P, R, F1: 
0.550515 0.578944
0.542978 0.610365
 0.54672  0.59424

Val
DSE:
P, R, F1: 
0.500375 0.530495
0.501349  0.56962
0.500862 0.549362
Target:
P, R, F1: 
0.443156  0.47542
0.153807 0.258729
0.228357 0.335095
Agent:
P, R, F1: 
0.521736 0.550729
0.661876 0.711682
 0.58351 0.620945
All:
P, R, F1: 
0.497716 0.527793
0.445935 0.519521
0.470405 0.523624

Test
DSE:
P, R, F1: 
0.533644 0.564407
0.491612 0.558773
0.511766 0.561576
Target:
P, R, F1: 
0.255711 0.272727
0.204373 0.319149
0.227178 0.294118
Agent:
P, R, F1: 
0.612916 0.643777
0.650314 0.689655
0.631061 0.665927
All:
P, R, F1: 
0.509494 0.537423
0.514729 0.577397
0.512098 0.556694

Epoch 120
Train
DSE:
P, R, F1: 
 0.55793 0.589158
0.537161 0.609192
0.547349 0.599007
Target:
P, R, F1: 
0.376411 0.398087
0.220654 0.332667
0.278216 0.362449
Agent:
P, R, F1: 
0.620182 0.649261
0.694519 0.737479
0.655249 0.690564
All:
P, R, F1: 
0.550626 0.579059
 0.54297 0.610365
0.546771   0.5943

Val
DSE:
P, R, F1: 
 0.50076 0.530902
0.501349  0.56962
0.501054  0.54958
Target:
P, R, F1: 
0.443156  0.47542
0.153751 0.258729
0.228295 0.335095
Agent:
P, R, F1: 
0.521736 0.550729
0.661876 0.711682
 0.58351 0.620945
All:
P, R, F1: 
0.497851 0.527936
0.445917 0.519521
0.470455 0.523695

Test
DSE:
P, R, F1: 
0.533644 0.564407
0.491612 0.558773
0.511766 0.561576
Target:
P, R, F1: 
0.255711 0.272727
0.204373 0.319149
0.227178 0.294118
Agent:
P, R, F1: 
0.612916 0.643777
0.650314 0.689655
0.631061 0.665927
All:
P, R, F1: 
0.509494 0.537423
0.514729 0.577397
0.512098 0.556694

Epoch 125
Train
DSE:
P, R, F1: 
0.557842 0.589065
0.537161 0.609192
0.547306 0.598959
Target:
P, R, F1: 
0.376784 0.398447
0.220732 0.332667
 0.27838 0.362598
Agent:
P, R, F1: 
0.620182 0.649261
0.694519 0.737479
0.655249 0.690564
All:
P, R, F1: 
0.550646 0.579075
0.542985 0.610365
0.546789 0.594308

Val
DSE:
P, R, F1: 
0.500567 0.530698
0.501349  0.56962
0.500958 0.549471
Target:
P, R, F1: 
0.443516  0.47576
0.153847 0.258729
 0.22845 0.335179
Agent:
P, R, F1: 
0.521736 0.550729
0.661876 0.711682
 0.58351 0.620945
All:
P, R, F1: 
0.497852 0.527928
0.445948 0.519521
0.470472 0.523691

Test
DSE:
P, R, F1: 
0.533644 0.564407
0.491612 0.558773
0.511766 0.561576
Target:
P, R, F1: 
0.255711 0.272727
0.204373 0.319149
0.227178 0.294118
Agent:
P, R, F1: 
0.612916 0.643777
0.650314 0.689655
0.631061 0.665927
All:
P, R, F1: 
0.509494 0.537423
0.514729 0.577397
0.512098 0.556694

Epoch 130
Train
DSE:
P, R, F1: 
 0.55793 0.589158
0.537161 0.609192
0.547349 0.599007
Target:
P, R, F1: 
0.376784 0.398447
0.220732 0.332667
 0.27838 0.362598
Agent:
P, R, F1: 
0.620182 0.649261
0.694519 0.737479
0.655249 0.690564
All:
P, R, F1: 
0.550678 0.579108
0.542985 0.610365
0.546804 0.594326

Val
DSE:
P, R, F1: 
 0.50076 0.530902
0.501349  0.56962
0.501054  0.54958
Target:
P, R, F1: 
0.443156  0.47542
0.153807 0.258729
0.228357 0.335095
Agent:
P, R, F1: 
0.521736 0.550729
0.661876 0.711682
 0.58351 0.620945
All:
P, R, F1: 
0.497851 0.527936
0.445935 0.519521
0.470465 0.523695

Test
DSE:
P, R, F1: 
0.533644 0.564407
0.491612 0.558773
0.511766 0.561576
Target:
P, R, F1: 
0.255711 0.272727
0.204373 0.319149
0.227178 0.294118
Agent:
P, R, F1: 
0.612916 0.643777
0.650314 0.689655
0.631061 0.665927
All:
P, R, F1: 
0.509494 0.537423
0.514729 0.577397
0.512098 0.556694

Epoch 135
Train
DSE:
P, R, F1: 
 0.55793 0.589158
0.537161 0.609192
0.547349 0.599007
Target:
P, R, F1: 
0.376784 0.398447
0.220779 0.332667
0.278418 0.362598
Agent:
P, R, F1: 
0.620182 0.649261
0.694519 0.737479
0.655249 0.690564
All:
P, R, F1: 
0.550678 0.579108
0.542994 0.610365
0.546809 0.594326

Val
DSE:
P, R, F1: 
 0.50076 0.530902
0.501349  0.56962
0.501054  0.54958
Target:
P, R, F1: 
0.443156  0.47542
0.153807 0.258729
0.228357 0.335095
Agent:
P, R, F1: 
0.521736 0.550729
0.661876 0.711682
 0.58351 0.620945
All:
P, R, F1: 
0.497851 0.527936
0.445935 0.519521
0.470465 0.523695

Test
DSE:
P, R, F1: 
0.533644 0.564407
0.491612 0.558773
0.511766 0.561576
Target:
P, R, F1: 
0.255711 0.272727
0.204373 0.319149
0.227178 0.294118
Agent:
P, R, F1: 
0.612916 0.643777
0.650314 0.689655
0.631061 0.665927
All:
P, R, F1: 
0.509494 0.537423
0.514729 0.577397
0.512098 0.556694

Epoch 140
Train
DSE:
P, R, F1: 
 0.55793 0.589158
0.537161 0.609192
0.547349 0.599007
Target:
P, R, F1: 
0.376784 0.398447
0.220779 0.332667
0.278418 0.362598
Agent:
P, R, F1: 
0.620182 0.649261
0.694519 0.737479
0.655249 0.690564
All:
P, R, F1: 
0.550678 0.579108
0.542994 0.610365
0.546809 0.594326

Val
DSE:
P, R, F1: 
 0.50076 0.530902
0.501349  0.56962
0.501054  0.54958
Target:
P, R, F1: 
0.443156  0.47542
0.153807 0.258729
0.228357 0.335095
Agent:
P, R, F1: 
0.521736 0.550729
0.661876 0.711682
 0.58351 0.620945
All:
P, R, F1: 
0.497851 0.527936
0.445935 0.519521
0.470465 0.523695

Test
DSE:
P, R, F1: 
0.533644 0.564407
0.491612 0.558773
0.511766 0.561576
Target:
P, R, F1: 
0.255711 0.272727
0.204373 0.319149
0.227178 0.294118
Agent:
P, R, F1: 
0.612916 0.643777
0.650314 0.689655
0.631061 0.665927
All:
P, R, F1: 
0.509494 0.537423
0.514729 0.577397
0.512098 0.556694

Epoch 145
Train
DSE:
P, R, F1: 
 0.55793 0.589158
0.537161 0.609192
0.547349 0.599007
Target:
P, R, F1: 
0.376784 0.398447
0.220779 0.332667
0.278418 0.362598
Agent:
P, R, F1: 
0.620182 0.649261
0.694519 0.737479
0.655249 0.690564
All:
P, R, F1: 
0.550678 0.579108
0.542994 0.610365
0.546809 0.594326

Val
DSE:
P, R, F1: 
 0.50076 0.530902
0.501349  0.56962
0.501054  0.54958
Target:
P, R, F1: 
0.443156  0.47542
0.153807 0.258729
0.228357 0.335095
Agent:
P, R, F1: 
0.521736 0.550729
0.661876 0.711682
 0.58351 0.620945
All:
P, R, F1: 
0.497851 0.527936
0.445935 0.519521
0.470465 0.523695

Test
DSE:
P, R, F1: 
0.533644 0.564407
0.491612 0.558773
0.511766 0.561576
Target:
P, R, F1: 
0.255711 0.272727
0.204373 0.319149
0.227178 0.294118
Agent:
P, R, F1: 
0.612916 0.643777
0.650314 0.689655
0.631061 0.665927
All:
P, R, F1: 
0.509494 0.537423
0.514729 0.577397
0.512098 0.556694

Epoch 150
Train
DSE:
P, R, F1: 
 0.55793 0.589158
0.537245 0.609192
0.547392 0.599007
Target:
P, R, F1: 
0.376784 0.398447
0.220779 0.332667
0.278418 0.362598
Agent:
P, R, F1: 
0.620182 0.649261
0.694519 0.737479
0.655249 0.690564
All:
P, R, F1: 
0.550678 0.579108
0.543026 0.610365
0.546825 0.594326

Val
DSE:
P, R, F1: 
 0.50076 0.530902
0.501349  0.56962
0.501054  0.54958
Target:
P, R, F1: 
0.443156  0.47542
0.153807 0.258729
0.228357 0.335095
Agent:
P, R, F1: 
0.521736 0.550729
0.661876 0.711682
 0.58351 0.620945
All:
P, R, F1: 
0.497851 0.527936
0.445935 0.519521
0.470465 0.523695

Test
DSE:
P, R, F1: 
0.533644 0.564407
0.491612 0.558773
0.511766 0.561576
Target:
P, R, F1: 
0.255711 0.272727
0.204373 0.319149
0.227178 0.294118
Agent:
P, R, F1: 
0.612916 0.643777
0.650314 0.689655
0.631061 0.665927
All:
P, R, F1: 
0.509494 0.537423
0.514729 0.577397
0.512098 0.556694

Epoch 155
Train
DSE:
P, R, F1: 
 0.55793 0.589158
0.537245 0.609192
0.547392 0.599007
Target:
P, R, F1: 
0.376784 0.398447
0.220779 0.332667
0.278418 0.362598
Agent:
P, R, F1: 
0.620182 0.649261
0.694519 0.737479
0.655249 0.690564
All:
P, R, F1: 
0.550678 0.579108
0.543026 0.610365
0.546825 0.594326

Val
DSE:
P, R, F1: 
 0.50076 0.530902
0.501349  0.56962
0.501054  0.54958
Target:
P, R, F1: 
0.443156  0.47542
0.153807 0.258729
0.228357 0.335095
Agent:
P, R, F1: 
0.521736 0.550729
0.661876 0.711682
 0.58351 0.620945
All:
P, R, F1: 
0.497851 0.527936
0.445935 0.519521
0.470465 0.523695

Test
DSE:
P, R, F1: 
0.533644 0.564407
0.491612 0.558773
0.511766 0.561576
Target:
P, R, F1: 
0.255711 0.272727
0.204373 0.319149
0.227178 0.294118
Agent:
P, R, F1: 
0.612916 0.643777
0.650314 0.689655
0.631061 0.665927
All:
P, R, F1: 
0.509494 0.537423
0.514729 0.577397
0.512098 0.556694

Epoch 160
Train
DSE:
P, R, F1: 
 0.55793 0.589158
0.537245 0.609192
0.547392 0.599007
Target:
P, R, F1: 
0.376784 0.398447
0.220779 0.332667
0.278418 0.362598
Agent:
P, R, F1: 
0.620182 0.649261
0.694519 0.737479
0.655249 0.690564
All:
P, R, F1: 
0.550678 0.579108
0.543026 0.610365
0.546825 0.594326

Val
DSE:
P, R, F1: 
 0.50076 0.530902
0.501349  0.56962
0.501054  0.54958
Target:
P, R, F1: 
0.443156  0.47542
0.153807 0.258729
0.228357 0.335095
Agent:
P, R, F1: 
0.521736 0.550729
0.661876 0.711682
 0.58351 0.620945
All:
P, R, F1: 
0.497851 0.527936
0.445935 0.519521
0.470465 0.523695

Test
DSE:
P, R, F1: 
0.533644 0.564407
0.491612 0.558773
0.511766 0.561576
Target:
P, R, F1: 
0.255711 0.272727
0.204373 0.319149
0.227178 0.294118
Agent:
P, R, F1: 
0.612916 0.643777
0.650314 0.689655
0.631061 0.665927
All:
P, R, F1: 
0.509494 0.537423
0.514729 0.577397
0.512098 0.556694

Epoch 165
Train
DSE:
P, R, F1: 
 0.55793 0.589158
0.537245 0.609192
0.547392 0.599007
Target:
P, R, F1: 
0.376784 0.398447
0.220779 0.332667
0.278418 0.362598
Agent:
P, R, F1: 
0.620182 0.649261
0.694519 0.737479
0.655249 0.690564
All:
P, R, F1: 
0.550678 0.579108
0.543026 0.610365
0.546825 0.594326

Val
DSE:
P, R, F1: 
 0.50076 0.530902
0.501349  0.56962
0.501054  0.54958
Target:
P, R, F1: 
0.443156  0.47542
0.153807 0.258729
0.228357 0.335095
Agent:
P, R, F1: 
0.521736 0.550729
0.661876 0.711682
 0.58351 0.620945
All:
P, R, F1: 
0.497851 0.527936
0.445935 0.519521
0.470465 0.523695

Test
DSE:
P, R, F1: 
0.533644 0.564407
0.491612 0.558773
0.511766 0.561576
Target:
P, R, F1: 
0.255711 0.272727
0.204373 0.319149
0.227178 0.294118
Agent:
P, R, F1: 
0.612916 0.643777
0.650314 0.689655
0.631061 0.665927
All:
P, R, F1: 
0.509494 0.537423
0.514729 0.577397
0.512098 0.556694

Epoch 170
Train
DSE:
P, R, F1: 
 0.55793 0.589158
0.537245 0.609192
0.547392 0.599007
Target:
P, R, F1: 
0.376784 0.398447
0.220779 0.332667
0.278418 0.362598
Agent:
P, R, F1: 
0.620182 0.649261
0.694519 0.737479
0.655249 0.690564
All:
P, R, F1: 
0.550678 0.579108
0.543026 0.610365
0.546825 0.594326

Val
DSE:
P, R, F1: 
 0.50076 0.530902
0.501349  0.56962
0.501054  0.54958
Target:
P, R, F1: 
0.443156  0.47542
0.153807 0.258729
0.228357 0.335095
Agent:
P, R, F1: 
0.521736 0.550729
0.661876 0.711682
 0.58351 0.620945
All:
P, R, F1: 
0.497851 0.527936
0.445935 0.519521
0.470465 0.523695

Test
DSE:
P, R, F1: 
0.533644 0.564407
0.491612 0.558773
0.511766 0.561576
Target:
P, R, F1: 
0.255711 0.272727
0.204373 0.319149
0.227178 0.294118
Agent:
P, R, F1: 
0.612916 0.643777
0.650314 0.689655
0.631061 0.665927
All:
P, R, F1: 
0.509494 0.537423
0.514729 0.577397
0.512098 0.556694

Epoch 175
Train
DSE:
P, R, F1: 
 0.55793 0.589158
0.537245 0.609192
0.547392 0.599007
Target:
P, R, F1: 
0.376784 0.398447
0.220779 0.332667
0.278418 0.362598
Agent:
P, R, F1: 
0.620182 0.649261
0.694519 0.737479
0.655249 0.690564
All:
P, R, F1: 
0.550678 0.579108
0.543026 0.610365
0.546825 0.594326

Val
DSE:
P, R, F1: 
 0.50076 0.530902
0.501349  0.56962
0.501054  0.54958
Target:
P, R, F1: 
0.443156  0.47542
0.153807 0.258729
0.228357 0.335095
Agent:
P, R, F1: 
0.521736 0.550729
0.661876 0.711682
 0.58351 0.620945
All:
P, R, F1: 
0.497851 0.527936
0.445935 0.519521
0.470465 0.523695

Test
DSE:
P, R, F1: 
0.533644 0.564407
0.491612 0.558773
0.511766 0.561576
Target:
P, R, F1: 
0.255711 0.272727
0.204373 0.319149
0.227178 0.294118
Agent:
P, R, F1: 
0.612916 0.643777
0.650314 0.689655
0.631061 0.665927
All:
P, R, F1: 
0.509494 0.537423
0.514729 0.577397
0.512098 0.556694

Epoch 180
Train
DSE:
P, R, F1: 
 0.55793 0.589158
0.537245 0.609192
0.547392 0.599007
Target:
P, R, F1: 
0.376784 0.398447
0.220779 0.332667
0.278418 0.362598
Agent:
P, R, F1: 
0.620182 0.649261
0.694519 0.737479
0.655249 0.690564
All:
P, R, F1: 
0.550678 0.579108
0.543026 0.610365
0.546825 0.594326

Val
DSE:
P, R, F1: 
 0.50076 0.530902
0.501349  0.56962
0.501054  0.54958
Target:
P, R, F1: 
0.443156  0.47542
0.153807 0.258729
0.228357 0.335095
Agent:
P, R, F1: 
0.521736 0.550729
0.661876 0.711682
 0.58351 0.620945
All:
P, R, F1: 
0.497851 0.527936
0.445935 0.519521
0.470465 0.523695

Test
DSE:
P, R, F1: 
0.533644 0.564407
0.491612 0.558773
0.511766 0.561576
Target:
P, R, F1: 
0.255711 0.272727
0.204373 0.319149
0.227178 0.294118
Agent:
P, R, F1: 
0.612916 0.643777
0.650314 0.689655
0.631061 0.665927
All:
P, R, F1: 
0.509494 0.537423
0.514729 0.577397
0.512098 0.556694

Epoch 185
Train
DSE:
P, R, F1: 
 0.55793 0.589158
0.537245 0.609192
0.547392 0.599007
Target:
P, R, F1: 
0.376784 0.398447
0.220779 0.332667
0.278418 0.362598
Agent:
P, R, F1: 
0.620182 0.649261
0.694519 0.737479
0.655249 0.690564
All:
P, R, F1: 
0.550678 0.579108
0.543026 0.610365
0.546825 0.594326

Val
DSE:
P, R, F1: 
 0.50076 0.530902
0.501349  0.56962
0.501054  0.54958
Target:
P, R, F1: 
0.443156  0.47542
0.153807 0.258729
0.228357 0.335095
Agent:
P, R, F1: 
0.521736 0.550729
0.661876 0.711682
 0.58351 0.620945
All:
P, R, F1: 
0.497851 0.527936
0.445935 0.519521
0.470465 0.523695

Test
DSE:
P, R, F1: 
0.533644 0.564407
0.491612 0.558773
0.511766 0.561576
Target:
P, R, F1: 
0.255711 0.272727
0.204373 0.319149
0.227178 0.294118
Agent:
P, R, F1: 
0.612916 0.643777
0.650314 0.689655
0.631061 0.665927
All:
P, R, F1: 
0.509494 0.537423
0.514729 0.577397
0.512098 0.556694

Epoch 190
Train
DSE:
P, R, F1: 
 0.55793 0.589158
0.537245 0.609192
0.547392 0.599007
Target:
P, R, F1: 
0.376784 0.398447
0.220779 0.332667
0.278418 0.362598
Agent:
P, R, F1: 
0.620182 0.649261
0.694519 0.737479
0.655249 0.690564
All:
P, R, F1: 
0.550678 0.579108
0.543026 0.610365
0.546825 0.594326

Val
DSE:
P, R, F1: 
 0.50076 0.530902
0.501349  0.56962
0.501054  0.54958
Target:
P, R, F1: 
0.443156  0.47542
0.153807 0.258729
0.228357 0.335095
Agent:
P, R, F1: 
0.521736 0.550729
0.661876 0.711682
 0.58351 0.620945
All:
P, R, F1: 
0.497851 0.527936
0.445935 0.519521
0.470465 0.523695

Test
DSE:
P, R, F1: 
0.533644 0.564407
0.491612 0.558773
0.511766 0.561576
Target:
P, R, F1: 
0.255711 0.272727
0.204373 0.319149
0.227178 0.294118
Agent:
P, R, F1: 
0.612916 0.643777
0.650314 0.689655
0.631061 0.665927
All:
P, R, F1: 
0.509494 0.537423
0.514729 0.577397
0.512098 0.556694

Epoch 195
Train
DSE:
P, R, F1: 
 0.55793 0.589158
0.537245 0.609192
0.547392 0.599007
Target:
P, R, F1: 
0.376784 0.398447
0.220779 0.332667
0.278418 0.362598
Agent:
P, R, F1: 
0.620182 0.649261
0.694519 0.737479
0.655249 0.690564
All:
P, R, F1: 
0.550678 0.579108
0.543026 0.610365
0.546825 0.594326

Val
DSE:
P, R, F1: 
 0.50076 0.530902
0.501349  0.56962
0.501054  0.54958
Target:
P, R, F1: 
0.443156  0.47542
0.153807 0.258729
0.228357 0.335095
Agent:
P, R, F1: 
0.521736 0.550729
0.661876 0.711682
 0.58351 0.620945
All:
P, R, F1: 
0.497851 0.527936
0.445935 0.519521
0.470465 0.523695

Test
DSE:
P, R, F1: 
0.533644 0.564407
0.491612 0.558773
0.511766 0.561576
Target:
P, R, F1: 
0.255711 0.272727
0.204373 0.319149
0.227178 0.294118
Agent:
P, R, F1: 
0.612916 0.643777
0.650314 0.689655
0.631061 0.665927
All:
P, R, F1: 
0.509494 0.537423
0.514729 0.577397
0.512098 0.556694

Best: 
Drop: 0
DSE:
P, R, F1: 
0.506968 0.537524
0.508956 0.583122
 0.50796 0.559395
Target:
P, R, F1: 
0.475593 0.499052
0.143624 0.255148
0.220623 0.337661
Agent:
P, R, F1: 
0.527962 0.555107
0.662244  0.71541
0.587528 0.625146
All:
P, R, F1: 
0.509385  0.53695
0.445389 0.524223
0.475242  0.53051

