9471 6281 892
Valid size: 2298
Epoch 5
Train:
Target:
0.321917 0.402715
0.283172 0.396645
0.301304 0.399657
Val:
Target:
 0.31947 0.412195
0.277313 0.364493
0.296903 0.386879
Train:
Agent:
0.672826 0.675651
0.297569 0.377036
0.412641  0.48399
Val:
Agent:
0.638852 0.641161
 0.27765 0.335694
0.387074 0.440667
Train:
DSE:
0.518626 0.527609
 0.42309 0.496684
0.466012 0.511679
Val:
DSE:
0.513077 0.518875
0.391946 0.461178
0.444405 0.488328
is from:
3379,1870,3362,1005,1009,3137
Train:0.298929  0.32037 0.309278
1115,635,1108,307,307,1176
Val:0.277076 0.261054 0.268827
406,248,404,100,101,349
Test:0.247525 0.286533 0.265604
is about:
4951,2313,3509,675,902,3064
Train:0.192362   0.2203 0.205386
1714,803,1168,198,278,1145
Val:0.169521 0.172926 0.171206
546,279,380,55,81,338
Test:0.144737 0.162722 0.153203
