9471 6281 892
Valid size: 2298
Epoch 5
Train:
Target:
0.260117  0.30741
0.228776 0.357699
0.243442 0.330653
Val:
Target:
0.260495 0.311353
0.224092 0.340927
0.240926  0.32547
Train:
Agent:
 0.773087  0.773087
0.0743108 0.0782377
 0.135589  0.142095
Val:
Agent:
 0.772414  0.772414
0.0765348 0.0793201
  0.13927  0.143866
Train:
DSE:
0.496131 0.500155
0.332056 0.403827
0.397841 0.446858
Val:
DSE:
0.486984 0.489228
0.296921 0.360776
0.368912 0.415297
is from:
665,367,664,200,200,3137
Train: 0.301205 0.0637552  0.105235
226,128,225,64,64,1176
Val: 0.284444 0.0544218 0.0913633
78,46,78,20,20,349
Test:  0.25641 0.0573066 0.0936768
is about:
4841,2956,4018,594,703,3064
Train:0.147835 0.193864 0.167749
1665,1028,1333,158,204,1145
Val: 0.11853 0.137991 0.127522
489,316,413,48,58,338
Test:0.116223 0.142012  0.12783
