9471 6281 892
Valid size: 2298
Epoch 5
Train:
Target:
0.340325 0.382247
0.165688 0.279509
0.222871 0.322903
Val:
Target:
 0.33826 0.388889
0.172232 0.268657
0.228247 0.317781
Train:
Agent:
0.696501 0.698962
0.245814  0.31028
0.363381 0.429776
Val:
Agent:
0.644498 0.647436
0.231639  0.28187
0.340794  0.39275
Train:
DSE:
0.503377 0.513766
0.418113 0.493878
  0.4568 0.503626
Val:
DSE:
0.496864 0.503618
0.385007 0.459839
0.433842 0.480734
is from:
2759,1530,2756,829,831,3137
Train:0.300798 0.264265 0.281351
949,543,949,261,261,1176
Val:0.275026 0.221939 0.245647
294,166,294,85,85,349
Test:0.289116 0.243553 0.264386
is about:
5035,2762,4092,696,806,3064
Train:0.170088 0.227154 0.194522
1792,1003,1415,192,233,1145
Val:0.135689 0.167686     0.15
557,324,441,67,78,338
Test:0.151927 0.198225 0.172015
