9471 6281 892
Valid size: 2298
Epoch 5
Train:
Target:
0.289156 0.378851
0.341584 0.451768
0.313191 0.412108
Val:
Target:
0.286264 0.385509
0.326599 0.417125
0.305104 0.400694
Train:
Agent:
0.683589 0.685773
0.273589 0.343658
0.390778 0.457867
Val:
Agent:
0.643566 0.645864
0.257981 0.310907
0.368317 0.419752
Train:
DSE:
0.588636 0.595455
0.306452  0.36199
0.403064 0.450258
Val:
DSE:
0.581296  0.58313
0.267861 0.319946
0.366732 0.413188
is from:
2245,1156,2238,763,763,3137
Train:0.340929 0.243226 0.283907
722,363,720,242,242,1176
Val:0.336111 0.205782 0.255274
249,134,249,73,73,349
Test:0.293173 0.209169 0.244147
is about:
3460,2070,3277,690,723,3064
Train:0.210558 0.225196 0.217631
1209,752,1147,216,225,1145
Val:0.188317 0.188646 0.188482
372,237,359,68,71,338
Test:0.189415 0.201183 0.195122
