9471 6281 892
Valid size: 2298
Epoch 5
Train:
Target:
0.285651 0.343603
0.234226 0.355303
0.257395 0.349355
Val:
Target:
0.287707 0.348868
0.234323 0.337785
0.258286 0.343237
Train:
Agent:
0.576802 0.580937
0.382725 0.469693
0.460136 0.519426
Val:
Agent:
0.564205 0.566726
0.356646 0.433428
0.437034 0.491194
Train:
DSE:
0.496067 0.506284
0.415676 0.491071
0.452328 0.498562
Val:
DSE:
0.487868 0.493382
0.368502 0.443775
0.419866 0.467266
is from:
4732,2924,4724,1202,1204,3137
Train:0.254445 0.383169 0.305814
1564,996,1563,373,374,1176
Val:0.238644 0.317177 0.272362
519,333,517,120,121,349
Test:0.232108  0.34384 0.277136
is about:
5546,486,753,160,872,3064
Train: 0.212483 0.0522193 0.0838355
1952,172,249,31,256,1145
Val: 0.124498 0.0270742 0.0444763
548,48,69,9,78,338
Test: 0.130435 0.0266272  0.044226
