9471 6281 892
Valid size: 2298
Epoch 5
Train:
Target:
0.288033 0.342868
0.257009 0.390653
0.271638 0.365204
Val:
Target:
0.290496 0.354423
0.259734 0.375491
0.274255 0.364653
Train:
Agent:
 0.62011 0.622893
 0.31641      0.4
0.419017 0.487162
Val:
Agent:
0.593182 0.595455
0.289614 0.359065
0.389204 0.447989
Train:
DSE:
0.513944 0.523177
0.391184 0.462245
0.444239 0.490827
Val:
DSE:
 0.50201 0.505627
0.349364 0.416332
0.412003 0.456655
is from:
3642,2141,3641,1010,1010,3137
Train:0.277396 0.321964 0.298023
1192,718,1192,312,312,1176
Val:0.261745 0.265306 0.263514
415,259,415,103,103,349
Test:0.248193 0.295129 0.269634
is about:
5853,2115,3139,572,928,3064
Train:0.182224 0.186684 0.184427
2076,711,1017,151,285,1145
Val:0.148476 0.131878 0.139685
619,227,319,53,81,338
Test:0.166144 0.156805 0.161339
