9471 6281 892
Valid size: 2298
Epoch 5
Train:
Target:
0.371784   0.4532
0.241674 0.355902
0.292932 0.398701
Val:
Target:
0.350759  0.44206
0.220987 0.307148
0.271146 0.362457
Train:
Agent:
0.614867 0.618073
0.396026 0.489453
0.481758 0.546294
Val:
Agent:
0.586489 0.588819
0.363721 0.444759
0.448992  0.50675
Train:
DSE:
0.628663 0.637946
0.309172 0.364796
0.414497 0.464167
Val:
DSE:
0.615174 0.617907
0.272077 0.323963
0.377289 0.425067
is from:
3132,1600,3068,991,1006,3137
Train:0.323012 0.315907  0.31942
1014,546,992,300,304,1176
Val:0.302419 0.255102 0.276753
347,186,333,102,107,349
Test:0.306306 0.292264  0.29912
is about:
2688,860,1544,392,646,3064
Train:0.253886 0.127937 0.170139
876,265,443,95,170,1145
Val: 0.214447 0.0829694  0.119647
288,108,164,36,58,338
Test:0.219512 0.106509 0.143426
