9471 6281 892
Valid size: 2298
Epoch 5
Train:
Target:
0.298962 0.401456
0.364953 0.476034
0.328678 0.435576
Val:
Target:
0.284023 0.404591
0.350974 0.444619
0.313969 0.423662
Train:
Agent:
 0.69432 0.697055
0.305132 0.378371
 0.42395 0.490495
Val:
Agent:
0.662343 0.664073
0.288452 0.351275
0.401883 0.459492
Train:
DSE:
0.587602 0.598246
0.363371  0.42551
0.449051 0.497305
Val:
DSE:
0.568812 0.575248
0.325279 0.384873
0.413879 0.461186
is from:
2637,1296,2570,877,895,3137
Train:0.341245 0.279566 0.307342
916,458,888,282,285,1176
Val:0.317568 0.239796 0.273256
291,146,280,88,91,349
Test:0.314286 0.252149 0.279809
is about:
3906,2006,3229,709,838,3064
Train:0.219573 0.231397  0.22533
1390,704,1110,221,266,1145
Val:0.199099 0.193013 0.196009
403,224,319,51,67,338
Test:0.159875 0.150888 0.155251
