9471 6281 892
Valid size: 2298
Epoch 5
Train:
Target:
0.291401 0.401833
0.433456 0.545836
0.348509 0.462894
Val:
Target:
0.276021 0.404015
0.417498 0.514533
0.332329 0.452625
Train:
Agent:
0.663684 0.666283
 0.36057 0.437917
0.467275 0.528485
Val:
Agent:
0.635577 0.638889
0.337406  0.40864
0.440804  0.49846
Train:
DSE:
0.568396 0.581487
0.441138 0.516582
0.496746 0.547116
Val:
DSE:
0.544641 0.555294
 0.39787 0.463186
0.459827 0.505075
is from:
3742,1906,3612,1138,1161,3137
Train:0.315061 0.362767 0.337235
1248,657,1206,352,357,1176
Val:0.291874  0.29932  0.29555
426,241,411,114,115,349
Test:0.277372 0.326648      0.3
is about:
5445,3132,4915,1018,1124,3064
Train:0.207121 0.332245  0.25517
1906,1110,1712,325,368,1145
Val:0.189836 0.283843 0.227511
551,337,494,89,99,338
Test:0.180162 0.263314 0.213942
