9471 6281 892
Valid size: 2298
Epoch 5
Train:
Target:
0.323731 0.419071
0.331392 0.448772
0.327516 0.433413
Val:
Target:
0.312804 0.422928
0.315969 0.419482
0.314379 0.421198
Train:
Agent:
 0.66091 0.663744
0.354986 0.438451
0.461885 0.528072
Val:
Agent:
0.635942 0.638655
0.335912 0.414306
0.439614  0.50258
Train:
DSE:
0.581876 0.592257
0.402098 0.472194
0.475564 0.525454
Val:
DSE:
0.566234 0.573477
0.359572 0.420348
0.439837 0.485115
is from:
3426,1787,3388,1074,1079,3137
Train:0.317001 0.342365 0.329195
1138,598,1123,330,332,1176
Val:0.293856 0.280612 0.287081
383,217,378,109,109,349
Test: 0.28836 0.312321 0.299862
is about:
4274,2328,3727,785,899,3064
Train:0.210625 0.256201 0.231188
1504,824,1291,250,289,1145
Val:0.193648 0.218341 0.205255
438,260,377,67,82,338
Test:0.177719 0.198225 0.187413
