9471 6281 892
Valid size: 2298
Epoch 5
Train:
Target:
0.337286 0.421348
0.268779 0.384961
0.299161 0.402334
Val:
Target:
 0.33329 0.429481
0.259616 0.350353
0.291876 0.385903
Train:
Agent:
0.696613 0.699314
0.294911 0.364219
 0.41439 0.478976
Val:
Agent:
0.669164   0.6703
0.279753 0.339235
0.394556 0.450483
Train:
DSE:
0.525289 0.537242
0.453863 0.531122
0.486971 0.534165
Val:
DSE:
0.519931 0.528744
 0.41892  0.48996
0.463992 0.508614
is from:
3299,1785,3260,988,995,3137
Train:0.303067 0.314951 0.308895
1137,615,1113,313,316,1176
Val:0.281222 0.266156 0.273482
396,228,389,100,100,349
Test:0.257069 0.286533 0.271003
is about:
4860,2376,3716,735,921,3064
Train:0.197793 0.239883 0.216814
1647,773,1188,218,290,1145
Val:0.183502 0.190393 0.186884
525,295,396,60,75,338
Test:0.151515 0.177515 0.163488
