9471 6281 892
Valid size: 2298
Epoch 5
Train:
Target:
0.429468 0.492141
 0.23143 0.351408
0.300778 0.410035
Val:
Target:
0.389789 0.451515
0.211948 0.303221
0.274588 0.362799
Train:
Agent:
0.640072 0.645009
0.419033  0.50761
0.506487  0.56812
Val:
Agent:
0.605057 0.609416
0.388109 0.470255
0.472888 0.530867
Train:
DSE:
0.572604 0.588714
0.465572 0.541071
0.513571 0.563888
Val:
DSE:
0.555919 0.568025
0.418815 0.485944
0.477725 0.523788
is from:
4490,2253,4213,1310,1364,3137
Train:0.310942 0.417596 0.356463
1448,759,1364,403,413,1176
Val:0.295455 0.342687 0.317323
474,251,438,126,132,349
Test:0.287671 0.361032 0.320203
is about:
4532,1533,2663,646,1029,3064
Train:0.242584 0.210836 0.225598
1561,552,902,197,306,1145
Val:0.218404 0.172052 0.192477
477,188,284,61,98,338
Test:0.214789 0.180473 0.196141
