9471 6281 892
Valid size: 2298
Epoch 5
Train:
Target:
0.350643 0.442905
0.365254 0.471839
0.357799 0.456914
Val:
Target:
0.311811  0.42165
0.334354 0.424195
0.322689 0.422919
Train:
Agent:
0.684491 0.687274
0.346788 0.429372
0.460347 0.528541
Val:
Agent:
0.654549   0.6566
0.323883 0.398725
0.433341 0.496156
Train:
DSE:
0.598152 0.609305
0.410311 0.478061
0.486737 0.535763
Val:
DSE:
0.569897 0.577899
0.364079  0.41834
 0.44431 0.485342
is from:
3245,1538,3087,1067,1104,3137
Train:0.345643 0.340134 0.342866
1058,526,1011,328,336,1176
Val:0.324431 0.278912 0.299954
335,165,317,105,107,349
Test: 0.33123  0.30086 0.315315
is about:
4561,2282,3743,835,1010,3064
Train:0.223083  0.27252 0.245336
1587,833,1312,261,305,1145
Val:0.198933 0.227948 0.212454
485,268,397,76,88,338
Test:0.191436 0.224852 0.206803
