9471 6281 892
Valid size: 2298
Epoch 5
Train:
Target:
0.291941 0.389219
  0.4945 0.599161
0.367135 0.471893
Val:
Target:
 0.26419 0.375131
0.457238 0.543598
0.334885 0.443918
Train:
Agent:
0.670922  0.67458
0.380681 0.463017
0.485748 0.549126
Val:
Agent:
0.644512 0.647475
0.355913 0.429887
0.458586 0.516708
Train:
DSE:
0.580911 0.594704
0.442024 0.515051
0.502039 0.552019
Val:
DSE:
0.550956 0.561389
0.395511 0.454485
0.460468 0.502312
is from:
3849,1899,3662,1174,1210,3137
Train: 0.32059 0.374243 0.345345
1271,655,1218,375,382,1176
Val:0.307882 0.318878 0.313283
405,216,383,116,118,349
Test:0.302872 0.332378  0.31694
is about:
6501,3456,5409,1125,1293,3064
Train:0.207987 0.367167 0.265549
2294,1253,1911,361,417,1145
Val:0.188906 0.315284 0.236257
672,367,539,102,121,338
Test:0.189239 0.301775 0.232611
