9471 6281 892
Valid size: 2298
Epoch 5
Train:
Target:
0.337781 0.413854
0.418898 0.545836
0.373991  0.47077
Val:
Target:
0.297966 0.389406
 0.38423 0.487038
0.335644 0.432784
Train:
Agent:
0.645967 0.651178
0.417634 0.501202
0.507292  0.56643
Val:
Agent:
0.606824 0.611062
0.383086 0.458924
0.469671 0.524177
Train:
DSE:
0.548576  0.56481
 0.50305 0.583929
0.524827  0.57421
Val:
DSE:
0.521327 0.534367
0.450458 0.522758
0.483309 0.528498
is from:
4884,2476,4536,1347,1403,3137
Train:0.296958 0.429391 0.351101
1591,853,1472,407,427,1176
Val:0.276495 0.346088 0.307402
526,291,488,131,137,349
Test:0.268443 0.375358 0.313023
is about:
7512,2767,4368,934,1436,3064
Train:0.213828  0.30483 0.251346
2579,952,1489,294,451,1145
Val:0.197448 0.256769 0.223235
825,312,450,86,142,338
Test:0.191111 0.254438 0.218274
