9471 6281 892
Valid size: 2298
Epoch 5
Train:
Target:
0.413764 0.479376
0.223946 0.343319
0.290604 0.400097
Val:
Target:
0.392787 0.463235
0.214253 0.305577
0.277266 0.368241
Train:
Agent:
0.612083 0.616554
0.441783 0.535915
0.513173 0.573413
Val:
Agent:
0.578566 0.583072
0.411248 0.496459
0.480765 0.536291
Train:
DSE:
 0.56654 0.583153
0.461208   0.5375
0.508476 0.559396
Val:
DSE:
0.549157 0.561686
0.415636 0.481258
0.473157 0.518371
is from:
4910,2592,4659,1354,1400,3137
Train: 0.29062 0.431623 0.347358
1647,907,1559,426,439,1176
Val:0.273252 0.362245 0.311517
518,285,488,135,139,349
Test:0.276639 0.386819 0.322581
is about:
4516,919,1581,372,964,3064
Train:0.235294  0.12141 0.160172
1533,334,557,120,291,1145
Val: 0.21544 0.104803 0.141011
445,103,155,32,93,338
Test: 0.206452 0.0946746  0.129817
