9471 6281 892
Valid size: 2298
Epoch 5
Train:
Target:
 0.284351  0.286281
0.0226412 0.0868784
0.0419427  0.133303
Val:
Target:
 0.302353  0.305882
0.0237791  0.084839
0.0440906  0.132835
Train:
Agent:
1 1
0 0
0 0
Val:
Agent:
1 1
0 0
0 0
Train:
DSE:
0.491291 0.491291
 0.30042  0.36301
0.372847  0.41752
Val:
DSE:
0.480916 0.480916
0.268363 0.329317
0.344491 0.390934
is from:
0,0,0,0,0,3137
Train:1 0 0
0,0,0,0,0,1176
Val:1 0 0
0,0,0,0,0,349
Test:1 0 0
is about:
1024,752,1024,140,140,3064
Train: 0.136719 0.0456919 0.0684932
336,255,336,42,42,1145
Val:    0.125 0.0366812 0.0567184
81,64,81,10,10,338
Test: 0.123457 0.0295858 0.0477327
