9471 6281 892
Valid size: 2298
Epoch 5
Train:
Target:
0.287598  0.32037
0.139492 0.255243
0.187865 0.284122
Val:
Target:
0.304727  0.34279
0.145919 0.254517
0.197341 0.292131
Train:
Agent:
 0.843902  0.843902
0.0457519 0.0461949
0.0867981 0.0875949
Val:
Agent:
 0.826087  0.826087
0.0538244 0.0538244
 0.101064  0.101064
Train:
DSE:
0.496137 0.499034
0.314919 0.380612
0.385283 0.431852
Val:
DSE:
0.485555 0.486486
0.280578 0.342704
0.355646 0.402129
is from:
350,187,350,115,115,3137
Train: 0.328571 0.0366592 0.0659593
146,81,146,40,40,1176
Val: 0.273973 0.0340136 0.0605144
41,20,41,14,14,349
Test: 0.341463 0.0401146 0.0717949
is about:
3524,2478,3437,494,501,3064
Train: 0.14373 0.161227 0.151977
1197,876,1161,143,146,1145
Val: 0.12317 0.124891 0.124024
341,243,332,44,46,338
Test: 0.13253 0.130178 0.131343
