9471 6281 892
Valid size: 2298
Epoch 5
Train:
Target:
0.310408 0.390067
0.292092 0.413122
0.300972 0.401264
Val:
Target:
  0.3024 0.397301
0.288633 0.383346
0.295356 0.390199
Train:
Agent:
0.598836 0.602108
0.366346 0.458211
0.454591 0.520395
Val:
Agent:
0.570031  0.57277
0.334171  0.41289
0.421339 0.479863
Train:
DSE:
0.519902 0.529853
0.421866 0.493878
0.465781 0.511233
Val:
DSE:
0.509439 0.516393
0.389101 0.457831
0.441212 0.485352
is from:
4377,2598,4369,1179,1181,3137
Train:0.269856 0.375837 0.314149
1465,897,1461,379,380,1176
Val:0.259411 0.322279 0.287448
496,317,495,120,120,349
Test:0.242424  0.34384  0.28436
is about:
5131,2125,3214,623,919,3064
Train:0.193839 0.203329 0.198471
1826,771,1119,177,286,1145
Val:0.158177 0.154585  0.15636
572,250,337,48,83,338
Test:0.142433 0.142012 0.142222
