9471 6281 892
Valid size: 2298
Epoch 5
Train:
Target:
 0.331998  0.370968
0.0976598  0.187837
 0.150924  0.249395
Val:
Target:
0.350864 0.399225
0.103837 0.179104
0.160249 0.247274
Train:
Agent:
0.671492 0.671492
0.211318 0.275033
 0.32147 0.390233
Val:
Agent:
0.672444 0.672444
0.202552 0.262748
0.311327 0.377854
Train:
DSE:
0.546488  0.55136
0.283629 0.339541
0.373441  0.42027
Val:
DSE:
 0.55036 0.551559
0.250067 0.304552
0.343884 0.392422
is from:
1941,1051,1940,635,635,3137
Train: 0.32732 0.202423 0.250148
665,350,665,215,215,1176
Val:0.323308 0.182823 0.233569
220,125,220,59,59,349
Test:0.268182 0.169054 0.207381
is about:
1979,403,684,148,344,3064
Train: 0.216374 0.0483029 0.0789755
687,136,204,29,97,1145
Val: 0.142157 0.0253275 0.0429948
200,42,65,12,33,338
Test: 0.184615  0.035503 0.0595533
