9471 6281 892
Valid size: 2298
Epoch 5
Train:
Target:
0.319369 0.370225
0.156077 0.259137
0.209681 0.304877
Val:
Target:
 0.31702 0.377913
0.153066 0.241948
0.206451 0.295019
Train:
Agent:
0.741285 0.744009
0.142242 0.177036
0.238683 0.286015
Val:
Agent:
0.730147 0.732353
0.137321 0.169972
0.231166 0.275908
Train:
DSE:
0.576886 0.581995
 0.25391 0.302551
0.352619 0.398132
Val:
DSE:
0.580576 0.581295
0.225196 0.270415
0.324517 0.369118
is from:
1081,553,1081,378,378,3137
Train:0.349676 0.120497 0.179232
366,164,366,141,141,1176
Val:0.385246 0.119898 0.182879
108,53,108,34,34,349
Test: 0.314815 0.0974212  0.148796
is about:
2092,1202,1865,358,401,3064
Train:0.191957 0.116841 0.145263
707,416,623,103,116,1145
Val: 0.165329 0.0899563  0.116516
216,136,196,34,40,338
Test:0.173469 0.100592 0.127341
