9471 6281 892
Valid size: 2298
Epoch 5
Train:
Target:
 0.35127 0.416314
0.227022 0.344518
0.275798 0.377028
Val:
Target:
0.349941 0.425023
0.222478 0.310291
0.272018 0.358706
Train:
Agent:
0.669077 0.672355
0.320661 0.399199
0.433543 0.500961
Val:
Agent:
0.631506 0.634088
0.299968 0.367564
0.406735 0.465367
Train:
DSE:
0.573797 0.582969
0.368851 0.432398
0.449044 0.496519
Val:
DSE:
0.561185 0.564054
 0.33156 0.391566
0.416841 0.462243
is from:
2968,1534,2937,962,967,3137
Train:0.327545 0.306662  0.31676
1005,546,995,299,299,1176
Val:0.300503 0.254252 0.275449
332,182,324,93,96,349
Test:0.287037 0.266476 0.276374
is about:
3696,1163,1901,419,739,3064
Train: 0.22041 0.136749 0.168781
1305,390,615,124,227,1145
Val:0.201626 0.108297 0.140909
404,138,195,32,65,338
Test: 0.164103 0.0946746  0.120075
