9471 6281 892
Valid size: 2298
Epoch 5
Train:
Target:
 0.32168  0.40462
0.327973 0.448772
0.324796 0.425554
Val:
Target:
0.306181 0.404319
0.316667 0.413983
0.311336 0.409094
Train:
Agent:
0.565595 0.569014
0.452124 0.552737
0.502534 0.560757
Val:
Agent:
 0.54341 0.546176
0.415453 0.510623
0.470894 0.527802
Train:
DSE:
0.571486 0.580703
0.407888 0.479847
0.476023  0.52548
Val:
DSE:
0.551941 0.558219
0.367827 0.431058
0.441457 0.486466
is from:
4987,2926,4965,1359,1364,3137
Train:0.273716 0.433216 0.335473
1640,984,1632,425,425,1176
Val:0.260417 0.361395 0.302707
526,310,524,143,144,349
Test:0.272901 0.409742 0.327606
is about:
4654,1439,2343,521,936,3064
Train:0.222364 0.170039 0.192713
1617,469,786,169,291,1145
Val:0.215013 0.147598 0.175039
496,162,242,49,81,338
Test:0.202479  0.14497 0.168966
