9471 6281 892
Valid size: 2298
Epoch 5
Train:
Target:
 0.28686 0.390658
 0.41849 0.534452
0.340392 0.451379
Val:
Target:
0.266477 0.387894
0.409093 0.500393
0.322731 0.437019
Train:
Agent:
0.619085 0.622574
 0.42546 0.517223
0.504327  0.56503
Val:
Agent:
 0.58645  0.59015
0.387246 0.471671
0.466471 0.524301
Train:
DSE:
0.588375 0.598986
0.402388 0.472194
0.477925 0.528086
Val:
DSE:
0.569271 0.577679
0.362495 0.423025
0.442939 0.488402
is from:
4216,2238,4101,1255,1277,3137
Train:0.306023 0.400064 0.346781
1412,770,1372,395,400,1176
Val:0.287901 0.335884 0.310047
430,235,415,124,125,349
Test:0.298795 0.355301 0.324607
is about:
4874,2511,3990,845,1022,3064
Train:0.211779 0.275783  0.23958
1751,921,1428,267,329,1145
Val:0.186975 0.233188  0.20754
501,281,409,71,85,338
Test:0.173594 0.210059 0.190094
