9471 6281 892
Valid size: 2298
Epoch 5
Train:
Target:
0.300361 0.398774
0.381513 0.500599
0.336108 0.443923
Val:
Target:
0.281807 0.399209
0.368128 0.468185
0.319235 0.430955
Train:
Agent:
0.641163 0.644645
0.390353 0.481442
0.485266 0.551217
Val:
Agent:
0.607099 0.609936
0.365646   0.4483
0.456406 0.516774
Train:
DSE:
0.532093 0.546803
0.479251 0.559184
0.504292 0.552924
Val:
DSE:
0.516076 0.527607
0.435297 0.505355
0.472257 0.516241
is from:
4646,2489,4428,1283,1323,3137
Train:0.289747 0.408989 0.339194
1570,864,1488,403,417,1176
Val:0.270833 0.342687 0.302553
496,283,471,129,132,349
Test:0.273885 0.369628 0.314634
is about:
5944,1887,2940,597,1121,3064
Train:0.203061 0.194843 0.198867
2109,695,1069,193,364,1145
Val:0.180543 0.168559 0.174345
617,222,320,56,92,338
Test:   0.175  0.16568 0.170213
