9471 6281 892
Valid size: 2298
Epoch 5
Train:
Target:
0.319422 0.401196
0.307794 0.423907
0.313501 0.412239
Val:
Target:
0.317042  0.41387
0.304557 0.397486
0.310674 0.405513
Train:
Agent:
0.664552 0.667369
0.322093 0.401869
 0.43389 0.501656
Val:
Agent:
0.635329 0.637126
 0.30215 0.367564
0.409534 0.466182
Train:
DSE:
 0.55125 0.562555
0.407968 0.478571
0.468908 0.517176
Val:
DSE:
0.545119 0.553138
0.369802 0.436412
0.440663 0.487891
is from:
3345,1783,3290,1012,1025,3137
Train:0.307599 0.322601 0.314921
1102,606,1084,308,311,1176
Val:0.284133 0.261905 0.272566
376,214,364,97,101,349
Test:0.266484 0.277937  0.27209
is about:
4825,1852,2931,616,935,3064
Train:0.210167 0.201044 0.205505
1739,619,978,193,300,1145
Val:0.197342 0.168559 0.181818
508,217,309,48,74,338
Test: 0.15534 0.142012 0.148377
