9471 6281 892
Valid size: 2298
Epoch 5
Train:
Target:
0.292543 0.399862
0.389751 0.504494
0.334222 0.446125
Val:
Target:
0.270255 0.399863
0.376401 0.471328
0.314617 0.432664
Train:
Agent:
0.585753 0.589091
0.423999 0.524433
 0.49192 0.554885
Val:
Agent:
0.556371 0.559655
0.392562 0.482295
0.460328 0.518103
Train:
DSE:
0.542025 0.552095
0.435305 0.510969
0.482838 0.530736
Val:
DSE:
0.527924 0.534936
0.400692 0.467871
0.455592 0.499161
is from:
5042,2965,4978,1344,1353,3137
Train:0.269988 0.428435 0.331238
1716,1035,1690,427,432,1176
Val:0.252663 0.363095 0.297976
524,316,516,138,139,349
Test:0.267442 0.395415 0.319075
is about:
5244,2938,4525,898,1035,3064
Train:0.198453 0.293081 0.236658
1790,1012,1536,274,318,1145
Val:0.178385 0.239301 0.204401
538,305,443,76,91,338
Test:0.171558 0.224852 0.194622
