9471 6281 892
Valid size: 2298
Epoch 5
Train:
Target:
0.317296 0.422292
0.394835 0.501198
0.351844 0.458374
Val:
Target:
0.297438 0.418588
0.374305 0.468185
0.331474    0.442
Train:
Agent:
 0.59062 0.595515
0.466772 0.556475
0.521443 0.575333
Val:
Agent:
0.552636  0.55728
0.426687 0.509207
0.481562  0.53216
Train:
DSE:
0.577068  0.58984
0.433041 0.507398
0.494786 0.545522
Val:
DSE:
0.552621 0.563473
0.387936 0.451807
0.455861 0.501499
is from:
4910,2633,4652,1362,1407,3137
Train:0.292777 0.434173 0.349724
1638,924,1553,415,432,1176
Val:0.267225 0.352891 0.304141
502,282,477,133,135,349
Test:0.278826 0.381089 0.322034
is about:
5001,2482,3961,842,1049,3064
Train:0.212573 0.274804 0.239715
1799,903,1409,273,340,1145
Val:0.193754 0.238428 0.213782
507,269,392,71,89,338
Test:0.181122 0.210059 0.194521
