9471 6281 892
Valid size: 2298
Epoch 5
Train:
Target:
0.303923 0.400409
0.444427 0.547633
0.360985  0.46259
Val:
Target:
0.274874  0.38835
0.402852 0.494894
 0.32678 0.435196
Train:
Agent:
0.596061 0.601005
0.470154 0.562083
0.525673 0.580893
Val:
Agent:
 0.56457 0.568801
0.433226 0.522663
0.490253 0.544757
Train:
DSE:
0.594705 0.607904
0.422902 0.493878
0.494301  0.54499
Val:
DSE:
0.570969 0.581212
0.374476 0.433066
0.452304 0.496319
is from:
4729,2480,4480,1341,1392,3137
Train: 0.29933 0.427478 0.352107
1573,866,1489,415,432,1176
Val:0.278711 0.352891 0.311445
478,261,451,131,135,349
Test:0.290466 0.375358   0.3275
is about:
5481,2044,3345,750,1119,3064
Train:0.224215 0.244778 0.234046
1825,681,1107,233,346,1145
Val:0.210479 0.203493 0.206927
535,223,328,61,97,338
Test:0.185976 0.180473 0.183183
