9471 6281 892
Valid size: 2298
Epoch 5
Train:
Target:
0.282404 0.386259
0.476726 0.579089
0.354693 0.463415
Val:
Target:
0.260714 0.384747
0.447892 0.536528
0.329582 0.448134
Train:
Agent:
0.595839 0.600372
0.468736 0.558879
  0.5247 0.578883
Val:
Agent:
0.563242 0.567507
0.431211 0.516997
0.488462 0.541076
Train:
DSE:
0.539415 0.554414
 0.48751 0.566071
0.512151 0.560182
Val:
DSE:
0.525603 0.538939
0.441745 0.515395
0.480039 0.526904
is from:
5713,3103,5288,1440,1516,3137
Train:0.272315 0.459037  0.34184
1918,1082,1777,458,479,1176
Val:0.257738 0.389456 0.310193
594,337,548,141,149,349
Test:0.257299 0.404011 0.314381
is about:
6793,3608,5476,1076,1289,3064
Train:0.196494 0.351175 0.251991
2333,1229,1845,328,411,1145
Val:0.177778 0.286463 0.219398
655,355,518,94,116,338
Test:0.181467 0.278107 0.219626
