9471 6281 892
Valid size: 2298
Epoch 5
Train:
Target:
0.350792 0.424584
0.409601 0.532954
0.377922 0.472637
Val:
Target:
0.300207 0.390959
0.369639 0.464258
0.331324 0.424467
Train:
Agent:
0.603818 0.608777
0.465989 0.556475
0.526025 0.581452
Val:
Agent:
0.564985 0.569444
0.437135 0.521955
0.492905 0.544666
Train:
DSE:
0.525475 0.543747
0.530119 0.611735
0.527787 0.575741
Val:
DSE:
0.506112 0.521793
0.475029 0.549531
0.490079 0.535303
is from:
6041,3217,5540,1503,1583,3137
Train:  0.2713  0.47912 0.346433
2044,1168,1891,480,504,1176
Val:0.253834 0.408163 0.313009
612,346,561,141,151,349
Test:0.251337 0.404011  0.30989
is about:
7857,3165,4967,1024,1466,3064
Train:0.206161 0.334204 0.255012
2591,1018,1583,320,449,1145
Val:0.202148 0.279476 0.234604
853,340,504,94,143,338
Test:0.186508 0.278107 0.223278
