9471 6281 892
Valid size: 2298
Epoch 5
Train:
Target:
0.284545 0.392097
0.456022 0.561114
0.350431 0.461621
Val:
Target:
0.263377 0.393293
0.429776 0.521603
0.326603  0.44845
Train:
Agent:
0.690515 0.693005
0.328446 0.404005
0.445154 0.510438
Val:
Agent:
0.661789 0.664634
0.306136 0.372521
0.418622 0.477441
Train:
DSE:
0.541231 0.555002
0.478177 0.555612
0.507754 0.555307
Val:
DSE:
0.520016 0.532003
0.438182 0.506693
0.475604  0.51904
is from:
3645,1857,3518,1109,1127,3137
Train:0.315236 0.353522 0.333283
1203,628,1157,346,350,1176
Val:0.299049 0.294218 0.296614
396,217,379,108,110,349
Test: 0.28496 0.309456 0.296703
is about:
6228,3524,5365,1059,1206,3064
Train: 0.19739 0.345627 0.251275
2166,1243,1854,327,386,1145
Val:0.176375  0.28559 0.218073
584,346,500,90,102,338
Test:    0.18 0.266272 0.214797
