9471 6281 892
Valid size: 2298
Epoch 5
Train:
Target:
0.278939 0.295382
0.103516 0.220192
0.150996 0.252304
Val:
Target:
0.295984 0.314572
 0.11324 0.216811
0.163809 0.256699
Train:
Agent:
          1           1
0.000534045 0.000534045
 0.00106752  0.00106752
Val:
Agent:
         1          1
0.00141643 0.00141643
0.00282885 0.00282885
Train:
DSE:
0.527582 0.528411
0.261463 0.314796
0.349646 0.394545
Val:
DSE:
0.524104 0.524104
0.230885 0.280455
0.320555 0.365387
is from:
4,2,4,1,1,3137
Train:       0.25 0.000318776  0.00063674
2,2,2,0,0,1176
Val:   0    0 -nan
0,0,0,0,0,349
Test:1 0 0
is about:
2602,1134,1642,263,385,3064
Train: 0.160171 0.0858355  0.111772
872,389,539,74,102,1145
Val: 0.137291 0.0646288  0.087886
222,117,154,20,30,338
Test:  0.12987 0.0591716 0.0813008
