9471 6281 892
Valid size: 2298
Epoch 0
Train:
Target:
1 1
0 0
0 0
Val:
Target:
1 1
0 0
0 0
Train:
Agent:
1 1
0 0
0 0
Val:
Agent:
1 1
0 0
0 0
Train:
DSE:
1 1
0 0
0 0
Val:
DSE:
1 1
0 0
0 0
is from:
0,0,0,0,0,3137
Train:1 0 0
0,0,0,0,0,1176
Val:1 0 0
0,0,0,0,0,349
Test:1 0 0
is about:
0,0,0,0,0,3064
Train:1 0 0
0,0,0,0,0,1145
Val:1 0 0
0,0,0,0,0,338
Test:1 0 0
Epoch 5
Train:
Target:
1 1
0 0
0 0
Val:
Target:
1 1
0 0
0 0
Train:
Agent:
1 1
0 0
0 0
Val:
Agent:
1 1
0 0
0 0
Train:
DSE:
1 1
0 0
0 0
Val:
DSE:
1 1
0 0
0 0
is from:
0,0,0,0,0,3137
Train:1 0 0
0,0,0,0,0,1176
Val:1 0 0
0,0,0,0,0,349
Test:1 0 0
is about:
0,0,0,0,0,3064
Train:1 0 0
0,0,0,0,0,1145
Val:1 0 0
0,0,0,0,0,338
Test:1 0 0
Epoch 10
Train:
Target:
1 1
0 0
0 0
Val:
Target:
1 1
0 0
0 0
Train:
Agent:
0.667064  0.67594
 0.29662 0.341255
0.410642 0.453537
Val:
Agent:
0.612943  0.61837
0.283687 0.328612
0.387861 0.429161
Train:
DSE:
 0.59913 0.603478
 0.15668 0.177041
0.248401 0.273767
Val:
DSE:
0.599246 0.600503
0.142548 0.159973
 0.23031 0.252643
is from:
1037,287,666,277,420,3137
Train: 0.415916 0.0883009  0.145674
372,90,213,92,147,1176
Val: 0.431925 0.0782313  0.132469
96,33,67,25,37,349
Test: 0.373134 0.0716332  0.120192
is about:
0,0,0,0,0,3064
Train:1 0 0
0,0,0,0,0,1145
Val:1 0 0
0,0,0,0,0,338
Test:1 0 0
Epoch 15
Train:
Target:
1 1
0 0
0 0
Val:
Target:
1 1
0 0
0 0
Train:
Agent:
0.744484 0.749335
0.333281 0.369292
0.460439 0.494756
Val:
Agent:
0.696272 0.697368
0.294684  0.32932
0.414106 0.447375
Train:
DSE:
0.637709 0.653073
0.255018 0.293622
0.364338 0.405108
Val:
DSE:
0.650721 0.660566
0.226149 0.263722
0.335649 0.376951
is from:
1504,324,902,421,657,3137
Train:0.466741 0.134205 0.208467
462,110,271,111,193,1176
Val: 0.409594 0.0943878  0.153421
201,58,132,45,73,349
Test:0.340909  0.12894  0.18711
is about:
0,0,0,0,0,3064
Train:1 0 0
0,0,0,0,0,1145
Val:1 0 0
0,0,0,0,0,338
Test:1 0 0
Epoch 20
Train:
Target:
 0.236425  0.236425
0.0362542  0.147094
 0.062868  0.181356
Val:
Target:
 0.236129  0.236129
0.0397918  0.143755
0.0681065  0.178711
Train:
Agent:
0.753624     0.76
0.358045 0.390387
0.485453 0.515816
Val:
Agent:
0.712694 0.715328
 0.30426 0.339235
0.426459 0.460218
Train:
DSE:
0.551244 0.573285
0.467903 0.524235
0.506166 0.547664
Val:
DSE:
0.551937 0.575058
0.444367 0.500669
0.492345 0.535291
is from:
2723,0,0,0,999,3137
Train:1 0 0
868,0,0,0,290,1176
Val:1 0 0
310,0,0,0,100,349
Test:1 0 0
is about:
1685,0,0,0,272,3064
Train:1 0 0
649,0,0,0,95,1145
Val:1 0 0
157,0,0,0,22,338
Test:1 0 0
Epoch 25
Train:
Target:
0.281968 0.286143
0.292457  0.60725
0.287117  0.38899
Val:
Target:
0.284812 0.289928
0.303793 0.592302
0.293997 0.389297
Train:
Agent:
0.655436 0.662397
0.514231 0.563685
 0.57631 0.609067
Val:
Agent:
0.602141 0.605551
0.451236 0.495042
0.515879 0.544749
Train:
DSE:
0.539024 0.567175
0.563553  0.62398
0.551016 0.594223
Val:
DSE:
0.522162 0.553342
0.520689 0.575636
0.521424 0.564269
is from:
4826,0,0,0,1492,3137
Train:1 0 0
1663,0,0,0,471,1176
Val:1 0 0
512,0,0,0,151,349
Test:1 0 0
is about:
15368,0,0,0,2347,3064
Train:1 0 0
5255,0,0,0,783,1145
Val:1 0 0
1507,0,0,0,210,338
Test:1 0 0
Epoch 30
Train:
Target:
0.249072 0.270964
0.480495 0.701019
0.328079 0.390852
Val:
Target:
0.237215 0.265074
0.462384 0.663001
0.313564 0.378729
Train:
Agent:
0.678527 0.687335
0.501991 0.544993
 0.57706 0.607944
Val:
Agent:
0.620439 0.626962
0.439966  0.47238
0.514845 0.538803
Train:
DSE:
0.595252 0.624538
0.498084 0.557908
0.542351 0.589346
Val:
DSE:
0.564182 0.595488
0.444322 0.493976
0.497129 0.540002
is from:
3714,2,3,1,1285,3137
Train:   0.333333 0.000318776 0.000636943
1220,2,2,0,373,1176
Val:   0    0 -nan
406,0,0,0,135,349
Test:1 0 0
is about:
12616,0,0,0,2074,3064
Train:1 0 0
4302,0,0,0,658,1145
Val:1 0 0
1294,0,0,0,203,338
Test:1 0 0
Epoch 35
Train:
Target:
0.398083  0.40048
0.162106 0.374476
0.230392 0.387042
Val:
Target:
0.377249 0.380159
 0.15583 0.323645
0.220555 0.349633
Train:
Agent:
0.579818 0.602968
0.588889 0.622163
0.584318 0.612415
Val:
Agent:
0.526909 0.545266
0.514205 0.550283
 0.52048 0.547763
Train:
DSE:
0.603541  0.62594
 0.52278 0.587755
0.560265 0.606247
Val:
DSE:
0.569624 0.595583
0.467994  0.52075
0.513832 0.555658
is from:
4849,0,0,0,1508,3137
Train:1 0 0
1631,1,2,0,453,1176
Val:   0    0 -nan
481,0,0,0,157,349
Test:1 0 0
is about:
4914,0,0,0,1111,3064
Train:1 0 0
1606,0,0,0,299,1145
Val:1 0 0
536,0,0,0,121,338
Test:1 0 0
Epoch 40
Train:
Target:
0.347157 0.361137
0.260427 0.476034
0.297602 0.410701
Val:
Target:
0.344749 0.357461
0.240758 0.433621
0.283519 0.391875
Train:
Agent:
0.623959 0.636605
0.591172 0.628571
0.607123 0.632563
Val:
Agent:
0.561441 0.574687
0.505688 0.543201
0.532108 0.558501
Train:
DSE:
0.596387 0.621552
0.544351 0.608163
0.569182 0.614785
Val:
DSE:
0.560368 0.587209
0.486301 0.538153
0.520714 0.561612
is from:
4843,0,0,0,1562,3137
Train:1 0 0
1586,0,0,0,468,1176
Val:1 0 0
526,0,0,0,166,349
Test:1 0 0
is about:
6991,0,0,0,1427,3064
Train:1 0 0
2235,0,0,0,405,1145
Val:1 0 0
753,0,0,0,153,338
Test:1 0 0
Epoch 45
Train:
Target:
0.330941 0.358338
0.405667 0.576693
0.364514  0.44202
Val:
Target:
0.331605 0.362032
0.378183 0.538099
0.353366 0.432846
Train:
Agent:
 0.65084   0.6654
0.562827 0.597864
0.603642 0.629827
Val:
Agent:
0.579232 0.592622
0.482339 0.516997
0.526364 0.552233
Train:
DSE:
0.560858 0.591231
0.614971 0.676786
 0.58667 0.631122
Val:
DSE:
0.522456 0.557418
0.544657 0.597724
0.533325 0.576868
is from:
5080,0,0,0,1605,3137
Train:1 0 0
1721,0,0,0,492,1176
Val:1 0 0
588,0,0,0,171,349
Test:1 0 0
is about:
10123,0,0,0,1858,3064
Train:1 0 0
3375,0,0,0,587,1145
Val:1 0 0
1074,0,0,0,195,338
Test:1 0 0
Epoch 50
Train:
Target:
0.297896 0.335417
0.494045 0.651288
0.371679 0.442793
Val:
Target:
0.285921  0.33152
0.474269 0.609584
0.356762 0.429473
Train:
Agent:
0.669636 0.682725
0.547654 0.582911
0.602533 0.628882
Val:
Agent:
0.590233 0.603853
0.467428 0.504958
0.521701 0.549995
Train:
DSE:
 0.55986 0.593925
0.615427  0.67602
 0.58633 0.632319
Val:
DSE:
0.524537 0.559227
 0.54353 0.595047
0.533865 0.576581
is from:
4869,1,1,0,1568,3137
Train:   0    0 -nan
1609,0,0,0,476,1176
Val:1 0 0
535,0,0,0,159,349
Test:1 0 0
is about:
10868,0,0,0,1936,3064
Train:1 0 0
3685,0,0,0,596,1145
Val:1 0 0
1096,0,0,0,190,338
Test:1 0 0
Epoch 55
Train:
Target:
 0.37945 0.395807
0.316804 0.517975
0.345308 0.448725
Val:
Target:
0.361889 0.378351
0.298965 0.476041
0.327431 0.421611
Train:
Agent:
0.688148 0.698851
0.547509 0.585848
0.609825  0.63738
Val:
Agent:
 0.61463 0.626422
0.457177 0.496459
0.524338 0.553919
Train:
DSE:
0.578861 0.604947
 0.58833  0.64949
0.583557 0.626428
Val:
DSE:
0.541441 0.571617
0.521783 0.576305
 0.53143 0.573952
is from:
4721,3,3,0,1568,3137
Train:   0    0 -nan
1521,0,0,0,472,1176
Val:1 0 0
509,0,0,0,160,349
Test:1 0 0
is about:
8006,0,0,0,1652,3064
Train:1 0 0
2751,0,0,0,506,1145
Val:1 0 0
829,0,0,0,168,338
Test:1 0 0
Epoch 60
Train:
Target:
 0.27414 0.316076
0.571427 0.714799
0.370523 0.438329
Val:
Target:
0.263032 0.313825
 0.54603 0.671642
0.355037 0.427773
Train:
Agent:
0.677158 0.688716
0.564835 0.601869
0.615918  0.64237
Val:
Agent:
0.591168 0.603977
0.468767 0.506374
  0.5229 0.550886
Train:
DSE:
0.559875 0.591626
0.623581 0.685714
0.590014 0.635205
Val:
DSE:
0.521825 0.557609
0.548684  0.60174
0.534917 0.578835
is from:
5080,0,0,0,1628,3137
Train:1 0 0
1662,0,0,0,494,1176
Val:1 0 0
569,0,0,0,166,349
Test:1 0 0
is about:
12199,0,0,0,2090,3064
Train:1 0 0
4059,0,0,0,653,1145
Val:1 0 0
1217,0,0,0,195,338
Test:1 0 0
Epoch 65
Train:
Target:
0.312368 0.343329
0.477513 0.646195
0.377676 0.448413
Val:
Target:
0.296339 0.333458
0.446822 0.593087
0.356345 0.426897
Train:
Agent:
0.682158 0.692812
0.565204 0.603738
0.618198 0.645216
Val:
Agent:
0.596981 0.609129
0.469953 0.509207
0.525905 0.554704
Train:
DSE:
0.561629 0.594075
0.620911 0.682143
0.589784  0.63507
Val:
DSE:
 0.52324 0.560701
  0.5467 0.597055
0.534713 0.578307
is from:
5093,0,0,0,1632,3137
Train:1 0 0
1661,0,0,0,494,1176
Val:1 0 0
563,0,0,0,166,349
Test:1 0 0
is about:
10829,0,0,0,1975,3064
Train:1 0 0
3574,0,0,0,588,1145
Val:1 0 0
1136,0,0,0,193,338
Test:1 0 0
Epoch 70
Train:
Target:
0.317366  0.34724
0.471633 0.638406
0.379418 0.449817
Val:
Target:
0.303769 0.339471
0.438663  0.58209
0.358961 0.428843
Train:
Agent:
0.668043 0.679919
0.578338  0.61522
0.619962 0.645954
Val:
Agent:
0.581445 0.594355
0.477956 0.516289
0.524646 0.552578
Train:
DSE:
0.571034 0.603175
0.615902  0.67602
 0.59262 0.637523
Val:
DSE:
0.530177  0.56743
0.542137 0.593708
 0.53609 0.580272
is from:
5099,6,6,0,1629,3137
Train:   0    0 -nan
1673,0,0,0,492,1176
Val:1 0 0
562,0,0,0,169,349
Test:1 0 0
is about:
10464,0,0,0,1951,3064
Train:1 0 0
3523,0,0,0,587,1145
Val:1 0 0
1097,0,0,0,196,338
Test:1 0 0
Epoch 75
Train:
Target:
0.299323  0.33804
0.516185 0.668364
 0.37892 0.448993
Val:
Target:
0.286332 0.334916
0.489673 0.620581
0.361361 0.435046
Train:
Agent:
0.705495 0.715478
0.538224 0.578371
0.610611  0.63966
Val:
Agent:
0.625223 0.636937
0.447996 0.486544
0.521976 0.551674
Train:
DSE:
0.598731 0.626962
0.578484  0.63801
0.588433 0.632438
Val:
DSE:
0.551047  0.58468
 0.50506 0.556894
0.527053 0.570449
is from:
4339,9,11,1,1501,3137
Train:  0.0909091 0.000318776 0.000635324
1406,2,2,0,450,1176
Val:   0    0 -nan
496,0,0,0,164,349
Test:1 0 0
is about:
9890,0,0,0,1884,3064
Train:1 0 0
3266,0,0,0,572,1145
Val:1 0 0
1045,0,0,0,183,338
Test:1 0 0
Epoch 80
Train:
Target:
0.325502 0.354448
0.450714 0.617136
0.378009  0.45028
Val:
Target:
0.311387 0.345219
0.417738 0.561665
0.356806 0.427612
Train:
Agent:
 0.71498 0.723564
0.531085   0.5749
0.609463 0.640721
Val:
Agent:
0.626467   0.6382
0.443229  0.48017
0.519154  0.54802
Train:
DSE:
0.590063  0.61939
0.594532 0.654337
0.592289 0.636384
Val:
DSE:
0.540009 0.574037
0.516388 0.568273
0.527935  0.57114
is from:
4435,0,0,0,1529,3137
Train:1 0 0
1439,0,0,0,451,1176
Val:1 0 0
481,0,0,0,156,349
Test:1 0 0
is about:
9519,0,0,0,1852,3064
Train:1 0 0
3173,0,0,0,552,1145
Val:1 0 0
1010,0,0,0,188,338
Test:1 0 0
Epoch 85
Train:
Target:
0.310177 0.343266
0.486909 0.648592
 0.37895 0.448935
Val:
Target:
0.290321 0.330064
0.454241 0.588374
0.354237 0.422894
Train:
Agent:
0.703926 0.713834
0.543757 0.585047
0.613561 0.643056
Val:
Agent:
0.615656 0.627224
 0.45307 0.490085
0.521996 0.550238
Train:
DSE:
0.589095 0.618242
0.597614 0.657908
0.593324 0.637459
Val:
DSE:
0.539378 0.573154
0.518865  0.57095
0.528923  0.57205
is from:
4562,0,0,0,1558,3137
Train:1 0 0
1474,0,0,0,462,1176
Val:1 0 0
497,0,0,0,161,349
Test:1 0 0
is about:
10112,0,0,0,1913,3064
Train:1 0 0
3359,0,0,0,555,1145
Val:1 0 0
1043,0,0,0,187,338
Test:1 0 0
Epoch 90
Train:
Target:
 0.31804 0.349065
0.466879 0.633313
0.378348 0.450066
Val:
Target:
0.302383 0.338534
0.435202 0.575805
0.356834 0.426383
Train:
Agent:
0.688731 0.700401
0.554694 0.591989
0.614488 0.641648
Val:
Agent:
0.600649 0.614592
 0.45876 0.495042
0.520203 0.548377
Train:
DSE:
0.591849 0.620739
 0.59367 0.654337
0.592758 0.637095
Val:
DSE:
0.541812 0.575287
0.516188 0.568273
 0.52869 0.571759
is from:
4614,11,13,1,1566,3137
Train:  0.0769231 0.000318776 0.000634921
1481,1,1,0,463,1176
Val:   0    0 -nan
506,0,0,0,160,349
Test:1 0 0
is about:
9786,0,0,0,1889,3064
Train:1 0 0
3262,0,0,0,558,1145
Val:1 0 0
1032,0,0,0,187,338
Test:1 0 0
Epoch 95
Train:
Target:
0.305962 0.341451
0.508077 0.666267
0.381929 0.451511
Val:
Target:
0.287615 0.331623
 0.48117 0.612726
0.360027 0.430337
Train:
Agent:
0.706549 0.716495
0.537781 0.578104
 0.61072 0.639903
Val:
Agent:
0.623672 0.637273
0.448632 0.485836
0.521865 0.551345
Train:
DSE:
0.590723 0.619914
0.595176 0.655357
0.592941 0.637143
Val:
DSE:
0.540439 0.573925
0.517972 0.570281
0.528967 0.572097
is from:
4469,8,9,0,1541,3137
Train:   0    0 -nan
1441,1,1,0,458,1176
Val:   0    0 -nan
494,0,0,0,160,349
Test:1 0 0
is about:
10258,0,0,0,1933,3064
Train:1 0 0
3424,0,0,0,575,1145
Val:1 0 0
1048,0,0,0,183,338
Test:1 0 0
Epoch 100
Train:
Target:
0.320909 0.351518
0.459923 0.626723
0.378041  0.45041
Val:
Target:
0.302379 0.338316
0.426843 0.571092
 0.35399 0.424913
Train:
Agent:
0.696763 0.707447
0.550387 0.589052
0.614985 0.642844
Val:
Agent:
0.606427 0.619965
0.454677 0.491501
0.519701 0.548309
Train:
DSE:
 0.59554 0.624604
0.588267 0.648724
0.591881 0.636436
Val:
DSE:
0.545749 0.579491
 0.51148 0.562918
0.528059 0.571084
is from:
4522,0,0,0,1553,3137
Train:1 0 0
1439,0,0,0,453,1176
Val:1 0 0
494,0,0,0,160,349
Test:1 0 0
is about:
9541,0,0,0,1863,3064
Train:1 0 0
3196,0,0,0,552,1145
Val:1 0 0
1023,0,0,0,186,338
Test:1 0 0
Epoch 105
Train:
Target:
0.338652 0.364083
0.413844 0.586878
0.372491 0.449382
Val:
Target:
0.329815 0.357689
0.386483 0.538885
0.355908 0.429977
Train:
Agent:
0.685811 0.698073
0.558599 0.596529
0.615702 0.643318
Val:
Agent:
0.597849 0.612436
0.461343 0.497875
  0.5208 0.549246
Train:
DSE:
0.594507  0.62382
0.592496 0.652551
  0.5935 0.637862
Val:
DSE:
0.543122 0.576792
0.515105 0.566265
0.528743  0.57148
is from:
4614,0,1,1,1565,3137
Train:          1 0.000318776 0.000637349
1483,0,0,0,459,1176
Val:1 0 0
509,0,0,0,160,349
Test:1 0 0
is about:
9197,0,0,0,1814,3064
Train:1 0 0
3057,0,0,0,546,1145
Val:1 0 0
985,0,0,0,188,338
Test:1 0 0
Epoch 110
Train:
Target:
0.329351 0.357015
0.443047 0.615039
0.377831 0.451782
Val:
Target:
0.311114 0.342995
0.409232 0.556167
0.353491 0.424312
Train:
Agent:
0.701447 0.712116
0.545436 0.584513
0.613681 0.642036
Val:
Agent:
0.612695 0.626452
0.450349 0.486544
0.519125 0.547705
Train:
DSE:
0.592308 0.621103
0.594783 0.655102
0.593543  0.63765
Val:
DSE:
0.540467 0.573638
 0.51669 0.568942
0.528311 0.571281
is from:
4532,1,1,0,1563,3137
Train:   0    0 -nan
1457,0,0,0,457,1176
Val:1 0 0
493,0,0,0,159,349
Test:1 0 0
is about:
9551,0,0,0,1872,3064
Train:1 0 0
3219,0,0,0,557,1145
Val:1 0 0
1004,0,0,0,187,338
Test:1 0 0
Epoch 115
Train:
Target:
0.305936 0.340454
0.511025 0.671061
0.382738 0.451729
Val:
Target:
0.287226 0.330315
0.480938 0.613511
0.359657 0.429427
Train:
Agent:
0.681371 0.693257
0.564477 0.601602
 0.61744 0.644186
Val:
Agent:
0.593487 0.607926
0.463227 0.500708
0.520328 0.549132
Train:
DSE:
0.583906 0.613274
0.604818 0.664286
0.594178 0.637761
Val:
DSE:
0.533618 0.568241
0.525804 0.577644
0.529682 0.572904
is from:
4795,2,2,0,1586,3137
Train:   0    0 -nan
1560,0,0,0,476,1176
Val:1 0 0
522,0,0,0,165,349
Test:1 0 0
is about:
10635,0,0,0,1965,3064
Train:1 0 0
3545,0,0,0,584,1145
Val:1 0 0
1075,0,0,0,189,338
Test:1 0 0
Epoch 120
Train:
Target:
0.313415 0.345865
0.483187 0.646794
 0.38021 0.450715
Val:
Target:
 0.29437 0.332701
0.453963 0.589945
0.357148 0.425462
Train:
Agent:
0.678005 0.690062
0.574515 0.611482
0.621985   0.6484
Val:
Agent:
0.591557 0.606111
0.469141  0.50779
0.523285 0.552611
Train:
DSE:
 0.59009 0.619298
0.596607 0.656633
0.593331 0.637419
Val:
DSE:
0.539661 0.573056
0.518753  0.57162
0.529001 0.572337
is from:
4825,0,0,0,1601,3137
Train:1 0 0
1546,0,0,0,472,1176
Val:1 0 0
524,0,0,0,167,349
Test:1 0 0
is about:
10036,0,0,0,1905,3064
Train:1 0 0
3373,0,0,0,562,1145
Val:1 0 0
1057,0,0,0,186,338
Test:1 0 0
Epoch 125
Train:
Target:
0.309568 0.343898
0.494359 0.653984
0.380725 0.450762
Val:
Target:
0.290399 0.331469
 0.46359 0.599372
0.357103 0.426868
Train:
Agent:
0.698377 0.709657
0.549933 0.587984
0.615329 0.643116
Val:
Agent:
0.609973 0.623675
0.451961 0.489377
0.519211 0.548424
Train:
DSE:
0.596287 0.624878
0.588513 0.648724
0.592374 0.636578
Val:
DSE:
0.544461 0.577503
0.511145 0.562249
0.527277 0.569774
is from:
4489,0,1,1,1548,3137
Train:          1 0.000318776 0.000637349
1442,0,0,0,452,1176
Val:1 0 0
501,0,0,0,159,349
Test:1 0 0
is about:
9911,0,0,0,1903,3064
Train:1 0 0
3340,0,0,0,562,1145
Val:1 0 0
1044,0,0,0,183,338
Test:1 0 0
Epoch 130
Train:
Target:
0.320574  0.35156
0.466553 0.631516
0.380027 0.451676
Val:
Target:
0.301199 0.338155
0.433514 0.574234
0.355442 0.425652
Train:
Agent:
0.669734    0.682
0.586031 0.624299
0.625093 0.651875
Val:
Agent:
 0.58431 0.598884
0.479434 0.517705
0.526702 0.555344
Train:
DSE:
0.591079 0.620335
0.596097 0.656378
0.593577 0.637847
Val:
DSE:
0.539714 0.573154
0.518196 0.570281
0.528736 0.571714
is from:
4935,1,1,0,1623,3137
Train:   0    0 -nan
1603,0,0,0,477,1176
Val:1 0 0
534,0,0,0,168,349
Test:1 0 0
is about:
9802,0,0,0,1889,3064
Train:1 0 0
3311,0,0,0,559,1145
Val:1 0 0
1025,0,0,0,186,338
Test:1 0 0
Epoch 135
Train:
Target:
0.319978 0.350856
0.467173 0.632714
0.379813   0.4514
Val:
Target:
0.301138 0.337869
0.433145 0.575805
0.355276 0.425856
Train:
Agent:
0.683782  0.69585
0.562254 0.599466
0.617092 0.644072
Val:
Agent:
0.596832 0.611395
0.461398 0.499292
0.520448 0.549686
Train:
DSE:
0.589651 0.618446
0.596522 0.656888
0.593066 0.637088
Val:
DSE:
0.539411 0.572672
0.517972 0.570281
0.528474 0.571474
is from:
4720,0,0,0,1582,3137
Train:1 0 0
1514,0,0,0,466,1176
Val:1 0 0
512,0,0,0,162,349
Test:1 0 0
is about:
9879,0,0,0,1896,3064
Train:1 0 0
3335,0,0,0,562,1145
Val:1 0 0
1030,0,0,0,186,338
Test:1 0 0
Epoch 140
Train:
Target:
0.314145 0.346785
 0.48195 0.645297
0.380362  0.45113
Val:
Target:
0.293361 0.331938
0.450433 0.586803
0.355312 0.424019
Train:
Agent:
0.701844  0.71229
0.542956 0.582644
0.612259 0.640977
Val:
Agent:
0.614086 0.627803
0.449056 0.485127
0.518762  0.54732
Train:
DSE:
0.589668 0.618854
0.596658 0.656633
0.593142 0.637184
Val:
DSE:
0.538793 0.572099
0.518307 0.570281
0.528352 0.571189
is from:
4525,0,0,0,1555,3137
Train:1 0 0
1456,0,0,0,456,1176
Val:1 0 0
494,0,0,0,159,349
Test:1 0 0
is about:
10003,0,0,0,1903,3064
Train:1 0 0
3365,0,0,0,559,1145
Val:1 0 0
1053,0,0,0,186,338
Test:1 0 0
Epoch 145
Train:
Target:
0.323149 0.352412
0.457339 0.626123
0.378708 0.450987
Val:
Target:
0.306179 0.340267
0.421845  0.56795
0.354824 0.425569
Train:
Agent:
0.681857 0.693756
0.568613 0.605874
0.620108 0.646844
Val:
Agent:
0.593855 0.608221
0.463883 0.502125
0.520884 0.550104
Train:
DSE:
0.584451 0.613668
0.603492 0.663265
0.593819 0.637504
Val:
DSE:
0.535032 0.568525
0.525715 0.577644
0.530332 0.573048
is from:
4828,0,0,0,1600,3137
Train:1 0 0
1568,0,0,0,477,1176
Val:1 0 0
526,0,0,0,167,349
Test:1 0 0
is about:
9914,0,0,0,1892,3064
Train:1 0 0
3339,0,0,0,568,1145
Val:1 0 0
1035,0,0,0,191,338
Test:1 0 0
Epoch 150
Train:
Target:
 0.31124 0.344801
0.487855 0.649491
 0.38003 0.450461
Val:
Target:
 0.29354 0.333459
0.456962 0.593087
0.357459 0.426898
Train:
Agent:
0.694035 0.704665
0.554518 0.593591
0.616482 0.644377
Val:
Agent:
0.603336 0.616928
 0.45548 0.490793
0.519084 0.546679
Train:
DSE:
 0.59402 0.621491
0.589443  0.65051
0.591723 0.635669
Val:
DSE:
0.542902 0.575881
0.515128 0.566265
 0.52865 0.571032
is from:
4583,0,0,0,1566,3137
Train:1 0 0
1473,0,0,0,458,1176
Val:1 0 0
504,0,0,0,162,349
Test:1 0 0
is about:
9928,0,0,0,1896,3064
Train:1 0 0
3357,0,0,0,564,1145
Val:1 0 0
1043,0,0,0,186,338
Test:1 0 0
Epoch 155
Train:
Target:
0.304177 0.340859
0.519648 0.672259
0.383734 0.452357
Val:
Target:
0.287517 0.333212
0.491667 0.622938
0.362848  0.43418
Train:
Agent:
0.691013 0.702128
0.557267 0.595461
0.616975  0.64441
Val:
Agent:
0.602501 0.616509
 0.45758 0.495751
0.520135 0.549574
Train:
DSE:
0.587901 0.616455
0.600253  0.66199
0.594013 0.638411
Val:
DSE:
0.538229 0.571051
0.522256 0.574297
0.530122 0.572669
is from:
4697,1,1,0,1584,3137
Train:   0    0 -nan
1529,0,0,0,471,1176
Val:1 0 0
514,0,0,0,164,349
Test:1 0 0
is about:
10528,0,0,0,1961,3064
Train:1 0 0
3517,0,0,0,591,1145
Val:1 0 0
1059,0,0,0,187,338
Test:1 0 0
Epoch 160
Train:
Target:
0.302273 0.340225
0.521051 0.672259
0.382595 0.451799
Val:
Target:
0.287978 0.335644
0.493755 0.622938
0.363783 0.436239
Train:
Agent:
0.697272 0.708425
0.552122 0.589853
0.616265 0.643724
Val:
Agent:
0.608137 0.622378
0.454668 0.492918
0.520322 0.550134
Train:
DSE:
0.598855 0.625031
0.582534 0.643622
0.590582  0.63419
Val:
DSE:
0.546251 0.578656
0.507185 0.557564
0.525994 0.567914
is from:
4468,5,5,0,1548,3137
Train:   0    0 -nan
1443,0,0,0,451,1176
Val:1 0 0
498,0,0,0,157,349
Test:1 0 0
is about:
10084,0,0,0,1919,3064
Train:1 0 0
3352,0,0,0,580,1145
Val:1 0 0
1040,0,0,0,181,338
Test:1 0 0
Epoch 165
Train:
Target:
0.290597 0.332896
0.545915 0.689335
0.379292 0.448972
Val:
Target:
0.278997  0.32972
0.516257 0.646504
0.362235 0.436714
Train:
Agent:
0.687708 0.698534
0.560655  0.59733
0.617716  0.64398
Val:
Agent:
0.601119 0.615056
0.458652 0.497167
 0.52031 0.549864
Train:
DSE:
 0.59412 0.623125
0.592349 0.652296
0.593233 0.637377
Val:
DSE:
0.543449 0.576845
0.516968 0.568273
0.529878 0.572527
is from:
4646,0,0,0,1573,3137
Train:1 0 0
1497,0,0,0,465,1176
Val:1 0 0
513,0,0,0,165,349
Test:1 0 0
is about:
10509,0,0,0,1964,3064
Train:1 0 0
3524,0,0,0,600,1145
Val:1 0 0
1053,0,0,0,185,338
Test:1 0 0
Epoch 170
Train:
Target:
0.311974 0.345421
0.481925   0.6432
0.378759 0.449464
Val:
Target:
0.293958 0.334098
0.450024 0.586017
0.355622 0.425571
Train:
Agent:
0.687542 0.699512
0.560418 0.598665
0.617505 0.645171
Val:
Agent:
0.598359 0.612958
0.460607 0.497875
0.520523 0.549455
Train:
DSE:
0.596196  0.62369
 0.58753 0.648214
0.591831 0.635716
Val:
DSE:
0.543685 0.577002
0.511893  0.56158
 0.52731 0.569186
is from:
4602,0,1,1,1566,3137
Train:          1 0.000318776 0.000637349
1489,0,0,0,460,1176
Val:1 0 0
515,0,0,0,164,349
Test:1 0 0
is about:
9766,0,0,0,1874,3064
Train:1 0 0
3287,0,0,0,555,1145
Val:1 0 0
1031,0,0,0,186,338
Test:1 0 0
Epoch 175
Train:
Target:
0.296901 0.336151
0.533585 0.681546
0.381517 0.450237
Val:
Target:
0.284285 0.332624
0.506034 0.637863
 0.36405 0.437242
Train:
Agent:
 0.68405  0.69618
0.562517 0.600267
0.617359 0.644675
Val:
Agent:
0.598869 0.613481
0.461145 0.499292
 0.52106 0.550528
Train:
DSE:
0.587805 0.616966
0.601598  0.66199
0.594622 0.638685
Val:
DSE:
 0.53889 0.571712
0.524019 0.576305
 0.53135 0.573999
is from:
4749,0,0,0,1588,3137
Train:1 0 0
1539,0,0,0,472,1176
Val:1 0 0
521,0,0,0,166,349
Test:1 0 0
is about:
10645,0,0,0,1961,3064
Train:1 0 0
3567,0,0,0,602,1145
Val:1 0 0
1067,0,0,0,184,338
Test:1 0 0
Epoch 180
Train:
Target:
0.297229 0.337164
0.534765 0.682145
0.382089 0.451276
Val:
Target:
 0.28475 0.333451
0.507811 0.639434
0.364891 0.438325
Train:
Agent:
0.690389 0.701873
0.558955 0.597063
0.617758 0.645239
Val:
Agent:
0.600864 0.615253
0.458757 0.497875
0.520282 0.550375
Train:
DSE:
0.586821 0.616683
0.599402 0.658418
0.593045 0.636867
Val:
DSE:
0.536518 0.570479
 0.52123 0.573628
0.528764 0.572049
is from:
4688,0,0,0,1579,3137
Train:1 0 0
1522,0,0,0,466,1176
Val:1 0 0
518,0,0,0,165,349
Test:1 0 0
is about:
10581,0,0,0,1961,3064
Train:1 0 0
3547,0,0,0,598,1145
Val:1 0 0
1060,0,0,0,184,338
Test:1 0 0
Epoch 185
Train:
Target:
0.298695 0.337471
0.530897  0.67885
  0.3823 0.450826
Val:
Target:
0.287896 0.335963
0.503664 0.634721
0.366373 0.439366
Train:
Agent:
0.690956 0.701062
0.559939 0.599466
0.618587 0.646296
Val:
Agent:
 0.60373 0.616911
0.457608 0.493626
 0.52061 0.548425
Train:
DSE:
0.582934 0.613349
0.605803 0.665561
0.594149 0.638389
Val:
DSE:
0.537719 0.573115
0.530478 0.582999
0.534074 0.578014
is from:
4772,1,1,0,1597,3137
Train:   0    0 -nan
1541,0,0,0,475,1176
Val:1 0 0
514,0,0,0,166,349
Test:1 0 0
is about:
10678,0,0,0,1954,3064
Train:1 0 0
3566,0,0,0,610,1145
Val:1 0 0
1073,0,0,0,185,338
Test:1 0 0
Epoch 190
Train:
Target:
0.319659 0.351102
0.472932 0.639005
0.381475 0.453195
Val:
Target:
 0.29904  0.33617
0.437157 0.578162
0.355143 0.425143
Train:
Agent:
0.701804 0.712556
0.541518 0.581575
0.611329 0.640437
Val:
Agent:
0.615751 0.629529
0.446628 0.481586
0.517728 0.545709
Train:
DSE:
0.595394 0.623786
0.590239 0.650765
0.592806  0.63699
Val:
DSE:
0.543817 0.576975
0.514068 0.564257
0.528524 0.570545
is from:
4447,1,1,0,1544,3137
Train:   0    0 -nan
1435,0,0,0,450,1176
Val:1 0 0
493,0,0,0,159,349
Test:1 0 0
is about:
9760,0,0,0,1898,3064
Train:1 0 0
3300,0,0,0,558,1145
Val:1 0 0
1033,0,0,0,187,338
Test:1 0 0
Epoch 195
Train:
Target:
0.302707 0.340025
0.523002 0.673757
0.383468 0.451959
Val:
Target:
0.287855 0.333574
0.493866 0.624509
0.363715 0.434868
Train:
Agent:
 0.67942 0.691622
0.570427 0.607744
0.620171 0.646976
Val:
Agent:
 0.59393  0.60855
 0.46491 0.502833
0.521559 0.550663
Train:
DSE:
0.583984 0.612587
0.603551 0.665051
0.593606 0.637742
Val:
DSE:
0.535556 0.568167
0.526183 0.578983
0.530828 0.573524
is from:
4872,0,0,0,1606,3137
Train:1 0 0
1574,0,0,0,478,1176
Val:1 0 0
526,0,0,0,169,349
Test:1 0 0
is about:
10656,0,0,0,1967,3064
Train:1 0 0
3581,0,0,0,604,1145
Val:1 0 0
1064,0,0,0,187,338
Test:1 0 0
Best: 
OCLASS_WEIGHT_TARGET: 0
Validation:
Target
0.287896 0.335963
0.503664 0.634721
0.366373 0.439366
Agent
0.561441 0.574687
0.505688 0.543201
0.532108 0.558501
DSE
0.530177  0.56743
0.542137 0.593708
 0.53609 0.580272
Test:
Target
0.250982 0.287097
0.504845 0.651811
 0.33528 0.398618
Agent
0.595295 0.606205
0.534921 0.573733
0.563496 0.589522
DSE
0.532173 0.558994
0.600153 0.650575
0.564122 0.601318
