9471 6281 892
Valid size: 2298
Epoch 0
Train:
Target:
1 1
0 0
0 0
Val:
Target:
1 1
0 0
0 0
Train:
Agent:
1 1
0 0
0 0
Val:
Agent:
1 1
0 0
0 0
Train:
DSE:
1 1
0 0
0 0
Val:
DSE:
1 1
0 0
0 0
is from:
Total Pair: 0,False Span: 0,True Predict: 0
Ture Postive: 0,True Pairs Extracted: 0,True Pairs: 3137
Train:1 0 0
Total Pair: 0,False Span: 0,True Predict: 0
Ture Postive: 0,True Pairs Extracted: 0,True Pairs: 1176
Val:1 0 0
Total Pair: 0,False Span: 0,True Predict: 0
Ture Postive: 0,True Pairs Extracted: 0,True Pairs: 349
Test:1 0 0
is about:
Total Pair: 0,False Span: 0,True Predict: 0
Ture Postive: 0,True Pairs Extracted: 0,True Pairs: 3064
Train:1 0 0
Total Pair: 0,False Span: 0,True Predict: 0
Ture Postive: 0,True Pairs Extracted: 0,True Pairs: 1145
Val:1 0 0
Total Pair: 0,False Span: 0,True Predict: 0
Ture Postive: 0,True Pairs Extracted: 0,True Pairs: 338
Test:1 0 0
Epoch 5
Train:
Target:
0.125119 0.318182
0.362399 0.434392
0.186015 0.367314
Val:
Target:
0.115701 0.305632
0.371117 0.428908
0.176405 0.356925
Train:
Agent:
1 1
0 0
0 0
Val:
Agent:
1 1
0 0
0 0
Train:
DSE:
1 1
0 0
0 0
Val:
DSE:
1 1
0 0
0 0
is from:
Total Pair: 0,False Span: 0,True Predict: 0
Ture Postive: 0,True Pairs Extracted: 0,True Pairs: 3137
Train:1 0 0
Total Pair: 0,False Span: 0,True Predict: 0
Ture Postive: 0,True Pairs Extracted: 0,True Pairs: 1176
Val:1 0 0
Total Pair: 0,False Span: 0,True Predict: 0
Ture Postive: 0,True Pairs Extracted: 0,True Pairs: 349
Test:1 0 0
is about:
Total Pair: 0,False Span: 0,True Predict: 0
Ture Postive: 0,True Pairs Extracted: 0,True Pairs: 3064
Train:1 0 0
Total Pair: 0,False Span: 0,True Predict: 0
Ture Postive: 0,True Pairs Extracted: 0,True Pairs: 1145
Val:1 0 0
Total Pair: 0,False Span: 0,True Predict: 0
Ture Postive: 0,True Pairs Extracted: 0,True Pairs: 338
Test:1 0 0
Epoch 10
Train:
Target:
1 1
0 0
0 0
Val:
Target:
1 1
0 0
0 0
Train:
Agent:
0.523555 0.528359
0.406691 0.487049
0.457782 0.506864
Val:
Agent:
0.481065 0.485694
0.390205 0.461756
0.430898 0.473423
Train:
DSE:
0.582177 0.582177
0.233027 0.270408
0.332832  0.36929
Val:
DSE:
0.570122 0.570122
0.214135 0.246319
0.311334 0.344009
is from:
Total Pair: 2316,False Span: 1235,True Predict: 2247
Ture Postive: 735,True Pairs Extracted: 747,True Pairs: 3137
Train:0.327103   0.2343 0.273031
Total Pair: 801,False Span: 432,True Predict: 787
Ture Postive: 266,True Pairs Extracted: 267,True Pairs: 1176
Val:0.337992  0.22619 0.271014
Total Pair: 246,False Span: 145,True Predict: 239
Ture Postive: 67,True Pairs Extracted: 67,True Pairs: 349
Test:0.280335 0.191977 0.227891
is about:
Total Pair: 0,False Span: 0,True Predict: 0
Ture Postive: 0,True Pairs Extracted: 0,True Pairs: 3064
Train:1 0 0
Total Pair: 0,False Span: 0,True Predict: 0
Ture Postive: 0,True Pairs Extracted: 0,True Pairs: 1145
Val:1 0 0
Total Pair: 0,False Span: 0,True Predict: 0
Ture Postive: 0,True Pairs Extracted: 0,True Pairs: 338
Test:1 0 0
Epoch 15
Train:
Target:
1 1
0 0
0 0
Val:
Target:
1 1
0 0
0 0
Train:
Agent:
0.703422 0.705586
0.327772 0.369025
0.447175 0.484602
Val:
Agent:
0.669906 0.671582
0.311801 0.351983
0.425539 0.461886
Train:
DSE:
0.594284 0.602564
0.291065 0.331378
0.390751 0.427599
Val:
DSE:
0.587417 0.592053
0.262115 0.297189
0.362484 0.395734
is from:
Total Pair: 2001,False Span: 854,True Predict: 1791
Ture Postive: 726,True Pairs Extracted: 777,True Pairs: 3137
Train: 0.40536 0.231431 0.294643
Total Pair: 653,False Span: 280,True Predict: 589
Ture Postive: 231,True Pairs Extracted: 250,True Pairs: 1176
Val: 0.39219 0.196429 0.261756
Total Pair: 251,False Span: 98,True Predict: 217
Ture Postive: 84,True Pairs Extracted: 92,True Pairs: 349
Test:0.387097 0.240688  0.29682
is about:
Total Pair: 0,False Span: 0,True Predict: 0
Ture Postive: 0,True Pairs Extracted: 0,True Pairs: 3064
Train:1 0 0
Total Pair: 0,False Span: 0,True Predict: 0
Ture Postive: 0,True Pairs Extracted: 0,True Pairs: 1145
Val:1 0 0
Total Pair: 0,False Span: 0,True Predict: 0
Ture Postive: 0,True Pairs Extracted: 0,True Pairs: 338
Test:1 0 0
Epoch 20
Train:
Target:
1 1
0 0
0 0
Val:
Target:
1 1
0 0
0 0
Train:
Agent:
0.714462 0.716473
0.369319 0.405073
0.486934 0.517543
Val:
Agent:
0.684309 0.684932
 0.34375 0.381728
0.457622 0.490236
Train:
DSE:
0.429299 0.467213
0.633556 0.697704
0.511801 0.559656
Val:
DSE:
0.428753 0.466887
0.606125 0.667336
0.502239 0.549399
is from:
Total Pair: 4153,False Span: 1228,True Predict: 2295
Ture Postive: 800,True Pairs Extracted: 1147,True Pairs: 3137
Train:0.348584 0.255021 0.294551
Total Pair: 1490,False Span: 481,True Predict: 847
Ture Postive: 266,True Pairs Extracted: 377,True Pairs: 1176
Val: 0.31405  0.22619 0.262976
Total Pair: 490,False Span: 138,True Predict: 249
Ture Postive: 77,True Pairs Extracted: 116,True Pairs: 349
Test:0.309237  0.22063 0.257525
is about:
Total Pair: 0,False Span: 0,True Predict: 0
Ture Postive: 0,True Pairs Extracted: 0,True Pairs: 3064
Train:1 0 0
Total Pair: 0,False Span: 0,True Predict: 0
Ture Postive: 0,True Pairs Extracted: 0,True Pairs: 1145
Val:1 0 0
Total Pair: 0,False Span: 0,True Predict: 0
Ture Postive: 0,True Pairs Extracted: 0,True Pairs: 338
Test:1 0 0
Epoch 25
Train:
Target:
1 1
0 0
0 0
Val:
Target:
1 1
0 0
0 0
Train:
Agent:
0.704931 0.708333
0.400915 0.444593
0.511133 0.546297
Val:
Agent:
0.674036 0.675737
0.378257 0.417139
0.484578 0.515843
Train:
DSE:
0.589006  0.60463
0.452607 0.510459
0.511876 0.553568
Val:
DSE:
0.571996 0.587276
0.423037 0.475904
0.486367 0.525756
is from:
Total Pair: 3084,False Span: 1133,True Predict: 2330
Ture Postive: 875,True Pairs Extracted: 1100,True Pairs: 3137
Train:0.375536 0.278929 0.320102
Total Pair: 1063,False Span: 412,True Predict: 807
Ture Postive: 291,True Pairs Extracted: 355,True Pairs: 1176
Val:0.360595 0.247449 0.293495
Total Pair: 367,False Span: 134,True Predict: 258
Ture Postive: 86,True Pairs Extracted: 119,True Pairs: 349
Test:0.333333 0.246418 0.283361
is about:
Total Pair: 0,False Span: 0,True Predict: 0
Ture Postive: 0,True Pairs Extracted: 0,True Pairs: 3064
Train:1 0 0
Total Pair: 0,False Span: 0,True Predict: 0
Ture Postive: 0,True Pairs Extracted: 0,True Pairs: 1145
Val:1 0 0
Total Pair: 0,False Span: 0,True Predict: 0
Ture Postive: 0,True Pairs Extracted: 0,True Pairs: 338
Test:1 0 0
Epoch 30
Train:
Target:
0.307707   0.3099
0.203689 0.488316
0.245119 0.379168
Val:
Target:
0.311964 0.315113
0.203585 0.443833
0.246383 0.368557
Train:
Agent:
0.618037 0.629462
0.536206 0.578104
0.574221 0.602691
Val:
Agent:
0.569858 0.580572
0.495869 0.538244
0.530295 0.558607
Train:
DSE:
0.597883 0.625579
0.489988  0.55051
0.538585 0.585649
Val:
DSE:
0.584162  0.61309
0.441265 0.494645
0.502757 0.547535
is from:
Total Pair: 4184,False Span: 1284,True Predict: 2570
Ture Postive: 914,True Pairs Extracted: 1334,True Pairs: 3137
Train:0.355642 0.291361 0.320308
Total Pair: 1417,False Span: 480,True Predict: 880
Ture Postive: 285,True Pairs Extracted: 425,True Pairs: 1176
Val:0.323864 0.242347 0.277237
Total Pair: 450,False Span: 131,True Predict: 251
Ture Postive: 81,True Pairs Extracted: 133,True Pairs: 349
Test:0.322709 0.232092     0.27
is about:
Total Pair: 7646,False Span: 1013,True Predict: 1361
Ture Postive: 198,True Pairs Extracted: 1453,True Pairs: 3064
Train: 0.145481 0.0646214 0.0894915
Total Pair: 2671,False Span: 367,True Predict: 471
Ture Postive: 54,True Pairs Extracted: 438,True Pairs: 1145
Val:  0.11465 0.0471616 0.0668317
Total Pair: 760,False Span: 103,True Predict: 133
Ture Postive: 17,True Pairs Extracted: 134,True Pairs: 338
Test:  0.12782 0.0502959 0.0721868
Epoch 35
Train:
Target:
0.146044 0.228375
0.804892 0.875674
0.247229  0.36227
Val:
Target:
0.133019 0.213472
0.797555 0.869599
0.228009 0.342794
Train:
Agent:
0.658219 0.666562
0.509342 0.554072
0.574288 0.605134
Val:
Agent:
0.604253 0.612795
0.470403 0.510623
0.528992 0.557063
Train:
DSE:
0.606593  0.62858
0.484695 0.536735
0.538836 0.579038
Val:
DSE:
0.587294 0.609572
0.438019 0.482597
 0.50179 0.538703
is from:
Total Pair: 3871,False Span: 1308,True Predict: 2693
Ture Postive: 991,True Pairs Extracted: 1326,True Pairs: 3137
Train:0.367991 0.315907 0.339966
Total Pair: 1325,False Span: 504,True Predict: 929
Ture Postive: 311,True Pairs Extracted: 415,True Pairs: 1176
Val:0.334769 0.264456 0.295487
Total Pair: 429,False Span: 139,True Predict: 269
Ture Postive: 91,True Pairs Extracted: 136,True Pairs: 349
Test: 0.33829 0.260745 0.294498
is about:
Total Pair: 8010,False Span: 5017,True Predict: 7233
Ture Postive: 1369,True Pairs Extracted: 1575,True Pairs: 3064
Train:0.189271 0.446802 0.265903
Total Pair: 2884,False Span: 1901,True Predict: 2653
Ture Postive: 468,True Pairs Extracted: 538,True Pairs: 1145
Val:0.176404 0.408734 0.246445
Total Pair: 885,False Span: 608,True Predict: 802
Ture Postive: 131,True Pairs Extracted: 158,True Pairs: 338
Test:0.163342 0.387574 0.229825
Epoch 40
Train:
Target:
0.276209 0.293492
0.413615 0.632415
0.331227 0.400923
Val:
Target:
 0.27329 0.299104
0.433589 0.615868
0.335264 0.402654
Train:
Agent:
0.628236 0.640395
0.552985  0.59279
0.588214 0.615674
Val:
Agent:
0.577666 0.590433
 0.51292   0.5517
0.543371  0.57041
Train:
DSE:
  0.5945 0.621135
0.529757 0.590051
0.560264 0.605194
Val:
DSE:
0.574403 0.602002
0.472423  0.52075
0.518446 0.558436
is from:
Total Pair: 4501,False Span: 1382,True Predict: 2758
Ture Postive: 969,True Pairs Extracted: 1448,True Pairs: 3137
Train:0.351342 0.308894 0.328753
Total Pair: 1586,False Span: 546,True Predict: 971
Ture Postive: 299,True Pairs Extracted: 448,True Pairs: 1176
Val: 0.30793 0.254252 0.278528
Total Pair: 516,False Span: 160,True Predict: 289
Ture Postive: 92,True Pairs Extracted: 149,True Pairs: 349
Test:0.318339  0.26361 0.288401
is about:
Total Pair: 11870,False Span: 149,True Predict: 186
Ture Postive: 23,True Pairs Extracted: 2069,True Pairs: 3064
Train:  0.123656 0.00750653  0.0141538
Total Pair: 3934,False Span: 36,True Predict: 45
Ture Postive: 6,True Pairs Extracted: 650,True Pairs: 1145
Val:  0.133333 0.00524017   0.010084
Total Pair: 1238,False Span: 23,True Predict: 25
Ture Postive: 1,True Pairs Extracted: 189,True Pairs: 338
Test:      0.04 0.00295858 0.00550964
Epoch 45
Train:
Target:
0.392711  0.39505
0.090772 0.292391
 0.14746 0.336055
Val:
Target:
 0.381067  0.382979
0.0859091  0.258445
 0.140209  0.308622
Train:
Agent:
0.697901 0.706446
0.462075 0.501202
0.556016 0.586383
Val:
Agent:
0.650693  0.65723
0.420395 0.453966
0.510786 0.537007
Train:
DSE:
0.608628 0.636442
0.508068 0.568367
 0.55382 0.600481
Val:
DSE:
0.588322 0.615954
0.448036 0.496653
0.508685 0.549908
is from:
Total Pair: 3407,False Span: 1020,True Predict: 2190
Ture Postive: 847,True Pairs Extracted: 1203,True Pairs: 3137
Train:0.386758 0.270003 0.318003
Total Pair: 1147,False Span: 394,True Predict: 768
Ture Postive: 271,True Pairs Extracted: 368,True Pairs: 1176
Val:0.352865 0.230442 0.278807
Total Pair: 363,False Span: 104,True Predict: 210
Ture Postive: 76,True Pairs Extracted: 118,True Pairs: 349
Test:0.361905 0.217765 0.271914
is about:
Total Pair: 3786,False Span: 56,True Predict: 78
Ture Postive: 13,True Pairs Extracted: 874,True Pairs: 3064
Train:  0.166667 0.00424282 0.00827498
Total Pair: 1269,False Span: 23,True Predict: 34
Ture Postive: 3,True Pairs Extracted: 246,True Pairs: 1145
Val: 0.0882353 0.00262009 0.00508906
Total Pair: 467,False Span: 12,True Predict: 14
Ture Postive: 2,True Pairs Extracted: 83,True Pairs: 338
Test:  0.142857 0.00591716  0.0113636
Epoch 50
Train:
Target:
0.288955 0.316293
0.396067 0.598562
0.334137 0.413882
Val:
Target:
0.285687 0.319411
0.400481 0.591516
0.333482 0.414823
Train:
Agent:
0.661837 0.671956
0.533683 0.573031
0.590891 0.618563
Val:
Agent:
0.613174 0.620066
  0.4859 0.526912
0.542167 0.569706
Train:
DSE:
0.578977 0.609744
0.569779 0.633418
0.574342 0.621356
Val:
DSE:
0.546576  0.57551
0.508395 0.562918
0.526795 0.569145
is from:
Total Pair: 4558,False Span: 1396,True Predict: 2782
Ture Postive: 971,True Pairs Extracted: 1463,True Pairs: 3137
Train:0.349029 0.309531 0.328096
Total Pair: 1642,False Span: 583,True Predict: 1028
Ture Postive: 309,True Pairs Extracted: 458,True Pairs: 1176
Val:0.300584 0.262755 0.280399
Total Pair: 528,False Span: 171,True Predict: 304
Ture Postive: 95,True Pairs Extracted: 151,True Pairs: 349
Test:  0.3125 0.272206 0.290965
is about:
Total Pair: 10309,False Span: 861,True Predict: 1309
Ture Postive: 287,True Pairs Extracted: 1869,True Pairs: 3064
Train: 0.219251 0.0936684   0.13126
Total Pair: 3557,False Span: 314,True Predict: 440
Ture Postive: 79,True Pairs Extracted: 588,True Pairs: 1145
Val: 0.179545 0.0689956 0.0996845
Total Pair: 1130,False Span: 124,True Predict: 175
Ture Postive: 37,True Pairs Extracted: 185,True Pairs: 338
Test:0.211429 0.109467  0.14425
Epoch 55
Train:
Target:
0.282452 0.302449
0.399532 0.626123
0.330942 0.407874
Val:
Target:
0.273398 0.298682
0.399891  0.60487
0.324762 0.399897
Train:
Agent:
0.681635 0.692103
0.505129 0.543391
0.580256 0.608797
Val:
Agent:
0.636983 0.646353
0.454521 0.491501
0.530501  0.55839
Train:
DSE:
0.573094 0.602906
0.584062 0.646429
0.578526 0.623909
Val:
DSE:
0.540135 0.568575
0.514341 0.568273
0.526923 0.568424
is from:
Total Pair: 4366,False Span: 1383,True Predict: 2760
Ture Postive: 973,True Pairs Extracted: 1423,True Pairs: 3137
Train:0.352536 0.310169 0.329998
Total Pair: 1503,False Span: 543,True Predict: 978
Ture Postive: 310,True Pairs Extracted: 438,True Pairs: 1176
Val:0.316973 0.263605 0.287837
Total Pair: 488,False Span: 164,True Predict: 293
Ture Postive: 93,True Pairs Extracted: 145,True Pairs: 349
Test:0.317406 0.266476  0.28972
is about:
Total Pair: 11830,False Span: 1429,True Predict: 2013
Ture Postive: 381,True Pairs Extracted: 2046,True Pairs: 3064
Train: 0.18927 0.124347 0.150089
Total Pair: 4089,False Span: 496,True Predict: 671
Ture Postive: 110,True Pairs Extracted: 648,True Pairs: 1145
Val: 0.163934 0.0960699  0.121145
Total Pair: 1373,False Span: 212,True Predict: 277
Ture Postive: 43,True Pairs Extracted: 203,True Pairs: 338
Test:0.155235 0.127219 0.139837
Epoch 60
Train:
Target:
0.296028 0.325056
0.411215 0.607849
0.344241 0.423591
Val:
Target:
 0.29195 0.329295
0.407699 0.585232
 0.34025 0.421451
Train:
Agent:
 0.70582 0.715693
0.476965 0.511081
0.569252 0.596324
Val:
Agent:
0.647381  0.65475
0.419449 0.449717
0.509066 0.533202
Train:
DSE:
 0.59105 0.619715
0.558219 0.620153
0.574165 0.619934
Val:
DSE:
0.554813 0.584052
0.489799 0.541499
0.520283 0.561971
is from:
Total Pair: 3821,False Span: 1138,True Predict: 2384
Ture Postive: 898,True Pairs Extracted: 1317,True Pairs: 3137
Train:0.376678 0.286261 0.325303
Total Pair: 1302,False Span: 464,True Predict: 853
Ture Postive: 282,True Pairs Extracted: 393,True Pairs: 1176
Val:0.330598 0.239796 0.277969
Total Pair: 408,False Span: 120,True Predict: 238
Ture Postive: 85,True Pairs Extracted: 131,True Pairs: 349
Test:0.357143 0.243553 0.289608
is about:
Total Pair: 9562,False Span: 1169,True Predict: 1720
Ture Postive: 350,True Pairs Extracted: 1773,True Pairs: 3064
Train:0.203488  0.11423 0.146321
Total Pair: 3251,False Span: 417,True Predict: 588
Ture Postive: 104,True Pairs Extracted: 559,True Pairs: 1145
Val: 0.176871 0.0908297  0.120023
Total Pair: 1075,False Span: 173,True Predict: 237
Ture Postive: 45,True Pairs Extracted: 178,True Pairs: 338
Test:0.189873 0.133136 0.156522
Epoch 65
Train:
Target:
0.332005 0.353832
0.330729 0.526363
0.331366 0.423188
Val:
Target:
0.322353 0.348785
0.312152 0.492537
0.317171  0.40838
Train:
Agent:
0.680936 0.692743
0.511266  0.54526
0.584027 0.610217
Val:
Agent:
0.625662 0.634736
0.455826 0.492918
0.527408 0.554909
Train:
DSE:
0.564853 0.597448
0.597384 0.657653
0.580663 0.626106
Val:
DSE:
0.530385 0.561892
0.523304 0.576305
0.526821 0.569008
is from:
Total Pair: 4511,False Span: 1411,True Predict: 2794
Ture Postive: 965,True Pairs Extracted: 1442,True Pairs: 3137
Train:0.345383 0.307619 0.325409
Total Pair: 1595,False Span: 583,True Predict: 1006
Ture Postive: 298,True Pairs Extracted: 442,True Pairs: 1176
Val:0.296223 0.253401 0.273144
Total Pair: 471,False Span: 154,True Predict: 286
Ture Postive: 94,True Pairs Extracted: 143,True Pairs: 349
Test:0.328671 0.269341 0.296063
is about:
Total Pair: 9146,False Span: 1075,True Predict: 1575
Ture Postive: 325,True Pairs Extracted: 1724,True Pairs: 3064
Train:0.206349  0.10607 0.140116
Total Pair: 3118,False Span: 382,True Predict: 525
Ture Postive: 80,True Pairs Extracted: 526,True Pairs: 1145
Val: 0.152381  0.069869 0.0958084
Total Pair: 1052,False Span: 172,True Predict: 227
Ture Postive: 37,True Pairs Extracted: 168,True Pairs: 338
Test:0.162996 0.109467 0.130973
Epoch 70
Train:
Target:
0.306884 0.336401
0.406694 0.592271
0.349809 0.429087
Val:
Target:
0.305237 0.342364
0.394528 0.564022
0.344186 0.426089
Train:
Agent:
0.661484 0.674354
 0.54189 0.575968
0.595744  0.62129
Val:
Agent:
0.602613 0.614694
0.488844 0.525496
0.539799 0.566606
Train:
DSE:
0.552995 0.588158
 0.62225 0.683418
0.585582  0.63222
Val:
DSE:
0.513418 0.547912
0.542916 0.594378
0.527755 0.570199
is from:
Total Pair: 4962,False Span: 1534,True Predict: 2955
Ture Postive: 997,True Pairs Extracted: 1533,True Pairs: 3137
Train:0.337394  0.31782 0.327315
Total Pair: 1767,False Span: 631,True Predict: 1077
Ture Postive: 314,True Pairs Extracted: 478,True Pairs: 1176
Val:0.291551 0.267007 0.278739
Total Pair: 574,False Span: 181,True Predict: 325
Ture Postive: 106,True Pairs Extracted: 167,True Pairs: 349
Test:0.326154 0.303725  0.31454
is about:
Total Pair: 10588,False Span: 1491,True Predict: 2129
Ture Postive: 406,True Pairs Extracted: 1875,True Pairs: 3064
Train:  0.1907 0.132507 0.156364
Total Pair: 3577,False Span: 534,True Predict: 722
Ture Postive: 108,True Pairs Extracted: 590,True Pairs: 1145
Val: 0.149584 0.0943231  0.115694
Total Pair: 1279,False Span: 224,True Predict: 294
Ture Postive: 46,True Pairs Extracted: 191,True Pairs: 338
Test:0.156463 0.136095  0.14557
Epoch 75
Train:
Target:
0.311884 0.338553
0.387037 0.578191
 0.34542 0.427051
Val:
Target:
0.305313 0.339037
0.372967 0.544383
0.335766 0.417844
Train:
Agent:
0.654285 0.666968
0.551115 0.582911
0.598285 0.622113
Val:
Agent:
0.600314 0.613162
0.495596 0.532578
0.542952 0.570036
Train:
DSE:
0.561226 0.594357
0.611804 0.672704
0.585424 0.631108
Val:
DSE:
0.523377 0.556396
0.533423 0.587015
0.528352 0.571295
is from:
Total Pair: 4962,False Span: 1565,True Predict: 3002
Ture Postive: 1010,True Pairs Extracted: 1536,True Pairs: 3137
Train:0.336442 0.321964 0.329044
Total Pair: 1785,False Span: 643,True Predict: 1105
Ture Postive: 322,True Pairs Extracted: 483,True Pairs: 1176
Val:0.291403  0.27381 0.282332
Total Pair: 574,False Span: 191,True Predict: 338
Ture Postive: 105,True Pairs Extracted: 166,True Pairs: 349
Test:0.310651  0.30086 0.305677
is about:
Total Pair: 10234,False Span: 1361,True Predict: 1937
Ture Postive: 369,True Pairs Extracted: 1847,True Pairs: 3064
Train:0.190501 0.120431  0.14757
Total Pair: 3436,False Span: 483,True Predict: 656
Ture Postive: 100,True Pairs Extracted: 574,True Pairs: 1145
Val: 0.152439 0.0873362  0.111049
Total Pair: 1208,False Span: 214,True Predict: 277
Ture Postive: 42,True Pairs Extracted: 185,True Pairs: 338
Test:0.151625  0.12426 0.136585
Epoch 80
Train:
Target:
0.280206 0.318086
0.484512 0.655183
0.355067 0.428257
Val:
Target:
0.268595 0.314827
0.474687 0.622152
0.343069 0.418089
Train:
Agent:
0.649568 0.662992
0.556712 0.587717
0.599566 0.623089
Val:
Agent:
0.587676 0.601404
 0.50275 0.536119
0.541906 0.566888
Train:
DSE:
0.574942 0.605106
0.584773 0.646429
0.579816 0.625085
Val:
DSE:
 0.53831 0.567586
0.510738  0.56091
0.524162 0.564228
is from:
Total Pair: 4788,False Span: 1548,True Predict: 2996
Ture Postive: 1013,True Pairs Extracted: 1507,True Pairs: 3137
Train:0.338117  0.32292 0.330344
Total Pair: 1730,False Span: 640,True Predict: 1097
Ture Postive: 316,True Pairs Extracted: 476,True Pairs: 1176
Val:0.288058 0.268707 0.278047
Total Pair: 544,False Span: 190,True Predict: 331
Ture Postive: 101,True Pairs Extracted: 159,True Pairs: 349
Test:0.305136 0.289398 0.297059
is about:
Total Pair: 10653,False Span: 1762,True Predict: 2479
Ture Postive: 463,True Pairs Extracted: 1900,True Pairs: 3064
Train:0.186769  0.15111 0.167058
Total Pair: 3628,False Span: 595,True Predict: 812
Ture Postive: 122,True Pairs Extracted: 581,True Pairs: 1145
Val:0.150246  0.10655 0.124681
Total Pair: 1207,False Span: 241,True Predict: 316
Ture Postive: 52,True Pairs Extracted: 190,True Pairs: 338
Test:0.164557 0.153846 0.159021
Epoch 85
Train:
Target:
0.281252 0.318235
0.481497 0.653685
0.355089 0.428071
Val:
Target:
 0.27152 0.317148
0.473754 0.622938
0.345199 0.420309
Train:
Agent:
0.683212 0.696016
0.510654 0.544726
0.584462 0.611147
Val:
Agent:
0.630256  0.64011
0.454178 0.489377
0.527922 0.554685
Train:
DSE:
0.582858 0.611874
0.572924 0.634949
0.577848 0.623198
Val:
DSE:
0.544518 0.572519
0.498249 0.548193
0.520357 0.560092
is from:
Total Pair: 4272,False Span: 1355,True Predict: 2717
Ture Postive: 964,True Pairs Extracted: 1419,True Pairs: 3137
Train:0.354803   0.3073 0.329347
Total Pair: 1458,False Span: 543,True Predict: 960
Ture Postive: 295,True Pairs Extracted: 430,True Pairs: 1176
Val:0.307292  0.25085 0.276217
Total Pair: 457,False Span: 149,True Predict: 278
Ture Postive: 92,True Pairs Extracted: 143,True Pairs: 349
Test:0.330935  0.26361 0.293461
is about:
Total Pair: 10362,False Span: 1743,True Predict: 2475
Ture Postive: 464,True Pairs Extracted: 1870,True Pairs: 3064
Train:0.187475 0.151436 0.167539
Total Pair: 3486,False Span: 599,True Predict: 809
Ture Postive: 121,True Pairs Extracted: 570,True Pairs: 1145
Val:0.149567 0.105677 0.123849
Total Pair: 1167,False Span: 242,True Predict: 317
Ture Postive: 53,True Pairs Extracted: 188,True Pairs: 338
Test:0.167192 0.156805 0.161832
Epoch 90
Train:
Target:
0.308016 0.335725
0.406212 0.598862
0.350363 0.430249
Val:
Target:
0.300767 0.336535
0.390347 0.558523
0.339752 0.420001
Train:
Agent:
0.678807 0.691928
0.518835 0.552203
0.588137 0.614219
Val:
Agent:
0.623076 0.635379
0.461844 0.495042
0.530479   0.5565
Train:
DSE:
0.562586 0.594545
 0.60718 0.668367
0.584033 0.629299
Val:
DSE:
0.526823 0.559333
0.528291 0.580321
0.527556 0.569634
is from:
Total Pair: 4587,False Span: 1452,True Predict: 2847
Ture Postive: 976,True Pairs Extracted: 1457,True Pairs: 3137
Train:0.342817 0.311125 0.326203
Total Pair: 1596,False Span: 580,True Predict: 1007
Ture Postive: 301,True Pairs Extracted: 451,True Pairs: 1176
Val:0.298908 0.255952 0.275767
Total Pair: 487,False Span: 155,True Predict: 293
Ture Postive: 99,True Pairs Extracted: 149,True Pairs: 349
Test:0.337884 0.283668 0.308411
is about:
Total Pair: 10493,False Span: 1574,True Predict: 2221
Ture Postive: 407,True Pairs Extracted: 1888,True Pairs: 3064
Train:0.183251 0.132833 0.154021
Total Pair: 3493,False Span: 559,True Predict: 748
Ture Postive: 104,True Pairs Extracted: 571,True Pairs: 1145
Val: 0.139037 0.0908297  0.109878
Total Pair: 1196,False Span: 229,True Predict: 298
Ture Postive: 47,True Pairs Extracted: 191,True Pairs: 338
Test:0.157718 0.139053 0.147799
Epoch 95
Train:
Target:
0.296719 0.330156
0.443401 0.619832
0.355525 0.430829
Val:
Target:
0.289862 0.332717
0.429521 0.587588
0.346135  0.42486
Train:
Agent:
0.676247 0.689453
 0.52459 0.556208
0.590842 0.615704
Val:
Agent:
0.622588 0.634991
0.465987 0.502125
0.533024 0.560795
Train:
DSE:
0.579663 0.611274
0.577433 0.638776
0.578546 0.624722
Val:
DSE:
0.544452 0.574278
0.504496 0.555556
0.523713 0.564762
is from:
Total Pair: 4384,False Span: 1328,True Predict: 2660
Ture Postive: 937,True Pairs Extracted: 1430,True Pairs: 3137
Train:0.352256 0.298693 0.323271
Total Pair: 1542,False Span: 542,True Predict: 962
Ture Postive: 299,True Pairs Extracted: 442,True Pairs: 1176
Val:0.310811 0.254252 0.279701
Total Pair: 474,False Span: 149,True Predict: 278
Ture Postive: 93,True Pairs Extracted: 145,True Pairs: 349
Test:0.334532 0.266476 0.296651
is about:
Total Pair: 9918,False Span: 1590,True Predict: 2298
Ture Postive: 440,True Pairs Extracted: 1829,True Pairs: 3064
Train:0.191471 0.143603 0.164118
Total Pair: 3360,False Span: 572,True Predict: 777
Ture Postive: 112,True Pairs Extracted: 561,True Pairs: 1145
Val: 0.144144 0.0978166  0.116545
Total Pair: 1131,False Span: 225,True Predict: 292
Ture Postive: 46,True Pairs Extracted: 179,True Pairs: 338
Test:0.157534 0.136095 0.146032
Epoch 100
Train:
Target:
0.298246 0.330008
0.437265 0.618933
0.354618 0.430486
Val:
Target:
  0.2923 0.332357
0.422214 0.586017
0.345447 0.424156
Train:
Agent:
 0.67735 0.690196
0.521249 0.554873
0.589134 0.615181
Val:
Agent:
0.623584 0.635874
0.463187 0.497875
0.531549 0.558476
Train:
DSE:
 0.56739 0.599071
0.599056 0.658929
0.582793 0.627576
Val:
DSE:
0.529305 0.560104
0.522914 0.574297
 0.52609 0.567112
is from:
Total Pair: 4527,False Span: 1401,True Predict: 2768
Ture Postive: 963,True Pairs Extracted: 1457,True Pairs: 3137
Train:0.347905 0.306981 0.326164
Total Pair: 1592,False Span: 573,True Predict: 999
Ture Postive: 303,True Pairs Extracted: 450,True Pairs: 1176
Val:0.303303 0.257653 0.278621
Total Pair: 498,False Span: 164,True Predict: 298
Ture Postive: 96,True Pairs Extracted: 149,True Pairs: 349
Test:0.322148 0.275072 0.296754
is about:
Total Pair: 10478,False Span: 1449,True Predict: 2052
Ture Postive: 389,True Pairs Extracted: 1880,True Pairs: 3064
Train:0.189571 0.126958 0.152072
Total Pair: 3584,False Span: 514,True Predict: 696
Ture Postive: 108,True Pairs Extracted: 581,True Pairs: 1145
Val: 0.155172 0.0943231  0.117328
Total Pair: 1208,False Span: 223,True Predict: 290
Ture Postive: 45,True Pairs Extracted: 190,True Pairs: 338
Test:0.155172 0.133136 0.143312
Epoch 105
Train:
Target:
0.331052 0.353858
0.341926 0.537747
0.336401 0.426839
Val:
Target:
0.319575 0.345953
  0.3275 0.508248
0.323489 0.411683
Train:
Agent:
0.676488 0.690127
0.524155 0.555674
0.590658 0.615645
Val:
Agent:
0.617543 0.631625
0.466156 0.503541
0.531276 0.560357
Train:
DSE:
0.575986 0.607186
0.585597 0.646173
0.580752 0.626073
Val:
DSE:
0.536559 0.566419
0.509349 0.558902
  0.5226 0.562636
is from:
Total Pair: 4445,False Span: 1389,True Predict: 2768
Ture Postive: 963,True Pairs Extracted: 1440,True Pairs: 3137
Train:0.347905 0.306981 0.326164
Total Pair: 1548,False Span: 560,True Predict: 985
Ture Postive: 295,True Pairs Extracted: 440,True Pairs: 1176
Val:0.299492  0.25085 0.273022
Total Pair: 474,False Span: 154,True Predict: 285
Ture Postive: 93,True Pairs Extracted: 146,True Pairs: 349
Test:0.326316 0.266476 0.293375
is about:
Total Pair: 8956,False Span: 1163,True Predict: 1673
Ture Postive: 338,True Pairs Extracted: 1711,True Pairs: 3064
Train:0.202032 0.110313 0.142706
Total Pair: 3110,False Span: 415,True Predict: 563
Ture Postive: 85,True Pairs Extracted: 522,True Pairs: 1145
Val: 0.150977 0.0742358 0.0995316
Total Pair: 1012,False Span: 175,True Predict: 230
Ture Postive: 36,True Pairs Extracted: 165,True Pairs: 338
Test:0.156522 0.106509 0.126761
Epoch 110
Train:
Target:
 0.30681 0.336416
0.407634 0.594967
0.350107 0.429805
Val:
Target:
0.299927 0.336687
0.392748  0.56088
0.340118 0.420784
Train:
Agent:
0.658418 0.671573
0.545565 0.576502
0.596703 0.620417
Val:
Agent:
0.598169 0.611928
0.487302 0.521246
0.537074 0.562959
Train:
DSE:
0.569568 0.601449
0.597307 0.657398
0.583108  0.62818
Val:
DSE:
0.530739 0.561805
0.521308 0.572289
0.525981 0.566999
is from:
Total Pair: 4750,False Span: 1476,True Predict: 2853
Ture Postive: 969,True Pairs Extracted: 1500,True Pairs: 3137
Train:0.339642 0.308894 0.323539
Total Pair: 1701,False Span: 605,True Predict: 1040
Ture Postive: 309,True Pairs Extracted: 467,True Pairs: 1176
Val:0.297115 0.262755 0.278881
Total Pair: 526,False Span: 174,True Predict: 312
Ture Postive: 99,True Pairs Extracted: 157,True Pairs: 349
Test:0.317308 0.283668 0.299546
is about:
Total Pair: 10030,False Span: 1622,True Predict: 2279
Ture Postive: 404,True Pairs Extracted: 1838,True Pairs: 3064
Train:0.177271 0.131854 0.151226
Total Pair: 3428,False Span: 577,True Predict: 766
Ture Postive: 103,True Pairs Extracted: 560,True Pairs: 1145
Val: 0.134465 0.0899563  0.107797
Total Pair: 1148,False Span: 235,True Predict: 302
Ture Postive: 46,True Pairs Extracted: 186,True Pairs: 338
Test:0.152318 0.136095  0.14375
Epoch 115
Train:
Target:
 0.29467 0.327083
0.439994 0.619832
0.352959 0.428204
Val:
Target:
0.290131 0.331868
0.424906 0.586803
0.344817 0.423963
Train:
Agent:
0.671721 0.685055
0.529052 0.561282
0.591911 0.617022
Val:
Agent:
0.618697 0.631441
0.471894 0.508499
0.535415  0.56334
Train:
DSE:
0.578922 0.610301
0.579136 0.641071
0.579029 0.625308
Val:
DSE:
0.543539 0.573288
0.505533 0.556894
0.523848 0.564972
is from:
Total Pair: 4456,False Span: 1396,True Predict: 2777
Ture Postive: 969,True Pairs Extracted: 1444,True Pairs: 3137
Train:0.348938 0.308894 0.327697
Total Pair: 1568,False Span: 562,True Predict: 997
Ture Postive: 302,True Pairs Extracted: 448,True Pairs: 1176
Val:0.302909 0.256803 0.277957
Total Pair: 482,False Span: 158,True Predict: 289
Ture Postive: 93,True Pairs Extracted: 145,True Pairs: 349
Test:0.321799 0.266476 0.291536
is about:
Total Pair: 10029,False Span: 1530,True Predict: 2183
Ture Postive: 413,True Pairs Extracted: 1832,True Pairs: 3064
Train:0.189189 0.134791 0.157423
Total Pair: 3418,False Span: 551,True Predict: 738
Ture Postive: 107,True Pairs Extracted: 566,True Pairs: 1145
Val: 0.144986 0.0934498  0.113648
Total Pair: 1152,False Span: 215,True Predict: 276
Ture Postive: 43,True Pairs Extracted: 180,True Pairs: 338
Test:0.155797 0.127219 0.140065
Epoch 120
Train:
Target:
0.290588 0.326287
0.459987 0.636609
0.356171 0.431443
Val:
Target:
0.278848 0.322684
0.448795 0.600943
0.343976 0.419898
Train:
Agent:
0.678368 0.691903
 0.52043  0.55247
0.588995 0.614375
Val:
Agent:
0.623634 0.636201
0.462144 0.498584
 0.53088 0.559048
Train:
DSE:
0.578378 0.609168
0.581394 0.643622
0.579882 0.625921
Val:
DSE:
0.540351 0.570068
0.505589 0.556894
0.522393 0.563404
is from:
Total Pair: 4373,False Span: 1364,True Predict: 2724
Ture Postive: 958,True Pairs Extracted: 1426,True Pairs: 3137
Train:0.351689 0.305387 0.326907
Total Pair: 1521,False Span: 541,True Predict: 962
Ture Postive: 296,True Pairs Extracted: 438,True Pairs: 1176
Val:0.307692 0.251701 0.276894
Total Pair: 460,False Span: 145,True Predict: 273
Ture Postive: 92,True Pairs Extracted: 143,True Pairs: 349
Test:0.336996  0.26361  0.29582
is about:
Total Pair: 10204,False Span: 1777,True Predict: 2504
Ture Postive: 452,True Pairs Extracted: 1854,True Pairs: 3064
Train:0.180511  0.14752 0.162356
Total Pair: 3465,False Span: 612,True Predict: 822
Ture Postive: 113,True Pairs Extracted: 566,True Pairs: 1145
Val: 0.13747  0.09869 0.114896
Total Pair: 1155,False Span: 241,True Predict: 313
Ture Postive: 49,True Pairs Extracted: 185,True Pairs: 338
Test: 0.15655  0.14497 0.150538
Epoch 125
Train:
Target:
0.298462  0.33093
0.432551 0.612043
0.353209 0.429584
Val:
Target:
0.292782 0.334957
0.419031 0.580518
0.344711 0.424804
Train:
Agent:
0.668369 0.681833
 0.53511 0.566889
0.594362 0.619071
Val:
Agent:
0.606699 0.620631
 0.47761 0.512748
0.534471 0.561555
Train:
DSE:
0.587545 0.615982
0.565953 0.626531
0.576547 0.621212
Val:
DSE:
0.549655 0.577555
0.489191 0.538153
0.517663 0.557158
is from:
Total Pair: 4397,False Span: 1396,True Predict: 2772
Ture Postive: 965,True Pairs Extracted: 1433,True Pairs: 3137
Train:0.348124 0.307619  0.32662
Total Pair: 1527,False Span: 563,True Predict: 988
Ture Postive: 298,True Pairs Extracted: 441,True Pairs: 1176
Val:0.301619 0.253401 0.275416
Total Pair: 476,False Span: 153,True Predict: 283
Ture Postive: 94,True Pairs Extracted: 148,True Pairs: 349
Test:0.332155 0.269341 0.297468
is about:
Total Pair: 9554,False Span: 1244,True Predict: 1797
Ture Postive: 357,True Pairs Extracted: 1788,True Pairs: 3064
Train:0.198664 0.116514 0.146883
Total Pair: 3229,False Span: 432,True Predict: 598
Ture Postive: 97,True Pairs Extracted: 539,True Pairs: 1145
Val: 0.162207 0.0847162  0.111302
Total Pair: 1087,False Span: 186,True Predict: 249
Ture Postive: 41,True Pairs Extracted: 175,True Pairs: 338
Test:0.164659 0.121302 0.139693
Epoch 130
Train:
Target:
0.281078 0.320024
0.489221 0.656381
0.357028 0.430267
Val:
Target:
0.273268 0.321026
0.476133 0.621367
0.347242 0.423337
Train:
Agent:
0.670318 0.683842
0.532648  0.56502
0.593605 0.618779
Val:
Agent:
0.607531 0.621668
0.474326 0.509207
0.532728 0.559846
Train:
DSE:
0.568707 0.600655
0.596491 0.656888
0.582268 0.627514
Val:
DSE:
0.531007  0.56291
0.521642 0.572289
0.526283 0.567561
is from:
Total Pair: 4630,False Span: 1440,True Predict: 2803
Ture Postive: 958,True Pairs Extracted: 1470,True Pairs: 3137
Train:0.341777 0.305387 0.322559
Total Pair: 1630,False Span: 578,True Predict: 1002
Ture Postive: 300,True Pairs Extracted: 454,True Pairs: 1176
Val:0.299401 0.255102 0.275482
Total Pair: 498,False Span: 160,True Predict: 295
Ture Postive: 97,True Pairs Extracted: 151,True Pairs: 349
Test:0.328814 0.277937 0.301242
is about:
Total Pair: 10770,False Span: 1927,True Predict: 2669
Ture Postive: 463,True Pairs Extracted: 1885,True Pairs: 3064
Train:0.173473  0.15111 0.161521
Total Pair: 3669,False Span: 673,True Predict: 908
Ture Postive: 130,True Pairs Extracted: 591,True Pairs: 1145
Val:0.143172 0.113537 0.126644
Total Pair: 1177,False Span: 261,True Predict: 333
Ture Postive: 50,True Pairs Extracted: 189,True Pairs: 338
Test: 0.15015 0.147929 0.149031
Epoch 135
Train:
Target:
0.308895 0.338449
0.403401 0.588975
0.349879 0.429875
Val:
Target:
 0.30292 0.340198
 0.38847 0.555381
0.340402 0.421938
Train:
Agent:
0.678698 0.692359
0.515956 0.547664
0.586242 0.611569
Val:
Agent:
0.621709 0.634806
0.459264 0.494334
0.528281 0.555832
Train:
DSE:
0.585339 0.614888
0.570935 0.631888
0.578047 0.623272
Val:
DSE:
0.547075 0.576462
0.493396 0.543507
0.518851   0.5595
is from:
Total Pair: 4238,False Span: 1337,True Predict: 2688
Ture Postive: 948,True Pairs Extracted: 1397,True Pairs: 3137
Train:0.352679   0.3022 0.325494
Total Pair: 1470,False Span: 531,True Predict: 947
Ture Postive: 292,True Pairs Extracted: 428,True Pairs: 1176
Val:0.308342 0.248299 0.275082
Total Pair: 446,False Span: 141,True Predict: 268
Ture Postive: 91,True Pairs Extracted: 141,True Pairs: 349
Test:0.339552 0.260745 0.294976
is about:
Total Pair: 9396,False Span: 1472,True Predict: 2093
Ture Postive: 387,True Pairs Extracted: 1771,True Pairs: 3064
Train:0.184902 0.126305 0.150087
Total Pair: 3158,False Span: 515,True Predict: 695
Ture Postive: 100,True Pairs Extracted: 533,True Pairs: 1145
Val: 0.143885 0.0873362  0.108696
Total Pair: 1085,False Span: 212,True Predict: 275
Ture Postive: 42,True Pairs Extracted: 178,True Pairs: 338
Test:0.152727  0.12426 0.137031
Epoch 140
Train:
Target:
0.279794 0.320977
 0.49653 0.660875
0.357907 0.432093
Val:
Target:
0.270068 0.318919
 0.48439 0.630008
0.346787 0.423471
Train:
Agent:
0.680244 0.692945
0.516349   0.5498
0.587072 0.613128
Val:
Agent:
0.625753 0.637353
0.458074 0.494334
0.528943 0.556806
Train:
DSE:
0.587241 0.615884
0.567548 0.628571
0.577226 0.622163
Val:
DSE:
    0.55 0.578236
0.491109 0.541499
0.518889 0.559265
is from:
Total Pair: 4242,False Span: 1331,True Predict: 2683
Ture Postive: 956,True Pairs Extracted: 1407,True Pairs: 3137
Train:0.356318  0.30475 0.328522
Total Pair: 1465,False Span: 531,True Predict: 946
Ture Postive: 294,True Pairs Extracted: 429,True Pairs: 1176
Val:0.310782     0.25 0.277097
Total Pair: 461,False Span: 148,True Predict: 274
Ture Postive: 91,True Pairs Extracted: 143,True Pairs: 349
Test:0.332117 0.260745 0.292135
is about:
Total Pair: 10067,False Span: 1441,True Predict: 2079
Ture Postive: 412,True Pairs Extracted: 1845,True Pairs: 3064
Train:0.198172 0.134465 0.160218
Total Pair: 3447,False Span: 494,True Predict: 683
Ture Postive: 117,True Pairs Extracted: 565,True Pairs: 1145
Val:0.171303 0.102183 0.128009
Total Pair: 1121,False Span: 200,True Predict: 274
Ture Postive: 48,True Pairs Extracted: 183,True Pairs: 338
Test:0.175182 0.142012 0.156863
Epoch 145
Train:
Target:
0.292571  0.32721
0.455207 0.632115
0.356203 0.431208
Val:
Target:
0.283784 0.326958
 0.44389   0.5978
0.346224 0.422717
Train:
Agent:
0.668537 0.682063
0.534802 0.566622
0.594238 0.619006
Val:
Agent:
0.606779 0.621044
  0.4777  0.51204
0.534558 0.561298
Train:
DSE:
0.570577 0.600604
 0.59784 0.659184
 0.58389 0.628532
Val:
DSE:
0.530093 0.559035
0.519567 0.570281
0.524778 0.564602
is from:
Total Pair: 4679,False Span: 1483,True Predict: 2877
Ture Postive: 981,True Pairs Extracted: 1486,True Pairs: 3137
Train: 0.34098 0.312719 0.326239
Total Pair: 1648,False Span: 602,True Predict: 1039
Ture Postive: 311,True Pairs Extracted: 460,True Pairs: 1176
Val:0.299326 0.264456 0.280813
Total Pair: 510,False Span: 167,True Predict: 308
Ture Postive: 101,True Pairs Extracted: 155,True Pairs: 349
Test:0.327922 0.289398 0.307458
is about:
Total Pair: 10515,False Span: 1517,True Predict: 2149
Ture Postive: 407,True Pairs Extracted: 1876,True Pairs: 3064
Train: 0.18939 0.132833 0.156148
Total Pair: 3561,False Span: 517,True Predict: 713
Ture Postive: 113,True Pairs Extracted: 572,True Pairs: 1145
Val:0.158485  0.09869 0.121636
Total Pair: 1190,False Span: 222,True Predict: 290
Ture Postive: 45,True Pairs Extracted: 186,True Pairs: 338
Test:0.155172 0.133136 0.143312
Epoch 150
Train:
Target:
0.297084 0.329329
0.435385 0.615039
0.353178 0.428965
Val:
Target:
0.293204 0.334946
0.421389 0.584446
0.345799 0.425842
Train:
Agent:
0.675849 0.689364
 0.52569  0.55781
0.591387 0.616649
Val:
Agent:
0.619093 0.631858
0.465485 0.501416
0.531411  0.55913
Train:
DSE:
 0.56948 0.601454
0.595709 0.655612
0.582299 0.627367
Val:
DSE:
0.531048 0.562992
0.520973  0.57162
0.525962 0.567273
is from:
Total Pair: 4537,False Span: 1422,True Predict: 2800
Ture Postive: 971,True Pairs Extracted: 1457,True Pairs: 3137
Train:0.346786 0.309531 0.327101
Total Pair: 1587,False Span: 567,True Predict: 995
Ture Postive: 301,True Pairs Extracted: 449,True Pairs: 1176
Val:0.302513 0.255952 0.277292
Total Pair: 484,False Span: 157,True Predict: 289
Ture Postive: 95,True Pairs Extracted: 146,True Pairs: 349
Test: 0.32872 0.272206 0.297806
is about:
Total Pair: 10245,False Span: 1733,True Predict: 2447
Ture Postive: 439,True Pairs Extracted: 1845,True Pairs: 3064
Train:0.179403 0.143277 0.159318
Total Pair: 3503,False Span: 620,True Predict: 828
Ture Postive: 113,True Pairs Extracted: 574,True Pairs: 1145
Val:0.136473  0.09869 0.114546
Total Pair: 1157,False Span: 246,True Predict: 316
Ture Postive: 49,True Pairs Extracted: 182,True Pairs: 338
Test:0.155063  0.14497 0.149847
Epoch 155
Train:
Target:
0.320516  0.34728
0.374549  0.56411
0.345432 0.429902
Val:
Target:
0.311446 0.346072
0.358272 0.526316
0.333222 0.417574
Train:
Agent:
0.683861 0.696207
0.510341 0.544459
0.584494 0.611053
Val:
Agent:
0.629798  0.64011
0.452491 0.489377
0.526621 0.554685
Train:
DSE:
0.583414   0.6125
 0.57467  0.63699
0.579009 0.624505
Val:
DSE:
0.541759 0.570637
0.497412 0.547523
0.518639 0.558841
is from:
Total Pair: 4267,False Span: 1368,True Predict: 2738
Ture Postive: 966,True Pairs Extracted: 1415,True Pairs: 3137
Train:0.352812 0.307938 0.328851
Total Pair: 1473,False Span: 545,True Predict: 962
Ture Postive: 292,True Pairs Extracted: 428,True Pairs: 1176
Val:0.303534 0.248299 0.273152
Total Pair: 458,False Span: 150,True Predict: 280
Ture Postive: 93,True Pairs Extracted: 144,True Pairs: 349
Test:0.332143 0.266476 0.295707
is about:
Total Pair: 9083,False Span: 1257,True Predict: 1794
Ture Postive: 347,True Pairs Extracted: 1726,True Pairs: 3064
Train:0.193423 0.113251 0.142857
Total Pair: 3029,False Span: 433,True Predict: 586
Ture Postive: 87,True Pairs Extracted: 516,True Pairs: 1145
Val: 0.148464 0.0759825   0.10052
Total Pair: 1031,False Span: 177,True Predict: 233
Ture Postive: 37,True Pairs Extracted: 170,True Pairs: 338
Test:0.158798 0.109467 0.129597
Epoch 160
Train:
Target:
0.277426 0.318842
0.502644 0.666866
0.357523 0.431416
Val:
Target:
0.267782 0.316528
0.490039 0.636292
0.346318 0.422754
Train:
Agent:
0.655945 0.669205
0.549321 0.579706
0.597917 0.621249
Val:
Agent:
0.591012 0.605136
0.489692 0.524079
0.535602 0.561699
Train:
DSE:
0.569869 0.599953
0.597231 0.658418
0.583229 0.627828
Val:
DSE:
0.531206 0.560864
0.519656  0.57095
0.525368 0.565862
is from:
Total Pair: 4798,False Span: 1539,True Predict: 2972
Ture Postive: 1000,True Pairs Extracted: 1510,True Pairs: 3137
Train:0.336474 0.318776 0.327386
Total Pair: 1708,False Span: 638,True Predict: 1089
Ture Postive: 314,True Pairs Extracted: 472,True Pairs: 1176
Val:0.288338 0.267007 0.277263
Total Pair: 542,False Span: 184,True Predict: 330
Ture Postive: 105,True Pairs Extracted: 161,True Pairs: 349
Test:0.318182  0.30086 0.309278
is about:
Total Pair: 10941,False Span: 1651,True Predict: 2340
Ture Postive: 446,True Pairs Extracted: 1926,True Pairs: 3064
Train:0.190598 0.145561 0.165063
Total Pair: 3746,False Span: 568,True Predict: 784
Ture Postive: 125,True Pairs Extracted: 594,True Pairs: 1145
Val:0.159439  0.10917 0.129601
Total Pair: 1201,False Span: 238,True Predict: 315
Ture Postive: 50,True Pairs Extracted: 192,True Pairs: 338
Test: 0.15873 0.147929 0.153139
Epoch 165
Train:
Target:
0.293152 0.327904
0.448339 0.623727
0.354506 0.429836
Val:
Target:
0.285626 0.329039
0.437624 0.591516
0.345653 0.422858
Train:
Agent:
0.674092 0.687722
0.528553 0.560481
0.592517 0.617616
Val:
Agent:
 0.61432 0.628947
 0.46817 0.504958
0.531379 0.560173
Train:
DSE:
0.586358 0.614791
0.568363 0.629337
 0.57722 0.621979
Val:
DSE:
0.547427 0.575071
0.491756  0.54083
  0.5181 0.557425
is from:
Total Pair: 4362,False Span: 1385,True Predict: 2754
Ture Postive: 962,True Pairs Extracted: 1429,True Pairs: 3137
Train: 0.34931 0.306662   0.3266
Total Pair: 1497,False Span: 550,True Predict: 967
Ture Postive: 296,True Pairs Extracted: 432,True Pairs: 1176
Val:0.306101 0.251701 0.276248
Total Pair: 469,False Span: 147,True Predict: 277
Ture Postive: 94,True Pairs Extracted: 147,True Pairs: 349
Test: 0.33935 0.269341 0.300319
is about:
Total Pair: 9710,False Span: 1361,True Predict: 1948
Ture Postive: 380,True Pairs Extracted: 1799,True Pairs: 3064
Train:0.195072 0.124021 0.151636
Total Pair: 3250,False Span: 469,True Predict: 648
Ture Postive: 105,True Pairs Extracted: 538,True Pairs: 1145
Val: 0.162037 0.0917031  0.117122
Total Pair: 1099,False Span: 195,True Predict: 256
Ture Postive: 41,True Pairs Extracted: 179,True Pairs: 338
Test:0.160156 0.121302 0.138047
Epoch 170
Train:
Target:
0.315916 0.343557
0.385492 0.573697
0.347253 0.429756
Val:
Target:
0.308202 0.344126
0.365541   0.5326
0.334432 0.418105
Train:
Agent:
0.673445 0.687079
0.530939  0.56235
0.593761 0.618489
Val:
Agent:
0.614694 0.628821
0.471617 0.507082
0.533733 0.561428
Train:
DSE:
0.573527 0.603627
0.592036 0.654337
0.582635  0.62796
Val:
DSE:
0.533421 0.562376
0.515172 0.566265
0.524138 0.564314
is from:
Total Pair: 4587,False Span: 1450,True Predict: 2836
Ture Postive: 975,True Pairs Extracted: 1477,True Pairs: 3137
Train:0.343794 0.310807 0.326469
Total Pair: 1601,False Span: 584,True Predict: 1016
Ture Postive: 307,True Pairs Extracted: 450,True Pairs: 1176
Val:0.302165 0.261054 0.280109
Total Pair: 488,False Span: 156,True Predict: 290
Ture Postive: 96,True Pairs Extracted: 149,True Pairs: 349
Test:0.331034 0.275072 0.300469
is about:
Total Pair: 9571,False Span: 1397,True Predict: 1994
Ture Postive: 377,True Pairs Extracted: 1776,True Pairs: 3064
Train:0.189067 0.123042 0.149071
Total Pair: 3219,False Span: 505,True Predict: 676
Ture Postive: 94,True Pairs Extracted: 544,True Pairs: 1145
Val: 0.139053 0.0820961   0.10324
Total Pair: 1102,False Span: 214,True Predict: 277
Ture Postive: 44,True Pairs Extracted: 178,True Pairs: 338
Test:0.158845 0.130178 0.143089
Epoch 175
Train:
Target:
0.298001 0.330593
0.436387  0.61444
0.354156 0.429889
Val:
Target:
0.294221 0.336078
0.422815 0.584446
0.346987 0.426756
Train:
Agent:
0.669297 0.682772
0.533445 0.563952
0.593699   0.6177
Val:
Agent:
0.612015 0.626402
 0.47687 0.511331
0.536056 0.563048
Train:
DSE:
0.580512 0.610652
0.578149 0.640051
0.579328 0.625006
Val:
DSE:
0.540471 0.569664
0.501317 0.551539
0.520158 0.560455
is from:
Total Pair: 4498,False Span: 1443,True Predict: 2854
Ture Postive: 984,True Pairs Extracted: 1456,True Pairs: 3137
Train:0.344779 0.313675 0.328493
Total Pair: 1565,False Span: 587,True Predict: 1025
Ture Postive: 302,True Pairs Extracted: 447,True Pairs: 1176
Val:0.294634 0.256803 0.274421
Total Pair: 486,False Span: 165,True Predict: 300
Ture Postive: 96,True Pairs Extracted: 148,True Pairs: 349
Test:    0.32 0.275072  0.29584
is about:
Total Pair: 9884,False Span: 1615,True Predict: 2291
Ture Postive: 420,True Pairs Extracted: 1813,True Pairs: 3064
Train:0.183326 0.137076 0.156863
Total Pair: 3345,False Span: 576,True Predict: 770
Ture Postive: 109,True Pairs Extracted: 558,True Pairs: 1145
Val: 0.141558 0.0951965  0.113838
Total Pair: 1125,False Span: 231,True Predict: 293
Ture Postive: 41,True Pairs Extracted: 175,True Pairs: 338
Test:0.139932 0.121302 0.129952
Epoch 180
Train:
Target:
0.299073 0.331003
0.429661 0.610545
0.352667 0.429277
Val:
Target:
0.295209 0.336336
0.416697  0.58209
0.345587 0.426334
Train:
Agent:
0.679202 0.691573
0.518372  0.55247
0.587988 0.614245
Val:
Agent:
0.626618 0.638336
0.459694 0.496459
0.530331 0.558529
Train:
DSE:
0.577726 0.608037
0.582278 0.644643
0.579993 0.625805
Val:
DSE:
0.539478 0.568535
  0.5082 0.558902
0.523372 0.563677
is from:
Total Pair: 4410,False Span: 1394,True Predict: 2760
Ture Postive: 964,True Pairs Extracted: 1438,True Pairs: 3137
Train:0.349275   0.3073 0.326946
Total Pair: 1531,False Span: 552,True Predict: 977
Ture Postive: 302,True Pairs Extracted: 442,True Pairs: 1176
Val: 0.30911 0.256803 0.280539
Total Pair: 473,False Span: 154,True Predict: 283
Ture Postive: 93,True Pairs Extracted: 145,True Pairs: 349
Test:0.328622 0.266476 0.294304
is about:
Total Pair: 9905,False Span: 1390,True Predict: 1984
Ture Postive: 385,True Pairs Extracted: 1808,True Pairs: 3064
Train:0.194052 0.125653 0.152536
Total Pair: 3390,False Span: 488,True Predict: 674
Ture Postive: 109,True Pairs Extracted: 563,True Pairs: 1145
Val: 0.161721 0.0951965  0.119846
Total Pair: 1128,False Span: 206,True Predict: 273
Ture Postive: 44,True Pairs Extracted: 181,True Pairs: 338
Test:0.161172 0.130178 0.144026
Epoch 185
Train:
Target:
0.304142 0.335224
0.418463 0.602457
0.352259  0.43076
Val:
Target:
0.295235 0.334612
0.403367 0.566379
0.340933 0.420686
Train:
Agent:
 0.67273   0.6863
0.532092 0.563418
0.594203 0.618817
Val:
Agent:
0.614196 0.628696
0.474273 0.509915
0.535241  0.56311
Train:
DSE:
0.568238 0.600513
0.598198 0.659184
0.582833 0.628482
Val:
DSE:
0.530363 0.563316
0.522947 0.574297
0.526629 0.568754
is from:
Total Pair: 4624,False Span: 1447,True Predict: 2842
Ture Postive: 977,True Pairs Extracted: 1477,True Pairs: 3137
Train:0.343772 0.311444 0.326811
Total Pair: 1629,False Span: 581,True Predict: 1016
Ture Postive: 303,True Pairs Extracted: 459,True Pairs: 1176
Val:0.298228 0.257653  0.27646
Total Pair: 495,False Span: 155,True Predict: 293
Ture Postive: 98,True Pairs Extracted: 152,True Pairs: 349
Test:0.334471 0.280802 0.305296
is about:
Total Pair: 10067,False Span: 1518,True Predict: 2135
Ture Postive: 391,True Pairs Extracted: 1839,True Pairs: 3064
Train:0.183138 0.127611 0.150414
Total Pair: 3445,False Span: 549,True Predict: 743
Ture Postive: 106,True Pairs Extracted: 559,True Pairs: 1145
Val: 0.142665 0.0925764  0.112288
Total Pair: 1131,False Span: 225,True Predict: 289
Ture Postive: 45,True Pairs Extracted: 183,True Pairs: 338
Test:0.155709 0.133136 0.143541
Epoch 190
Train:
Target:
0.296271 0.329403
0.437075 0.614739
0.353155 0.428954
Val:
Target:
0.290983 0.333209
 0.42256 0.583661
 0.34464 0.424228
Train:
Agent:
0.664096  0.67758
0.540868 0.572497
0.596181 0.620622
Val:
Agent:
0.599059 0.613355
0.483785 0.517705
0.535286 0.561486
Train:
DSE:
0.565996 0.597791
0.604021 0.664796
0.584391 0.629516
Val:
DSE:
0.528453 0.561086
0.526852 0.577644
0.527651 0.569245
is from:
Total Pair: 4761,False Span: 1506,True Predict: 2905
Ture Postive: 983,True Pairs Extracted: 1499,True Pairs: 3137
Train:0.338382 0.313357 0.325389
Total Pair: 1696,False Span: 605,True Predict: 1039
Ture Postive: 307,True Pairs Extracted: 472,True Pairs: 1176
Val:0.295476 0.261054 0.277201
Total Pair: 521,False Span: 170,True Predict: 315
Ture Postive: 104,True Pairs Extracted: 158,True Pairs: 349
Test:0.330159 0.297994 0.313253
is about:
Total Pair: 10380,False Span: 1496,True Predict: 2120
Ture Postive: 400,True Pairs Extracted: 1857,True Pairs: 3064
Train:0.188679 0.130548 0.154321
Total Pair: 3547,False Span: 528,True Predict: 721
Ture Postive: 109,True Pairs Extracted: 572,True Pairs: 1145
Val: 0.151179 0.0951965  0.116827
Total Pair: 1159,False Span: 222,True Predict: 288
Ture Postive: 46,True Pairs Extracted: 184,True Pairs: 338
Test:0.159722 0.136095 0.146965
Epoch 195
Train:
Target:
0.308982 0.338553
0.405017 0.590174
0.350541 0.430277
Val:
Target:
0.301828 0.339272
0.389117 0.553024
0.339959 0.420545
Train:
Agent:
0.675881 0.688193
0.520707 0.554606
0.588232  0.61422
Val:
Agent:
0.627644 0.639535
0.464595 0.500708
 0.53395  0.56167
Train:
DSE:
0.572026 0.602543
0.592675 0.653827
0.582167 0.627138
Val:
DSE:
0.533069  0.56312
0.515953 0.567604
0.524371 0.565353
is from:
Total Pair: 4533,False Span: 1455,True Predict: 2862
Ture Postive: 984,True Pairs Extracted: 1462,True Pairs: 3137
Train:0.343816 0.313675 0.328055
Total Pair: 1581,False Span: 588,True Predict: 1028
Ture Postive: 307,True Pairs Extracted: 452,True Pairs: 1176
Val:0.298638 0.261054 0.278584
Total Pair: 491,False Span: 168,True Predict: 305
Ture Postive: 98,True Pairs Extracted: 150,True Pairs: 349
Test:0.321311 0.280802 0.299694
is about:
Total Pair: 9847,False Span: 1458,True Predict: 2052
Ture Postive: 375,True Pairs Extracted: 1809,True Pairs: 3064
Train:0.182749 0.122389 0.146599
Total Pair: 3323,False Span: 512,True Predict: 689
Ture Postive: 98,True Pairs Extracted: 554,True Pairs: 1145
Val: 0.142235 0.0855895   0.10687
Total Pair: 1132,False Span: 212,True Predict: 275
Ture Postive: 43,True Pairs Extracted: 183,True Pairs: 338
Test:0.156364 0.127219 0.140294
Best: 
OCLASS_WEIGHT_TARGET: 0
Validation:
Target
0.273268 0.321026
0.476133 0.621367
0.347242 0.423337
Agent
0.577666 0.590433
 0.51292   0.5517
0.543371  0.57041
DSE
0.523377 0.556396
0.533423 0.587015
0.528352 0.571295
Test:
Target
0.231616 0.267081
0.467996 0.626741
0.309873  0.37455
Agent
0.579255 0.594458
0.509163 0.541475
0.541952 0.566731
DSE
0.484868 0.505415
0.596111 0.641379
0.534765 0.565337
