9471 6281 892
Valid size: 2298
Epoch 0
Train:
Target:
1 1
0 0
0 0
Val:
Target:
1 1
0 0
0 0
Train:
Agent:
1 1
0 0
0 0
Val:
Agent:
1 1
0 0
0 0
Train:
DSE:
1 1
0 0
0 0
Val:
DSE:
1 1
0 0
0 0
is from:
0,0,0
Train:1 0 0
0,0,0
Val:1 0 0
0,0,0
Test:1 0 0
is about:
0,0,0
Train:1 0 0
0,0,0
Val:1 0 0
0,0,0
Test:1 0 0
Epoch 5
Train:
Target:
1 1
0 0
0 0
Val:
Target:
1 1
0 0
0 0
Train:
Agent:
1 1
0 0
0 0
Val:
Agent:
1 1
0 0
0 0
Train:
DSE:
1 1
0 0
0 0
Val:
DSE:
1 1
0 0
0 0
is from:
0,0,0
Train:1 0 0
0,0,0
Val:1 0 0
0,0,0
Test:1 0 0
is about:
0,0,0
Train:1 0 0
0,0,0
Val:1 0 0
0,0,0
Test:1 0 0
Epoch 10
Train:
Target:
1 1
0 0
0 0
Val:
Target:
1 1
0 0
0 0
Train:
Agent:
0.507894  0.51318
0.420237 0.484379
0.459926 0.498364
Val:
Agent:
0.484106 0.487659
0.395768 0.453966
0.435502  0.47021
Train:
DSE:
0.523562 0.533175
0.339825 0.391837
0.412143 0.451708
Val:
DSE:
0.515655 0.521822
0.314313 0.362115
0.390562 0.427541
is from:
3556,949,965
Train:0.266873 0.302518  0.28358
1211,304,306
Val:0.251032 0.258503 0.254713
442,108,108
Test:0.244344 0.309456 0.273072
is about:
3604,964,965
Train:0.267481   0.3073 0.286011
1221,305,306
Val:0.249795 0.259354 0.254485
446,108,108
Test:0.242152 0.309456 0.271698
Epoch 15
Train:
Target:
1 1
0 0
0 0
Val:
Target:
1 1
0 0
0 0
Train:
Agent:
0.443567 0.470611
0.590075  0.63765
0.506438 0.541542
Val:
Agent:
 0.41738 0.445174
0.557692 0.607649
 0.47744 0.513875
Train:
DSE:
0.537946 0.554377
 0.45927 0.516327
0.495504 0.534676
Val:
DSE:
0.521066 0.536059
0.430667 0.482597
0.471573 0.507925
is from:
5898,1448,1449
Train:0.245507 0.461588 0.320531
2070,493,493
Val:0.238164 0.419218 0.303758
682,155,155
Test:0.227273 0.444126 0.300679
is about:
5916,1449,1449
Train:0.244929 0.461906 0.320115
2077,493,493
Val:0.237362 0.419218 0.303105
683,155,155
Test: 0.22694 0.444126 0.300388
Epoch 20
Train:
Target:
0.232038 0.232254
0.204591  0.52127
0.217452 0.321335
Val:
Target:
0.215515 0.215632
0.201254 0.505892
0.208141 0.302378
Train:
Agent:
0.516132 0.529551
0.593767 0.634446
0.552234 0.577272
Val:
Agent:
0.498048 0.508206
0.551497 0.597025
0.523411 0.549047
Train:
DSE:
0.569899 0.592582
0.489174  0.54898
 0.52646 0.569948
Val:
DSE:
0.554541 0.576362
0.454035 0.501339
 0.49928 0.536239
is from:
5268,1458,1518
Train:0.276765 0.464775 0.346936
1784,481,500
Val:0.269619 0.409014    0.325
596,142,152
Test:0.238255 0.406877 0.300529
is about:
5495,1518,1518
Train:0.276251 0.483902 0.351715
1867,500,500
Val:0.267809  0.42517 0.328623
630,152,152
Test: 0.24127  0.43553 0.310521
Epoch 25
Train:
Target:
0.311335 0.325833
0.350682 0.600659
0.329839 0.422485
Val:
Target:
0.306773 0.320675
 0.33189 0.563236
0.318838 0.408674
Train:
Agent:
0.499658 0.522901
 0.61786 0.652069
0.552508 0.580385
Val:
Agent:
0.480687 0.503662
0.586881 0.620397
0.528502 0.555968
Train:
DSE:
0.538889 0.562914
  0.5799 0.645663
0.558643 0.601456
Val:
DSE:
0.512728 0.541045
0.526816  0.58166
0.519676 0.560618
is from:
6541,1657,1667
Train:0.253325 0.528212 0.342426
2260,555,558
Val:0.245575 0.471939  0.32305
724,162,164
Test:0.223757 0.464183 0.301957
is about:
6565,1667,1667
Train:0.253922 0.531399  0.34364
2266,558,558
Val:0.246249  0.47449  0.32423
727,164,164
Test:0.225585 0.469914 0.304833
Epoch 30
Train:
Target:
0.284107 0.317827
0.458823 0.623427
0.350921 0.421017
Val:
Target:
0.282088 0.321662
0.447102 0.602514
0.345924 0.419414
Train:
Agent:
0.716995 0.722641
0.396185 0.429907
0.510363 0.539098
Val:
Agent:
 0.66031 0.665077
0.363475 0.393768
 0.46886 0.494663
Train:
DSE:
0.601491 0.625302
0.527631 0.589541
0.562145 0.606895
Val:
DSE:
0.577496   0.6059
0.483362 0.536145
0.526253 0.568892
is from:
3021,1081,1087
Train:0.357829 0.344597 0.351088
1023,341,341
Val:0.333333 0.289966 0.310141
329,104,105
Test:0.316109 0.297994 0.306785
is about:
3039,1087,1087
Train:0.357683 0.346509 0.352008
1024,341,341
Val:0.333008 0.289966     0.31
331,105,105
Test:0.317221  0.30086 0.308824
Epoch 35
Train:
Target:
0.466366 0.474867
0.149519  0.30018
0.226441 0.367837
Val:
Target:
0.428322 0.437877
0.120704 0.236449
0.188334 0.307079
Train:
Agent:
0.755656 0.760489
0.346996 0.377303
0.475598 0.504371
Val:
Agent:
0.713159 0.716102
 0.32161 0.350567
0.443305 0.470702
Train:
DSE:
0.610668 0.635747
0.529453 0.594388
0.567168 0.614372
Val:
DSE:
0.584282 0.614229
0.470227  0.52008
0.521086 0.563248
is from:
2526,938,943
Train:0.371338 0.299012 0.331273
859,293,293
Val:0.341094  0.24915 0.287961
276,96,96
Test:0.347826 0.275072   0.3072
is about:
2540,943,943
Train: 0.37126 0.300606 0.332218
859,293,293
Val:0.341094  0.24915 0.287961
277,96,96
Test: 0.34657 0.275072 0.306709
Epoch 40
Train:
Target:
0.340326  0.37641
0.396179 0.553925
0.366135 0.448232
Val:
Target:
0.331701 0.372306
0.365705 0.513747
0.347874 0.431738
Train:
Agent:
0.686639 0.696695
0.457954 0.498531
0.549451 0.581186
Val:
Agent:
0.635254 0.642285
 0.41316 0.445467
0.500683  0.52607
Train:
DSE:
0.565882 0.594187
0.610991 0.678316
0.587572 0.633471
Val:
DSE:
0.533253 0.567964
0.542166 0.593039
0.537672 0.580231
is from:
4009,1329,1334
Train:0.331504 0.423653 0.371956
1337,398,400
Val:0.297681 0.338435 0.316753
411,124,124
Test:0.301703 0.355301 0.326316
is about:
4026,1334,1334
Train:0.331346 0.425247  0.37247
1340,400,400
Val:0.298507 0.340136 0.317965
413,124,124
Test:0.300242 0.355301 0.325459
Epoch 45
Train:
Target:
0.378657 0.403102
0.345941 0.529658
0.361561 0.457795
Val:
Target:
0.362707 0.386802
0.325441 0.490966
0.343065 0.432704
Train:
Agent:
0.610896  0.62592
0.541848 0.576502
0.574304 0.600195
Val:
Agent:
0.560562 0.573463
0.487927  0.52762
0.521729 0.549588
Train:
DSE:
0.582263 0.609066
0.606652 0.671684
0.594207 0.638844
Val:
DSE:
0.540682 0.570779
0.540013 0.585676
0.540347 0.578132
is from:
4869,1515,1541
Train:0.311152 0.482945 0.378466
1709,471,482
Val:  0.2756  0.40051 0.326516
501,146,148
Test:0.291417 0.418338 0.343529
is about:
4948,1541,1541
Train:0.311439 0.491234   0.3812
1744,482,482
Val:0.276376 0.409864 0.330137
510,148,148
Test:0.290196 0.424069 0.344587
Epoch 50
Train:
Target:
0.361957 0.395691
0.395419 0.551528
0.377949  0.46079
Val:
Target:
0.355201  0.39233
0.364666 0.505106
0.359871 0.441632
Train:
Agent:
0.692654 0.701761
 0.46648 0.503338
0.557501 0.586214
Val:
Agent:
0.639367 0.647873
0.422475 0.456091
0.508769 0.535324
Train:
DSE:
0.599999 0.627479
0.590717 0.656633
0.595322 0.641725
Val:
DSE:
0.552186  0.58501
0.520647 0.564257
0.535953 0.574446
is from:
3883,1324,1327
Train:0.340973 0.422059 0.377208
1298,397,397
Val:0.305855 0.337585 0.320938
403,121,121
Test:0.300248 0.346705 0.321809
is about:
3881,1322,1327
Train:0.340634 0.421422 0.376746
1294,394,397
Val:0.304482 0.335034 0.319028
403,121,121
Test:0.300248 0.346705 0.321809
Epoch 55
Train:
Target:
0.354369 0.387474
0.411481 0.568604
0.380795 0.460881
Val:
Target:
0.341423 0.376126
0.387847   0.5326
0.363157 0.440891
Train:
Agent:
 0.69522 0.704031
0.472962 0.511348
0.562948 0.592416
Val:
Agent:
0.640007 0.649706
0.427076 0.461048
0.512297 0.539356
Train:
DSE:
0.634393 0.656758
0.537967 0.602296
0.582214 0.628349
Val:
DSE:
 0.59043 0.619086
0.473429 0.514726
0.525496 0.562103
is from:
3494,1271,1299
Train:0.363766 0.405164 0.383351
1151,375,382
Val:0.325804 0.318878 0.322303
370,118,119
Test:0.318919 0.338109 0.328234
is about:
3573,1299,1299
Train: 0.36356  0.41409 0.387183
1180,382,382
Val:0.323729  0.32483 0.324278
376,119,119
Test:0.316489 0.340974 0.328276
Epoch 60
Train:
Target:
0.341501 0.376341
0.453096 0.610246
0.389462 0.465566
Val:
Target:
0.329235 0.369432
0.422036 0.564808
0.369904 0.446691
Train:
Agent:
0.668519 0.678353
0.508919 0.546061
0.577902 0.605061
Val:
Agent:
0.613825 0.624438
0.452348 0.484419
0.520858 0.545589
Train:
DSE:
0.627646 0.653917
0.561641 0.626786
0.592812 0.640064
Val:
DSE:
0.576151  0.60717
0.487537  0.53079
0.528153 0.566417
is from:
3758,1317,1382
Train:0.350452 0.419828 0.382016
1233,390,410
Val:0.316302 0.331633 0.323786
388,123,127
Test: 0.31701 0.352436 0.333786
is about:
3937,1382,1382
Train:0.351029 0.440548 0.390727
1299,410,410
Val:0.315627 0.348639 0.331313
407,127,127
Test:0.312039 0.363897 0.335979
Epoch 65
Train:
Target:
0.324601 0.363201
0.520378 0.669862
0.399809 0.471016
Val:
Target:
0.303564 0.348964
0.481039 0.612726
 0.37223 0.444674
Train:
Agent:
  0.6615  0.67187
0.521527 0.558611
0.583233 0.610028
Val:
Agent:
0.608736 0.619706
0.461562 0.497167
 0.52503 0.551714
Train:
DSE:
0.610079  0.63762
0.587285 0.653061
0.598465 0.645248
Val:
DSE:
0.555111 0.589362
0.513742 0.556894
0.533626 0.572668
is from:
4289,1443,1444
Train:0.336442 0.459994 0.388635
1439,432,432
Val:0.300208 0.367347 0.330402
433,134,134
Test:0.309469 0.383954 0.342711
is about:
4292,1444,1444
Train: 0.33644 0.460312 0.388747
1440,432,432
Val:     0.3 0.367347 0.330275
433,134,134
Test:0.309469 0.383954 0.342711
Epoch 70
Train:
Target:
0.303667 0.348542
0.564518  0.69982
0.394905 0.465329
Val:
Target:
0.287105 0.338648
0.523721 0.643362
0.370889 0.443729
Train:
Agent:
0.667738 0.679757
0.515246 0.550067
0.581664 0.608074
Val:
Agent:
0.611363  0.62234
0.450925 0.483711
0.519028 0.544338
Train:
DSE:
0.604344 0.632126
0.595831 0.660204
0.600057  0.64586
Val:
DSE:
0.551285 0.588687
0.519978 0.564257
0.535174 0.576213
is from:
4248,1434,1441
Train:0.337571 0.457125 0.388355
1403,427,429
Val:0.304348 0.363095 0.331136
435,131,131
Test:0.301149 0.375358 0.334184
is about:
4273,1441,1441
Train:0.337234 0.459356 0.388934
1414,429,429
Val:0.303395 0.364796 0.331274
435,131,131
Test:0.301149 0.375358 0.334184
Epoch 75
Train:
Target:
0.324508 0.365778
0.512283  0.65728
0.397327     0.47
Val:
Target:
0.306701 0.358505
0.474444 0.600157
0.372562 0.448874
Train:
Agent:
0.661523  0.67377
0.523373 0.558077
0.584394 0.610491
Val:
Agent:
0.609432 0.620035
0.461433 0.495751
0.525205 0.550971
Train:
DSE:
0.610469 0.637745
0.590696 0.656122
 0.60042 0.646803
Val:
DSE:
0.558062 0.593507
0.515437 0.560241
0.535903 0.576395
is from:
4015,1341,1443
Train:0.333998 0.427478    0.375
1350,410,440
Val:0.303704 0.348639 0.324624
410,122,132
Test:0.297561  0.34957 0.321476
is about:
4284,1443,1443
Train:0.336835 0.459994 0.388896
1442,440,440
Val:0.305132  0.37415 0.336134
442,132,132
Test:0.298643 0.378223 0.333755
Epoch 80
Train:
Target:
 0.33929 0.378744
0.480048 0.629718
0.397578 0.473001
Val:
Target:
  0.3191 0.366749
0.445255 0.571877
0.371767 0.446899
Train:
Agent:
0.667663 0.678821
0.518267 0.552203
0.583555    0.609
Val:
Agent:
 0.61287 0.623561
 0.45721 0.488669
0.523718 0.547935
Train:
DSE:
0.603804  0.63314
 0.60183  0.66352
0.602816 0.647974
Val:
DSE:
0.548751 0.587744
0.523849 0.566934
0.536011 0.577152
is from:
4200,1409,1447
Train:0.335476 0.449155 0.384081
1406,425,432
Val:0.302276 0.361395 0.329202
425,128,129
Test:0.301176 0.366762 0.330749
is about:
4295,1447,1447
Train:0.336903 0.461269 0.389397
1435,432,432
Val:0.301045 0.367347 0.330908
431,129,129
Test:0.299304 0.369628 0.330769
Epoch 85
Train:
Target:
0.335378 0.376638
0.486951  0.63541
0.397195 0.472941
Val:
Target:
0.318818 0.368121
0.453462 0.579733
0.374402 0.450305
Train:
Agent:
0.676642 0.686959
0.500206 0.535381
0.575198 0.601772
Val:
Agent:
0.620079 0.631238
0.440245  0.47238
0.514912 0.540376
Train:
DSE:
0.621635 0.648285
 0.57602 0.643112
0.597959 0.645688
Val:
DSE:
0.566453 0.599708
0.501705 0.544846
0.532116 0.570962
is from:
3879,1336,1362
Train:0.344419 0.425885 0.380844
1291,404,410
Val:0.312936 0.343537 0.327523
398,125,125
Test: 0.31407 0.358166 0.334672
is about:
3946,1362,1362
Train: 0.34516 0.434173 0.384583
1318,410,410
Val:0.311077 0.348639 0.328789
402,125,125
Test:0.310945 0.358166 0.332889
Epoch 90
Train:
Target:
0.308818 0.355198
0.555619 0.691132
0.396987 0.469238
Val:
Target:
0.294529 0.347182
0.515068 0.633936
0.374761 0.448654
Train:
Agent:
0.655268 0.667897
0.531849 0.566088
0.587143 0.612793
Val:
Agent:
0.604163  0.61545
0.467534 0.501416
0.527139 0.552612
Train:
DSE:
0.598632 0.627419
0.609092 0.671429
0.603817 0.648678
Val:
DSE:
0.542153 0.580557
0.529817 0.573628
0.535914 0.577072
is from:
4399,1440,1481
Train:0.327347 0.459037 0.382166
1479,442,451
Val:0.298851  0.37585 0.332957
448,136,137
Test:0.303571 0.389685  0.34128
is about:
4506,1481,1481
Train:0.328673 0.472107 0.387544
1510,451,451
Val:0.298675 0.383503 0.335815
457,137,137
Test:0.299781  0.39255  0.33995
Epoch 95
Train:
Target:
0.336342 0.376526
0.491689 0.641702
0.399443 0.474584
Val:
Target:
0.317637 0.366118
0.454851 0.584446
0.374058 0.450209
Train:
Agent:
0.669351 0.681803
0.508801 0.542857
0.578137 0.604448
Val:
Agent:
0.613573 0.624662
0.448677 0.481586
0.518327 0.543872
Train:
DSE:
0.593424 0.623023
0.616592 0.677806
0.604786 0.649261
Val:
DSE:
0.538049 0.576691
 0.53467 0.578313
0.536354 0.577501
is from:
4093,1364,1434
Train:0.333252  0.43481 0.377317
1381,416,436
Val:0.301231 0.353741 0.325381
411,129,133
Test:0.313869 0.369628 0.339474
is about:
4294,1434,1434
Train:0.333954 0.457125 0.385951
1450,436,436
Val: 0.30069 0.370748 0.332064
430,133,133
Test:0.309302 0.381089 0.341463
Epoch 100
Train:
Target:
0.320343 0.362674
0.529653 0.669563
0.399227 0.470498
Val:
Target:
0.303199 0.353298
0.488303 0.612726
0.374106 0.448177
Train:
Agent:
0.664063 0.676368
0.521284 0.554873
0.584074 0.609626
Val:
Agent:
0.611659 0.622476
0.458744 0.490793
0.524279 0.548847
Train:
DSE:
0.590772 0.620268
0.618097 0.679337
0.604126  0.64846
Val:
DSE:
0.536013 0.574271
0.537013 0.580991
0.536512 0.577611
is from:
4450,1471,1473
Train:0.330562 0.468919 0.387769
1500,446,447
Val:0.297333 0.379252 0.333333
447,135,135
Test:0.302013 0.386819 0.339196
is about:
4453,1471,1473
Train:0.330339 0.468919 0.387615
1501,446,447
Val:0.297135 0.379252 0.333209
444,135,135
Test:0.304054 0.386819 0.340479
Epoch 105
Train:
Target:
 0.32074 0.363843
0.528173 0.666567
0.399113 0.470736
Val:
Target:
0.303976 0.354937
0.487421  0.61194
0.374437 0.449282
Train:
Agent:
 0.66832 0.679768
0.512127 0.546061
 0.57989 0.605623
Val:
Agent:
0.612731  0.62387
0.449093 0.478754
0.518303 0.541762
Train:
DSE:
0.595059 0.623922
0.614222 0.675765
0.604488 0.648809
Val:
DSE:
  0.5378 0.576305
0.533052 0.577644
0.535416 0.576974
is from:
4360,1450,1452
Train:0.332569 0.462225 0.386821
1445,432,432
Val:0.298962 0.367347 0.329645
433,133,133
Test:0.307159 0.381089 0.340153
is about:
4368,1452,1452
Train:0.332418 0.462863 0.386942
1448,432,432
Val:0.298343 0.367347 0.329268
434,133,133
Test:0.306452 0.381089 0.339719
Epoch 110
Train:
Target:
0.340194 0.379778
0.487053  0.63601
0.400587 0.475577
Val:
Target:
0.317403 0.365416
0.450225 0.578162
0.372323 0.447805
Train:
Agent:
0.673978 0.684485
0.508682 0.544726
0.579778 0.606661
Val:
Agent:
0.614043 0.625227
0.446322 0.477337
0.516918 0.541364
Train:
DSE:
0.587345  0.61723
 0.62219 0.683418
0.604265  0.64864
Val:
DSE:
0.534765 0.573034
0.540136 0.582999
0.537437 0.577973
is from:
4148,1365,1452
Train:0.329074 0.435129 0.374743
1369,407,430
Val:0.297297 0.346088 0.319843
411,128,133
Test:0.311436 0.366762 0.336842
is about:
4387,1452,1452
Train:0.330978 0.462863 0.385965
1449,430,430
Val:0.296756 0.365646 0.327619
435,133,133
Test:0.305747 0.381089 0.339286
Epoch 115
Train:
Target:
0.317269 0.360125
0.538073 0.674655
0.399171 0.469588
Val:
Target:
 0.30159  0.35248
 0.49702 0.619796
0.375393 0.449391
Train:
Agent:
0.678723 0.688948
0.502951  0.53992
0.577764 0.605397
Val:
Agent:
0.618371  0.62987
0.440381  0.47238
0.514415 0.539874
Train:
DSE:
0.599244  0.62815
0.605473 0.667092
0.602342 0.647036
Val:
DSE:
0.547225 0.586136
0.528757 0.572289
0.537833  0.57913
is from:
4184,1410,1419
Train:0.336998 0.449474 0.385193
1365,414,416
Val:0.303297 0.352041 0.325856
419,130,130
Test:0.310263 0.372493 0.338542
is about:
4211,1419,1419
Train:0.336975 0.452343 0.386228
1376,416,416
Val:0.302326 0.353741 0.326019
419,130,130
Test:0.310263 0.372493 0.338542
Epoch 120
Train:
Target:
0.318081 0.361577
0.537048 0.674056
0.399529 0.470675
Val:
Target:
0.303352 0.354996
0.495528 0.619796
0.376325  0.45143
Train:
Agent:
0.674178 0.684726
0.508778 0.544192
0.579915 0.606424
Val:
Agent:
0.613135 0.624319
0.446558 0.477337
0.516754 0.541023
Train:
DSE:
0.602789  0.63028
0.604157 0.668622
0.603472 0.648885
Val:
DSE:
0.545915 0.583504
0.524663 0.570281
0.535078 0.576817
is from:
4207,1416,1433
Train:0.336582 0.451387 0.385621
1388,419,424
Val:0.301873 0.356293 0.326833
426,132,132
Test:0.309859 0.378223 0.340645
is about:
4260,1433,1433
Train:0.336385 0.456806 0.387454
1406,424,424
Val:0.301565 0.360544 0.328428
429,132,132
Test:0.307692 0.378223 0.339332
Epoch 125
Train:
Target:
 0.33144 0.372872
 0.50211 0.648892
0.399302   0.4736
Val:
Target:
0.311884 0.360747
0.464095 0.588374
0.373061 0.447265
Train:
Agent:
0.691645 0.702769
0.485657 0.521228
0.570631 0.598536
Val:
Agent:
0.621699 0.633493
0.429607 0.459632
0.508103 0.532736
Train:
DSE:
0.597703 0.626446
0.607493 0.669898
0.602558 0.647444
Val:
DSE:
0.543687 0.582201
 0.53004 0.574297
0.536777 0.578222
is from:
4023,1379,1379
Train:0.342779 0.439592 0.385196
1336,406,406
Val:0.303892 0.345238 0.323248
402,125,125
Test:0.310945 0.358166 0.332889
is about:
4025,1379,1379
Train:0.342609 0.439592 0.385088
1337,406,406
Val:0.303665 0.345238  0.32312
402,125,125
Test:0.310945 0.358166 0.332889
Epoch 130
Train:
Target:
0.311575 0.356816
0.554217 0.688736
0.398895 0.470091
Val:
Target:
0.297054 0.349927
0.510992 0.631579
0.375702 0.450342
Train:
Agent:
0.674961  0.68721
0.503234 0.538051
0.576583 0.603551
Val:
Agent:
0.615868 0.627181
0.444678 0.475212
0.516457 0.540722
Train:
DSE:
0.583788 0.614409
0.625357  0.68648
0.603858 0.648448
Val:
DSE:
0.532517 0.571429
0.544989 0.588353
0.538681 0.579767
is from:
4122,1359,1437
Train:0.329694 0.433216 0.374432
1377,416,433
Val:0.302106 0.353741 0.325891
406,124,129
Test:0.305419 0.355301 0.328477
is about:
4334,1437,1437
Train:0.331564 0.458081 0.384687
1442,433,433
Val:0.300277 0.368197 0.330787
425,129,129
Test:0.303529 0.369628 0.333333
Epoch 135
Train:
Target:
0.323579 0.366154
0.527371 0.668065
0.401072 0.473042
Val:
Target:
0.304718 0.355445
0.484276 0.610369
0.374065 0.449264
Train:
Agent:
 0.66586 0.677736
0.521981 0.554873
0.585207 0.610181
Val:
Agent:
0.610485 0.621359
0.459017 0.490085
0.524025  0.54797
Train:
DSE:
0.590569 0.620332
0.619311 0.680612
0.604599 0.649076
Val:
DSE:
0.536264 0.574284
 0.53612 0.579652
0.536192 0.576955
is from:
4350,1439,1475
Train:0.330805 0.458719   0.3844
1457,435,440
Val:0.298559 0.369898 0.330422
440,132,134
Test:     0.3 0.378223 0.334601
is about:
4453,1475,1475
Train:0.331237 0.470194 0.388669
1486,440,440
Val:0.296097  0.37415 0.330579
449,134,134
Test:0.298441 0.383954  0.33584
Epoch 140
Train:
Target:
0.330488 0.371885
0.509284 0.655482
0.400852 0.474541
Val:
Target:
0.308803 0.358262
0.469158 0.595444
0.372454  0.44736
Train:
Agent:
0.656574 0.669345
0.530577 0.564219
0.586889 0.612302
Val:
Agent:
 0.60345 0.614663
0.467538 0.499292
 0.52687 0.551003
Train:
DSE:
0.587648 0.618078
0.623087 0.683673
0.604849 0.649223
Val:
DSE:
0.534788 0.574074
0.539634 0.582999
  0.5372 0.578502
is from:
4480,1452,1489
Train:0.324107 0.462863 0.381252
1520,443,450
Val:0.291447 0.376701 0.328635
449,134,136
Test:0.298441 0.383954  0.33584
is about:
4584,1489,1489
Train:0.324825 0.474657 0.385701
1547,450,450
Val:0.290886 0.382653 0.330518
459,136,136
Test:0.296296 0.389685 0.336634
Epoch 145
Train:
Target:
0.310687 0.356336
0.562026 0.695626
0.400164 0.471266
Val:
Target:
0.292566 0.345697
0.518234 0.637078
0.373995 0.448192
Train:
Agent:
0.663991 0.676461
0.520373  0.55247
0.583475 0.608211
Val:
Agent:
0.609121 0.620387
0.457001 0.488669
0.522208 0.546706
Train:
DSE:
0.597881 0.625909
0.608428 0.671939
0.603108 0.648108
Val:
DSE:
0.540899 0.577957
0.528702 0.574967
0.534731 0.576458
is from:
4335,1440,1453
Train: 0.33218 0.459037 0.385439
1467,438,442
Val:0.298569 0.372449 0.331442
441,134,134
Test:0.303855 0.383954 0.339241
is about:
4378,1453,1453
Train:0.331887 0.463181 0.386693
1480,442,442
Val:0.298649  0.37585 0.332831
442,134,134
Test:0.303167 0.383954 0.338812
Epoch 150
Train:
Target:
0.340539  0.38062
0.485201 0.633913
0.400198 0.475647
Val:
Target:
0.320633 0.368486
0.448459 0.578162
0.373923 0.450103
Train:
Agent:
0.670486 0.682143
0.511339 0.544726
0.580197 0.605739
Val:
Agent:
0.615373 0.626594
0.448465 0.478045
0.518826 0.542331
Train:
DSE:
0.601381 0.629507
0.604396 0.668622
0.602884 0.648475
Val:
DSE:
0.547782 0.585499
0.526638 0.572289
0.537002 0.578819
is from:
4263,1428,1428
Train:0.334975 0.455212 0.385946
1397,429,429
Val:0.307087 0.364796 0.333463
431,131,131
Test:0.303944 0.375358 0.335897
is about:
4265,1428,1428
Train:0.334818 0.455212 0.385842
1399,429,429
Val:0.306648 0.364796 0.333204
431,131,131
Test:0.303944 0.375358 0.335897
Epoch 155
Train:
Target:
0.310703 0.356249
0.557105 0.691132
0.398923 0.470154
Val:
Target:
0.295483 0.348441
0.514473 0.633936
0.375374 0.449704
Train:
Agent:
0.644414 0.658183
0.549382 0.581308
0.593116 0.617362
Val:
Agent:
0.596528 0.609439
0.480101 0.516289
0.532019  0.55901
Train:
DSE:
0.590948 0.620189
0.618027 0.679847
0.604184 0.648649
Val:
DSE:
0.535262 0.573324
0.536455 0.580321
0.535858 0.576802
is from:
4716,1520,1520
Train:0.322307 0.484539 0.387113
1593,466,466
Val: 0.29253 0.396259 0.336584
475,140,140
Test:0.294737 0.401146 0.339806
is about:
4708,1517,1520
Train:0.322218 0.483583 0.386743
1591,465,466
Val:0.292269 0.395408 0.336104
472,140,140
Test: 0.29661 0.401146 0.341048
Epoch 160
Train:
Target:
0.332527 0.373596
0.499308 0.645596
0.399198   0.4733
Val:
Target:
0.313104 0.362435
0.461523 0.586017
0.373095 0.447873
Train:
Agent:
0.686539 0.697282
0.490405 0.527103
0.572129 0.600366
Val:
Agent:
0.622188 0.633937
0.433151 0.462465
0.510739 0.534792
Train:
DSE:
0.597985 0.626742
0.607338 0.669643
0.602625 0.647483
Val:
DSE:
0.545168 0.583787
 0.53071 0.574967
0.537842 0.579343
is from:
4059,1383,1389
Train:0.340724 0.440867  0.38438
1331,407,409
Val:0.305785 0.346088 0.324691
401,125,125
Test:0.311721 0.358166 0.333333
is about:
4081,1389,1389
Train:0.340358  0.44278 0.384871
1340,409,409
Val:0.305224 0.347789 0.325119
401,125,125
Test:0.311721 0.358166 0.333333
Epoch 165
Train:
Target:
0.336335 0.376344
0.496386 0.645297
0.400979 0.475419
Val:
Target:
0.316443 0.364441
0.457263 0.584446
0.374038 0.448939
Train:
Agent:
0.647355 0.661557
0.541798 0.575167
0.589892 0.615345
Val:
Agent:
0.598786 0.611523
0.476339 0.512748
 0.53059 0.557796
Train:
DSE:
0.593646 0.622418
0.615434 0.677551
0.604344 0.648815
Val:
DSE:
0.537602 0.576021
0.533275 0.577644
 0.53543 0.576832
is from:
4399,1423,1505
Train:0.323483 0.453618 0.377654
1496,442,463
Val:0.295455  0.37585 0.330838
446,134,138
Test:0.300448 0.383954 0.337107
is about:
4622,1505,1505
Train:0.325617 0.479758 0.387937
1570,463,463
Val:0.294904 0.393707 0.337218
467,138,138
Test:0.295503 0.395415 0.338235
Epoch 170
Train:
Target:
0.326964  0.36948
0.519819 0.661474
 0.40143 0.474126
Val:
Target:
 0.30834 0.358865
0.478066 0.605656
0.374888 0.450687
Train:
Agent:
0.694808 0.705196
 0.48274 0.518291
0.569678 0.597467
Val:
Agent:
0.629102 0.641125
0.426795 0.458924
0.508568 0.534935
Train:
DSE:
0.604847 0.632829
0.599335  0.66352
0.602078 0.647812
Val:
DSE:
0.551617 0.588804
0.523548 0.568273
0.537216 0.578357
is from:
3691,1280,1367
Train:0.346789 0.408033 0.374927
1235,381,404
Val:0.308502  0.32398 0.316051
374,118,124
Test:0.315508 0.338109 0.326418
is about:
3924,1367,1367
Train:0.348369 0.435767 0.387197
1314,404,404
Val:0.307458 0.343537 0.324498
401,124,124
Test:0.309227 0.355301 0.330667
Epoch 175
Train:
Target:
 0.33446 0.375499
0.493081 0.640204
0.398568 0.473359
Val:
Target:
0.315806 0.365635
0.457025 0.580518
0.373513 0.448675
Train:
Agent:
 0.68475 0.695339
0.492742 0.528171
0.573091 0.600335
Val:
Agent:
0.622799  0.63447
0.434208 0.466006
0.511679 0.537343
Train:
DSE:
0.597325 0.625942
0.608656 0.671173
0.602937 0.647769
Val:
DSE:
0.542949 0.581411
 0.53071 0.574967
 0.53676 0.578171
is from:
4049,1373,1392
Train:0.339096 0.437679 0.382132
1342,409,413
Val:0.304769 0.347789 0.324861
412,129,129
Test:0.313107 0.369628 0.339028
is about:
4109,1392,1392
Train:0.338769 0.443736 0.384212
1360,413,413
Val:0.303676  0.35119  0.32571
416,129,129
Test:0.310096 0.369628 0.337255
Epoch 180
Train:
Target:
0.328283 0.369997
0.515382 0.661174
0.401086 0.474475
Val:
Target:
0.307681 0.357866
0.472685 0.598586
0.372738 0.447934
Train:
Agent:
0.672279 0.684679
0.506391 0.539386
0.577661 0.603409
Val:
Agent:
0.616007 0.627289
0.446907 0.476629
0.518006 0.541678
Train:
DSE:
0.599003 0.626761
0.607946 0.672704
0.603441  0.64892
Val:
DSE:
 0.54309 0.580405
0.527173 0.573628
0.535013 0.576997
is from:
4187,1410,1425
Train:0.336757 0.449474 0.385035
1391,426,429
Val:0.306254 0.362245 0.331905
422,131,131
Test:0.310427 0.375358 0.339818
is about:
4237,1425,1425
Train:0.336323 0.454256 0.386493
1406,429,429
Val:0.305121 0.364796 0.332301
425,131,131
Test:0.308235 0.375358 0.338501
Epoch 185
Train:
Target:
0.311722 0.357538
0.547827 0.682145
0.397347 0.469168
Val:
Target:
0.297424 0.350903
0.505409  0.62608
0.374476 0.449738
Train:
Agent:
0.666864 0.678914
0.518483 0.550601
0.583386 0.608062
Val:
Agent:
0.612014 0.622995
0.456019 0.486544
0.522624 0.546379
Train:
DSE:
0.600209 0.628275
0.606521 0.670663
0.603349 0.648777
Val:
DSE:
0.544194 0.581584
0.527508 0.573628
0.535721 0.577579
is from:
4200,1396,1447
Train:0.332381 0.445011 0.380537
1393,421,433
Val:0.302225 0.357993 0.327754
428,131,132
Test:0.306075 0.375358 0.337194
is about:
4341,1447,1447
Train:0.333333 0.461269 0.387002
1439,433,433
Val:0.300903 0.368197 0.331166
439,132,132
Test:0.300683 0.378223 0.335025
Epoch 190
Train:
Target:
0.329477 0.371386
0.512983 0.659077
0.401244 0.475071
Val:
Target:
0.308989 0.359155
0.471722 0.597015
0.373395   0.4485
Train:
Agent:
0.653599 0.666261
0.537196 0.570895
0.589708 0.614902
Val:
Agent:
 0.60169 0.612985
0.470019 0.502125
0.527766 0.552044
Train:
DSE:
0.592056 0.620674
0.616448 0.678827
0.604006 0.648449
Val:
DSE:
0.534287 0.571807
0.535172 0.579652
0.534729 0.575703
is from:
4508,1467,1511
Train:0.325421 0.467644  0.38378
1515,443,452
Val:0.292409 0.376701 0.329246
455,137,138
Test:0.301099  0.39255 0.340796
is about:
4633,1511,1511
Train:0.326139  0.48167 0.388932
1550,452,452
Val:0.291613 0.384354 0.331621
466,138,138
Test:0.296137 0.395415  0.33865
Epoch 195
Train:
Target:
0.314441 0.359135
0.540164 0.676153
0.397493 0.469106
Val:
Target:
0.297605 0.351008
0.498895 0.619796
0.372816 0.448192
Train:
Agent:
0.665057 0.677337
 0.51957 0.550868
 0.58338 0.607591
Val:
Agent:
0.611123 0.622458
0.457482 0.488669
0.523257 0.547509
Train:
DSE:
0.602014 0.630663
0.602467 0.666327
 0.60224 0.648004
Val:
DSE:
0.547195 0.584647
0.526247  0.57095
0.536517 0.577718
is from:
4236,1423,1440
Train: 0.33593 0.453618 0.386003
1422,431,436
Val:0.303094 0.366497 0.331794
436,132,132
Test:0.302752 0.378223 0.336306
is about:
4295,1440,1440
Train:0.335274 0.459037 0.387513
1441,436,436
Val:0.302568 0.370748 0.333206
440,132,132
Test:     0.3 0.378223 0.334601
Best: 
OCLASS_WEIGHT_TARGET: 0
Validation:
Target
0.303352 0.354996
0.495528 0.619796
0.376325  0.45143
Agent
0.596528 0.609439
0.480101 0.516289
0.532019  0.55901
DSE
0.540682 0.570779
0.540013 0.585676
0.540347 0.578132
Test:
Target
0.266633 0.303738
0.490078  0.62117
0.345365 0.407982
Agent
0.606677 0.621083
 0.47435 0.497696
0.532415 0.552585
DSE
0.514708 0.533719
0.577337 0.641379
0.544227 0.582617
