9471 6281 892
Valid size: 2298
Epoch 0
Train:
Target:
1 1
0 0
0 0
Val:
Target:
1 1
0 0
0 0
Train:
Agent:
1 1
0 0
0 0
Val:
Agent:
1 1
0 0
0 0
Train:
DSE:
1 1
0 0
0 0
Val:
DSE:
1 1
0 0
0 0
is from:
0,0,0
Train:1 0 0
0,0,0
Val:1 0 0
0,0,0
Test:1 0 0
is about:
0,0,0
Train:1 0 0
0,0,0
Val:1 0 0
0,0,0
Test:1 0 0
Epoch 5
Train:
Target:
1 1
0 0
0 0
Val:
Target:
1 1
0 0
0 0
Train:
Agent:
1 1
0 0
0 0
Val:
Agent:
1 1
0 0
0 0
Train:
DSE:
1 1
0 0
0 0
Val:
DSE:
1 1
0 0
0 0
is from:
0,0,0
Train:1 0 0
0,0,0
Val:1 0 0
0,0,0
Test:1 0 0
is about:
0,0,0
Train:1 0 0
0,0,0
Val:1 0 0
0,0,0
Test:1 0 0
Epoch 10
Train:
Target:
1 1
0 0
0 0
Val:
Target:
1 1
0 0
0 0
Train:
Agent:
0.616004 0.617067
0.315116 0.371963
0.416944 0.464143
Val:
Agent:
0.565945 0.567233
0.304051 0.349858
0.395579 0.432784
Train:
DSE:
0.517842 0.538877
0.406181 0.456633
0.455265 0.494358
Val:
DSE:
0.525364  0.54712
0.370794 0.421687
0.434749 0.476283
is from:
4151,1298,1298
Train:0.312696 0.413771 0.356202
1537,441,441
Val:0.286923    0.375 0.325101
499,128,128
Test:0.256513 0.366762 0.301887
is about:
4156,1298,1298
Train: 0.31232 0.413771 0.355958
1540,441,441
Val:0.286364    0.375 0.324742
499,128,128
Test:0.256513 0.366762 0.301887
Epoch 15
Train:
Target:
1 1
0 0
0 0
Val:
Target:
1 1
0 0
0 0
Train:
Agent:
 0.60956 0.611685
0.441767 0.512417
0.512273 0.557668
Val:
Agent:
0.572975 0.574502
0.403479 0.473796
0.473516 0.519312
Train:
DSE:
0.596716 0.615437
0.399378 0.456633
0.478499 0.524273
Val:
DSE:
 0.59157 0.602713
0.365284 0.414993
 0.45167  0.49154
is from:
3697,1202,1202
Train:0.325128 0.383169 0.351771
1217,388,388
Val:0.318817 0.329932 0.324279
500,125,125
Test:    0.25 0.358166 0.294464
is about:
3698,1202,1202
Train:0.325041 0.383169 0.351719
1218,388,388
Val:0.318555 0.329932 0.324144
500,125,125
Test:    0.25 0.358166 0.294464
Epoch 20
Train:
Target:
 0.447257  0.447257
0.0116709  0.031456
0.0227482  0.058778
Val:
Target:
 0.434211  0.434211
0.0112461  0.025923
0.0219244 0.0489251
Train:
Agent:
  0.5999 0.614968
 0.45611 0.505207
0.518215  0.55471
Val:
Agent:
0.574444 0.584874
0.435089 0.483003
0.495148 0.529079
Train:
DSE:
0.625535 0.640828
0.409738  0.46199
0.495145 0.536908
Val:
DSE:
0.596618 0.608696
0.371297 0.419679
0.457731 0.496816
is from:
3219,1108,1137
Train:0.344206 0.353204 0.348647
1103,365,370
Val:0.330916 0.310374 0.320316
356,117,118
Test:0.328652 0.335244 0.331915
is about:
1089,341,1137
Train:0.313131 0.108703 0.161382
357,104,370
Val: 0.291317 0.0884354  0.135682
148,37,118
Test:    0.25 0.106017 0.148893
Epoch 25
Train:
Target:
0.171873 0.213087
0.701372  0.84302
 0.27609 0.340187
Val:
Target:
0.161683 0.206127
0.709794 0.840534
0.263373 0.331065
Train:
Agent:
0.715766 0.721524
0.407553 0.446996
0.519376 0.552012
Val:
Agent:
0.670349 0.671928
0.368141 0.409348
0.475273 0.508755
Train:
DSE:
0.597439  0.61727
0.506699 0.572959
0.548341  0.59429
Val:
DSE:
 0.56941 0.590352
0.456443 0.512048
0.506707 0.548419
is from:
2190,856,1170
Train:0.390868 0.272872 0.321382
758,272,358
Val:0.358839 0.231293 0.281282
251,82,124
Test:0.326693 0.234957 0.273333
is about:
3255,1170,1170
Train:0.359447 0.372968 0.366083
1082,358,358
Val:0.330869 0.304422 0.317095
391,124,124
Test:0.317136 0.355301 0.335135
Epoch 30
Train:
Target:
0.306089 0.324442
0.449934 0.663271
0.364327  0.43574
Val:
Target:
0.292922 0.312735
0.436164 0.625295
0.350472 0.416941
Train:
Agent:
0.645035 0.651883
0.509393 0.557009
0.569245 0.600723
Val:
Agent:
0.598442 0.604049
 0.46157 0.515581
 0.52117  0.55632
Train:
DSE:
0.642995 0.660556
0.453352 0.509949
0.531772 0.575563
Val:
DSE:
 0.60216 0.621596
0.396242  0.43909
0.477966 0.514642
is from:
3532,1260,1302
Train:0.356738 0.401658 0.377868
1160,370,388
Val:0.318966 0.314626 0.316781
402,115,121
Test: 0.28607 0.329513 0.306258
is about:
3689,1298,1302
Train:0.351857 0.413771 0.380311
1219,386,388
Val:0.316653 0.328231 0.322338
425,120,121
Test:0.282353  0.34384 0.310078
Epoch 35
Train:
Target:
0.345135 0.375309
0.356768 0.545536
0.350855 0.444689
Val:
Target:
0.337302 0.367903
 0.32915 0.505106
0.333176 0.425723
Train:
Agent:
0.695549 0.707898
 0.47648 0.511615
0.565541 0.593961
Val:
Agent:
0.634386 0.641892
0.418579 0.462465
0.504368 0.537602
Train:
DSE:
0.582501 0.607356
0.580549 0.644643
0.581524 0.625444
Val:
DSE:
0.542532 0.572003
0.517593 0.568273
0.529769 0.570132
is from:
2966,1082,1400
Train:0.364801 0.344916  0.35458
1074,349,430
Val:0.324953 0.296769 0.310222
354,104,144
Test:0.293785 0.297994 0.295875
is about:
3773,1271,1400
Train:0.336867 0.405164 0.367873
1244,383,430
Val:0.307878  0.32568 0.316529
447,123,144
Test:0.275168 0.352436 0.309045
Epoch 40
Train:
Target:
0.318168 0.352755
0.467164 0.639605
0.378532 0.454722
Val:
Target:
0.303569 0.343025
0.439898 0.593873
0.359234 0.434868
Train:
Agent:
0.684156 0.695769
0.500852 0.537784
0.578327 0.606659
Val:
Agent:
0.619173  0.62724
0.438648 0.483711
0.513507 0.546204
Train:
DSE:
0.589701 0.615495
0.587126 0.653061
 0.58841 0.633722
Val:
DSE:
0.549844 0.579088
0.522371 0.574297
0.535755 0.576683
is from:
3514,1279,1488
Train:0.363973 0.407714 0.384604
1280,395,456
Val:0.308594 0.335884 0.321661
416,124,143
Test:0.298077 0.355301 0.324183
is about:
4367,1483,1488
Train:0.339592 0.472745 0.395256
1537,456,456
Val:0.296682 0.387755 0.336159
517,142,143
Test:0.274662 0.406877 0.327945
Epoch 45
Train:
Target:
0.286717 0.327751
  0.5416 0.702516
0.374943 0.446972
Val:
Target:
0.272041 0.322226
0.519778 0.664572
0.357155 0.434014
Train:
Agent:
0.650309 0.663349
0.554859 0.592256
0.598805  0.62579
Val:
Agent:
0.599522 0.610669
0.485898 0.529745
0.536763 0.567336
Train:
DSE:
0.574327 0.603472
0.616567 0.679337
0.594698 0.639161
Val:
DSE:
0.529438 0.561875
0.547981 0.599063
 0.53855 0.579873
is from:
4246,1410,1653
Train:0.332077 0.449474 0.381959
1562,454,520
Val:0.290653 0.386054 0.331629
489,136,157
Test:0.278119 0.389685 0.324582
is about:
5016,1576,1653
Train:0.314195 0.502391 0.386606
1778,501,520
Val:0.281777  0.42602 0.339201
569,151,157
Test:0.265378 0.432665 0.328976
Epoch 50
Train:
Target:
0.328893  0.36503
0.462093 0.629419
0.384278 0.462079
Val:
Target:
0.311983 0.355731
 0.43512 0.588374
0.363404 0.443389
Train:
Agent:
0.651765  0.66889
0.547197 0.578905
0.594921 0.620653
Val:
Agent:
0.592029 0.605816
0.477674 0.516997
0.528739 0.557894
Train:
DSE:
0.625799  0.65034
0.542924 0.606122
0.581423 0.627453
Val:
DSE:
0.578033 0.609509
0.470995  0.52075
0.519053 0.561644
is from:
3849,1368,1449
Train:0.355417 0.436085  0.39164
1332,414,438
Val:0.310811 0.352041 0.330144
432,138,143
Test:0.319444 0.395415 0.353393
is about:
4313,1449,1449
Train:0.335961 0.461906 0.388993
1453,437,438
Val:0.300757 0.371599 0.332446
476,143,143
Test: 0.30042 0.409742 0.346667
Epoch 55
Train:
Target:
0.330671 0.366726
0.448618 0.620431
0.380719 0.460977
Val:
Target:
0.308963  0.35376
0.427184 0.584446
0.358581 0.440743
Train:
Agent:
0.690398 0.702884
0.511133 0.548465
0.587393 0.616146
Val:
Agent:
0.621523 0.632007
0.440617 0.483711
0.515664 0.548004
Train:
DSE:
0.600323 0.627279
0.587778 0.653316
0.593984 0.640033
Val:
DSE:
0.552436 0.582544
0.517602 0.569612
0.534452 0.576005
is from:
3023,1105,1468
Train:0.365531 0.352247 0.358766
1122,352,447
Val:0.313725  0.29932 0.306353
383,112,145
Test:0.292428 0.320917 0.306011
is about:
4208,1439,1468
Train:0.341968 0.458719 0.391831
1465,441,447
Val:0.301024    0.375 0.333964
507,140,145
Test:0.276134 0.401146 0.327103
Epoch 60
Train:
Target:
0.292972 0.336975
0.547305 0.693229
0.381648 0.453505
Val:
Target:
0.277149 0.331053
0.516348  0.64729
0.360695 0.438062
Train:
Agent:
0.692621 0.703777
0.517015  0.55514
0.592071 0.620684
Val:
Agent:
0.621655  0.63139
0.444507 0.484419
0.518364 0.548225
Train:
DSE:
0.601343  0.63058
0.583889 0.647194
0.592487 0.638779
Val:
DSE:
0.552943 0.586207
 0.51456 0.564257
0.533061 0.575023
is from:
2951,1064,1477
Train:0.360556 0.339178  0.34954
1093,342,443
Val:  0.3129 0.290816 0.301454
353,105,144
Test: 0.29745  0.30086 0.299145
is about:
4376,1477,1477
Train:0.337523 0.470832 0.393185
1506,443,443
Val:0.294157 0.376701  0.33035
505,144,144
Test:0.285149 0.412607 0.337237
Epoch 65
Train:
Target:
0.327422 0.370652
0.467276 0.615039
0.385043  0.46255
Val:
Target:
0.309579 0.361331
0.437349  0.57502
0.362535 0.443792
Train:
Agent:
0.682815 0.694953
 0.52903 0.566622
0.596165 0.624261
Val:
Agent:
0.618409 0.629437
0.458617 0.502125
0.526659 0.558619
Train:
DSE:
0.600834 0.629115
0.589714 0.652806
0.595222 0.640742
Val:
DSE:
0.547369 0.578735
  0.5218  0.57095
0.534279 0.574816
is from:
4011,1423,1515
Train:0.354774 0.453618 0.398153
1441,442,466
Val:0.306731  0.37585 0.337791
459,137,147
Test:0.298475  0.39255 0.339109
is about:
4495,1504,1515
Train:0.334594 0.479439  0.39413
1578,466,466
Val:0.295311 0.396259 0.338417
520,146,147
Test:0.280769 0.418338 0.336018
Epoch 70
Train:
Target:
0.315162 0.350787
0.492612 0.667466
0.384396 0.459882
Val:
Target:
0.293725 0.336445
0.459317 0.616654
0.358314 0.435359
Train:
Agent:
0.670728 0.684114
0.546511 0.583712
0.602281 0.629937
Val:
Agent:
0.607726 0.618609
0.473128 0.514164
0.532047 0.561571
Train:
DSE:
0.604268 0.631579
0.586813  0.64949
0.595412 0.640409
Val:
DSE:
0.549842 0.580907
 0.52122 0.569612
0.535149 0.575204
is from:
4029,1431,1550
Train:0.355175 0.456168 0.399386
1449,439,473
Val:0.302968 0.373299 0.334476
461,139,149
Test:0.301518 0.398281  0.34321
is about:
4635,1541,1550
Train: 0.33247 0.491234 0.396552
1611,470,473
Val:0.291744  0.39966  0.33728
530,149,149
Test:0.281132 0.426934 0.339022
Epoch 75
Train:
Target:
0.320423 0.365712
0.497578 0.643499
0.389817 0.466375
Val:
Target:
0.296081 0.350639
 0.46143 0.598586
0.360709  0.44223
Train:
Agent:
0.668944 0.681998
0.549789 0.586916
0.603542 0.630895
Val:
Agent:
 0.60645 0.617162
0.476689  0.51983
0.533797  0.56433
Train:
DSE:
0.612038 0.638749
 0.57796 0.641071
0.594511 0.639908
Val:
DSE:
0.557548 0.587543
0.513438 0.563588
0.534585 0.575316
is from:
3164,1111,1537
Train:0.351138  0.35416 0.352642
1183,363,467
Val:0.306847 0.308673 0.307758
373,110,148
Test:0.294906 0.315186 0.304709
is about:
4600,1537,1537
Train: 0.33413 0.489959 0.397312
1620,467,467
Val:0.288272 0.397109 0.334049
522,148,148
Test:0.283525 0.424069 0.339839
Epoch 80
Train:
Target:
0.320195 0.363387
0.503638 0.655482
0.391493 0.467565
Val:
Target:
0.297353 0.349242
0.466614 0.607227
0.363234 0.443442
Train:
Agent:
0.678672 0.691288
0.535242 0.573565
0.598483 0.626948
Val:
Agent:
0.611372 0.622128
0.464743 0.506374
0.528068 0.558314
Train:
DSE:
0.606307 0.633465
0.584462 0.648724
0.595184 0.641004
Val:
DSE:
0.552451 0.582709
0.518487 0.568273
 0.53493 0.575401
is from:
3618,1289,1523
Train:0.356274 0.410902 0.381643
1329,409,468
Val: 0.30775 0.347789 0.326547
424,130,145
Test:0.306604 0.372493 0.336352
is about:
4541,1523,1523
Train:0.335389 0.485496 0.396718
1598,468,468
Val:0.292866 0.397959 0.337419
515,145,145
Test:0.281553 0.415473 0.335648
Epoch 85
Train:
Target:
  0.3148 0.359706
0.519066 0.671959
0.391914 0.468578
Val:
Target:
0.290276 0.343223
 0.48661 0.623723
0.363634 0.442789
Train:
Agent:
0.671342 0.684531
0.550493 0.589052
0.604941 0.633213
Val:
Agent:
0.604869 0.615894
0.476625 0.518414
0.533143 0.562965
Train:
DSE:
0.597521 0.625774
0.600972 0.664031
0.599241 0.644335
Val:
DSE:
   0.543 0.574735
0.529259 0.576975
0.536042 0.575853
is from:
3979,1410,1587
Train: 0.35436 0.449474  0.39629
1454,445,482
Val:0.306052 0.378401 0.338403
474,141,151
Test:0.297468 0.404011 0.342649
is about:
4755,1561,1587
Train:0.328286 0.497609  0.39559
1662,482,482
Val:0.290012 0.409864 0.339676
553,150,151
Test:0.271248 0.429799 0.332594
Epoch 90
Train:
Target:
0.314217 0.362187
0.527713 0.672558
0.393896 0.470825
Val:
Target:
0.289634 0.346657
0.487231 0.617439
0.363303 0.444021
Train:
Agent:
0.671964 0.685151
0.545587 0.582911
0.602217 0.629909
Val:
Agent:
 0.60642 0.617253
0.472688 0.514164
0.531267 0.561012
Train:
DSE:
0.598698 0.626969
0.600461  0.66352
0.599578 0.644727
Val:
DSE:
0.544862 0.576744
0.529259 0.576305
0.536947 0.576525
is from:
3065,1074,1566
Train:0.350408 0.342365  0.34634
1141,353,473
Val:0.309378  0.30017 0.304704
377,106,150
Test:0.281167 0.303725 0.292011
is about:
4728,1555,1566
Train:0.328892 0.495697 0.395423
1642,473,473
Val:0.288063 0.402211 0.335699
546,149,150
Test:0.272894 0.426934 0.332961
Epoch 95
Train:
Target:
0.310331 0.359075
0.538615 0.681546
 0.39378 0.470347
Val:
Target:
0.286102 0.343497
0.501202 0.626866
0.364269 0.443807
Train:
Agent:
 0.67418 0.687326
0.543427 0.580507
0.601783 0.629417
Val:
Agent:
0.608486 0.619128
0.470843 0.513456
0.530888 0.561362
Train:
DSE:
0.599795 0.627935
0.598688  0.66199
0.599241 0.644513
Val:
DSE:
0.545347  0.57723
0.528702 0.575636
0.536896 0.576432
is from:
3980,1411,1558
Train:0.354523 0.449793 0.396515
1458,443,475
Val:0.303841 0.376701 0.336371
461,139,150
Test:0.301518 0.398281  0.34321
is about:
4716,1558,1558
Train:0.330365 0.496653 0.396791
1648,475,475
Val:0.288228 0.403912 0.336402
541,150,150
Test:0.277264 0.429799 0.337079
Epoch 100
Train:
Target:
0.312717 0.361233
0.531663 0.674056
0.393803 0.470383
Val:
Target:
 0.28776 0.344981
0.490654 0.617439
0.362764 0.442644
Train:
Agent:
0.678063 0.690978
0.537861 0.575434
0.599879 0.627935
Val:
Agent:
0.609771 0.620339
0.465592 0.507082
0.528016 0.558022
Train:
DSE:
0.601611 0.629621
  0.5952 0.658929
0.598388 0.643941
Val:
DSE:
 0.54495 0.576589
0.525243 0.572959
0.534915 0.574768
is from:
4157,1465,1546
Train:0.352418 0.467007   0.4017
1502,447,469
Val:0.297603 0.380102 0.333831
475,141,146
Test:0.296842 0.404011 0.342233
is about:
4630,1543,1546
Train:0.333261 0.491871 0.397322
1629,469,469
Val:0.287907  0.39881 0.334403
529,146,146
Test:0.275992 0.418338 0.332574
Epoch 105
Train:
Target:
 0.31306 0.361754
0.531202 0.672858
0.393949 0.470532
Val:
Target:
0.288251 0.345767
0.490141 0.615868
0.363014 0.442885
Train:
Agent:
0.677779 0.690812
 0.53874 0.575968
0.600314 0.628184
Val:
Agent:
 0.61072 0.621302
0.466255 0.509207
0.528799 0.559697
Train:
DSE:
0.600274 0.628448
0.598306 0.661735
0.599288 0.644662
Val:
DSE:
0.545284  0.57723
0.528702 0.575636
0.536865 0.576432
is from:
3317,1167,1552
Train:0.351824 0.372011 0.361636
1242,387,473
Val:0.311594 0.329082 0.320099
397,116,148
Test:0.292191 0.332378 0.310992
is about:
4669,1552,1552
Train:0.332405  0.49474 0.397643
1641,473,473
Val:0.288239 0.402211 0.335818
533,148,148
Test:0.277674 0.424069 0.335601
Epoch 110
Train:
Target:
0.313018  0.36176
 0.53273 0.674655
0.394335 0.470976
Val:
Target:
0.288296 0.345482
0.492508 0.618225
0.363697 0.443258
Train:
Agent:
0.677727 0.690744
0.539958 0.577303
0.601049 0.628949
Val:
Agent:
0.609833  0.62037
0.467034 0.510623
0.528965 0.560172
Train:
DSE:
0.600274 0.628448
0.598306 0.661735
0.599288 0.644662
Val:
DSE:
0.545284  0.57723
0.528702 0.575636
0.536865 0.576432
is from:
4157,1462,1555
Train:0.351696  0.46605 0.400877
1505,452,474
Val:0.300332 0.384354 0.337188
477,142,148
Test:0.297694 0.406877 0.343826
is about:
4677,1555,1555
Train:0.332478 0.495697 0.398004
1647,474,474
Val:0.287796 0.403061 0.335813
535,148,148
Test:0.276636 0.424069 0.334842
Epoch 115
Train:
Target:
0.312529 0.361236
 0.53358 0.675554
0.394179  0.47075
Val:
Target:
0.287705 0.345097
0.493381 0.618225
0.363463 0.442941
Train:
Agent:
0.677522 0.690647
0.539744 0.577036
0.600836 0.628751
Val:
Agent:
0.610489 0.621008
  0.4676 0.511331
0.529575 0.560858
Train:
DSE:
0.600418 0.628599
0.598306 0.661735
 0.59936 0.644741
Val:
DSE:
0.544921 0.576846
0.528702 0.575636
0.536689  0.57624
is from:
3710,1319,1555
Train:0.355526 0.420465 0.385278
1378,424,476
Val:0.307692 0.360544 0.332028
438,132,148
Test: 0.30137 0.378223 0.335451
is about:
4677,1555,1555
Train:0.332478 0.495697 0.398004
1652,476,476
Val:0.288136 0.404762 0.336634
535,148,148
Test:0.276636 0.424069 0.334842
Epoch 120
Train:
Target:
0.312583 0.361351
0.533271 0.675255
0.394138 0.470775
Val:
Target:
 0.28802 0.345097
 0.49311 0.618225
0.363642 0.442941
Train:
Agent:
0.677546 0.690551
 0.53929 0.576769
0.600564 0.628552
Val:
Agent:
0.610204 0.620777
 0.46661 0.509207
0.528833 0.559484
Train:
DSE:
0.599986 0.628147
0.598433 0.661735
0.599209 0.644503
Val:
DSE:
0.544921 0.576846
0.528702 0.575636
0.536689  0.57624
is from:
3757,1332,1554
Train:0.354538 0.424609 0.386423
1396,424,474
Val:0.303725 0.360544 0.329705
442,133,148
Test:0.300905 0.381089 0.336283
is about:
4674,1554,1554
Train:0.332478 0.495378   0.3979
1647,474,474
Val:0.287796 0.403061 0.335813
533,148,148
Test:0.277674 0.424069 0.335601
Epoch 125
Train:
Target:
0.312454 0.361222
  0.5334 0.674955
 0.39407 0.470593
Val:
Target:
0.288305 0.345482
 0.49311 0.618225
0.363868 0.443258
Train:
Agent:
0.677571 0.690744
0.540033 0.577303
0.601034 0.628949
Val:
Agent:
0.610489 0.621008
0.467742 0.511331
0.529666 0.560858
Train:
DSE:
0.600274 0.628448
0.598433 0.661735
0.599352 0.644662
Val:
DSE:
0.544773 0.576463
0.528702 0.575636
0.536617 0.576049
is from:
3115,1086,1555
Train:0.348636 0.346191 0.347409
1173,366,476
Val: 0.31202 0.311224 0.311622
375,107,148
Test:0.285333  0.30659  0.29558
is about:
4679,1555,1555
Train:0.332336 0.495697 0.397902
1652,476,476
Val:0.288136 0.404762 0.336634
535,148,148
Test:0.276636 0.424069 0.334842
Epoch 130
Train:
Target:
 0.31251 0.361247
0.533698 0.675255
0.394196 0.470687
Val:
Target:
0.288197 0.345353
0.493294 0.618225
0.363833 0.443152
Train:
Agent:
0.677623 0.690744
0.540033 0.577303
0.601055 0.628949
Val:
Agent:
0.610489 0.621008
0.467742 0.511331
0.529666 0.560858
Train:
DSE:
0.600274 0.628448
0.598433 0.661735
0.599352 0.644662
Val:
DSE:
0.544773 0.576463
0.528702 0.575636
0.536617 0.576049
is from:
4167,1465,1555
Train:0.351572 0.467007  0.40115
1512,454,476
Val:0.300265 0.386054 0.337798
477,143,148
Test: 0.29979 0.409742 0.346247
is about:
4670,1551,1555
Train: 0.33212 0.494421 0.397336
1651,476,476
Val: 0.28831 0.404762 0.336753
534,148,148
Test:0.277154 0.424069 0.335221
Epoch 135
Train:
Target:
0.312533 0.361247
0.533591 0.675255
0.394185 0.470687
Val:
Target:
0.288412  0.34561
0.493163 0.618225
0.363968 0.443364
Train:
Agent:
0.677623 0.690744
 0.53978 0.577303
0.600897 0.628949
Val:
Agent:
0.609833  0.62037
0.467561 0.510623
0.529303 0.560172
Train:
DSE:
0.600274 0.628448
0.598433 0.661735
0.599352 0.644662
Val:
DSE:
0.544773 0.576463
0.528702 0.575636
0.536617 0.576049
is from:
3968,1417,1555
Train:0.357107 0.451705 0.398874
1457,440,474
Val:0.30199 0.37415 0.33422
457,136,148
Test:0.297593 0.389685 0.337469
is about:
4679,1555,1555
Train:0.332336 0.495697 0.397902
1647,474,474
Val:0.287796 0.403061 0.335813
535,148,148
Test:0.276636 0.424069 0.334842
Epoch 140
Train:
Target:
0.312492 0.361201
0.533628 0.675255
0.394163 0.470647
Val:
Target:
0.288412  0.34561
0.493163 0.618225
0.363968 0.443364
Train:
Agent:
0.677623 0.690744
 0.53978 0.577303
0.600897 0.628949
Val:
Agent:
0.609833  0.62037
 0.46749 0.510623
0.529258 0.560172
Train:
DSE:
0.600274 0.628448
0.598433 0.661735
0.599352 0.644662
Val:
DSE:
0.544773 0.576463
0.528702 0.575636
0.536617 0.576049
is from:
3091,1082,1555
Train:0.350049 0.344916 0.347463
1164,362,474
Val:0.310997 0.307823 0.309402
377,108,148
Test:0.286472 0.309456 0.297521
is about:
4668,1550,1555
Train:0.332048 0.494103 0.397181
1646,474,474
Val:0.287971 0.403061 0.335932
533,147,148
Test:0.275797 0.421203 0.333333
Epoch 145
Train:
Target:
0.312613  0.36134
0.533628 0.675255
0.394259 0.470766
Val:
Target:
0.288412  0.34561
0.493163 0.618225
0.363968 0.443364
Train:
Agent:
0.677623 0.690744
 0.53978 0.577303
0.600897 0.628949
Val:
Agent:
0.609833  0.62037
 0.46749 0.510623
0.529258 0.560172
Train:
DSE:
0.600274 0.628448
0.598433 0.661735
0.599352 0.644662
Val:
DSE:
0.544773 0.576463
0.528702 0.575636
0.536617 0.576049
is from:
4016,1433,1555
Train:0.356823 0.456806 0.400671
1466,441,474
Val:0.300819    0.375 0.333838
464,138,148
Test:0.297414 0.395415 0.339483
is about:
4680,1555,1555
Train:0.332265 0.495697 0.397851
1648,474,474
Val:0.287621 0.403061 0.335694
535,148,148
Test:0.276636 0.424069 0.334842
Epoch 150
Train:
Target:
0.312527 0.361247
0.533728 0.675255
0.394218 0.470687
Val:
Target:
0.288262 0.345739
0.493202 0.618225
0.363859  0.44347
Train:
Agent:
0.677623 0.690744
 0.53978 0.577303
0.600897 0.628949
Val:
Agent:
0.609833  0.62037
 0.46749 0.510623
0.529258 0.560172
Train:
DSE:
0.600274 0.628448
0.598433 0.661735
0.599352 0.644662
Val:
DSE:
0.544773 0.576463
0.528702 0.575636
0.536617 0.576049
is from:
4015,1431,1555
Train:0.356413 0.456168 0.400168
1463,442,474
Val:0.302119  0.37585 0.334975
463,138,148
Test:0.298056 0.395415 0.339901
is about:
4678,1554,1555
Train:0.332193 0.495378 0.397697
1648,474,474
Val:0.287621 0.403061 0.335694
535,148,148
Test:0.276636 0.424069 0.334842
Epoch 155
Train:
Target:
0.312487 0.361201
0.533728 0.675255
0.394186 0.470647
Val:
Target:
0.288262 0.345739
0.493163 0.618225
0.363849  0.44347
Train:
Agent:
0.677623 0.690744
 0.53978 0.577303
0.600897 0.628949
Val:
Agent:
0.609833  0.62037
0.467561 0.510623
0.529303 0.560172
Train:
DSE:
0.600274 0.628448
0.598433 0.661735
0.599352 0.644662
Val:
DSE:
0.544773 0.576463
0.528702 0.575636
0.536617 0.576049
is from:
3222,1127,1555
Train:0.349783  0.35926 0.354458
1214,376,474
Val: 0.30972 0.319728 0.314644
390,115,148
Test:0.294872 0.329513 0.311231
is about:
4673,1552,1555
Train:0.332121  0.49474 0.397439
1646,474,474
Val:0.287971 0.403061 0.335932
534,148,148
Test:0.277154 0.424069 0.335221
Epoch 160
Train:
Target:
0.312487 0.361201
0.533728 0.675255
0.394186 0.470647
Val:
Target:
0.288262 0.345739
0.493163 0.618225
0.363849  0.44347
Train:
Agent:
0.677623 0.690744
 0.53978 0.577303
0.600897 0.628949
Val:
Agent:
0.609833  0.62037
 0.46749 0.510623
0.529258 0.560172
Train:
DSE:
0.600274 0.628448
0.598433 0.661735
0.599352 0.644662
Val:
DSE:
0.544773 0.576463
0.528702 0.575636
0.536617 0.576049
is from:
3829,1364,1555
Train:0.356229  0.43481 0.391616
1416,430,474
Val:0.303672 0.365646  0.33179
446,133,148
Test:0.298206 0.381089 0.334591
is about:
4674,1553,1555
Train:0.332264 0.495059 0.397644
1646,474,474
Val:0.287971 0.403061 0.335932
534,148,148
Test:0.277154 0.424069 0.335221
Epoch 165
Train:
Target:
0.312549 0.361247
0.533578 0.675255
0.394194 0.470687
Val:
Target:
0.288262 0.345739
0.493163 0.618225
0.363849  0.44347
Train:
Agent:
0.677623 0.690744
 0.53978 0.577303
0.600897 0.628949
Val:
Agent:
0.609833  0.62037
 0.46749 0.510623
0.529258 0.560172
Train:
DSE:
0.600274 0.628448
0.598433 0.661735
0.599352 0.644662
Val:
DSE:
0.544773 0.576463
0.528702 0.575636
0.536617 0.576049
is from:
2968,1050,1555
Train:0.353774 0.334715  0.34398
1126,346,474
Val:0.307282 0.294218 0.300608
368,105,148
Test:0.285326  0.30086 0.292887
is about:
4663,1548,1555
Train:0.331975 0.493465 0.396923
1645,474,474
Val:0.288146 0.403061 0.336051
534,148,148
Test:0.277154 0.424069 0.335221
Epoch 170
Train:
Target:
0.312549 0.361247
0.533578 0.675255
0.394194 0.470687
Val:
Target:
0.288262 0.345739
0.493202 0.618225
0.363859  0.44347
Train:
Agent:
0.677623 0.690744
 0.53978 0.577303
0.600897 0.628949
Val:
Agent:
0.609833  0.62037
 0.46749 0.510623
0.529258 0.560172
Train:
DSE:
0.600274 0.628448
0.598433 0.661735
0.599352 0.644662
Val:
DSE:
0.544773 0.576463
0.528702 0.575636
0.536617 0.576049
is from:
3506,1236,1555
Train:0.352539 0.394007 0.372121
1309,401,474
Val:0.306341 0.340986 0.322736
423,125,148
Test:0.295508 0.358166 0.323834
is about:
4680,1555,1555
Train:0.332265 0.495697 0.397851
1648,474,474
Val:0.287621 0.403061 0.335694
535,148,148
Test:0.276636 0.424069 0.334842
Epoch 175
Train:
Target:
0.312549 0.361247
0.533578 0.675255
0.394194 0.470687
Val:
Target:
0.288262 0.345739
0.493202 0.618225
0.363859  0.44347
Train:
Agent:
0.677623 0.690744
 0.53978 0.577303
0.600897 0.628949
Val:
Agent:
0.609833  0.62037
 0.46749 0.510623
0.529258 0.560172
Train:
DSE:
0.600274 0.628448
0.598433 0.661735
0.599352 0.644662
Val:
DSE:
0.544773 0.576463
0.528702 0.575636
0.536617 0.576049
is from:
4167,1464,1555
Train:0.351332 0.466688 0.400876
1511,452,474
Val: 0.29914 0.384354 0.336435
478,143,148
Test:0.299163 0.409742 0.345828
is about:
4680,1555,1555
Train:0.332265 0.495697 0.397851
1648,474,474
Val:0.287621 0.403061 0.335694
535,148,148
Test:0.276636 0.424069 0.334842
Epoch 180
Train:
Target:
0.312549 0.361247
0.533578 0.675255
0.394194 0.470687
Val:
Target:
0.288262 0.345739
0.493202 0.618225
0.363859  0.44347
Train:
Agent:
0.677623 0.690744
 0.53978 0.577303
0.600897 0.628949
Val:
Agent:
0.609833  0.62037
 0.46749 0.510623
0.529258 0.560172
Train:
DSE:
0.600274 0.628448
0.598433 0.661735
0.599352 0.644662
Val:
DSE:
0.544773 0.576463
0.528702 0.575636
0.536617 0.576049
is from:
3804,1358,1555
Train:0.356993 0.432898 0.391298
1410,431,474
Val:0.305674 0.366497 0.333333
445,133,148
Test:0.298876 0.381089 0.335013
is about:
4677,1553,1555
Train: 0.33205 0.495059 0.397492
1647,474,474
Val:0.287796 0.403061 0.335813
535,148,148
Test:0.276636 0.424069 0.334842
Epoch 185
Train:
Target:
0.312549 0.361247
0.533578 0.675255
0.394194 0.470687
Val:
Target:
0.288262 0.345739
0.493202 0.618225
0.363859  0.44347
Train:
Agent:
0.677623 0.690744
 0.53978 0.577303
0.600897 0.628949
Val:
Agent:
0.609833  0.62037
 0.46749 0.510623
0.529258 0.560172
Train:
DSE:
0.600274 0.628448
0.598433 0.661735
0.599352 0.644662
Val:
DSE:
0.544773 0.576463
0.528702 0.575636
0.536617 0.576049
is from:
3748,1330,1555
Train:0.354856 0.423972 0.386347
1388,423,474
Val:0.304755 0.359694 0.329953
440,132,148
Test:     0.3 0.378223 0.334601
is about:
4680,1555,1555
Train:0.332265 0.495697 0.397851
1648,474,474
Val:0.287621 0.403061 0.335694
535,148,148
Test:0.276636 0.424069 0.334842
Epoch 190
Train:
Target:
0.312549 0.361247
0.533578 0.675255
0.394194 0.470687
Val:
Target:
0.288262 0.345739
0.493202 0.618225
0.363859  0.44347
Train:
Agent:
0.677623 0.690744
 0.53978 0.577303
0.600897 0.628949
Val:
Agent:
0.609833  0.62037
 0.46749 0.510623
0.529258 0.560172
Train:
DSE:
0.600274 0.628448
0.598433 0.661735
0.599352 0.644662
Val:
DSE:
0.544773 0.576463
0.528702 0.575636
0.536617 0.576049
is from:
3142,1095,1555
Train:0.348504  0.34906 0.348782
1184,369,474
Val:0.311655 0.313776 0.312712
381,109,148
Test:0.286089 0.312321  0.29863
is about:
4680,1555,1555
Train:0.332265 0.495697 0.397851
1648,474,474
Val:0.287621 0.403061 0.335694
535,148,148
Test:0.276636 0.424069 0.334842
Epoch 195
Train:
Target:
0.312549 0.361247
0.533578 0.675255
0.394194 0.470687
Val:
Target:
0.288262 0.345739
0.493202 0.618225
0.363859  0.44347
Train:
Agent:
0.677623 0.690744
 0.53978 0.577303
0.600897 0.628949
Val:
Agent:
0.609833  0.62037
 0.46749 0.510623
0.529258 0.560172
Train:
DSE:
0.600274 0.628448
0.598433 0.661735
0.599352 0.644662
Val:
DSE:
0.544773 0.576463
0.528702 0.575636
0.536617 0.576049
is from:
4139,1460,1555
Train:0.352742 0.465413 0.401319
1498,451,474
Val:0.301068 0.383503 0.337322
474,141,148
Test:0.297468 0.404011 0.342649
is about:
4680,1555,1555
Train:0.332265 0.495697 0.397851
1648,474,474
Val:0.287621 0.403061 0.335694
535,148,148
Test:0.276636 0.424069 0.334842
Best: 
OCLASS_WEIGHT_TARGET: 0
Validation:
Target
0.286102 0.343497
0.501202 0.626866
0.364269 0.443807
Agent
0.599522 0.610669
0.485898 0.529745
0.536763 0.567336
DSE
0.529438 0.561875
0.547981 0.599063
 0.53855 0.579873
Test:
Target
0.256971 0.299204
0.500295  0.62117
0.339541 0.403871
Agent
0.596794 0.609137
0.505185 0.541475
0.547182 0.573316
DSE
 0.50663 0.522989
0.567931 0.629885
0.535532 0.571481
