9471 6281 892
Valid size: 2298
trained 0 correct pairs in training set
trained 0 valid pairs in total
trained 0 correct pairs in training set
trained 0 valid pairs in total
Epoch 0
Train:
Target:
1 1
0 0
0 0
Val:
Target:
1 1
0 0
0 0
Train:
Agent:
1 1
0 0
0 0
Val:
Agent:
1 1
0 0
0 0
Train:
DSE:
1 1
0 0
0 0
Val:
DSE:
1 1
0 0
0 0
is from:
0,0,0
Train:1 0 0
0,0,0
Val:1 0 0
0,0,0
Test:1 0 0
is about:
0,0,0
Train:1 0 0
0,0,0
Val:1 0 0
0,0,0
Test:1 0 0
trained 0 correct pairs in training set
trained 0 valid pairs in total
trained 0 correct pairs in training set
trained 0 valid pairs in total
Epoch 5
Train:
Target:
1 1
0 0
0 0
Val:
Target:
1 1
0 0
0 0
Train:
Agent:
1 1
0 0
0 0
Val:
Agent:
1 1
0 0
0 0
Train:
DSE:
1 1
0 0
0 0
Val:
DSE:
1 1
0 0
0 0
is from:
0,0,0
Train:1 0 0
0,0,0
Val:1 0 0
0,0,0
Test:1 0 0
is about:
0,0,0
Train:1 0 0
0,0,0
Val:1 0 0
0,0,0
Test:1 0 0
trained 1019 correct pairs in training set
trained 1490 valid pairs in total
trained 0 correct pairs in training set
trained 0 valid pairs in total
Epoch 10
Train:
Target:
1 1
0 0
0 0
Val:
Target:
1 1
0 0
0 0
Train:
Agent:
0.538137 0.547453
0.451486 0.527637
0.491018 0.537362
Val:
Agent:
0.496854 0.503561
0.416293 0.486544
 0.45302 0.494906
Train:
DSE:
0.536962 0.536962
0.287989 0.346939
0.374905 0.421525
Val:
DSE:
0.526776 0.526776
0.257798 0.309237
 0.34618 0.389704
is from:
3242,939,1019
Train:0.289636 0.299331 0.294404
1083,299,324
Val:0.276085 0.254252 0.264719
350,85,93
Test:0.242857 0.243553 0.243205
is about:
3442,986,1019
Train:0.286461 0.314313 0.299742
1135,299,324
Val:0.263436 0.254252 0.258762
382,91,93
Test: 0.23822 0.260745 0.248974
trained 1198 correct pairs in training set
trained 1675 valid pairs in total
trained 530 correct pairs in training set
trained 909 valid pairs in total
Epoch 15
Train:
Target:
  0.26396  0.264387
0.0993704  0.257939
 0.144385  0.261123
Val:
Target:
 0.259837   0.26054
0.0934833  0.230951
 0.137498  0.244854
Train:
Agent:
0.656931 0.661651
0.422316 0.470227
0.514122 0.549752
Val:
Agent:
0.618277 0.622222
 0.40056 0.446884
0.486156 0.520175
Train:
DSE:
0.548833 0.561771
0.424212 0.472449
0.478542 0.513253
Val:
DSE:
0.528089  0.53723
0.394925 0.442436
0.451901 0.485247
is from:
2992,1048,1184
Train:0.350267 0.334077 0.341981
1065,340,386
Val:0.319249 0.289116 0.303436
383,116,128
Test:0.302872 0.332378  0.31694
is about:
2736,969,1184
Train:0.354167 0.308894 0.329985
948,303,386
Val: 0.31962 0.257653 0.285311
336,104,128
Test:0.309524 0.297994  0.30365
trained 1351 correct pairs in training set
trained 2071 valid pairs in total
trained 0 correct pairs in training set
trained 0 valid pairs in total
Epoch 20
Train:
Target:
1 1
0 0
0 0
Val:
Target:
1 1
0 0
0 0
Train:
Agent:
0.653567 0.661154
0.481825 0.526035
0.554707 0.585905
Val:
Agent:
  0.6208 0.626691
0.439568 0.483711
0.514696 0.545996
Train:
DSE:
0.564311 0.581526
 0.48639  0.54949
0.522461 0.565054
Val:
DSE:
0.544876  0.56194
0.451512 0.501339
 0.49382 0.529912
is from:
3141,1008,1332
Train:0.320917 0.321326 0.321121
1065,348,437
Val:0.326761 0.295918 0.310576
373,100,127
Test:0.268097 0.286533 0.277008
is about:
4174,1332,1332
Train:0.319118 0.424609 0.364382
1415,437,437
Val:0.308834 0.371599 0.337321
486,127,127
Test:0.261317 0.363897 0.304192
trained 1233 correct pairs in training set
trained 1862 valid pairs in total
trained 0 correct pairs in training set
trained 0 valid pairs in total
Epoch 25
Train:
Target:
1 1
0 0
0 0
Val:
Target:
1 1
0 0
0 0
Train:
Agent:
 0.67409 0.679284
0.465225 0.515888
0.550513 0.586417
Val:
Agent:
0.635256 0.639423
0.418964 0.465297
0.504922 0.538637
Train:
DSE:
0.608559  0.62673
 0.44212 0.501786
0.512157 0.557341
Val:
DSE:
0.590322 0.608656
0.403325 0.448461
0.479228  0.51642
is from:
2792,990,1201
Train:0.354585 0.315588 0.333952
925,332,393
Val:0.358919 0.282313  0.31604
335,99,121
Test:0.295522 0.283668 0.289474
is about:
3402,1193,1201
Train:0.350676   0.3803 0.364888
1135,388,393
Val: 0.34185 0.329932 0.335785
405,120,121
Test:0.296296  0.34384 0.318302
trained 1076 correct pairs in training set
trained 1650 valid pairs in total
trained 0 correct pairs in training set
trained 0 valid pairs in total
Epoch 30
Train:
Target:
1 1
0 0
0 0
Val:
Target:
1 1
0 0
0 0
Train:
Agent:
 0.68722  0.69812
0.488478 0.527904
0.571051 0.601196
Val:
Agent:
0.631065 0.640596
0.436635  0.48017
0.516147 0.548901
Train:
DSE:
0.684024  0.70177
 0.35374 0.409694
0.466323 0.517355
Val:
DSE:
0.650665 0.664093
0.292911 0.340027
0.403968 0.449766
is from:
2445,993,1062
Train:0.406135 0.316544 0.355786
748,276,296
Val:0.368984 0.234694 0.286902
247,87,100
Test:0.352227 0.249284 0.291946
is about:
2650,1062,1062
Train:0.400755  0.33854  0.36703
837,296,296
Val:0.353644 0.251701 0.294088
285,100,100
Test:0.350877 0.286533 0.315457
trained 1396 correct pairs in training set
trained 2218 valid pairs in total
trained 0 correct pairs in training set
trained 0 valid pairs in total
Epoch 35
Train:
Target:
1 1
0 0
0 0
Val:
Target:
1 1
0 0
0 0
Train:
Agent:
0.682666 0.692558
0.503952 0.549533
0.579851 0.612811
Val:
Agent:
0.608784 0.617958
0.445258 0.492918
0.514336 0.548401
Train:
DSE:
0.581388 0.605759
0.542389 0.601531
0.561212 0.603638
Val:
DSE:
0.539133 0.564139
0.479909  0.53012
  0.5078 0.546601
is from:
3127,1083,1398
Train:0.346338 0.345234 0.345785
1103,360,437
Val:0.326383 0.306122 0.315928
341,105,135
Test:0.307918  0.30086 0.304348
is about:
4239,1398,1398
Train:0.329795 0.445649 0.379067
1463,437,437
Val:0.298701 0.371599 0.331186
455,135,135
Test:0.296703 0.386819 0.335821
trained 1258 correct pairs in training set
trained 1991 valid pairs in total
trained 0 correct pairs in training set
trained 0 valid pairs in total
Epoch 40
Train:
Target:
1 1
0 0
0 0
Val:
Target:
1 1
0 0
0 0
Train:
Agent:
0.709464 0.717922
 0.47817 0.525501
0.571295 0.606822
Val:
Agent:
0.635184 0.643411
 0.42318 0.465297
0.507948 0.540047
Train:
DSE:
0.617506 0.642415
0.492938 0.552551
0.548235 0.594104
Val:
DSE:
0.580133 0.605753
0.432564 0.477242
0.495596 0.533873
is from:
2796,1059,1274
Train:0.378755 0.337584 0.356986
911,334,390
Val: 0.36663 0.284014 0.320077
306,101,122
Test:0.330065 0.289398 0.308397
is about:
3559,1274,1274
Train:0.357966  0.40612 0.380526
1172,390,390
Val:0.332765 0.331633 0.332198
392,122,122
Test:0.311224  0.34957 0.329285
trained 1530 correct pairs in training set
trained 2428 valid pairs in total
trained 0 correct pairs in training set
trained 0 valid pairs in total
Epoch 45
Train:
Target:
1 1
0 0
0 0
Val:
Target:
1 1
0 0
0 0
Train:
Agent:
0.641176 0.654693
0.554478 0.591188
0.594684 0.621322
Val:
Agent:
0.592359 0.606698
0.491113 0.536827
0.537006 0.569628
Train:
DSE:
0.551285 0.580558
 0.59689 0.656888
0.573182 0.616369
Val:
DSE:
 0.50979 0.541035
0.520538 0.569612
0.515108 0.554956
is from:
3123,979,1545
Train:0.313481 0.312082  0.31278
1127,336,495
Val:0.298137 0.285714 0.291793
348,91,146
Test:0.261494 0.260745 0.261119
is about:
5095,1543,1545
Train:0.302846 0.491871 0.374879
1789,493,495
Val:0.275573 0.419218 0.332546
551,146,146
Test:0.264973 0.418338 0.324444
trained 1483 correct pairs in training set
trained 2383 valid pairs in total
trained 0 correct pairs in training set
trained 0 valid pairs in total
Epoch 50
Train:
Target:
1 1
0 0
0 0
Val:
Target:
1 1
0 0
0 0
Train:
Agent:
0.653603 0.665974
0.549336  0.58745
0.596951 0.624253
Val:
Agent:
0.595857 0.608108
0.484798 0.528329
 0.53462 0.565418
Train:
DSE:
0.579624 0.605935
0.569811 0.631633
0.574676 0.618517
Val:
DSE:
0.535329 0.564192
0.490188 0.539491
0.511765 0.551565
is from:
3588,1191,1492
Train: 0.33194 0.379662 0.354201
1257,389,474
Val:0.309467 0.330782  0.31977
392,112,144
Test:0.285714 0.320917 0.302294
is about:
4741,1492,1492
Train:0.314702 0.475614 0.378776
1643,474,474
Val:0.288497 0.403061 0.336289
523,144,144
Test:0.275335 0.412607 0.330275
trained 1410 correct pairs in training set
trained 2260 valid pairs in total
trained 0 correct pairs in training set
trained 0 valid pairs in total
Epoch 55
Train:
Target:
1 1
0 0
0 0
Val:
Target:
1 1
0 0
0 0
Train:
Agent:
0.674307 0.686454
0.529571 0.567423
0.593238 0.621289
Val:
Agent:
0.619105 0.632618
0.463557 0.506374
0.530157   0.5625
Train:
DSE:
0.579254 0.607152
0.570461 0.630612
0.574824  0.61866
Val:
DSE:
  0.5358 0.565999
0.495744 0.544846
0.514994 0.555221
is from:
2937,990,1436
Train:0.337079 0.315588  0.32598
1038,331,462
Val:0.318882 0.281463 0.299006
328,91,136
Test:0.277439 0.260745 0.268833
is about:
4444,1430,1436
Train:0.321782  0.45585 0.377259
1553,460,462
Val:0.296201 0.391156  0.33712
497,136,136
Test:0.273642 0.389685 0.321513
trained 1385 correct pairs in training set
trained 2205 valid pairs in total
trained 0 correct pairs in training set
trained 0 valid pairs in total
Epoch 60
Train:
Target:
1 1
0 0
0 0
Val:
Target:
1 1
0 0
0 0
Train:
Agent:
0.664557 0.677499
 0.53489 0.572764
0.592714 0.620745
Val:
Agent:
0.606333 0.619966
0.468965 0.512748
0.528875 0.561283
Train:
DSE:
0.608517 0.633235
0.535774 0.597449
0.569834 0.614822
Val:
DSE:
0.556546 0.584166
0.461044 0.505355
0.504314  0.54191
is from:
3461,1204,1397
Train:0.347876 0.383806 0.364959
1205,389,440
Val:0.322822 0.330782 0.326753
370,118,140
Test:0.318919 0.338109 0.328234
is about:
4207,1397,1397
Train:0.332066  0.44533 0.380447
1448,440,440
Val:0.303867  0.37415 0.335366
462,140,140
Test: 0.30303 0.401146 0.345253
trained 1481 correct pairs in training set
trained 2370 valid pairs in total
trained 0 correct pairs in training set
trained 0 valid pairs in total
Epoch 65
Train:
Target:
1 1
0 0
0 0
Val:
Target:
1 1
0 0
0 0
Train:
Agent:
0.663357 0.676373
0.550378 0.588251
0.601609 0.629242
Val:
Agent:
0.596587 0.610484
0.481439 0.524788
0.532863 0.564401
Train:
DSE:
 0.56821 0.596956
0.588936 0.647704
0.578387 0.621295
Val:
DSE:
 0.52147  0.55301
 0.51144 0.559572
0.516406 0.556272
is from:
3892,1290,1504
Train:0.331449 0.411221 0.367051
1388,418,480
Val:0.301153 0.355442 0.326053
421,123,146
Test:0.292162 0.352436 0.319481
is about:
4799,1504,1504
Train:0.313399 0.479439 0.379032
1712,480,480
Val:0.280374 0.408163  0.33241
525,146,146
Test:0.278095 0.418338 0.334096
trained 1344 correct pairs in training set
trained 2151 valid pairs in total
trained 0 correct pairs in training set
trained 0 valid pairs in total
Epoch 70
Train:
Target:
1 1
0 0
0 0
Val:
Target:
1 1
0 0
0 0
Train:
Agent:
0.681573 0.693333
0.517583 0.556475
0.588365 0.617411
Val:
Agent:
0.621356 0.636202
0.453958 0.495751
0.524627 0.557263
Train:
DSE:
0.602127 0.628235
 0.54776 0.608929
0.573658 0.618431
Val:
DSE:
0.551832 0.578947
0.469327 0.516064
0.507247   0.5457
is from:
2348,807,1377
Train:0.343697 0.257252 0.294257
838,281,439
Val:0.335322 0.238946 0.279047
247,79,135
Test:0.319838 0.226361 0.265101
is about:
4089,1368,1377
Train:0.334556 0.436085 0.378633
1432,437,439
Val:0.305168 0.371599 0.335123
442,135,135
Test: 0.30543 0.386819  0.34134
trained 1406 correct pairs in training set
trained 2257 valid pairs in total
trained 0 correct pairs in training set
trained 0 valid pairs in total
Epoch 75
Train:
Target:
1 1
0 0
0 0
Val:
Target:
1 1
0 0
0 0
Train:
Agent:
0.677652 0.690243
0.529122 0.569826
0.594246 0.624281
Val:
Agent:
  0.6123 0.625961
0.462795  0.50779
0.527152 0.560717
Train:
DSE:
0.577754 0.606164
0.575787 0.633929
0.576769 0.619735
Val:
DSE:
0.529387 0.561308
0.498477 0.546854
0.513467 0.553987
is from:
3379,1143,1440
Train:0.338266 0.364361 0.350829
1202,384,464
Val:0.319468 0.326531  0.32296
360,105,139
Test:0.291667  0.30086 0.296192
is about:
4465,1440,1440
Train:0.322508 0.459037 0.378848
1585,464,464
Val:0.292744 0.394558  0.33611
488,139,139
Test:0.284836 0.398281 0.332139
trained 1368 correct pairs in training set
trained 2185 valid pairs in total
trained 0 correct pairs in training set
trained 0 valid pairs in total
Epoch 80
Train:
Target:
1 1
0 0
0 0
Val:
Target:
1 1
0 0
0 0
Train:
Agent:
0.685064 0.696673
0.514797 0.554873
 0.58785  0.61774
Val:
Agent:
0.622375 0.635389
0.452939 0.493626
0.524308 0.555607
Train:
DSE:
0.594078 0.621162
0.562149 0.621684
0.577673 0.621423
Val:
DSE:
0.540744 0.571326
0.481029 0.528782
0.509142 0.549231
is from:
2569,875,1403
Train:0.340599 0.278929 0.306695
904,296,439
Val:0.327434 0.251701 0.284615
269,81,136
Test:0.301115 0.232092 0.262136
is about:
4204,1401,1403
Train:0.333254 0.446605 0.381692
1470,439,439
Val:0.298639 0.373299 0.331822
454,136,136
Test:0.299559 0.389685  0.33873
trained 1395 correct pairs in training set
trained 2238 valid pairs in total
trained 0 correct pairs in training set
trained 0 valid pairs in total
Epoch 85
Train:
Target:
1 1
0 0
0 0
Val:
Target:
1 1
0 0
0 0
Train:
Agent:
 0.67737 0.689579
0.526323 0.566889
0.592369 0.622244
Val:
Agent:
0.614129 0.627907
0.461242 0.505666
0.526817 0.560195
Train:
DSE:
0.590161 0.617293
0.565627  0.62551
0.577634 0.621375
Val:
DSE:
0.537077 0.567893
0.485068 0.533467
0.509749 0.550142
is from:
2539,846,1421
Train:0.333202 0.269684 0.298097
914,294,449
Val:0.321663     0.25  0.28134
276,83,139
Test:0.300725 0.237822   0.2656
is about:
4336,1419,1421
Train: 0.32726 0.452343 0.379767
1526,449,449
Val:0.294233 0.381803 0.332346
473,139,139
Test:0.293869 0.398281   0.3382
trained 1381 correct pairs in training set
trained 2216 valid pairs in total
trained 0 correct pairs in training set
trained 0 valid pairs in total
Epoch 90
Train:
Target:
1 1
0 0
0 0
Val:
Target:
1 1
0 0
0 0
Train:
Agent:
0.674949 0.688287
0.530776 0.569826
0.594243  0.62348
Val:
Agent:
0.610914 0.624576
0.464167 0.508499
0.527525 0.560592
Train:
DSE:
0.596543 0.623565
0.559832 0.619898
0.577605 0.621726
Val:
DSE:
 0.54514 0.574946
0.478408 0.526104
0.509598 0.549442
is from:
2749,938,1416
Train:0.341215 0.299012 0.318722
974,311,450
Val:0.319302 0.264456 0.289302
291,89,139
Test:0.305842 0.255014 0.278125
is about:
4299,1416,1416
Train:0.329379 0.451387  0.38085
1520,450,450
Val:0.296053 0.382653 0.333828
457,139,139
Test:0.304158 0.398281 0.344913
trained 1386 correct pairs in training set
trained 2224 valid pairs in total
trained 0 correct pairs in training set
trained 0 valid pairs in total
Epoch 95
Train:
Target:
1 1
0 0
0 0
Val:
Target:
1 1
0 0
0 0
Train:
Agent:
0.678379 0.690741
0.525505  0.56502
0.592236 0.621587
Val:
Agent:
0.617931 0.631854
0.459797 0.503541
0.527262 0.560447
Train:
DSE:
0.591398 0.618557
0.564768  0.62449
0.577777 0.621509
Val:
DSE:
0.537945 0.568892
0.484398 0.532798
 0.50977 0.550254
is from:
3227,1107,1416
Train:0.343043 0.352885 0.347894
1127,368,448
Val:0.326531 0.312925 0.319583
343,102,138
Test:0.297376 0.292264 0.294798
is about:
4299,1412,1416
Train:0.328448 0.450112 0.379774
1512,448,448
Val:0.296296 0.380952 0.333333
464,138,138
Test:0.297414 0.395415 0.339483
trained 1379 correct pairs in training set
trained 2211 valid pairs in total
trained 0 correct pairs in training set
trained 0 valid pairs in total
Epoch 100
Train:
Target:
1 1
0 0
0 0
Val:
Target:
1 1
0 0
0 0
Train:
Agent:
0.676193 0.688826
0.527136 0.566889
0.592433 0.621937
Val:
Agent:
0.615652 0.629407
0.462262 0.506374
0.528043 0.561227
Train:
DSE:
0.594497 0.621923
0.562702 0.622194
0.578163 0.622059
Val:
DSE:
0.540834 0.571633
0.480606 0.529451
0.508944 0.549734
is from:
2916,999,1413
Train:0.342593 0.318457 0.330084
1036,331,448
Val:0.319498 0.281463 0.299277
303,92,138
Test: 0.30363  0.26361 0.282209
is about:
4287,1413,1413
Train:0.329601  0.45043 0.380657
1509,448,448
Val:0.296885 0.380952 0.333706
458,138,138
Test: 0.30131 0.395415 0.342007
trained 1386 correct pairs in training set
trained 2224 valid pairs in total
trained 0 correct pairs in training set
trained 0 valid pairs in total
Epoch 105
Train:
Target:
1 1
0 0
0 0
Val:
Target:
1 1
0 0
0 0
Train:
Agent:
0.679676 0.691744
0.524809 0.564219
0.592286 0.621507
Val:
Agent:
0.618884 0.632867
0.459188 0.502125
0.527208 0.559966
Train:
DSE:
 0.59212 0.619179
0.564853  0.62449
0.578165 0.621823
Val:
DSE:
0.537617 0.568586
0.483729 0.531459
0.509251 0.549396
is from:
3202,1102,1417
Train: 0.34416 0.351291 0.347689
1118,365,448
Val:0.326476 0.310374 0.318221
340,102,138
Test:     0.3 0.292264 0.296081
is about:
4193,1368,1417
Train:0.326258 0.436085 0.373261
1464,437,448
Val:0.298497 0.371599 0.331061
453,132,138
Test:0.291391 0.378223 0.329177
trained 1385 correct pairs in training set
trained 2223 valid pairs in total
trained 0 correct pairs in training set
trained 0 valid pairs in total
Epoch 110
Train:
Target:
1 1
0 0
0 0
Val:
Target:
1 1
0 0
0 0
Train:
Agent:
0.676733 0.689382
0.526582 0.566355
0.592289 0.621842
Val:
Agent:
0.617319 0.631169
 0.46117 0.504958
0.527941 0.561053
Train:
DSE:
 0.59212 0.619179
0.564853  0.62449
0.578165 0.621823
Val:
DSE:
0.537288 0.568279
 0.48306  0.53079
0.508733 0.548895
is from:
2818,957,1415
Train:0.339603 0.305069 0.321411
993,317,448
Val:0.319235 0.269558 0.292301
296,91,138
Test:0.307432 0.260745 0.282171
is about:
3953,1270,1415
Train:0.321275 0.404845 0.358251
1388,406,448
Val:0.292507 0.345238 0.316693
432,128,138
Test:0.296296 0.366762 0.327785
trained 1387 correct pairs in training set
trained 2224 valid pairs in total
trained 0 correct pairs in training set
trained 0 valid pairs in total
Epoch 115
Train:
Target:
1 1
0 0
0 0
Val:
Target:
1 1
0 0
0 0
Train:
Agent:
0.678913 0.691279
0.525497 0.564753
0.592434 0.621643
Val:
Agent:
0.617804 0.631763
0.459298 0.502125
0.526888 0.559533
Train:
DSE:
 0.59212 0.619179
0.564896  0.62449
0.578187 0.621823
Val:
DSE:
0.537617 0.568586
0.484064 0.532129
0.509437 0.549753
is from:
3557,1232,1417
Train:0.346359 0.392732 0.368091
1243,396,448
Val:0.318584 0.336735 0.327408
371,117,138
Test:0.315364 0.335244    0.325
is about:
4303,1417,1417
Train:0.329305 0.451705 0.380914
1509,448,448
Val:0.296885 0.380952 0.333706
463,138,138
Test:0.298056 0.395415 0.339901
trained 1387 correct pairs in training set
trained 2224 valid pairs in total
trained 0 correct pairs in training set
trained 0 valid pairs in total
Epoch 120
Train:
Target:
1 1
0 0
0 0
Val:
Target:
1 1
0 0
0 0
Train:
Agent:
0.678545 0.691181
0.525515 0.564753
0.592305 0.621604
Val:
Agent:
0.617265 0.631212
0.459555 0.502125
0.526861 0.559317
Train:
DSE:
 0.59212 0.619179
0.564896  0.62449
0.578187 0.621823
Val:
DSE:
0.537288 0.568279
 0.48306  0.53079
0.508733 0.548895
is from:
2544,849,1417
Train:0.333726 0.270641 0.298891
909,293,447
Val:0.322332  0.24915 0.281055
271,83,138
Test:0.306273 0.237822 0.267742
is about:
3574,1167,1417
Train:0.326525 0.372011 0.347787
1255,363,447
Val:0.289243 0.308673 0.298643
382,119,138
Test:0.311518 0.340974 0.325581
trained 1387 correct pairs in training set
trained 2224 valid pairs in total
trained 0 correct pairs in training set
trained 0 valid pairs in total
Epoch 125
Train:
Target:
1 1
0 0
0 0
Val:
Target:
1 1
0 0
0 0
Train:
Agent:
0.679129   0.6915
0.525497 0.564753
0.592516 0.621732
Val:
Agent:
0.617804 0.631763
0.459277 0.502125
0.526874 0.559533
Train:
DSE:
 0.59212 0.619179
0.564896  0.62449
0.578187 0.621823
Val:
DSE:
0.537288 0.568279
 0.48306  0.53079
0.508733 0.548895
is from:
3597,1242,1417
Train:0.345288  0.39592 0.368874
1259,398,447
Val:0.316124 0.338435 0.326899
376,120,138
Test:0.319149  0.34384 0.331034
is about:
4301,1417,1417
Train:0.329458 0.451705 0.381016
1506,447,447
Val:0.296813 0.380102 0.333333
463,138,138
Test:0.298056 0.395415 0.339901
trained 1387 correct pairs in training set
trained 2224 valid pairs in total
trained 0 correct pairs in training set
trained 0 valid pairs in total
Epoch 130
Train:
Target:
1 1
0 0
0 0
Val:
Target:
1 1
0 0
0 0
Train:
Agent:
0.678761 0.691401
0.525515 0.564753
0.592388 0.621693
Val:
Agent:
0.617265 0.631212
0.459555 0.502125
0.526861 0.559317
Train:
DSE:
 0.59212 0.619179
0.564896  0.62449
0.578187 0.621823
Val:
DSE:
0.537288 0.568279
0.483394 0.531459
0.508918 0.549253
is from:
3516,1215,1417
Train:0.345563 0.387313 0.365249
1226,393,447
Val:0.320555 0.334184 0.327227
367,115,138
Test:0.313351 0.329513 0.321229
is about:
4303,1417,1417
Train:0.329305 0.451705 0.380914
1507,447,447
Val:0.296616 0.380102 0.333209
463,138,138
Test:0.298056 0.395415 0.339901
trained 1387 correct pairs in training set
trained 2225 valid pairs in total
trained 0 correct pairs in training set
trained 0 valid pairs in total
Epoch 135
Train:
Target:
1 1
0 0
0 0
Val:
Target:
1 1
0 0
0 0
Train:
Agent:
0.678705   0.6915
0.525544  0.56502
0.592385 0.621894
Val:
Agent:
0.616728 0.630662
0.459555 0.502125
0.526665 0.559101
Train:
DSE:
 0.59212 0.619179
0.564896  0.62449
0.578187 0.621823
Val:
DSE:
0.537288 0.568279
 0.48306  0.53079
0.508733 0.548895
is from:
2776,942,1417
Train:0.339337 0.300287  0.31862
980,313,447
Val:0.319388 0.266156 0.290353
298,90,138
Test:0.302013  0.25788 0.278207
is about:
4305,1417,1417
Train:0.329152 0.451705 0.380812
1508,447,447
Val:0.296419 0.380102 0.333085
463,138,138
Test:0.298056 0.395415 0.339901
trained 1387 correct pairs in training set
trained 2225 valid pairs in total
trained 0 correct pairs in training set
trained 0 valid pairs in total
Epoch 140
Train:
Target:
1 1
0 0
0 0
Val:
Target:
1 1
0 0
0 0
Train:
Agent:
0.678705   0.6915
0.525544  0.56502
0.592385 0.621894
Val:
Agent:
0.617265 0.631212
0.459555 0.502125
0.526861 0.559317
Train:
DSE:
 0.59212 0.619179
0.564896  0.62449
0.578187 0.621823
Val:
DSE:
0.537288 0.568279
0.483394 0.531459
0.508918 0.549253
is from:
2852,970,1417
Train:0.340112 0.309213 0.323927
1003,319,447
Val:0.318046 0.271259 0.292795
305,92,138
Test:0.301639  0.26361 0.281346
is about:
4305,1417,1417
Train:0.329152 0.451705 0.380812
1509,447,447
Val:0.296223 0.380102 0.332961
463,138,138
Test:0.298056 0.395415 0.339901
trained 1387 correct pairs in training set
trained 2224 valid pairs in total
trained 0 correct pairs in training set
trained 0 valid pairs in total
Epoch 145
Train:
Target:
1 1
0 0
0 0
Val:
Target:
1 1
0 0
0 0
Train:
Agent:
0.678818 0.691622
0.525515 0.564753
0.592409 0.621782
Val:
Agent:
0.618137 0.632084
0.459675 0.502125
0.527258 0.559659
Train:
DSE:
 0.59212 0.619179
0.564896  0.62449
0.578187 0.621823
Val:
DSE:
0.536959 0.567972
 0.48306  0.53079
0.508585 0.548752
is from:
2786,949,1417
Train:0.340632 0.302518 0.320446
985,315,448
Val:0.319797 0.267857 0.291532
299,91,138
Test:0.304348 0.260745 0.280864
is about:
4298,1415,1417
Train:0.329223 0.451068 0.380632
1507,448,448
Val:0.297279 0.380952 0.333955
463,138,138
Test:0.298056 0.395415 0.339901
trained 1387 correct pairs in training set
trained 2225 valid pairs in total
trained 0 correct pairs in training set
trained 0 valid pairs in total
Epoch 150
Train:
Target:
1 1
0 0
0 0
Val:
Target:
1 1
0 0
0 0
Train:
Agent:
0.678921  0.69172
0.525544  0.56502
0.592467 0.621983
Val:
Agent:
0.617599 0.631533
0.459675 0.502125
0.527062 0.559443
Train:
DSE:
 0.59212 0.619179
0.564896  0.62449
0.578187 0.621823
Val:
DSE:
0.537288 0.568279
 0.48306  0.53079
0.508733 0.548895
is from:
2685,904,1417
Train:0.336685 0.288173 0.310546
952,306,448
Val:0.321429 0.260204 0.287594
281,84,138
Test:0.298932 0.240688 0.266667
is about:
4289,1407,1417
Train:0.328048 0.448518 0.378939
1506,446,448
Val:0.296149 0.379252 0.332588
463,138,138
Test:0.298056 0.395415 0.339901
trained 1387 correct pairs in training set
trained 2225 valid pairs in total
trained 0 correct pairs in training set
trained 0 valid pairs in total
Epoch 155
Train:
Target:
1 1
0 0
0 0
Val:
Target:
1 1
0 0
0 0
Train:
Agent:
0.678921  0.69172
0.525544  0.56502
0.592467 0.621983
Val:
Agent:
0.617599 0.631533
0.459696 0.502125
0.527075 0.559443
Train:
DSE:
 0.59212 0.619179
0.564896  0.62449
0.578187 0.621823
Val:
DSE:
0.536959 0.567972
 0.48306  0.53079
0.508585 0.548752
is from:
3065,1054,1417
Train:0.343883  0.33599  0.33989
1087,349,448
Val:0.321067 0.296769  0.30844
323,97,138
Test: 0.30031 0.277937  0.28869
is about:
4303,1417,1417
Train:0.329305 0.451705 0.380914
1509,448,448
Val:0.296885 0.380952 0.333706
463,138,138
Test:0.298056 0.395415 0.339901
trained 1387 correct pairs in training set
trained 2225 valid pairs in total
trained 0 correct pairs in training set
trained 0 valid pairs in total
Epoch 160
Train:
Target:
1 1
0 0
0 0
Val:
Target:
1 1
0 0
0 0
Train:
Agent:
0.678921  0.69172
0.525544  0.56502
0.592467 0.621983
Val:
Agent:
0.617599 0.631533
0.459696 0.502125
0.527075 0.559443
Train:
DSE:
 0.59212 0.619179
0.564896  0.62449
0.578187 0.621823
Val:
DSE:
0.536959 0.567972
 0.48306  0.53079
0.508585 0.548752
is from:
2710,913,1417
Train:  0.3369 0.291042 0.312297
961,311,448
Val:0.323621 0.264456 0.291062
285,85,138
Test:0.298246 0.243553 0.268139
is about:
4303,1417,1417
Train:0.329305 0.451705 0.380914
1509,448,448
Val:0.296885 0.380952 0.333706
463,138,138
Test:0.298056 0.395415 0.339901
trained 1387 correct pairs in training set
trained 2225 valid pairs in total
trained 0 correct pairs in training set
trained 0 valid pairs in total
Epoch 165
Train:
Target:
1 1
0 0
0 0
Val:
Target:
1 1
0 0
0 0
Train:
Agent:
0.678921  0.69172
0.525544  0.56502
0.592467 0.621983
Val:
Agent:
0.617599 0.631533
0.459696 0.502125
0.527075 0.559443
Train:
DSE:
 0.59212 0.619179
0.564896  0.62449
0.578187 0.621823
Val:
DSE:
0.536959 0.567972
 0.48306  0.53079
0.508585 0.548752
is from:
2614,880,1417
Train:0.336649 0.280523 0.306034
932,301,448
Val:0.322961 0.255952 0.285579
276,83,138
Test:0.300725 0.237822   0.2656
is about:
4303,1417,1417
Train:0.329305 0.451705 0.380914
1509,448,448
Val:0.296885 0.380952 0.333706
463,138,138
Test:0.298056 0.395415 0.339901
trained 1387 correct pairs in training set
trained 2225 valid pairs in total
trained 0 correct pairs in training set
trained 0 valid pairs in total
Epoch 170
Train:
Target:
1 1
0 0
0 0
Val:
Target:
1 1
0 0
0 0
Train:
Agent:
0.678921  0.69172
0.525544  0.56502
0.592467 0.621983
Val:
Agent:
0.617599 0.631533
0.459696 0.502125
0.527075 0.559443
Train:
DSE:
 0.59212 0.619179
0.564896  0.62449
0.578187 0.621823
Val:
DSE:
0.536959 0.567972
 0.48306  0.53079
0.508585 0.548752
is from:
3410,1177,1417
Train:0.345161 0.375199 0.359554
1202,387,448
Val:0.321963 0.329082 0.325484
361,113,138
Test:0.313019 0.323782  0.31831
is about:
4303,1417,1417
Train:0.329305 0.451705 0.380914
1509,448,448
Val:0.296885 0.380952 0.333706
463,138,138
Test:0.298056 0.395415 0.339901
trained 1387 correct pairs in training set
trained 2225 valid pairs in total
trained 0 correct pairs in training set
trained 0 valid pairs in total
Epoch 175
Train:
Target:
1 1
0 0
0 0
Val:
Target:
1 1
0 0
0 0
Train:
Agent:
0.678921  0.69172
0.525544  0.56502
0.592467 0.621983
Val:
Agent:
0.617599 0.631533
0.459696 0.502125
0.527075 0.559443
Train:
DSE:
 0.59212 0.619179
0.564896  0.62449
0.578187 0.621823
Val:
DSE:
0.536959 0.567972
 0.48306  0.53079
0.508585 0.548752
is from:
3280,1124,1417
Train:0.342683 0.358304 0.350319
1141,372,448
Val: 0.32603 0.316327 0.321105
348,106,138
Test:0.304598 0.303725 0.304161
is about:
4290,1408,1417
Train:0.328205 0.448836 0.379157
1504,445,448
Val:0.295878 0.378401  0.33209
463,138,138
Test:0.298056 0.395415 0.339901
trained 1387 correct pairs in training set
trained 2225 valid pairs in total
trained 0 correct pairs in training set
trained 0 valid pairs in total
Epoch 180
Train:
Target:
1 1
0 0
0 0
Val:
Target:
1 1
0 0
0 0
Train:
Agent:
0.678921  0.69172
0.525544  0.56502
0.592467 0.621983
Val:
Agent:
0.617599 0.631533
0.459696 0.502125
0.527075 0.559443
Train:
DSE:
 0.59212 0.619179
0.564896  0.62449
0.578187 0.621823
Val:
DSE:
0.536959 0.567972
 0.48306  0.53079
0.508585 0.548752
is from:
2681,904,1417
Train:0.337188 0.288173  0.31076
952,307,448
Val:0.322479 0.261054 0.288534
282,83,138
Test:0.294326 0.237822 0.263074
is about:
4303,1417,1417
Train:0.329305 0.451705 0.380914
1509,448,448
Val:0.296885 0.380952 0.333706
463,138,138
Test:0.298056 0.395415 0.339901
trained 1387 correct pairs in training set
trained 2225 valid pairs in total
trained 0 correct pairs in training set
trained 0 valid pairs in total
Epoch 185
Train:
Target:
1 1
0 0
0 0
Val:
Target:
1 1
0 0
0 0
Train:
Agent:
0.678921  0.69172
0.525544  0.56502
0.592467 0.621983
Val:
Agent:
0.617599 0.631533
0.459696 0.502125
0.527075 0.559443
Train:
DSE:
 0.59212 0.619179
0.564896  0.62449
0.578187 0.621823
Val:
DSE:
0.536959 0.567972
 0.48306  0.53079
0.508585 0.548752
is from:
3584,1235,1417
Train:0.344587 0.393688 0.367505
1257,399,448
Val:0.317422 0.339286  0.32799
379,120,138
Test:0.316623  0.34384  0.32967
is about:
4303,1417,1417
Train:0.329305 0.451705 0.380914
1509,448,448
Val:0.296885 0.380952 0.333706
463,138,138
Test:0.298056 0.395415 0.339901
trained 1387 correct pairs in training set
trained 2225 valid pairs in total
trained 0 correct pairs in training set
trained 0 valid pairs in total
Epoch 190
Train:
Target:
1 1
0 0
0 0
Val:
Target:
1 1
0 0
0 0
Train:
Agent:
0.678921  0.69172
0.525544  0.56502
0.592467 0.621983
Val:
Agent:
0.617599 0.631533
0.459696 0.502125
0.527075 0.559443
Train:
DSE:
 0.59212 0.619179
0.564896  0.62449
0.578187 0.621823
Val:
DSE:
0.536959 0.567972
 0.48306  0.53079
0.508585 0.548752
is from:
3553,1229,1417
Train:0.345905 0.391776 0.367414
1243,398,448
Val:0.320193 0.338435 0.329062
370,117,138
Test:0.316216 0.335244 0.325452
is about:
4303,1417,1417
Train:0.329305 0.451705 0.380914
1509,448,448
Val:0.296885 0.380952 0.333706
463,138,138
Test:0.298056 0.395415 0.339901
trained 1387 correct pairs in training set
trained 2225 valid pairs in total
trained 0 correct pairs in training set
trained 0 valid pairs in total
Epoch 195
Train:
Target:
1 1
0 0
0 0
Val:
Target:
1 1
0 0
0 0
Train:
Agent:
0.678921  0.69172
0.525544  0.56502
0.592467 0.621983
Val:
Agent:
0.617599 0.631533
0.459696 0.502125
0.527075 0.559443
Train:
DSE:
 0.59212 0.619179
0.564896  0.62449
0.578187 0.621823
Val:
DSE:
0.536959 0.567972
 0.48306  0.53079
0.508585 0.548752
is from:
2915,995,1417
Train:0.341338 0.317182 0.328817
1029,328,448
Val:0.318756 0.278912 0.297506
308,94,138
Test:0.305195 0.269341 0.286149
is about:
4299,1415,1417
Train:0.329146 0.451068 0.380581
1509,448,448
Val:0.296885 0.380952 0.333706
463,138,138
Test:0.298056 0.395415 0.339901
Best: 
OCLASS_WEIGHT_TARGET: 0
Validation:
Target
 0.259837   0.26054
0.0934833  0.230951
 0.137498  0.244854
Agent
0.592359 0.606698
0.491113 0.536827
0.537006 0.569628
DSE
 0.52147  0.55301
 0.51144 0.559572
0.516406 0.556272
Test:
Target
 0.256447   0.25788
0.0960867   0.24234
 0.139795  0.249868
Agent
0.587407 0.597884
0.483205 0.506912
0.530235 0.548653
DSE
0.510225 0.531697
0.531801 0.588506
0.520789 0.558661
