9471 6281 892
Valid size: 2298
Epoch 0
Train:
Target:
1 1
0 0
0 0
Val:
Target:
1 1
0 0
0 0
Train:
Agent:
1 1
0 0
0 0
Val:
Agent:
1 1
0 0
0 0
Train:
DSE:
1 1
0 0
0 0
Val:
DSE:
1 1
0 0
0 0
is from:
0,0,0
Train:1 0 0
0,0,0
Val:1 0 0
0,0,0
Test:1 0 0
is about:
0,0,0
Train:1 0 0
0,0,0
Val:1 0 0
0,0,0
Test:1 0 0
Epoch 5
Train:
Target:
1 1
0 0
0 0
Val:
Target:
1 1
0 0
0 0
Train:
Agent:
1 1
0 0
0 0
Val:
Agent:
1 1
0 0
0 0
Train:
DSE:
0.580729 0.580729
0.133856 0.168112
0.217564 0.260743
Val:
DSE:
0.562353 0.562353
0.130261 0.159973
0.211525 0.249088
is from:
0,0,0
Train:1 0 0
0,0,0
Val:1 0 0
0,0,0
Test:1 0 0
is about:
0,0,0
Train:1 0 0
0,0,0
Val:1 0 0
0,0,0
Test:1 0 0
Epoch 10
Train:
Target:
1 1
0 0
0 0
Val:
Target:
1 1
0 0
0 0
Train:
Agent:
0.716925 0.722851
0.294865 0.336182
0.417866 0.458927
Val:
Agent:
0.680848 0.683735
0.276639 0.314448
0.393424 0.430781
Train:
DSE:
0.589538 0.599729
0.294884 0.337755
0.393128 0.432139
Val:
DSE:
0.583225 0.590143
0.265429 0.301874
0.364824 0.399429
is from:
1803,727,728
Train:0.403217  0.23175 0.294332
610,234,234
Val:0.383607  0.19898 0.262038
224,83,83
Test:0.370536 0.237822 0.289703
is about:
1820,728,728
Train:     0.4 0.232069 0.293726
620,234,234
Val:0.377419  0.19898 0.260579
227,83,83
Test:0.365639 0.237822 0.288194
Epoch 15
Train:
Target:
1 1
0 0
0 0
Val:
Target:
1 1
0 0
0 0
Train:
Agent:
0.779115 0.780742
0.279524 0.314019
0.411436 0.447893
Val:
Agent:
0.763746 0.764605
 0.27044 0.305949
 0.39944 0.437026
Train:
DSE:
0.553109 0.571057
0.493366 0.557143
0.521532 0.564014
Val:
DSE:
0.539376 0.556115
0.463443 0.516734
0.498535 0.535702
is from:
1957,757,857
Train:0.386817 0.241313 0.297212
743,267,290
Val:0.359354 0.227041  0.27827
214,68,85
Test:0.317757 0.194842 0.241563
is about:
2358,857,857
Train:0.363444 0.273191  0.31192
871,290,290
Val:0.332951 0.246599 0.283341
274,85,85
Test:0.310219 0.243553 0.272873
Epoch 20
Train:
Target:
1 1
0 0
0 0
Val:
Target:
1 1
0 0
0 0
Train:
Agent:
0.668871  0.68042
0.473033 0.508945
0.554159 0.582321
Val:
Agent:
0.618833 0.626576
 0.41384 0.450425
 0.49599 0.524095
Train:
DSE:
0.553238 0.574911
0.517776 0.577041
 0.53492 0.575974
Val:
DSE:
0.539856  0.56259
0.475424 0.522088
0.505596 0.541583
is from:
3874,1302,1309
Train:0.336087 0.415046 0.371416
1301,395,398
Val:0.303613 0.335884 0.318934
435,144,145
Test:0.331034 0.412607 0.367347
is about:
3927,1307,1309
Train:0.332824  0.41664 0.370045
1333,398,398
Val:0.298575 0.338435 0.317258
443,145,145
Test:0.327314 0.415473 0.366162
Epoch 25
Train:
Target:
0.347959 0.378487
0.308265 0.481426
0.326911 0.423795
Val:
Target:
0.346432 0.378308
0.291327 0.447761
0.316499 0.410115
Train:
Agent:
0.571933 0.591852
0.597435 0.628571
0.584406 0.609659
Val:
Agent:
0.547687 0.563895
0.546474 0.584278
 0.54708 0.573905
Train:
DSE:
0.511007 0.541939
0.624922 0.691837
0.562253 0.607782
Val:
DSE:
0.498851 0.529745
0.567565 0.625167
0.530994 0.573514
is from:
6158,1671,1718
Train:0.271354 0.532675 0.359548
2109,536,555
Val:0.254149 0.455782 0.326332
693,180,187
Test: 0.25974 0.515759 0.345489
is about:
6445,1717,1718
Train:0.266408 0.547338  0.35838
2215,555,555
Val:0.250564 0.471939 0.327337
721,187,187
Test:0.259362 0.535817 0.349533
Epoch 30
Train:
Target:
0.362645 0.378392
0.283669      0.5
0.318332 0.430778
Val:
Target:
0.348854 0.361659
0.257508 0.450118
0.296301 0.401069
Train:
Agent:
0.658459 0.675554
0.527303 0.554072
0.585627 0.608812
Val:
Agent:
0.603078 0.613438
0.465558 0.497875
 0.52547 0.549648
Train:
DSE:
0.616445 0.634732
0.491819 0.554337
0.547125 0.591817
Val:
DSE:
 0.59851 0.616541
0.440239 0.490629
0.507317 0.546426
is from:
3675,1305,1344
Train:0.355102 0.416003 0.383147
1255,397,421
Val:0.316335 0.337585 0.326615
449,150,157
Test:0.334076 0.429799  0.37594
is about:
3871,1344,1344
Train:0.347197 0.428435 0.383562
1326,421,421
Val:0.317496 0.357993 0.336531
466,157,157
Test: 0.33691 0.449857 0.385276
Epoch 35
Train:
Target:
 0.34034 0.355818
0.347008 0.556022
0.343642 0.433941
Val:
Target:
0.328188 0.344975
0.325847 0.520031
0.327013 0.414789
Train:
Agent:
0.683859  0.69555
0.508957 0.542323
0.583585 0.609453
Val:
Agent:
0.618048 0.626606
0.445612 0.481586
0.517853 0.544607
Train:
DSE:
 0.57543 0.599099
0.574539 0.639541
0.574984  0.61866
Val:
DSE:
0.538671  0.56395
0.517838 0.568942
0.528049 0.566435
is from:
4189,1414,1448
Train:0.337551 0.450749 0.386022
1479,423,439
Val:0.286004 0.359694 0.318644
519,155,163
Test:0.298651 0.444126 0.357143
is about:
4310,1448,1448
Train:0.335963 0.461588 0.388881
1532,439,439
Val:0.286554 0.373299 0.324225
533,163,163
Test:0.305816 0.467049 0.369615
Epoch 40
Train:
Target:
0.299713 0.331946
0.477427 0.644398
0.368251 0.438176
Val:
Target:
0.290603 0.326094
0.449887 0.610369
0.353113 0.425084
Train:
Agent:
 0.69183 0.703393
0.517615 0.549533
0.592175 0.617016
Val:
Agent:
0.622036 0.630597
0.441791 0.474504
0.516644 0.541527
Train:
DSE:
0.605244 0.627955
0.545748 0.610204
0.573958 0.618952
Val:
DSE:
0.562497 0.586801
0.493379 0.542838
0.525676 0.563964
is from:
3911,1386,1429
Train:0.354385 0.441823 0.393303
1380,412,428
Val:0.298551  0.35034 0.322379
489,154,160
Test:0.314928 0.441261 0.367542
is about:
4053,1429,1429
Train:0.352578 0.455531 0.397497
1431,428,428
Val:0.299092 0.363946 0.328347
501,160,160
Test:0.319361 0.458453 0.376471
Epoch 45
Train:
Target:
0.330926 0.362803
0.424522 0.588975
0.371926 0.449016
Val:
Target:
0.317587 0.350311
0.385734 0.543598
0.348359 0.426057
Train:
Agent:
0.673673 0.688296
0.556941 0.585848
 0.60977 0.632953
Val:
Agent:
0.600531 0.615126
 0.48268 0.515581
0.535194 0.560972
Train:
DSE:
0.579549  0.60411
0.601173 0.666582
0.590163  0.63381
Val:
DSE:
0.532229 0.558228
0.530198 0.584337
0.531211 0.570984
is from:
4344,1432,1547
Train: 0.32965 0.456487 0.382837
1578,443,484
Val:0.280735 0.376701 0.321714
562,156,176
Test: 0.27758 0.446991 0.342481
is about:
4747,1547,1547
Train: 0.32589 0.493146  0.39244
1720,484,484
Val:0.281395 0.411565 0.334254
605,176,176
Test:0.290909 0.504298 0.368973
Epoch 50
Train:
Target:
0.282074 0.326003
0.537691 0.680647
0.370029 0.440854
Val:
Target:
0.268101 0.322678
0.509387 0.643362
0.351304 0.429794
Train:
Agent:
0.699446  0.71015
0.539626 0.570895
0.609229 0.632953
Val:
Agent:
0.609206 0.620354
 0.45942 0.490793
0.523815  0.54802
Train:
DSE:
0.583639 0.611664
0.589064     0.65
0.586339  0.63025
Val:
DSE:
0.537453 0.567442
0.518596 0.567604
0.527856 0.567523
is from:
4049,1379,1497
Train:0.340578 0.439592 0.383802
1419,398,444
Val:0.280479 0.338435 0.306744
480,145,157
Test:0.302083 0.415473 0.349819
is about:
4413,1497,1497
Train:0.339225 0.477208 0.396556
1560,444,444
Val:0.284615 0.377551 0.324561
516,157,157
Test:0.304264 0.449857 0.363006
Epoch 55
Train:
Target:
0.300332 0.346078
0.503527 0.645596
0.376248 0.450605
Val:
Target:
0.283833  0.33622
 0.46378 0.599372
 0.35215 0.430788
Train:
Agent:
0.688952 0.700253
 0.54914 0.581575
0.611152 0.635421
Val:
Agent:
0.605273 0.617113
0.465652 0.498584
0.526361 0.551552
Train:
DSE:
0.555462 0.588983
0.637798 0.701276
0.593789 0.640243
Val:
DSE:
0.515525 0.548196
0.561412 0.617135
0.537491 0.580627
is from:
4173,1324,1594
Train:0.317278 0.422059 0.362244
1520,404,475
Val:0.265789 0.343537 0.299703
519,144,171
Test:0.277457 0.412607 0.331797
is about:
4959,1594,1594
Train:0.321436 0.508129 0.393775
1784,475,475
Val:0.266256 0.403912 0.320946
619,171,171
Test:0.276252 0.489971 0.353306
Epoch 60
Train:
Target:
 0.33093 0.367039
0.437098 0.588676
0.376676 0.452158
Val:
Target:
0.309032 0.349172
0.397065  0.53967
0.347561 0.424007
Train:
Agent:
0.696176 0.709374
0.550334 0.578905
0.614724 0.637533
Val:
Agent:
0.605207 0.619878
0.463577 0.497167
0.525008 0.551782
Train:
DSE:
0.567896 0.601502
0.623645  0.68852
0.594467 0.642076
Val:
DSE:
0.524853 0.557823
0.546869 0.600402
0.535635  0.57833
is from:
3992,1292,1542
Train:0.323647 0.411858 0.362463
1445,399,469
Val:0.276125 0.339286 0.304464
485,138,164
Test:0.284536 0.395415 0.330935
is about:
4708,1542,1542
Train:0.327528 0.491552 0.393117
1691,469,469
Val:0.277351  0.39881 0.327171
579,164,164
Test:0.283247 0.469914 0.353448
Epoch 65
Train:
Target:
 0.30411 0.346154
0.519786 0.659377
0.383719 0.453981
Val:
Target:
0.285578   0.3365
0.481385 0.615868
0.358486 0.435209
Train:
Agent:
0.684768    0.696
0.563845 0.595728
0.618451 0.641972
Val:
Agent:
 0.59151 0.605307
0.478637  0.51204
0.529121 0.554781
Train:
DSE:
0.576125 0.608208
0.620119 0.684184
0.597313 0.643963
Val:
DSE:
0.527351 0.559725
0.541515 0.593708
0.534339 0.576216
is from:
3979,1323,1582
Train:0.332496 0.421741 0.371838
1450,394,478
Val:0.271724 0.335034 0.300076
494,138,166
Test:0.279352 0.395415 0.327402
is about:
4845,1582,1582
Train:0.326522 0.504303 0.396392
1750,478,478
Val:0.273143 0.406463 0.326726
598,166,166
Test:0.277592 0.475645 0.350581
Epoch 70
Train:
Target:
0.318982 0.359442
0.472601 0.618933
0.380886 0.454775
Val:
Target:
0.304002 0.352147
0.434821 0.577376
 0.35783 0.437475
Train:
Agent:
 0.68012 0.693853
0.571795 0.602937
0.621271 0.645208
Val:
Agent:
0.592654 0.609053
0.484946 0.519122
0.533417 0.560503
Train:
DSE:
0.579825 0.612277
0.612756 0.677296
0.595836 0.643148
Val:
DSE:
 0.53051  0.56302
 0.53365 0.584337
0.532075 0.573481
is from:
4088,1345,1571
Train:0.329012 0.428754 0.372318
1494,407,478
Val:0.272423 0.346088 0.304869
511,138,166
Test:0.270059 0.395415  0.32093
is about:
4786,1571,1571
Train:0.328249 0.500797 0.396567
1722,478,478
Val:0.277584 0.406463 0.329883
593,166,166
Test:0.279933 0.475645 0.352442
Epoch 75
Train:
Target:
0.336426   0.3752
0.429044 0.571001
0.377132 0.452841
Val:
Target:
0.318531 0.361485
0.387163 0.523959
 0.34951 0.427815
Train:
Agent:
0.690701 0.703925
0.565215 0.594393
0.621689 0.644538
Val:
Agent:
0.598936 0.615643
 0.47843  0.51204
0.531944 0.559082
Train:
DSE:
0.593742 0.622501
0.588074 0.652296
0.590895  0.63705
Val:
DSE:
0.547155 0.579376
0.519265 0.568273
0.532845 0.573771
is from:
3947,1349,1517
Train:0.341779 0.430029 0.380858
1434,399,457
Val:0.278243 0.339286 0.305747
497,142,164
Test:0.285714 0.406877 0.335697
is about:
4472,1517,1517
Train:0.339222 0.483583 0.398738
1627,457,457
Val:0.280885 0.388605 0.326079
558,164,164
Test:0.293907 0.469914 0.361632
Epoch 80
Train:
Target:
0.309213 0.353304
0.511332 0.647693
0.385379 0.457209
Val:
Target:
0.291301 0.344193
0.472374  0.60487
0.360371 0.438732
Train:
Agent:
 0.71886 0.729564
 0.52938 0.563418
0.609739 0.635816
Val:
Agent:
0.617634  0.63015
0.444242 0.475212
0.516782 0.541822
Train:
DSE:
0.585366 0.616775
0.606143 0.671429
0.595574 0.642942
Val:
DSE:
 0.53469  0.56697
0.529071 0.579652
0.531866 0.573241
is from:
3584,1248,1491
Train:0.348214 0.397832 0.371373
1279,370,439
Val:0.289289 0.314626 0.301426
428,136,159
Test:0.317757 0.389685 0.350064
is about:
4341,1491,1491
Train:0.343469 0.475295  0.39877
1528,439,439
Val:0.287304 0.373299 0.324704
518,159,159
Test: 0.30695 0.455587 0.366782
Epoch 85
Train:
Target:
0.342604 0.378057
0.422237 0.575494
0.378275 0.456335
Val:
Target:
0.321092  0.36046
 0.38311 0.526316
 0.34937 0.427878
Train:
Agent:
0.711969 0.722499
0.539859 0.571162
0.614082 0.637978
Val:
Agent:
 0.61698  0.62865
0.452019 0.485127
0.521772 0.547641
Train:
DSE:
0.585559 0.616632
0.606151 0.671684
0.595677 0.642982
Val:
DSE:
0.534482 0.566515
0.529606 0.579652
0.532033 0.573008
is from:
3818,1295,1512
Train:0.339183 0.412815 0.372394
1371,384,443
Val:0.280088 0.326531 0.301531
462,139,160
Test:0.300866 0.398281 0.342787
is about:
4419,1512,1512
Train:0.342159 0.481989 0.400212
1564,443,443
Val:0.283248 0.376701 0.323358
525,160,160
Test:0.304762 0.458453 0.366133
Epoch 90
Train:
Target:
0.313857 0.356638
0.503973 0.644997
0.386817  0.45931
Val:
Target:
0.296328 0.347421
0.468405 0.602514
0.363007 0.440717
Train:
Agent:
0.687268 0.701149
0.569005 0.598131
 0.62257 0.645556
Val:
Agent:
0.597731 0.614417
0.481754 0.513456
0.533513 0.559418
Train:
DSE:
0.579992 0.612153
0.617499 0.682653
0.598158 0.645484
Val:
DSE:
 0.52947 0.561592
0.538112 0.589692
0.533756 0.575299
is from:
4092,1330,1566
Train:0.325024 0.423972 0.367962
1507,413,478
Val:0.274054  0.35119 0.307864
504,140,164
Test:0.277778 0.401146 0.328253
is about:
4748,1566,1566
Train:0.329823 0.499203  0.39721
1733,478,478
Val:0.275822 0.406463 0.328635
575,164,164
Test:0.285217 0.469914 0.354978
Epoch 95
Train:
Target:
0.331079 0.369863
 0.45624 0.600959
0.383711 0.457906
Val:
Target:
0.307035 0.351852
0.414226 0.553024
0.352666 0.430076
Train:
Agent:
0.701833 0.715171
 0.55166 0.581308
0.617751 0.641329
Val:
Agent:
0.604168 0.620141
0.460222  0.49221
0.522462 0.548819
Train:
DSE:
0.584863 0.615598
0.605271 0.671429
0.594892 0.642302
Val:
DSE:
0.534516 0.566602
0.528658 0.578983
0.531571 0.572725
is from:
3905,1310,1514
Train:0.335467 0.417596 0.372053
1410,398,453
Val: 0.28227 0.338435 0.307811
475,139,160
Test:0.292632 0.398281 0.337379
is about:
4471,1514,1514
Train:0.338627 0.482627 0.398002
1599,453,453
Val:0.283302 0.385204 0.326486
537,160,160
Test:0.297952 0.458453 0.361174
Epoch 100
Train:
Target:
0.329179 0.368859
0.460415 0.603056
0.383891  0.45774
Val:
Target:
0.305759 0.354239
0.417816 0.557738
 0.35311 0.433284
Train:
Agent:
0.708954 0.719987
0.546689 0.577837
0.617337 0.641127
Val:
Agent:
0.611835 0.624215
0.458151 0.491501
0.523956 0.549965
Train:
DSE:
0.582369 0.612962
 0.61181 0.677551
0.596727  0.64364
Val:
DSE:
0.531127  0.56302
0.533198 0.584337
0.532161 0.573481
is from:
3677,1256,1529
Train:0.341583 0.400383 0.368653
1330,378,448
Val:0.284211 0.321429 0.301676
439,136,163
Test:0.309795 0.389685 0.345178
is about:
4535,1529,1529
Train:0.337155 0.487408 0.398592
1606,448,448
Val:0.278954 0.380952  0.32207
541,163,163
Test:0.301294 0.467049 0.366292
Epoch 105
Train:
Target:
0.319219 0.361386
0.488698 0.627921
0.386182 0.458749
Val:
Target:
0.300018 0.350834
0.449712 0.584446
0.359921 0.438465
Train:
Agent:
0.705422  0.71837
0.548934 0.578905
0.617417 0.641141
Val:
Agent:
0.606917 0.620782
0.459238 0.491501
0.522849 0.548628
Train:
DSE:
0.585826 0.616613
0.607107 0.673214
0.596277 0.643672
Val:
DSE:
0.532773 0.564652
0.528658 0.577644
0.530707 0.571074
is from:
3670,1266,1510
Train:0.344959  0.40357  0.37197
1315,376,451
Val:0.285932 0.319728 0.301887
429,133,159
Test:0.310023 0.381089 0.341902
is about:
4450,1510,1510
Train:0.339326 0.481352 0.398049
1590,451,451
Val:0.283648 0.383503 0.326103
528,159,159
Test:0.301136 0.455587   0.3626
Epoch 110
Train:
Target:
0.312226 0.356516
0.504813 0.641102
0.385822 0.458218
Val:
Target:
0.291749 0.344571
0.464804 0.595444
0.358484 0.436531
Train:
Agent:
0.691874 0.705734
0.564554 0.593324
0.621763 0.644666
Val:
Agent:
0.598611 0.615646
 0.47669 0.509915
0.530738 0.557815
Train:
DSE:
0.586505 0.616639
0.602209 0.668367
0.594253 0.641462
Val:
DSE:
0.536394 0.568152
0.527598 0.576305
 0.53196   0.5722
is from:
3920,1329,1535
Train:0.339031 0.423653 0.376647
1419,392,458
Val:0.276251 0.333333 0.302119
475,138,163
Test:0.290526 0.395415 0.334951
is about:
4567,1535,1535
Train:0.336107 0.489321 0.398494
1649,458,458
Val:0.277744 0.389456 0.324248
558,163,163
Test:0.292115 0.467049 0.359427
Epoch 115
Train:
Target:
0.337631 0.374595
0.439202 0.587777
0.381776 0.457574
Val:
Target:
0.316786 0.358633
 0.40052 0.542027
0.353766 0.431658
Train:
Agent:
0.704269 0.715953
0.550825 0.581575
0.618168 0.641806
Val:
Agent:
0.610229 0.622792
0.460462 0.496459
0.524871 0.552495
Train:
DSE:
0.575865 0.609093
0.623577 0.688265
0.598772 0.646263
Val:
DSE:
0.524031 0.557018
0.539863 0.591031
0.531829  0.57352
is from:
3860,1284,1545
Train:0.332642 0.409308 0.367014
1398,390,460
Val: 0.27897 0.331633  0.30303
460,136,164
Test:0.295652 0.389685 0.336218
is about:
4643,1545,1545
Train:0.332759 0.492509 0.397172
1669,460,460
Val:0.275614 0.391156 0.323374
559,164,164
Test:0.293381 0.469914 0.361233
Epoch 120
Train:
Target:
0.319272 0.361154
 0.49665  0.63601
 0.38868 0.460701
Val:
Target:
0.298703  0.34992
0.458945 0.593087
0.361879 0.440151
Train:
Agent:
0.685485 0.699445
0.570431 0.600534
0.622688 0.646227
Val:
Agent:
0.594007 0.611529
0.483083 0.515581
0.532833 0.559471
Train:
DSE:
0.583804 0.612748
 0.60837    0.675
0.595834  0.64237
Val:
DSE:
0.532199 0.563707
0.530744  0.58166
 0.53147 0.572543
is from:
4113,1373,1564
Train: 0.33382 0.437679 0.378759
1501,404,464
Val:0.269154 0.343537  0.30183
499,141,165
Test:0.282565 0.404011 0.332547
is about:
4723,1564,1564
Train:0.331145 0.498566 0.397964
1719,464,464
Val:0.269924 0.394558 0.320553
575,165,165
Test:0.286957 0.472779 0.357143
Epoch 125
Train:
Target:
0.332436 0.372001
0.450934 0.593469
0.382723 0.457334
Val:
Target:
 0.31087 0.357206
0.408999 0.545954
0.353246 0.431857
Train:
Agent:
 0.70143 0.714471
0.554944 0.584513
0.619647 0.642991
Val:
Agent:
0.605924 0.619546
 0.46632      0.5
0.527034  0.55339
Train:
DSE:
0.587142 0.615385
 0.59904 0.665051
0.593031 0.639255
Val:
DSE:
0.538102 0.569353
0.525166 0.573628
0.531556 0.571482
is from:
3994,1354,1514
Train:0.339009 0.431623  0.37975
1423,396,451
Val:0.278285 0.336735 0.304733
491,144,161
Test:0.293279 0.412607 0.342857
is about:
4463,1514,1514
Train:0.339234 0.482627 0.398421
1595,451,451
Val:0.282759 0.383503 0.325514
540,161,161
Test:0.298148 0.461318 0.362205
Epoch 130
Train:
Target:
0.321585 0.363728
 0.47765 0.618035
 0.38438 0.457945
Val:
Target:
0.301131  0.35196
0.438709 0.572663
0.357128 0.435971
Train:
Agent:
0.683656 0.697923
0.573763 0.604806
0.623908 0.648037
Val:
Agent:
0.592308 0.609776
0.486827 0.518414
0.534412 0.560396
Train:
DSE:
0.589929 0.619273
0.597131   0.6625
0.593508 0.640157
Val:
DSE:
0.539265 0.570953
 0.52211  0.57095
0.530549 0.570952
is from:
4147,1388,1550
Train:  0.3347 0.442461 0.381109
1494,404,459
Val:0.270415 0.343537 0.302622
505,142,165
Test:0.281188 0.406877 0.332553
is about:
4628,1550,1550
Train:0.334918 0.494103 0.399227
1675,459,459
Val: 0.27403 0.390306 0.321992
564,165,165
Test:0.292553 0.472779 0.361446
Epoch 135
Train:
Target:
0.314536 0.358331
0.500311 0.637208
0.386246 0.458709
Val:
Target:
0.294253 0.346704
 0.46039 0.592302
0.359034 0.437384
Train:
Agent:
0.684886 0.698858
0.570447 0.599733
 0.62245 0.645512
Val:
Agent:
0.595689   0.6125
0.484115 0.516289
0.534138 0.560294
Train:
DSE:
0.588357 0.616069
0.597914 0.664031
0.593097 0.639151
Val:
DSE:
0.538865 0.569536
0.523828 0.572289
 0.53124 0.570909
is from:
4210,1398,1546
Train:0.332067 0.445649 0.380563
1522,416,460
Val:0.273325 0.353741 0.308377
525,147,164
Test:    0.28 0.421203 0.336384
is about:
4630,1546,1546
Train:0.333909 0.492828 0.398095
1666,460,460
Val: 0.27611 0.391156 0.323716
567,164,164
Test:0.289242 0.469914 0.358079
Epoch 140
Train:
Target:
0.325092 0.365868
0.463821 0.605752
0.382259 0.456197
Val:
Target:
0.305063 0.355132
0.423388 0.556952
0.354616 0.433713
Train:
Agent:
 0.68361 0.697482
0.571546 0.601068
0.622575 0.645696
Val:
Agent:
0.595075  0.61194
0.486358 0.517705
0.535251 0.560892
Train:
DSE:
0.585178 0.614525
0.600286 0.666327
0.592636 0.639378
Val:
DSE:
0.536261  0.56778
0.527621 0.576975
0.531906  0.57234
is from:
4234,1406,1553
Train:0.332074 0.448199 0.381495
1529,416,465
Val:0.272073 0.353741 0.307579
524,147,164
Test:0.280534 0.421203  0.33677
is about:
4671,1553,1553
Train:0.332477 0.495059 0.397797
1689,465,465
Val:0.275311 0.395408 0.324607
571,164,164
Test:0.287215 0.469914 0.356522
Epoch 145
Train:
Target:
0.290206 0.340007
 0.56719 0.691132
0.383958 0.455787
Val:
Target:
0.270065 0.329506
0.527716 0.646504
0.357285 0.436526
Train:
Agent:
0.698736 0.712039
0.559671 0.587984
 0.62152 0.644092
Val:
Agent:
0.599748 0.615318
0.470699 0.502125
0.527445 0.552988
Train:
DSE:
0.577767 0.609942
0.620644 0.685204
0.598439 0.645386
Val:
DSE:
0.525295 0.557789
0.537895 0.590361
0.531521 0.573613
is from:
3817,1284,1548
Train: 0.33639 0.409308 0.369284
1376,385,468
Val:0.279797 0.327381 0.301724
459,134,164
Test:0.291939 0.383954 0.331683
is about:
4659,1548,1548
Train: 0.33226 0.493465 0.397127
1683,468,468
Val:0.278075 0.397959 0.327387
565,164,164
Test:0.290265 0.469914 0.358862
Epoch 150
Train:
Target:
0.323192 0.364243
0.473657  0.61414
0.384219 0.457278
Val:
Target:
0.304032 0.353612
0.434643  0.56795
 0.35779 0.435856
Train:
Agent:
0.701971  0.71512
0.554861 0.584246
0.619806 0.643092
Val:
Agent:
0.605212 0.618799
0.466816      0.5
 0.52708 0.553092
Train:
DSE:
0.581849 0.612523
0.613508 0.679082
0.597259 0.644087
Val:
DSE:
0.530476  0.56274
0.533109 0.584337
0.531789 0.573335
is from:
3855,1288,1533
Train:0.334112 0.410583 0.368421
1406,391,458
Val:0.278094 0.332483 0.302866
459,134,161
Test:0.291939 0.383954 0.331683
is about:
4561,1533,1533
Train:0.336111 0.488683 0.398285
1644,458,458
Val:0.278589 0.389456 0.324823
549,161,161
Test: 0.29326 0.461318 0.358575
Epoch 155
Train:
Target:
0.336224  0.37391
0.444957 0.590174
0.383023 0.457786
Val:
Target:
 0.31256 0.356414
0.403695 0.542812
 0.35233 0.430294
Train:
Agent:
0.692625 0.705456
0.561938 0.591722
0.620474 0.643603
Val:
Agent:
0.604427 0.617747
0.473832 0.506374
0.531221 0.556543
Train:
DSE:
0.582996 0.612748
0.609419 0.675255
0.595915 0.642485
Val:
DSE:
 0.53093   0.5625
0.531079 0.580321
0.531004 0.571272
is from:
4039,1362,1553
Train:0.337212 0.434173 0.379599
1460,398,463
Val:0.272603 0.338435 0.301973
491,139,162
Test:0.283096 0.398281 0.330952
is about:
4636,1553,1553
Train:0.334987 0.495059 0.399588
1683,463,463
Val:0.275104 0.393707 0.323889
564,162,162
Test:0.287234 0.464183 0.354874
Epoch 160
Train:
Target:
 0.31969 0.362059
0.488146 0.627022
0.386354  0.45905
Val:
Target:
0.300193 0.351761
0.451534 0.585232
0.360629 0.439409
Train:
Agent:
0.693431 0.706684
0.563142 0.591188
0.621532 0.643797
Val:
Agent:
0.599537 0.614334
0.472623 0.503541
0.528568 0.553447
Train:
DSE:
0.580373 0.610723
0.615918 0.681378
0.597617 0.644119
Val:
DSE:
0.527967 0.559924
0.535101 0.587015
 0.53151 0.573149
is from:
4034,1328,1556
Train:0.329202 0.423334 0.370381
1466,399,465
Val:0.272169 0.339286 0.302044
493,138,165
Test:0.279919 0.395415 0.327791
is about:
4680,1556,1556
Train:0.332479 0.496015 0.398107
1693,465,465
Val: 0.27466 0.395408 0.324155
572,165,165
Test:0.288462 0.472779 0.358306
Epoch 165
Train:
Target:
0.322908 0.363848
 0.47372 0.613841
0.384039 0.456883
Val:
Target:
0.299755 0.350106
0.432994 0.563236
0.354261 0.431804
Train:
Agent:
0.701647 0.714748
0.557003 0.585581
0.621014 0.643749
Val:
Agent:
 0.60253 0.616782
 0.46835 0.500708
0.527034 0.552717
Train:
DSE:
0.581978 0.612925
0.614763 0.679592
0.597922 0.644539
Val:
DSE:
0.531223  0.56338
0.533834 0.584337
0.532525 0.573667
is from:
3846,1303,1537
Train:0.338794 0.415365 0.373192
1387,391,461
Val:0.281903 0.332483 0.305111
460,135,162
Test:0.293478 0.386819 0.333745
is about:
4567,1537,1537
Train:0.336545 0.489959 0.399013
1646,461,461
Val:0.280073 0.392007 0.326719
553,162,162
Test:0.292948 0.464183 0.359202
Epoch 170
Train:
Target:
0.324653 0.365707
0.468393 0.609946
0.383497 0.457256
Val:
Target:
0.302967 0.353345
 0.42822 0.560094
0.354865 0.433321
Train:
Agent:
 0.70486 0.718075
0.551496 0.581308
0.618818 0.642494
Val:
Agent:
0.608847 0.622675
0.461716 0.494334
0.525171 0.551132
Train:
DSE:
0.580024 0.610699
0.618364 0.682908
0.598581 0.644788
Val:
DSE:
 0.53011 0.562302
0.537277 0.589692
0.533669 0.575672
is from:
3813,1285,1533
Train:0.337005 0.409627 0.369784
1389,394,463
Val:0.283657 0.335034 0.307212
449,134,160
Test:0.298441 0.383954  0.33584
is about:
4565,1533,1533
Train:0.335816 0.488683 0.398078
1645,463,463
Val:0.281459 0.393707 0.328252
543,160,160
Test:0.294659 0.458453 0.358744
Epoch 175
Train:
Target:
0.303621 0.349229
0.531928 0.662073
0.386583 0.457262
Val:
Target:
0.282737 0.335802
0.490702 0.617439
 0.35876 0.435015
Train:
Agent:
0.695031 0.709114
0.562213 0.591722
0.621607 0.645121
Val:
Agent:
 0.60074 0.617949
 0.47606 0.509207
0.531182 0.558332
Train:
DSE:
0.582334 0.612147
0.612439 0.677806
0.597007 0.643306
Val:
DSE:
0.530344 0.562179
0.532904 0.583668
0.531621 0.572722
is from:
3929,1338,1550
Train:0.340545 0.426522 0.378715
1413,391,462
Val:0.276716 0.332483 0.302047
473,135,163
Test:0.285412 0.386819 0.328467
is about:
4640,1550,1550
Train:0.334052 0.494103 0.398611
1659,462,462
Val:0.278481 0.392857 0.325926
562,163,163
Test:0.290036 0.467049 0.357849
Epoch 180
Train:
Target:
0.315749 0.359655
0.500281 0.637807
0.387151 0.459949
Val:
Target:
0.296565 0.348726
 0.46283 0.595444
0.361496 0.439851
Train:
Agent:
0.690913 0.704995
0.565249 0.594393
0.621795 0.644987
Val:
Agent:
0.598867 0.615973
0.477441 0.509915
0.531304 0.557949
Train:
DSE:
0.585876 0.615922
0.601685 0.667347
0.593675 0.640604
Val:
DSE:
0.534409  0.56636
0.526226 0.575636
0.530286  0.57096
is from:
4128,1376,1538
Train:0.333333 0.438636 0.378802
1482,405,457
Val:0.273279 0.344388  0.30474
512,144,163
Test: 0.28125 0.412607 0.334495
is about:
4587,1538,1538
Train:0.335295 0.490277 0.398239
1639,457,457
Val:0.278829 0.388605 0.324689
559,163,163
Test:0.291592 0.467049 0.359031
Epoch 185
Train:
Target:
 0.32057 0.363086
 0.48286  0.62133
0.385324 0.458335
Val:
Target:
0.300661  0.35189
0.442673 0.575805
0.358102 0.436825
Train:
Agent:
0.683252 0.697525
0.574013 0.604539
0.623887 0.647712
Val:
Agent:
0.592982 0.610422
0.488473  0.51983
0.535678 0.561495
Train:
DSE:
0.584778 0.614728
0.604918 0.671173
0.594678 0.641712
Val:
DSE:
0.533727 0.565558
0.529071 0.578983
0.531389 0.572191
is from:
4274,1406,1566
Train:0.328966 0.448199 0.379436
1539,411,463
Val:0.267057  0.34949 0.302762
527,146,164
Test: 0.27704 0.418338 0.333333
is about:
4726,1566,1566
Train:0.331358 0.499203 0.398321
1702,463,463
Val:0.272033 0.393707 0.321751
574,164,164
Test:0.285714 0.469914 0.355363
Epoch 190
Train:
Target:
0.320791 0.363218
  0.4841 0.622528
0.385878 0.458766
Val:
Target:
0.300018 0.350971
0.443589 0.577376
0.357944 0.436566
Train:
Agent:
 0.69905 0.712175
0.557733 0.587183
0.620446 0.643667
Val:
Agent:
0.606767  0.62033
 0.46809 0.501416
0.528483  0.55457
Train:
DSE:
0.581534 0.612962
 0.61497 0.679847
0.597785 0.644674
Val:
DSE:
0.531064 0.563057
 0.53538 0.587015
0.533213 0.574786
is from:
3982,1332,1543
Train:0.334505 0.424609  0.37421
1449,401,464
Val:0.276743 0.340986 0.305524
483,137,162
Test:0.283644  0.39255 0.329327
is about:
4597,1543,1543
Train:0.335654 0.491871 0.399017
1670,464,464
Val:0.277844 0.394558 0.326072
557,162,162
Test:0.290844 0.464183 0.357616
Epoch 195
Train:
Target:
0.323224 0.364368
0.471638 0.611744
0.383576  0.45671
Val:
Target:
0.299934  0.35066
0.432256 0.561665
0.354138 0.431762
Train:
Agent:
0.679143 0.693413
0.582009 0.613084
0.626835 0.650779
Val:
Agent:
0.588527 0.606331
0.494115 0.525496
0.537205 0.563027
Train:
DSE:
0.586301 0.616009
 0.60303 0.669133
0.594548 0.641473
Val:
DSE:
 0.53386 0.565815
0.527342 0.576975
0.530581  0.57134
is from:
4343,1434,1588
Train:0.330187 0.457125 0.383422
1558,419,473
Val:0.268935 0.356293 0.306511
530,147,167
Test:0.277358 0.421203 0.334471
is about:
4802,1588,1588
Train:0.330696 0.506216  0.40005
1723,473,473
Val:0.274521 0.402211 0.326319
581,167,167
Test:0.287435  0.47851  0.35914
Best: 
OCLASS_WEIGHT_TARGET: 0
Validation:
Target
0.296328 0.347421
0.468405 0.602514
0.363007 0.440717
Agent
0.547687 0.563895
0.546474 0.584278
 0.54708 0.573905
DSE
0.515525 0.548196
0.561412 0.617135
0.537491 0.580627
Test:
Target
0.269773 0.300366
0.456855 0.576602
 0.33923 0.394978
Agent
0.555907 0.570499
0.574997 0.599078
0.565291 0.584439
DSE
0.486346 0.506757
0.631226  0.68046
0.549395 0.580901
