9471 6281 892
Valid size: 2298
Epoch 0
Train:
Target:
1 1
0 0
0 0
Val:
Target:
1 1
0 0
0 0
Train:
Agent:
1 1
0 0
0 0
Val:
Agent:
1 1
0 0
0 0
Train:
DSE:
1 1
0 0
0 0
Val:
DSE:
1 1
0 0
0 0
is from:
Total Pair: 0,False Span: 0,True Predict: 0
Ture Postive: 0,True Pairs Extracted: 0,True Pairs: 3137
Train:1 0 0
Total Pair: 0,False Span: 0,True Predict: 0
Ture Postive: 0,True Pairs Extracted: 0,True Pairs: 1176
Val:1 0 0
Total Pair: 0,False Span: 0,True Predict: 0
Ture Postive: 0,True Pairs Extracted: 0,True Pairs: 349
Test:1 0 0
is about:
Total Pair: 0,False Span: 0,True Predict: 0
Ture Postive: 0,True Pairs Extracted: 0,True Pairs: 3064
Train:1 0 0
Total Pair: 0,False Span: 0,True Predict: 0
Ture Postive: 0,True Pairs Extracted: 0,True Pairs: 1145
Val:1 0 0
Total Pair: 0,False Span: 0,True Predict: 0
Ture Postive: 0,True Pairs Extracted: 0,True Pairs: 338
Test:1 0 0
Epoch 5
Train:
Target:
1 1
0 0
0 0
Val:
Target:
1 1
0 0
0 0
Train:
Agent:
1 1
0 0
0 0
Val:
Agent:
1 1
0 0
0 0
Train:
DSE:
1 1
0 0
0 0
Val:
DSE:
1 1
0 0
0 0
is from:
Total Pair: 0,False Span: 0,True Predict: 0
Ture Postive: 0,True Pairs Extracted: 0,True Pairs: 3137
Train:1 0 0
Total Pair: 0,False Span: 0,True Predict: 0
Ture Postive: 0,True Pairs Extracted: 0,True Pairs: 1176
Val:1 0 0
Total Pair: 0,False Span: 0,True Predict: 0
Ture Postive: 0,True Pairs Extracted: 0,True Pairs: 349
Test:1 0 0
is about:
Total Pair: 0,False Span: 0,True Predict: 0
Ture Postive: 0,True Pairs Extracted: 0,True Pairs: 3064
Train:1 0 0
Total Pair: 0,False Span: 0,True Predict: 0
Ture Postive: 0,True Pairs Extracted: 0,True Pairs: 1145
Val:1 0 0
Total Pair: 0,False Span: 0,True Predict: 0
Ture Postive: 0,True Pairs Extracted: 0,True Pairs: 338
Test:1 0 0
Epoch 10
Train:
Target:
        0.2         0.2
0.000554224  0.00119832
 0.00110539  0.00238237
Val:
Target:
   0    0
   0    0
-nan -nan
Train:
Agent:
 0.871585  0.871585
0.0830016 0.0851802
 0.151569  0.155193
Val:
Agent:
 0.863636  0.863636
0.0779037 0.0807365
 0.142916  0.147668
Train:
DSE:
0.412687 0.447046
0.576611 0.645408
0.481068 0.528219
Val:
DSE:
 0.41999 0.455763
0.556069 0.633199
0.478544 0.530025
is from:
Total Pair: 720,False Span: 256,True Predict: 491
Ture Postive: 182,True Pairs Extracted: 208,True Pairs: 3137
Train: 0.370672 0.0580172  0.100331
Total Pair: 254,False Span: 100,True Predict: 175
Ture Postive: 61,True Pairs Extracted: 67,True Pairs: 1176
Val: 0.348571 0.0518707 0.0903035
Total Pair: 69,False Span: 22,True Predict: 48
Ture Postive: 20,True Pairs Extracted: 22,True Pairs: 349
Test: 0.416667 0.0573066  0.100756
is about:
Total Pair: 46,False Span: 25,True Predict: 29
Ture Postive: 1,True Pairs Extracted: 3,True Pairs: 3064
Train:  0.0344828 0.000326371 0.000646621
Total Pair: 5,False Span: 3,True Predict: 3
Ture Postive: 0,True Pairs Extracted: 0,True Pairs: 1145
Val:   0    0 -nan
Total Pair: 2,False Span: 1,True Predict: 1
Ture Postive: 0,True Pairs Extracted: 0,True Pairs: 338
Test:   0    0 -nan
Epoch 15
Train:
Target:
0.302738 0.304292
0.203234 0.480827
0.243202 0.372712
Val:
Target:
0.282045 0.283054
0.176358 0.409269
0.217018 0.334657
Train:
Agent:
0.681961 0.689394
0.405677 0.454206
0.508728 0.547616
Val:
Agent:
0.630914  0.63714
0.368618 0.417139
 0.46535 0.504185
Train:
DSE:
0.575848 0.592181
0.424884 0.471939
0.488979 0.525266
Val:
DSE:
0.554738  0.56766
0.402238 0.442436
0.466337 0.497286
is from:
Total Pair: 3110,False Span: 1426,True Predict: 2898
Ture Postive: 1086,True Pairs Extracted: 1122,True Pairs: 3137
Train:0.374741 0.346191 0.359901
Total Pair: 1090,False Span: 538,True Predict: 996
Ture Postive: 343,True Pairs Extracted: 357,True Pairs: 1176
Val:0.344378 0.291667 0.315838
Total Pair: 376,False Span: 179,True Predict: 342
Ture Postive: 115,True Pairs Extracted: 122,True Pairs: 349
Test:0.336257 0.329513 0.332851
is about:
Total Pair: 5689,False Span: 1720,True Predict: 2650
Ture Postive: 627,True Pairs Extracted: 1094,True Pairs: 3064
Train:0.236604 0.204634 0.219461
Total Pair: 1929,False Span: 616,True Predict: 884
Ture Postive: 158,True Pairs Extracted: 323,True Pairs: 1145
Val:0.178733 0.137991 0.155742
Total Pair: 607,False Span: 229,True Predict: 321
Ture Postive: 67,True Pairs Extracted: 107,True Pairs: 338
Test:0.208723 0.198225 0.203338
Epoch 20
Train:
Target:
0.241027 0.260568
0.528945 0.751049
0.331155 0.386904
Val:
Target:
0.233496 0.256301
 0.49697  0.71956
0.317716 0.377971
Train:
Agent:
0.675597 0.680479
0.457321 0.508945
0.545431 0.582343
Val:
Agent:
0.637802  0.64064
0.408148 0.463881
0.497763 0.538117
Train:
DSE:
0.565237 0.588266
0.517569 0.571684
0.540353 0.579856
Val:
DSE:
0.548907 0.571017
0.481136 0.528782
0.512792 0.549088
is from:
Total Pair: 4014,False Span: 1727,True Predict: 3469
Ture Postive: 1261,True Pairs Extracted: 1375,True Pairs: 3137
Train:0.363505 0.401976 0.381774
Total Pair: 1402,False Span: 649,True Predict: 1189
Ture Postive: 394,True Pairs Extracted: 440,True Pairs: 1176
Val:0.331371 0.335034 0.333192
Total Pair: 498,False Span: 245,True Predict: 440
Ture Postive: 138,True Pairs Extracted: 151,True Pairs: 349
Test:0.313636 0.395415  0.34981
is about:
Total Pair: 13182,False Span: 4142,True Predict: 5953
Ture Postive: 1169,True Pairs Extracted: 2130,True Pairs: 3064
Train:0.196372 0.381527 0.259288
Total Pair: 4543,False Span: 1457,True Predict: 2061
Ture Postive: 352,True Pairs Extracted: 708,True Pairs: 1145
Val:0.170791 0.307424 0.219588
Total Pair: 1386,False Span: 490,True Predict: 668
Ture Postive: 124,True Pairs Extracted: 203,True Pairs: 338
Test:0.185629 0.366864 0.246521
Epoch 25
Train:
Target:
0.352283 0.366351
0.367536 0.606052
0.359748 0.456657
Val:
Target:
0.334587 0.350438
 0.33975  0.53967
0.337149 0.424939
Train:
Agent:
 0.73835 0.743708
0.415215 0.456609
0.531524 0.565823
Val:
Agent:
0.691962  0.69645
0.353065 0.393768
0.467563 0.503091
Train:
DSE:
 0.57918 0.603556
0.530695 0.585459
0.553878  0.59437
Val:
DSE:
0.551458 0.572668
0.482726 0.528112
0.514808 0.549489
is from:
Total Pair: 3481,False Span: 1421,True Predict: 3041
Ture Postive: 1158,True Pairs Extracted: 1258,True Pairs: 3137
Train:0.380796 0.369142 0.374879
Total Pair: 1159,False Span: 528,True Predict: 1000
Ture Postive: 343,True Pairs Extracted: 376,True Pairs: 1176
Val:   0.343 0.291667 0.315257
Total Pair: 413,False Span: 192,True Predict: 368
Ture Postive: 125,True Pairs Extracted: 136,True Pairs: 349
Test:0.339674 0.358166 0.348675
is about:
Total Pair: 8531,False Span: 2418,True Predict: 3941
Ture Postive: 958,True Pairs Extracted: 1751,True Pairs: 3064
Train:0.243086 0.312663 0.273519
Total Pair: 2813,False Span: 819,True Predict: 1282
Ture Postive: 287,True Pairs Extracted: 521,True Pairs: 1145
Val:0.223869 0.250655 0.236506
Total Pair: 959,False Span: 304,True Predict: 455
Ture Postive: 106,True Pairs Extracted: 174,True Pairs: 338
Test:0.232967 0.313609 0.267339
Epoch 30
Train:
Target:
0.422461 0.454366
0.311968 0.454464
0.358903 0.454415
Val:
Target:
0.404697 0.437642
0.271739  0.39513
0.325151 0.415301
Train:
Agent:
 0.69594 0.710603
0.483362 0.516155
0.570491 0.597968
Val:
Agent:
0.644133 0.658084
0.417559 0.450425
0.506669 0.534804
Train:
DSE:
 0.61719 0.640046
0.511011 0.568878
0.559104 0.602367
Val:
DSE:
0.580276 0.601276
0.459377 0.504685
0.512797 0.548763
is from:
Total Pair: 3585,False Span: 1390,True Predict: 3112
Ture Postive: 1212,True Pairs Extracted: 1319,True Pairs: 3137
Train: 0.38946 0.386356 0.387902
Total Pair: 1190,False Span: 546,True Predict: 1050
Ture Postive: 366,True Pairs Extracted: 402,True Pairs: 1176
Val:0.348571 0.311224 0.328841
Total Pair: 438,False Span: 196,True Predict: 377
Ture Postive: 127,True Pairs Extracted: 143,True Pairs: 349
Test: 0.33687 0.363897 0.349862
is about:
Total Pair: 5216,False Span: 1564,True Predict: 2931
Ture Postive: 853,True Pairs Extracted: 1315,True Pairs: 3064
Train:0.291027 0.278394  0.28457
Total Pair: 1650,False Span: 492,True Predict: 868
Ture Postive: 232,True Pairs Extracted: 383,True Pairs: 1145
Val:0.267281  0.20262 0.230502
Total Pair: 564,False Span: 184,True Predict: 322
Ture Postive: 96,True Pairs Extracted: 143,True Pairs: 338
Test:0.298137 0.284024 0.290909
Epoch 35
Train:
Target:
0.385599  0.42594
0.410889 0.555722
0.397843 0.482252
Val:
Target:
0.372239 0.418172
0.375756 0.501178
0.373989 0.455928
Train:
Agent:
0.748825 0.753611
0.421735 0.461415
 0.53958 0.572379
Val:
Agent:
0.692441  0.69759
0.364435 0.401558
0.477539 0.509709
Train:
DSE:
0.605607 0.633679
0.560585 0.618622
0.582227  0.62606
Val:
DSE:
0.575764 0.604076
0.503023 0.552209
0.536941 0.576979
is from:
Total Pair: 3333,False Span: 1188,True Predict: 2750
Ture Postive: 1087,True Pairs Extracted: 1238,True Pairs: 3137
Train:0.395273 0.346509 0.369288
Total Pair: 1080,False Span: 448,True Predict: 921
Ture Postive: 330,True Pairs Extracted: 366,True Pairs: 1176
Val:0.358306 0.280612 0.314735
Total Pair: 406,False Span: 169,True Predict: 336
Ture Postive: 112,True Pairs Extracted: 129,True Pairs: 349
Test:0.333333 0.320917 0.327007
is about:
Total Pair: 7029,False Span: 2056,True Predict: 3693
Ture Postive: 1015,True Pairs Extracted: 1617,True Pairs: 3064
Train:0.274844 0.331266 0.300429
Total Pair: 2268,False Span: 652,True Predict: 1111
Ture Postive: 280,True Pairs Extracted: 486,True Pairs: 1145
Val:0.252025 0.244541 0.248227
Total Pair: 765,False Span: 267,True Predict: 432
Ture Postive: 111,True Pairs Extracted: 161,True Pairs: 338
Test:0.256944 0.328402 0.288312
Epoch 40
Train:
Target:
0.290794  0.34536
0.599983 0.723188
0.391729 0.467476
Val:
Target:
0.269497 0.331537
 0.54511 0.652789
0.360678  0.43974
Train:
Agent:
0.701672 0.712014
0.505924 0.546862
0.587933 0.618605
Val:
Agent:
0.617497 0.628972
0.434913 0.470963
0.510367 0.538618
Train:
DSE:
0.574842 0.609554
0.613994 0.674745
0.593774 0.640495
Val:
DSE:
0.538763 0.572716
0.541841 0.593039
0.540298   0.5827
is from:
Total Pair: 4335,False Span: 1707,True Predict: 3647
Ture Postive: 1312,True Pairs Extracted: 1470,True Pairs: 3137
Train:0.359748 0.418234 0.386792
Total Pair: 1494,False Span: 675,True Predict: 1256
Ture Postive: 392,True Pairs Extracted: 445,True Pairs: 1176
Val:0.312102 0.333333 0.322368
Total Pair: 511,False Span: 226,True Predict: 426
Ture Postive: 136,True Pairs Extracted: 158,True Pairs: 349
Test:0.319249 0.389685 0.350968
is about:
Total Pair: 10269,False Span: 3971,True Predict: 6399
Ture Postive: 1442,True Pairs Extracted: 1945,True Pairs: 3064
Train:0.225348 0.470627 0.304766
Total Pair: 3480,False Span: 1325,True Predict: 2069
Ture Postive: 445,True Pairs Extracted: 622,True Pairs: 1145
Val: 0.21508 0.388646 0.276914
Total Pair: 1083,False Span: 456,True Predict: 662
Ture Postive: 138,True Pairs Extracted: 187,True Pairs: 338
Test:0.208459 0.408284    0.276
Epoch 45
Train:
Target:
0.284919 0.347492
0.640462 0.745057
0.394388  0.47394
Val:
Target:
0.259121 0.328311
0.576219 0.665357
0.357484 0.439672
Train:
Agent:
0.671396 0.683962
0.537368 0.574366
0.596952 0.624391
Val:
Agent:
0.593014 0.608027
0.462601 0.499292
0.519752 0.548321
Train:
DSE:
0.615422 0.643257
0.575749 0.639541
0.594925 0.641394
Val:
DSE:
0.568893 0.595625
0.510487 0.557564
 0.53811 0.575966
is from:
Total Pair: 4269,False Span: 1698,True Predict: 3700
Ture Postive: 1331,True Pairs Extracted: 1476,True Pairs: 3137
Train: 0.35973 0.424291 0.389352
Total Pair: 1511,False Span: 704,True Predict: 1327
Ture Postive: 422,True Pairs Extracted: 460,True Pairs: 1176
Val:0.318011 0.358844 0.337195
Total Pair: 492,False Span: 232,True Predict: 429
Ture Postive: 136,True Pairs Extracted: 151,True Pairs: 349
Test:0.317016 0.389685 0.349614
is about:
Total Pair: 9561,False Span: 3838,True Predict: 6310
Ture Postive: 1470,True Pairs Extracted: 1894,True Pairs: 3064
Train:0.232964 0.479765 0.313633
Total Pair: 3190,False Span: 1296,True Predict: 2054
Ture Postive: 455,True Pairs Extracted: 605,True Pairs: 1145
Val:0.221519  0.39738 0.284464
Total Pair: 1049,False Span: 451,True Predict: 698
Ture Postive: 157,True Pairs Extracted: 187,True Pairs: 338
Test:0.224928 0.464497 0.303089
Epoch 50
Train:
Target:
0.316994 0.365439
 0.57794 0.715698
0.409424 0.483831
Val:
Target:
0.289648 0.345261
0.519688  0.63315
0.371975 0.446851
Train:
Agent:
0.702242 0.712205
 0.52526 0.567957
0.600993 0.631954
Val:
Agent:
0.613195    0.625
0.448795  0.48796
 0.51827 0.548043
Train:
DSE:
0.593304 0.624299
0.611004  0.67602
0.602024 0.649131
Val:
DSE:
0.546765 0.578879
0.536641 0.587684
0.541656 0.583248
is from:
Total Pair: 4441,False Span: 1719,True Predict: 3728
Ture Postive: 1349,True Pairs Extracted: 1538,True Pairs: 3137
Train:0.361856 0.430029 0.393008
Total Pair: 1524,False Span: 693,True Predict: 1293
Ture Postive: 406,True Pairs Extracted: 456,True Pairs: 1176
Val:0.313998 0.345238 0.328878
Total Pair: 539,False Span: 242,True Predict: 453
Ture Postive: 143,True Pairs Extracted: 164,True Pairs: 349
Test:0.315673 0.409742 0.356608
is about:
Total Pair: 9927,False Span: 3887,True Predict: 6369
Ture Postive: 1478,True Pairs Extracted: 2001,True Pairs: 3064
Train:0.232062 0.482376 0.313368
Total Pair: 3275,False Span: 1312,True Predict: 2070
Ture Postive: 459,True Pairs Extracted: 623,True Pairs: 1145
Val:0.221739 0.400873 0.285537
Total Pair: 1082,False Span: 475,True Predict: 712
Ture Postive: 150,True Pairs Extracted: 186,True Pairs: 338
Test:0.210674 0.443787 0.285714
Epoch 55
Train:
Target:
  0.3712 0.429267
0.509205  0.62822
0.429386 0.510028
Val:
Target:
0.346452 0.412096
0.450673 0.556167
 0.39175 0.473413
Train:
Agent:
0.713928  0.72506
0.511238 0.552203
0.595816 0.626935
Val:
Agent:
0.622316 0.636364
0.437147 0.473088
 0.51355 0.542711
Train:
DSE:
0.628515 0.659218
 0.56715 0.629847
0.596258 0.644198
Val:
DSE:
0.572296 0.603257
0.496654 0.542169
0.531798 0.571084
is from:
Total Pair: 3881,False Span: 1459,True Predict: 3375
Ture Postive: 1294,True Pairs Extracted: 1425,True Pairs: 3137
Train:0.383407 0.412496  0.39742
Total Pair: 1338,False Span: 592,True Predict: 1164
Ture Postive: 394,True Pairs Extracted: 430,True Pairs: 1176
Val:0.338488 0.335034 0.336752
Total Pair: 451,False Span: 190,True Predict: 387
Ture Postive: 134,True Pairs Extracted: 151,True Pairs: 349
Test:0.346253 0.383954  0.36413
is about:
Total Pair: 7226,False Span: 2507,True Predict: 4598
Ture Postive: 1256,True Pairs Extracted: 1705,True Pairs: 3064
Train:0.273162 0.409922 0.327852
Total Pair: 2328,False Span: 853,True Predict: 1447
Ture Postive: 358,True Pairs Extracted: 515,True Pairs: 1145
Val:0.247408 0.312664 0.276235
Total Pair: 800,False Span: 315,True Predict: 514
Ture Postive: 127,True Pairs Extracted: 164,True Pairs: 338
Test:0.247082  0.37574 0.298122
Epoch 60
Train:
Target:
0.377363 0.428427
0.504772 0.634811
0.431866 0.511589
Val:
Target:
 0.34109 0.398625
0.442628 0.551453
0.385281 0.462748
Train:
Agent:
0.668437 0.684131
0.564804 0.599733
0.612266 0.639158
Val:
Agent:
0.578903 0.598023
0.474953 0.512748
0.521801 0.552112
Train:
DSE:
0.593575 0.627158
0.617431 0.680357
0.605268 0.652675
Val:
DSE:
 0.54614 0.580078
0.539218 0.590361
0.542657 0.585175
is from:
Total Pair: 4709,False Span: 1924,True Predict: 4097
Ture Postive: 1422,True Pairs Extracted: 1558,True Pairs: 3137
Train:0.347083 0.453299 0.393143
Total Pair: 1598,False Span: 770,True Predict: 1414
Ture Postive: 433,True Pairs Extracted: 473,True Pairs: 1176
Val:0.306223 0.368197 0.334363
Total Pair: 556,False Span: 270,True Predict: 490
Ture Postive: 147,True Pairs Extracted: 164,True Pairs: 349
Test:     0.3 0.421203 0.350417
is about:
Total Pair: 8311,False Span: 3125,True Predict: 5400
Ture Postive: 1362,True Pairs Extracted: 1864,True Pairs: 3064
Train:0.252222 0.444517 0.321834
Total Pair: 2740,False Span: 1097,True Predict: 1774
Ture Postive: 414,True Pairs Extracted: 563,True Pairs: 1145
Val:0.233371 0.361572 0.283659
Total Pair: 895,False Span: 399,True Predict: 615
Ture Postive: 137,True Pairs Extracted: 166,True Pairs: 338
Test:0.222764 0.405325 0.287513
Epoch 65
Train:
Target:
0.334288 0.388866
0.581335 0.705812
0.424483 0.501456
Val:
Target:
0.293838 0.356415
0.511868  0.61194
0.373353 0.450465
Train:
Agent:
0.681042 0.692494
0.560135 0.599199
  0.6147 0.642477
Val:
Agent:
0.595876     0.61
0.476007 0.514164
0.529239 0.557997
Train:
DSE:
0.619908 0.650471
 0.58559  0.64898
 0.60226 0.649724
Val:
DSE:
0.563513  0.59576
0.508952 0.558233
0.534845 0.576386
is from:
Total Pair: 4448,False Span: 1792,True Predict: 3943
Ture Postive: 1417,True Pairs Extracted: 1546,True Pairs: 3137
Train:0.359371 0.451705 0.400282
Total Pair: 1497,False Span: 705,True Predict: 1334
Ture Postive: 431,True Pairs Extracted: 467,True Pairs: 1176
Val:0.323088 0.366497 0.343426
Total Pair: 531,False Span: 255,True Predict: 471
Ture Postive: 145,True Pairs Extracted: 165,True Pairs: 349
Test:0.307856 0.415473 0.353659
is about:
Total Pair: 8694,False Span: 3533,True Predict: 6054
Ture Postive: 1496,True Pairs Extracted: 1894,True Pairs: 3064
Train:0.247109 0.488251 0.328142
Total Pair: 2866,False Span: 1217,True Predict: 1964
Ture Postive: 455,True Pairs Extracted: 575,True Pairs: 1145
Val: 0.23167  0.39738 0.292699
Total Pair: 957,False Span: 437,True Predict: 676
Ture Postive: 147,True Pairs Extracted: 174,True Pairs: 338
Test:0.217456 0.434911 0.289941
Epoch 70
Train:
Target:
0.364428 0.416705
0.542312 0.667166
0.435921 0.512997
Val:
Target:
 0.31706 0.377189
0.471263 0.574234
0.379079 0.455307
Train:
Agent:
0.696042 0.706831
0.545668 0.583712
0.611749 0.639398
Val:
Agent:
0.606734 0.621645
0.466847 0.502833
0.527676 0.555962
Train:
DSE:
0.581812 0.614597
0.635026 0.698724
0.607255 0.653966
Val:
DSE:
0.537084 0.570269
0.549492  0.60241
0.543217 0.585899
is from:
Total Pair: 4731,False Span: 1944,True Predict: 4123
Ture Postive: 1434,True Pairs Extracted: 1583,True Pairs: 3137
Train:0.347805 0.457125 0.395041
Total Pair: 1620,False Span: 764,True Predict: 1416
Ture Postive: 439,True Pairs Extracted: 483,True Pairs: 1176
Val:0.310028 0.373299 0.338735
Total Pair: 563,False Span: 269,True Predict: 487
Ture Postive: 144,True Pairs Extracted: 166,True Pairs: 349
Test:0.295688 0.412607 0.344498
is about:
Total Pair: 9173,False Span: 3704,True Predict: 6232
Ture Postive: 1506,True Pairs Extracted: 1971,True Pairs: 3064
Train:0.241656 0.491514  0.32401
Total Pair: 3020,False Span: 1278,True Predict: 2014
Ture Postive: 446,True Pairs Extracted: 593,True Pairs: 1145
Val: 0.22145  0.38952 0.282368
Total Pair: 956,False Span: 440,True Predict: 674
Ture Postive: 147,True Pairs Extracted: 173,True Pairs: 338
Test:0.218101 0.434911 0.290514
Epoch 75
Train:
Target:
0.359749 0.416267
 0.55258 0.673158
0.435786 0.514425
Val:
Target:
0.313707 0.377569
0.481348 0.585232
0.379854 0.459006
Train:
Agent:
0.693979 0.707364
0.545936 0.583445
 0.61112 0.639456
Val:
Agent:
0.600863 0.617596
0.462787 0.499292
0.522863 0.552178
Train:
DSE:
0.594785  0.62706
0.620156 0.684184
0.607206 0.654377
Val:
DSE:
0.542789 0.574302
0.534745 0.585007
0.538737 0.579605
is from:
Total Pair: 4524,False Span: 1850,True Predict: 4003
Ture Postive: 1404,True Pairs Extracted: 1537,True Pairs: 3137
Train:0.350737 0.447561 0.393277
Total Pair: 1555,False Span: 765,True Predict: 1397
Ture Postive: 426,True Pairs Extracted: 465,True Pairs: 1176
Val:0.304939 0.362245 0.331131
Total Pair: 538,False Span: 253,True Predict: 470
Ture Postive: 143,True Pairs Extracted: 163,True Pairs: 349
Test:0.304255 0.409742 0.349206
is about:
Total Pair: 8763,False Span: 3593,True Predict: 6055
Ture Postive: 1456,True Pairs Extracted: 1916,True Pairs: 3064
Train:0.240462 0.475196 0.319333
Total Pair: 2921,False Span: 1265,True Predict: 2011
Ture Postive: 454,True Pairs Extracted: 586,True Pairs: 1145
Val:0.225758 0.396507 0.287706
Total Pair: 935,False Span: 435,True Predict: 673
Ture Postive: 149,True Pairs Extracted: 174,True Pairs: 338
Test:0.221397 0.440828 0.294758
Epoch 80
Train:
Target:
0.365544 0.418374
0.543597 0.669862
0.437135 0.515059
Val:
Target:
0.320041 0.381843
0.470414 0.574234
0.380925 0.458681
Train:
Agent:
0.704734 0.715114
0.539295 0.578371
0.611014 0.639515
Val:
Agent:
0.606158 0.621359
0.460183 0.494334
0.523179 0.550616
Train:
DSE:
 0.60521 0.637636
0.607709 0.671173
0.606457 0.653975
Val:
DSE:
0.549679 0.581208
0.523595 0.573628
 0.53632 0.577393
is from:
Total Pair: 4364,False Span: 1704,True Predict: 3787
Ture Postive: 1372,True Pairs Extracted: 1516,True Pairs: 3137
Train:0.362292 0.437361 0.396303
Total Pair: 1472,False Span: 680,True Predict: 1280
Ture Postive: 407,True Pairs Extracted: 452,True Pairs: 1176
Val:0.317969 0.346088 0.331433
Total Pair: 525,False Span: 239,True Predict: 450
Ture Postive: 141,True Pairs Extracted: 163,True Pairs: 349
Test:0.313333 0.404011 0.352941
is about:
Total Pair: 8553,False Span: 3511,True Predict: 5990
Ture Postive: 1481,True Pairs Extracted: 1890,True Pairs: 3064
Train:0.247245 0.483355 0.327148
Total Pair: 2821,False Span: 1220,True Predict: 1951
Ture Postive: 442,True Pairs Extracted: 572,True Pairs: 1145
Val: 0.22655 0.386026  0.28553
Total Pair: 918,False Span: 426,True Predict: 662
Ture Postive: 149,True Pairs Extracted: 174,True Pairs: 338
Test:0.225076 0.440828    0.298
Epoch 85
Train:
Target:
0.378017 0.427757
0.517509   0.6432
0.436899 0.513808
Val:
Target:
0.336061 0.396318
0.447759 0.554595
0.383951 0.462284
Train:
Agent:
0.684004 0.698432
0.560531  0.59733
0.616143 0.643937
Val:
Agent:
0.592568 0.609899
0.473517 0.511331
0.526395 0.556283
Train:
DSE:
0.600697 0.633619
0.611768  0.67602
0.606182 0.654133
Val:
DSE:
0.546132 0.579087
0.527862 0.578313
0.536841   0.5787
is from:
Total Pair: 4595,False Span: 1858,True Predict: 4028
Ture Postive: 1419,True Pairs Extracted: 1555,True Pairs: 3137
Train:0.352284 0.452343 0.396092
Total Pair: 1546,False Span: 742,True Predict: 1370
Ture Postive: 422,True Pairs Extracted: 462,True Pairs: 1176
Val:0.308029 0.358844   0.3315
Total Pair: 541,False Span: 250,True Predict: 468
Ture Postive: 145,True Pairs Extracted: 166,True Pairs: 349
Test:0.309829 0.415473 0.354957
is about:
Total Pair: 8321,False Span: 3303,True Predict: 5691
Ture Postive: 1429,True Pairs Extracted: 1866,True Pairs: 3064
Train:0.251098 0.466384 0.326442
Total Pair: 2689,False Span: 1111,True Predict: 1804
Ture Postive: 430,True Pairs Extracted: 561,True Pairs: 1145
Val:0.238359 0.375546 0.291624
Total Pair: 881,False Span: 388,True Predict: 608
Ture Postive: 139,True Pairs Extracted: 169,True Pairs: 338
Test:0.228618 0.411243 0.293869
Epoch 90
Train:
Target:
0.362795 0.417567
0.550261 0.671959
0.437283 0.515064
Val:
Target:
0.315362 0.377889
0.475941 0.576591
0.379358 0.456557
Train:
Agent:
0.670014 0.685622
0.578617 0.614152
 0.62097 0.647922
Val:
Agent:
0.575965 0.595087
0.490002 0.526204
0.529517  0.55853
Train:
DSE:
0.585483 0.619969
0.634558 0.697959
0.609034 0.656656
Val:
DSE:
0.533984 0.568652
0.545725 0.598394
0.539791 0.583144
is from:
Total Pair: 4957,False Span: 2060,True Predict: 4317
Ture Postive: 1479,True Pairs Extracted: 1630,True Pairs: 3137
Train:0.342599  0.47147 0.396834
Total Pair: 1687,False Span: 819,True Predict: 1483
Ture Postive: 445,True Pairs Extracted: 491,True Pairs: 1176
Val:0.300067 0.378401 0.334712
Total Pair: 588,False Span: 287,True Predict: 517
Ture Postive: 154,True Pairs Extracted: 174,True Pairs: 349
Test:0.297872 0.441261 0.355658
is about:
Total Pair: 9055,False Span: 3891,True Predict: 6505
Ture Postive: 1557,True Pairs Extracted: 1962,True Pairs: 3064
Train:0.239354 0.508159 0.325426
Total Pair: 3005,False Span: 1365,True Predict: 2136
Ture Postive: 473,True Pairs Extracted: 592,True Pairs: 1145
Val:0.221442   0.4131 0.288327
Total Pair: 955,False Span: 459,True Predict: 690
Ture Postive: 144,True Pairs Extracted: 173,True Pairs: 338
Test:0.208696 0.426036 0.280156
Epoch 95
Train:
Target:
0.373244 0.424392
0.529661 0.654284
0.437904  0.51484
Val:
Target:
0.330275 0.391202
0.456051  0.56088
0.383104 0.460921
Train:
Agent:
 0.68345 0.697974
0.561211 0.598398
0.616328 0.644362
Val:
Agent:
0.591866 0.609756
0.474036 0.511331
0.526438 0.556223
Train:
DSE:
0.612088  0.64298
0.599435 0.663265
0.605696 0.652965
Val:
DSE:
 0.55396 0.585266
0.516694 0.566934
0.534678 0.575954
is from:
Total Pair: 4467,False Span: 1776,True Predict: 3918
Ture Postive: 1409,True Pairs Extracted: 1543,True Pairs: 3137
Train:0.359622 0.449155 0.399433
Total Pair: 1510,False Span: 716,True Predict: 1330
Ture Postive: 417,True Pairs Extracted: 459,True Pairs: 1176
Val:0.313534 0.354592 0.332801
Total Pair: 527,False Span: 245,True Predict: 460
Ture Postive: 146,True Pairs Extracted: 164,True Pairs: 349
Test:0.317391 0.418338 0.360939
is about:
Total Pair: 8200,False Span: 3395,True Predict: 5791
Ture Postive: 1423,True Pairs Extracted: 1853,True Pairs: 3064
Train:0.245726 0.464426   0.3214
Total Pair: 2688,False Span: 1181,True Predict: 1908
Ture Postive: 440,True Pairs Extracted: 558,True Pairs: 1145
Val:0.230608 0.384279 0.288241
Total Pair: 893,False Span: 419,True Predict: 653
Ture Postive: 144,True Pairs Extracted: 171,True Pairs: 338
Test:0.220521 0.426036 0.290616
Epoch 100
Train:
Target:
0.354974 0.412099
0.573731  0.69293
0.438588  0.51683
Val:
Target:
0.309248 0.374459
0.498903 0.602514
0.381822 0.461869
Train:
Agent:
 0.67379 0.689604
0.573083 0.610147
 0.61937 0.647447
Val:
Agent:
0.578658 0.598856
0.479991 0.516997
0.524727 0.554924
Train:
DSE:
0.601158 0.633577
 0.61599 0.680612
0.608484 0.656253
Val:
DSE:
0.545648 0.576948
0.532235 0.582999
0.538858 0.579958
is from:
Total Pair: 4731,False Span: 1935,True Predict: 4174
Ture Postive: 1453,True Pairs Extracted: 1591,True Pairs: 3137
Train:0.348107 0.463181 0.397483
Total Pair: 1591,False Span: 779,True Predict: 1424
Ture Postive: 430,True Pairs Extracted: 468,True Pairs: 1176
Val:0.301966 0.365646 0.330769
Total Pair: 545,False Span: 254,True Predict: 477
Ture Postive: 150,True Pairs Extracted: 169,True Pairs: 349
Test:0.314465 0.429799 0.363196
is about:
Total Pair: 8875,False Span: 3825,True Predict: 6454
Ture Postive: 1552,True Pairs Extracted: 1947,True Pairs: 3064
Train:0.240471 0.506527 0.326119
Total Pair: 2948,False Span: 1312,True Predict: 2087
Ture Postive: 475,True Pairs Extracted: 597,True Pairs: 1145
Val:0.227599 0.414847 0.293936
Total Pair: 958,False Span: 467,True Predict: 712
Ture Postive: 154,True Pairs Extracted: 178,True Pairs: 338
Test:0.216292 0.455621 0.293333
Epoch 105
Train:
Target:
0.342582 0.402182
0.598273 0.708209
0.435684 0.513024
Val:
Target:
0.301506 0.368333
0.523526 0.621367
0.382642 0.462504
Train:
Agent:
0.673942 0.687887
0.577711 0.613618
0.622128 0.648633
Val:
Agent:
0.582319 0.598879
 0.49048 0.528329
0.532468 0.561396
Train:
DSE:
0.599855 0.631949
0.617818 0.682653
0.608704 0.656323
Val:
DSE:
0.543673 0.574593
0.532603 0.583668
0.538081 0.579095
is from:
Total Pair: 4831,False Span: 2007,True Predict: 4275
Ture Postive: 1473,True Pairs Extracted: 1608,True Pairs: 3137
Train:0.344561 0.469557 0.397464
Total Pair: 1633,False Span: 802,True Predict: 1454
Ture Postive: 438,True Pairs Extracted: 478,True Pairs: 1176
Val:0.301238 0.372449  0.33308
Total Pair: 573,False Span: 276,True Predict: 509
Ture Postive: 157,True Pairs Extracted: 176,True Pairs: 349
Test:0.308448 0.449857 0.365967
is about:
Total Pair: 9220,False Span: 4009,True Predict: 6734
Ture Postive: 1606,True Pairs Extracted: 1982,True Pairs: 3064
Train:0.238491 0.524151 0.327822
Total Pair: 3019,False Span: 1371,True Predict: 2168
Ture Postive: 488,True Pairs Extracted: 607,True Pairs: 1145
Val:0.225092 0.426201 0.294597
Total Pair: 975,False Span: 477,True Predict: 726
Ture Postive: 157,True Pairs Extracted: 180,True Pairs: 338
Test:0.216253 0.464497 0.295113
Epoch 110
Train:
Target:
 0.35588 0.412818
0.571172 0.690234
0.438527 0.516641
Val:
Target:
0.309924 0.374674
0.497235 0.600157
0.381846 0.461338
Train:
Agent:
0.686978  0.70056
 0.55444 0.591722
0.613634 0.641558
Val:
Agent:
 0.59422 0.611775
 0.46932 0.504958
0.524436 0.553258
Train:
DSE:
0.595215 0.627687
0.622816   0.6875
0.608703 0.656233
Val:
DSE:
0.540007 0.572072
0.536585 0.587684
0.538291 0.579773
is from:
Total Pair: 4659,False Span: 1900,True Predict: 4084
Ture Postive: 1425,True Pairs Extracted: 1564,True Pairs: 3137
Train:0.348923 0.454256 0.394682
Total Pair: 1571,False Span: 756,True Predict: 1388
Ture Postive: 422,True Pairs Extracted: 463,True Pairs: 1176
Val:0.304035 0.358844 0.329173
Total Pair: 539,False Span: 246,True Predict: 467
Ture Postive: 147,True Pairs Extracted: 166,True Pairs: 349
Test:0.314775 0.421203 0.360294
is about:
Total Pair: 8979,False Span: 3944,True Predict: 6599
Ture Postive: 1571,True Pairs Extracted: 1962,True Pairs: 3064
Train:0.238066 0.512728 0.325158
Total Pair: 2980,False Span: 1362,True Predict: 2143
Ture Postive: 479,True Pairs Extracted: 600,True Pairs: 1145
Val:0.223518 0.418341 0.291363
Total Pair: 961,False Span: 474,True Predict: 720
Ture Postive: 154,True Pairs Extracted: 176,True Pairs: 338
Test:0.213889 0.455621 0.291115
Epoch 115
Train:
Target:
0.352053 0.410405
0.582433 0.698023
0.438845 0.516898
Val:
Target:
 0.30733  0.37398
0.507824 0.609584
 0.38292 0.463564
Train:
Agent:
0.682586 0.696407
0.564576 0.601602
0.617998 0.645542
Val:
Agent:
0.591529 0.608659
0.478574 0.516997
 0.52909 0.559096
Train:
DSE:
0.598825 0.631172
0.618792 0.683673
0.608645 0.656375
Val:
DSE:
0.543989 0.575423
0.534466 0.585676
0.539185 0.580504
is from:
Total Pair: 4705,False Span: 1918,True Predict: 4111
Ture Postive: 1432,True Pairs Extracted: 1577,True Pairs: 3137
Train:0.348334 0.456487 0.395143
Total Pair: 1582,False Span: 758,True Predict: 1390
Ture Postive: 423,True Pairs Extracted: 469,True Pairs: 1176
Val:0.304317 0.359694 0.329696
Total Pair: 556,False Span: 259,True Predict: 480
Ture Postive: 150,True Pairs Extracted: 171,True Pairs: 349
Test:  0.3125 0.429799 0.361882
is about:
Total Pair: 8954,False Span: 3948,True Predict: 6618
Ture Postive: 1587,True Pairs Extracted: 1956,True Pairs: 3064
Train:0.239801  0.51795 0.327825
Total Pair: 2976,False Span: 1373,True Predict: 2163
Ture Postive: 482,True Pairs Extracted: 600,True Pairs: 1145
Val:0.222839 0.420961 0.291415
Total Pair: 965,False Span: 485,True Predict: 735
Ture Postive: 156,True Pairs Extracted: 179,True Pairs: 338
Test:0.212245 0.461538 0.290774
Epoch 120
Train:
Target:
0.367138 0.420634
0.542849  0.66417
0.438029 0.515065
Val:
Target:
0.323136 0.385182
0.469304 0.571092
 0.38274 0.460065
Train:
Agent:
0.697802 0.710402
0.549422 0.587984
0.614786 0.643422
Val:
Agent:
0.601751 0.617978
0.466078 0.502125
0.525296  0.55406
Train:
DSE:
0.593623 0.626722
0.626867 0.691837
0.609792 0.657671
Val:
DSE:
0.538768 0.571429
0.540601   0.5917
0.539683 0.581388
is from:
Total Pair: 4621,False Span: 1865,True Predict: 4053
Ture Postive: 1425,True Pairs Extracted: 1566,True Pairs: 3137
Train:0.351591 0.454256 0.396384
Total Pair: 1570,False Span: 749,True Predict: 1374
Ture Postive: 420,True Pairs Extracted: 464,True Pairs: 1176
Val:0.305677 0.357143 0.329412
Total Pair: 540,False Span: 246,True Predict: 467
Ture Postive: 147,True Pairs Extracted: 166,True Pairs: 349
Test:0.314775 0.421203 0.360294
is about:
Total Pair: 8849,False Span: 3817,True Predict: 6397
Ture Postive: 1537,True Pairs Extracted: 1938,True Pairs: 3064
Train:0.240269 0.501632 0.324913
Total Pair: 2911,False Span: 1317,True Predict: 2079
Ture Postive: 466,True Pairs Extracted: 585,True Pairs: 1145
Val:0.224146 0.406987 0.289082
Total Pair: 938,False Span: 441,True Predict: 677
Ture Postive: 148,True Pairs Extracted: 173,True Pairs: 338
Test:0.218612  0.43787 0.291626
Epoch 125
Train:
Target:
 0.35867 0.415326
0.566108 0.684841
0.439124 0.517071
Val:
Target:
0.310899 0.375165
0.492191 0.594658
0.381082 0.460074
Train:
Agent:
0.682575 0.696739
0.564621 0.601335
 0.61802 0.645531
Val:
Agent:
0.590013 0.607173
0.476858 0.514873
0.527435 0.557226
Train:
DSE:
0.600321  0.63298
0.616879 0.681122
0.608487 0.656169
Val:
DSE:
0.543529 0.575459
0.529669 0.580321
0.536509  0.57788
is from:
Total Pair: 4668,False Span: 1905,True Predict: 4113
Ture Postive: 1441,True Pairs Extracted: 1571,True Pairs: 3137
Train:0.350353 0.459356 0.397517
Total Pair: 1560,False Span: 757,True Predict: 1384
Ture Postive: 422,True Pairs Extracted: 462,True Pairs: 1176
Val:0.304913 0.358844 0.329687
Total Pair: 554,False Span: 259,True Predict: 482
Ture Postive: 150,True Pairs Extracted: 170,True Pairs: 349
Test:0.311203 0.429799 0.361011
is about:
Total Pair: 8778,False Span: 3915,True Predict: 6536
Ture Postive: 1551,True Pairs Extracted: 1934,True Pairs: 3064
Train:0.237301 0.506201 0.323125
Total Pair: 2903,False Span: 1357,True Predict: 2156
Ture Postive: 488,True Pairs Extracted: 587,True Pairs: 1145
Val:0.226345 0.426201 0.295668
Total Pair: 942,False Span: 486,True Predict: 732
Ture Postive: 153,True Pairs Extracted: 173,True Pairs: 338
Test:0.209016 0.452663 0.285981
Epoch 130
Train:
Target:
0.357205 0.414936
0.566846  0.68574
0.438245 0.517024
Val:
Target:
0.310542 0.376159
0.492668 0.593873
0.380956 0.460584
Train:
Agent:
0.686922 0.699938
0.558855 0.596262
0.616305 0.643954
Val:
Agent:
0.594995 0.611626
0.475471 0.510623
 0.52856 0.556579
Train:
DSE:
0.605202 0.636799
0.609541 0.674235
0.607364 0.654982
Val:
DSE:
 0.54682 0.577748
0.520884 0.570281
0.533537  0.57399
is from:
Total Pair: 4557,False Span: 1858,True Predict: 4051
Ture Postive: 1426,True Pairs Extracted: 1557,True Pairs: 3137
Train:0.352012 0.454574 0.396772
Total Pair: 1532,False Span: 745,True Predict: 1370
Ture Postive: 423,True Pairs Extracted: 461,True Pairs: 1176
Val:0.308759 0.359694 0.332286
Total Pair: 548,False Span: 259,True Predict: 486
Ture Postive: 152,True Pairs Extracted: 170,True Pairs: 349
Test:0.312757  0.43553 0.364072
is about:
Total Pair: 8566,False Span: 3737,True Predict: 6305
Ture Postive: 1515,True Pairs Extracted: 1905,True Pairs: 3064
Train:0.240285 0.494452 0.323407
Total Pair: 2824,False Span: 1279,True Predict: 2039
Ture Postive: 465,True Pairs Extracted: 575,True Pairs: 1145
Val:0.228053 0.406114 0.292085
Total Pair: 932,False Span: 454,True Predict: 704
Ture Postive: 155,True Pairs Extracted: 178,True Pairs: 338
Test: 0.22017  0.45858 0.297505
Epoch 135
Train:
Target:
0.366502  0.42049
 0.54823 0.670461
0.439314 0.516837
Val:
Target:
0.319989 0.381802
0.473853 0.573449
 0.38201   0.4584
Train:
Agent:
0.692432 0.705752
 0.54649 0.583178
0.610865 0.638636
Val:
Agent:
0.597704 0.615048
0.460805 0.494334
0.520402 0.548124
Train:
DSE:
0.600821 0.633853
0.616939 0.680612
0.608774 0.656401
Val:
DSE:
0.541966 0.575099
 0.52688 0.576975
0.534317 0.576035
is from:
Total Pair: 4485,False Span: 1814,True Predict: 3960
Ture Postive: 1393,True Pairs Extracted: 1526,True Pairs: 3137
Train:0.351768 0.444055  0.39256
Total Pair: 1509,False Span: 730,True Predict: 1337
Ture Postive: 410,True Pairs Extracted: 451,True Pairs: 1176
Val:0.306657 0.348639 0.326303
Total Pair: 523,False Span: 240,True Predict: 458
Ture Postive: 145,True Pairs Extracted: 164,True Pairs: 349
Test:0.316594 0.415473 0.359356
is about:
Total Pair: 8694,False Span: 3775,True Predict: 6307
Ture Postive: 1501,True Pairs Extracted: 1928,True Pairs: 3064
Train: 0.23799 0.489883  0.32035
Total Pair: 2831,False Span: 1298,True Predict: 2068
Ture Postive: 469,True Pairs Extracted: 574,True Pairs: 1145
Val:0.226789 0.409607 0.291939
Total Pair: 933,False Span: 468,True Predict: 706
Ture Postive: 149,True Pairs Extracted: 173,True Pairs: 338
Test:0.211048 0.440828 0.285441
Epoch 140
Train:
Target:
0.358503 0.414952
 0.56673  0.68574
0.439185 0.517037
Val:
Target:
0.310857  0.37533
0.491556 0.594658
 0.38086 0.460198
Train:
Agent:
0.699566 0.711654
0.547645 0.585848
0.614353 0.642652
Val:
Agent:
0.600196  0.61645
0.464231      0.5
 0.52353 0.552152
Train:
DSE:
0.595805 0.628155
0.622476 0.687245
0.608848 0.656373
Val:
DSE:
0.539181  0.57097
0.536585 0.587684
 0.53788 0.579206
is from:
Total Pair: 4587,False Span: 1840,True Predict: 4009
Ture Postive: 1419,True Pairs Extracted: 1560,True Pairs: 3137
Train:0.353954 0.452343 0.397145
Total Pair: 1561,False Span: 754,True Predict: 1373
Ture Postive: 417,True Pairs Extracted: 462,True Pairs: 1176
Val:0.303714 0.354592 0.327187
Total Pair: 531,False Span: 241,True Predict: 451
Ture Postive: 142,True Pairs Extracted: 163,True Pairs: 349
Test:0.314856 0.406877    0.355
is about:
Total Pair: 8931,False Span: 3916,True Predict: 6563
Ture Postive: 1572,True Pairs Extracted: 1958,True Pairs: 3064
Train:0.239525 0.513055 0.326581
Total Pair: 2966,False Span: 1363,True Predict: 2146
Ture Postive: 477,True Pairs Extracted: 593,True Pairs: 1145
Val:0.222274 0.416594 0.289881
Total Pair: 955,False Span: 476,True Predict: 717
Ture Postive: 150,True Pairs Extracted: 173,True Pairs: 338
Test:0.209205 0.443787  0.28436
Epoch 145
Train:
Target:
0.359587 0.415643
0.564605 0.683942
0.439356  0.51706
Val:
Target:
0.312039 0.376268
0.490906 0.594658
 0.38155 0.460902
Train:
Agent:
0.698919 0.711167
0.549176 0.587717
0.615065 0.643576
Val:
Agent:
0.600368  0.61658
0.465612 0.501416
0.524473 0.553067
Train:
DSE:
0.596775 0.629423
0.620657 0.685204
0.608482  0.65613
Val:
DSE:
0.541373 0.573368
0.535247 0.586345
0.538293 0.579784
is from:
Total Pair: 4583,False Span: 1826,True Predict: 3995
Ture Postive: 1421,True Pairs Extracted: 1563,True Pairs: 3137
Train:0.355695 0.452981 0.398486
Total Pair: 1558,False Span: 745,True Predict: 1363
Ture Postive: 416,True Pairs Extracted: 462,True Pairs: 1176
Val:0.305209 0.353741 0.327688
Total Pair: 534,False Span: 239,True Predict: 453
Ture Postive: 145,True Pairs Extracted: 165,True Pairs: 349
Test:0.320088 0.415473 0.361596
is about:
Total Pair: 8865,False Span: 3846,True Predict: 6475
Ture Postive: 1558,True Pairs Extracted: 1949,True Pairs: 3064
Train:0.240618 0.508486 0.326659
Total Pair: 2957,False Span: 1347,True Predict: 2125
Ture Postive: 473,True Pairs Extracted: 591,True Pairs: 1145
Val:0.222588   0.4131 0.289297
Total Pair: 952,False Span: 470,True Predict: 710
Ture Postive: 151,True Pairs Extracted: 174,True Pairs: 338
Test:0.212676 0.446746 0.288168
Epoch 150
Train:
Target:
0.362118 0.414744
0.558532 0.679149
0.439374 0.514992
Val:
Target:
0.319844 0.380551
0.484904 0.588374
0.385447 0.462174
Train:
Agent:
0.708217 0.720119
0.535141 0.572497
0.609633 0.637878
Val:
Agent:
 0.60431 0.620751
0.451239 0.485836
0.516676 0.545069
Train:
DSE:
0.602135 0.634279
0.615437 0.680357
0.608713 0.656511
Val:
DSE:
 0.54366 0.574803
0.529925 0.579652
0.536705 0.577217
is from:
Total Pair: 4350,False Span: 1736,True Predict: 3856
Ture Postive: 1383,True Pairs Extracted: 1513,True Pairs: 3137
Train:0.358662 0.440867 0.395538
Total Pair: 1492,False Span: 727,True Predict: 1327
Ture Postive: 404,True Pairs Extracted: 445,True Pairs: 1176
Val:0.304446 0.343537 0.322813
Total Pair: 500,False Span: 228,True Predict: 438
Ture Postive: 141,True Pairs Extracted: 158,True Pairs: 349
Test:0.321918 0.404011 0.358323
is about:
Total Pair: 8898,False Span: 3958,True Predict: 6583
Ture Postive: 1551,True Pairs Extracted: 1951,True Pairs: 3064
Train:0.235607 0.506201 0.321551
Total Pair: 2915,False Span: 1368,True Predict: 2175
Ture Postive: 491,True Pairs Extracted: 586,True Pairs: 1145
Val:0.225747 0.428821 0.295783
Total Pair: 938,False Span: 477,True Predict: 722
Ture Postive: 153,True Pairs Extracted: 176,True Pairs: 338
Test:0.211911 0.452663 0.288679
Epoch 155
Train:
Target:
0.351147 0.409907
0.583746 0.698622
0.438512 0.516666
Val:
Target:
0.307827 0.375972
0.511063 0.612726
0.384225 0.466003
Train:
Agent:
0.690783 0.703843
0.554688 0.591722
  0.6153 0.642931
Val:
Agent:
0.596293 0.613151
0.469681 0.504958
0.525468  0.55382
Train:
DSE:
0.610615 0.640838
0.602937 0.667602
0.606751 0.653946
Val:
DSE:
 0.55178 0.583164
0.518446 0.567604
0.534594 0.575278
is from:
Total Pair: 4440,False Span: 1788,True Predict: 3953
Ture Postive: 1416,True Pairs Extracted: 1540,True Pairs: 3137
Train:0.358209 0.451387 0.399436
Total Pair: 1505,False Span: 720,True Predict: 1344
Ture Postive: 420,True Pairs Extracted: 457,True Pairs: 1176
Val:  0.3125 0.357143 0.333333
Total Pair: 526,False Span: 244,True Predict: 467
Ture Postive: 149,True Pairs Extracted: 167,True Pairs: 349
Test:0.319058 0.426934 0.365196
is about:
Total Pair: 8623,False Span: 3712,True Predict: 6294
Ture Postive: 1513,True Pairs Extracted: 1910,True Pairs: 3064
Train:0.240388 0.493799  0.32336
Total Pair: 2841,False Span: 1282,True Predict: 2067
Ture Postive: 477,True Pairs Extracted: 585,True Pairs: 1145
Val:0.230769 0.416594 0.297011
Total Pair: 945,False Span: 480,True Predict: 731
Ture Postive: 155,True Pairs Extracted: 174,True Pairs: 338
Test:0.212038  0.45858 0.289991
Epoch 160
Train:
Target:
0.365622 0.419866
0.547793 0.669563
0.438542 0.516099
Val:
Target:
0.320538 0.382716
0.474402 0.574234
0.382579  0.45931
Train:
Agent:
 0.68707 0.700868
 0.55796  0.59466
 0.61582  0.64341
Val:
Agent:
0.592891 0.610357
0.470346 0.505666
0.524556 0.553101
Train:
DSE:
  0.5971 0.629302
0.620418 0.685969
0.608536 0.656415
Val:
DSE:
 0.54037 0.571521
  0.5348 0.586345
0.537571 0.578838
is from:
Total Pair: 4652,False Span: 1900,True Predict: 4099
Ture Postive: 1435,True Pairs Extracted: 1568,True Pairs: 3137
Train:0.350085 0.457443 0.396628
Total Pair: 1572,False Span: 760,True Predict: 1398
Ture Postive: 427,True Pairs Extracted: 465,True Pairs: 1176
Val:0.305436 0.363095 0.331779
Total Pair: 544,False Span: 247,True Predict: 470
Ture Postive: 149,True Pairs Extracted: 170,True Pairs: 349
Test:0.317021 0.426934 0.363858
is about:
Total Pair: 8765,False Span: 3833,True Predict: 6383
Ture Postive: 1504,True Pairs Extracted: 1930,True Pairs: 3064
Train:0.235626 0.490862 0.318408
Total Pair: 2895,False Span: 1332,True Predict: 2106
Ture Postive: 472,True Pairs Extracted: 583,True Pairs: 1145
Val:0.224122 0.412227 0.290372
Total Pair: 934,False Span: 468,True Predict: 712
Ture Postive: 152,True Pairs Extracted: 175,True Pairs: 338
Test:0.213483 0.449704 0.289524
Epoch 165
Train:
Target:
0.372915 0.423174
0.531231 0.656081
0.438213 0.514497
Val:
Target:
0.331914 0.391879
0.458715 0.562451
0.385146 0.461921
Train:
Agent:
0.691971 0.704923
0.552713 0.589853
0.614552 0.642275
Val:
Agent:
0.597648 0.614592
0.468477 0.503541
0.525237 0.553552
Train:
DSE:
0.606222 0.637407
0.610349  0.67602
0.608278 0.656146
Val:
DSE:
0.547004 0.577926
0.521219  0.57095
  0.5338 0.574417
is from:
Total Pair: 4492,False Span: 1818,True Predict: 4005
Ture Postive: 1419,True Pairs Extracted: 1546,True Pairs: 3137
Train:0.354307 0.452343 0.397368
Total Pair: 1519,False Span: 735,True Predict: 1361
Ture Postive: 421,True Pairs Extracted: 458,True Pairs: 1176
Val:0.309331 0.357993 0.331888
Total Pair: 532,False Span: 250,True Predict: 474
Ture Postive: 149,True Pairs Extracted: 167,True Pairs: 349
Test:0.314346 0.426934  0.36209
is about:
Total Pair: 8471,False Span: 3547,True Predict: 5994
Ture Postive: 1453,True Pairs Extracted: 1899,True Pairs: 3064
Train:0.242409 0.474217 0.320821
Total Pair: 2728,False Span: 1211,True Predict: 1948
Ture Postive: 442,True Pairs Extracted: 565,True Pairs: 1145
Val:0.226899 0.386026 0.285807
Total Pair: 918,False Span: 433,True Predict: 668
Ture Postive: 146,True Pairs Extracted: 173,True Pairs: 338
Test:0.218563 0.431953 0.290258
Epoch 170
Train:
Target:
0.359933 0.414461
0.559987 0.679449
0.438207 0.514859
Val:
Target:
0.314651 0.376728
0.484139 0.585232
0.381414 0.458383
Train:
Agent:
0.677577 0.692816
0.571109 0.606676
0.619804 0.646891
Val:
Agent:
0.586832  0.60507
0.484461 0.521246
0.530755 0.560039
Train:
DSE:
0.594782 0.628532
0.623582 0.688265
0.608842 0.657044
Val:
DSE:
0.537852 0.571429
0.536998 0.587684
0.537425 0.579442
is from:
Total Pair: 4785,False Span: 1974,True Predict: 4194
Ture Postive: 1452,True Pairs Extracted: 1591,True Pairs: 3137
Train:0.346209 0.462863 0.396126
Total Pair: 1618,False Span: 787,True Predict: 1433
Ture Postive: 433,True Pairs Extracted: 478,True Pairs: 1176
Val:0.302163 0.368197 0.331928
Total Pair: 565,False Span: 268,True Predict: 495
Ture Postive: 154,True Pairs Extracted: 173,True Pairs: 349
Test:0.311111 0.441261 0.364929
is about:
Total Pair: 9008,False Span: 4045,True Predict: 6671
Ture Postive: 1558,True Pairs Extracted: 1952,True Pairs: 3064
Train:0.233548 0.508486 0.320082
Total Pair: 2957,False Span: 1373,True Predict: 2173
Ture Postive: 487,True Pairs Extracted: 587,True Pairs: 1145
Val:0.224114 0.425328  0.29355
Total Pair: 938,False Span: 483,True Predict: 728
Ture Postive: 152,True Pairs Extracted: 173,True Pairs: 338
Test:0.208791 0.449704 0.285178
Epoch 175
Train:
Target:
0.356756  0.41398
0.571572 0.689035
 0.43931 0.517213
Val:
Target:
0.311843 0.377309
0.496101 0.599372
0.382961 0.463095
Train:
Agent:
0.699783 0.711972
0.547928 0.585848
0.614615 0.642781
Val:
Agent:
0.600716 0.616984
0.464231      0.5
0.523728 0.552366
Train:
DSE:
0.598552 0.631419
 0.62073 0.685204
0.609439 0.657213
Val:
DSE:
0.540176 0.573377
0.532737 0.583668
0.536431 0.578477
is from:
Total Pair: 4554,False Span: 1818,True Predict: 3996
Ture Postive: 1425,True Pairs Extracted: 1561,True Pairs: 3137
Train:0.356607 0.454256 0.399551
Total Pair: 1540,False Span: 740,True Predict: 1360
Ture Postive: 418,True Pairs Extracted: 459,True Pairs: 1176
Val:0.307353 0.355442 0.329653
Total Pair: 529,False Span: 241,True Predict: 455
Ture Postive: 144,True Pairs Extracted: 163,True Pairs: 349
Test:0.316484 0.412607 0.358209
is about:
Total Pair: 8909,False Span: 3903,True Predict: 6551
Ture Postive: 1562,True Pairs Extracted: 1951,True Pairs: 3064
Train:0.238437 0.509791 0.324909
Total Pair: 2932,False Span: 1344,True Predict: 2119
Ture Postive: 475,True Pairs Extracted: 591,True Pairs: 1145
Val:0.224162 0.414847 0.291054
Total Pair: 953,False Span: 479,True Predict: 725
Ture Postive: 154,True Pairs Extracted: 176,True Pairs: 338
Test:0.212414 0.455621 0.289746
Epoch 180
Train:
Target:
0.358766 0.414969
0.567125  0.68604
0.439501 0.517135
Val:
Target:
0.312245 0.376658
0.491484 0.595444
0.381879  0.46143
Train:
Agent:
0.687018 0.700868
 0.55828  0.59466
0.615995  0.64341
Val:
Agent:
0.592232 0.609653
0.470346 0.506374
0.524298 0.553235
Train:
DSE:
 0.60152 0.633491
0.615561 0.681122
 0.60846 0.656444
Val:
DSE:
0.544316 0.575459
0.529925 0.580321
0.537024  0.57788
is from:
Total Pair: 4599,False Span: 1878,True Predict: 4070
Ture Postive: 1424,True Pairs Extracted: 1560,True Pairs: 3137
Train:0.349877 0.453937 0.395171
Total Pair: 1548,False Span: 754,True Predict: 1385
Ture Postive: 423,True Pairs Extracted: 461,True Pairs: 1176
Val:0.305415 0.359694  0.33034
Total Pair: 541,False Span: 249,True Predict: 475
Ture Postive: 151,True Pairs Extracted: 170,True Pairs: 349
Test:0.317895 0.432665 0.366505
is about:
Total Pair: 8834,False Span: 3908,True Predict: 6549
Ture Postive: 1565,True Pairs Extracted: 1946,True Pairs: 3064
Train:0.238968  0.51077 0.325601
Total Pair: 2907,False Span: 1357,True Predict: 2130
Ture Postive: 467,True Pairs Extracted: 583,True Pairs: 1145
Val:0.219249  0.40786 0.285191
Total Pair: 948,False Span: 478,True Predict: 723
Ture Postive: 152,True Pairs Extracted: 175,True Pairs: 338
Test:0.210235 0.449704 0.286522
Epoch 185
Train:
Target:
0.365111  0.41691
0.546419 0.670162
0.437734 0.514036
Val:
Target:
0.324062 0.384615
0.473963 0.577376
0.384933 0.461683
Train:
Agent:
0.687983 0.701716
0.555481 0.591722
0.614672 0.642042
Val:
Agent:
0.593208 0.610733
0.469496 0.504249
0.524151 0.552406
Train:
DSE:
0.598819 0.631308
0.619585 0.684694
0.609025 0.656918
Val:
DSE:
0.539615 0.572168
0.533908 0.584337
0.536746 0.578189
is from:
Total Pair: 4616,False Span: 1898,True Predict: 4084
Ture Postive: 1419,True Pairs Extracted: 1553,True Pairs: 3137
Train:0.347453 0.452343  0.39302
Total Pair: 1562,False Span: 768,True Predict: 1397
Ture Postive: 423,True Pairs Extracted: 463,True Pairs: 1176
Val:0.302792 0.359694 0.328799
Total Pair: 539,False Span: 248,True Predict: 471
Ture Postive: 149,True Pairs Extracted: 168,True Pairs: 349
Test:0.316348 0.426934 0.363415
is about:
Total Pair: 8831,False Span: 3863,True Predict: 6430
Ture Postive: 1526,True Pairs Extracted: 1938,True Pairs: 3064
Train:0.237325 0.498042 0.321466
Total Pair: 2902,False Span: 1335,True Predict: 2118
Ture Postive: 478,True Pairs Extracted: 585,True Pairs: 1145
Val:0.225685 0.417467 0.292982
Total Pair: 942,False Span: 467,True Predict: 710
Ture Postive: 152,True Pairs Extracted: 174,True Pairs: 338
Test:0.214085 0.449704 0.290076
Epoch 190
Train:
Target:
0.352571 0.410677
0.578492 0.694128
0.438122 0.516041
Val:
Target:
0.308322 0.374946
0.503475 0.607227
0.382441 0.463619
Train:
Agent:
 0.67985 0.694185
0.569882 0.605874
0.620028  0.64703
Val:
Agent:
0.586991 0.604132
0.481544 0.516997
0.529064 0.557179
Train:
DSE:
0.596601  0.62932
 0.62226  0.68699
 0.60916 0.656892
Val:
DSE:
0.537835 0.570694
0.535972 0.587015
0.536902 0.578739
is from:
Total Pair: 4781,False Span: 1980,True Predict: 4234
Ture Postive: 1462,True Pairs Extracted: 1594,True Pairs: 3137
Train: 0.3453 0.46605 0.39669
Total Pair: 1611,False Span: 795,True Predict: 1437
Ture Postive: 429,True Pairs Extracted: 471,True Pairs: 1176
Val:0.298539 0.364796 0.328358
Total Pair: 570,False Span: 271,True Predict: 504
Ture Postive: 157,True Pairs Extracted: 174,True Pairs: 349
Test:0.311508 0.449857 0.368113
is about:
Total Pair: 9011,False Span: 4077,True Predict: 6750
Ture Postive: 1566,True Pairs Extracted: 1954,True Pairs: 3064
Train:   0.232 0.511097 0.319136
Total Pair: 2981,False Span: 1399,True Predict: 2205
Ture Postive: 489,True Pairs Extracted: 597,True Pairs: 1145
Val:0.221769 0.427074  0.29194
Total Pair: 967,False Span: 503,True Predict: 755
Ture Postive: 156,True Pairs Extracted: 177,True Pairs: 338
Test:0.206623 0.461538 0.285453
Epoch 195
Train:
Target:
0.357773 0.415063
 0.56819 0.686639
0.439074 0.517378
Val:
Target:
0.311908 0.377208
0.492308 0.595444
0.381875 0.461843
Train:
Agent:
0.698007 0.711075
0.544038 0.581308
0.611479 0.639677
Val:
Agent:
0.599523 0.616946
0.458662 0.492918
0.519717 0.548002
Train:
DSE:
0.601233 0.633514
0.616557 0.682398
0.608799 0.657048
Val:
DSE:
0.543321 0.574886
0.531063 0.580991
0.537122 0.577922
is from:
Total Pair: 4460,False Span: 1803,True Predict: 3952
Ture Postive: 1401,True Pairs Extracted: 1532,True Pairs: 3137
Train:0.354504 0.446605  0.39526
Total Pair: 1503,False Span: 731,True Predict: 1339
Ture Postive: 411,True Pairs Extracted: 449,True Pairs: 1176
Val:0.306945  0.34949 0.326839
Total Pair: 513,False Span: 236,True Predict: 453
Ture Postive: 145,True Pairs Extracted: 162,True Pairs: 349
Test:0.320088 0.415473 0.361596
is about:
Total Pair: 8801,False Span: 3864,True Predict: 6494
Ture Postive: 1556,True Pairs Extracted: 1940,True Pairs: 3064
Train:0.239606 0.507833 0.325591
Total Pair: 2900,False Span: 1338,True Predict: 2114
Ture Postive: 471,True Pairs Extracted: 587,True Pairs: 1145
Val:  0.2228 0.411354 0.289046
Total Pair: 948,False Span: 469,True Predict: 719
Ture Postive: 157,True Pairs Extracted: 178,True Pairs: 338
Test:0.218359 0.464497 0.297067
Best: 
OCLASS_WEIGHT_TARGET: 0
Validation:
Target
0.346452 0.412096
0.450673 0.556167
 0.39175 0.473413
Agent
0.582319 0.598879
 0.49048 0.528329
0.532468 0.561396
DSE
0.537084 0.570269
0.549492  0.60241
0.543217 0.585899
Test:
Target
0.288455 0.337739
0.469011 0.571031
0.357214  0.42444
Agent
0.586474      0.6
0.543636 0.569124
0.564243 0.584155
DSE
0.512167 0.537002
0.599119 0.650575
0.552241 0.588358
