9471 6281 892
Valid size: 2298
Epoch 0
Train:
Target:
1 1
0 0
0 0
Val:
Target:
1 1
0 0
0 0
Train:
Agent:
1 1
0 0
0 0
Val:
Agent:
1 1
0 0
0 0
Train:
DSE:
1 1
0 0
0 0
Val:
DSE:
1 1
0 0
0 0
is from:
0,0,0
Train:1 0 0
0,0,0
Val:1 0 0
0,0,0
Test:1 0 0
is about:
0,0,0
Train:1 0 0
0,0,0
Val:1 0 0
0,0,0
Test:1 0 0
Epoch 5
Train:
Target:
1 1
0 0
0 0
Val:
Target:
1 1
0 0
0 0
Train:
Agent:
1 1
0 0
0 0
Val:
Agent:
1 1
0 0
0 0
Train:
DSE:
 0.267547  0.267547
0.0742802 0.0982143
 0.116278  0.143684
Val:
DSE:
 0.238938  0.238938
0.0716918 0.0903614
 0.110291  0.131132
is from:
0,0,0
Train:1 0 0
0,0,0
Val:1 0 0
0,0,0
Test:1 0 0
is about:
0,0,0
Train:1 0 0
0,0,0
Val:1 0 0
0,0,0
Test:1 0 0
Epoch 10
Train:
Target:
1 1
0 0
0 0
Val:
Target:
1 1
0 0
0 0
Train:
Agent:
0.608116 0.621426
0.421287 0.468358
0.497748 0.534142
Val:
Agent:
 0.56654 0.575022
0.394766 0.442635
0.465306 0.500217
Train:
DSE:
0.542933 0.553522
0.363342 0.406888
0.435343 0.469011
Val:
DSE:
0.525836 0.532659
0.345583  0.38755
0.417066 0.448663
is from:
2713,912,1059
Train:0.336159 0.290724 0.311795
973,306,358
Val:0.314491 0.260204 0.284784
364,111,125
Test:0.304945 0.318052  0.31136
is about:
3209,1059,1059
Train:0.330009 0.337584 0.333754
1163,358,358
Val:0.307825 0.304422 0.306114
412,125,125
Test:0.303398 0.358166 0.328515
Epoch 15
Train:
Target:
0.162359 0.165756
0.331335 0.701318
0.217929 0.268137
Val:
Target:
0.155931  0.16013
0.326142 0.692852
0.210988 0.260138
Train:
Agent:
0.705781 0.710095
0.386133 0.430441
 0.49917 0.535983
Val:
Agent:
0.650134 0.652523
 0.35074 0.391643
0.455658 0.489493
Train:
DSE:
0.628405 0.643456
0.342418 0.391327
0.443288 0.486675
Val:
DSE:
0.588224 0.602113
0.303911 0.342035
0.400764 0.436253
is from:
1883,752,919
Train:0.399363 0.239719 0.299602
680,250,287
Val:0.367647 0.212585 0.269397
218,75,100
Test:0.344037   0.2149  0.26455
is about:
2377,919,919
Train:0.386622 0.292955 0.333333
832,287,287
Val:0.344952 0.244048 0.285857
287,100,100
Test:0.348432 0.286533 0.314465
Epoch 20
Train:
Target:
0.311426 0.348188
0.341033 0.529059
0.325558 0.419977
Val:
Target:
0.298283 0.338562
0.314635 0.476041
0.306241   0.3957
Train:
Agent:
0.660367 0.667224
0.467368 0.515621
0.547353 0.581707
Val:
Agent:
0.610287 0.615385
0.416251  0.46034
0.494931 0.526689
Train:
DSE:
0.609118 0.623216
0.444565 0.498214
0.513992 0.553748
Val:
DSE:
0.577656  0.59243
0.407603 0.450469
0.477954 0.511787
is from:
2767,962,1277
Train:0.347669 0.306662 0.325881
910,305,383
Val:0.335165 0.259354 0.292426
326,98,128
Test:0.300613 0.280802  0.29037
is about:
3625,1277,1277
Train:0.352276 0.407077 0.377699
1199,383,383
Val:0.319433  0.32568 0.322526
421,128,128
Test:0.304038 0.366762 0.332468
Epoch 25
Train:
Target:
 0.271715  0.271715
0.0225219 0.0727981
 0.041596  0.114831
Val:
Target:
 0.232558  0.232558
0.0185399 0.0628437
 0.034342 0.0989487
Train:
Agent:
0.534699  0.55401
0.627131 0.670494
0.577238 0.606712
Val:
Agent:
0.497556 0.513825
0.576248 0.621105
0.534019 0.562394
Train:
DSE:
0.602501 0.626887
0.512197 0.569643
0.553692 0.596895
Val:
DSE:
0.565589 0.588328
0.448859 0.499331
0.500508 0.540188
is from:
3441,990,1573
Train:0.287707 0.315588 0.301003
1220,335,504
Val: 0.27459 0.284864 0.279633
392,106,161
Test:0.270408 0.303725   0.2861
is about:
5135,1475,1573
Train:0.287244 0.470194 0.356625
1805,474,504
Val:0.262604 0.403061 0.318014
596,156,161
Test:0.261745 0.446991 0.330159
Epoch 30
Train:
Target:
0.246039 0.246517
0.195115 0.459257
0.217638 0.320824
Val:
Target:
0.234774 0.235338
0.180565  0.43205
0.204132 0.304704
Train:
Agent:
 0.59229  0.61173
0.565783 0.605874
0.578733 0.608788
Val:
Agent:
0.546086 0.560658
0.516476 0.564448
0.530868 0.562546
Train:
DSE:
0.579583 0.608622
0.586596 0.643367
0.583068 0.625513
Val:
DSE:
0.525349 0.554817
0.507248 0.558902
 0.51614 0.556852
is from:
4278,1330,1581
Train:0.310893 0.423972 0.358732
1503,424,505
Val:0.282102 0.360544 0.316536
486,133,158
Test:0.273663 0.381089 0.318563
is about:
5251,1581,1581
Train:0.301086 0.503985 0.376967
1874,505,505
Val:0.269477 0.429422 0.331148
606,158,158
Test:0.260726 0.452722  0.33089
Epoch 35
Train:
Target:
0.324289 0.331974
0.302174 0.566207
0.312841 0.418548
Val:
Target:
0.321985 0.332816
 0.28284 0.509034
0.301146 0.402481
Train:
Agent:
0.626955 0.641334
0.575668 0.613351
0.600218 0.627031
Val:
Agent:
0.574137  0.58798
0.517537 0.562323
0.544369 0.574865
Train:
DSE:
0.633995 0.657225
0.520256 0.579847
0.571521 0.616116
Val:
DSE:
0.566979 0.592985
0.437051 0.484605
0.493608 0.533345
is from:
2915,956,1509
Train:0.327959  0.30475 0.315929
993,300,458
Val:0.302115 0.255102 0.276625
331,98,142
Test:0.296073 0.280802 0.288235
is about:
4553,1509,1509
Train: 0.33143 0.481033 0.392458
1567,458,458
Val:0.292278 0.389456 0.333941
494,142,142
Test:0.287449 0.406877 0.336892
Epoch 40
Train:
Target:
0.241348 0.268643
0.599834 0.765129
0.344204 0.397663
Val:
Target:
0.231945 0.265506
0.586024 0.741555
0.332348 0.391014
Train:
Agent:
0.678237 0.691818
0.520996 0.564486
0.589308 0.621699
Val:
Agent:
  0.6132 0.624454
0.446545 0.494334
0.516769 0.551827
Train:
DSE:
0.564886 0.603075
0.603047 0.660204
0.583343 0.630348
Val:
DSE:
 0.51112 0.552171
0.515145  0.57095
0.513125 0.561404
is from:
3197,1096,1500
Train:0.342821 0.349378 0.346069
1080,332,450
Val:0.307407 0.282313 0.294326
377,119,155
Test: 0.31565 0.340974 0.327824
is about:
4719,1500,1500
Train:0.317864 0.478164 0.381874
1621,450,450
Val:0.277606 0.382653 0.321773
545,155,155
Test:0.284404 0.444126 0.346756
Epoch 45
Train:
Target:
0.373595 0.395595
0.349927 0.539844
0.361374 0.456598
Val:
Target:
0.370445 0.394945
 0.33399 0.506677
0.351274 0.443888
Train:
Agent:
0.721001 0.729278
0.480127 0.526302
0.576412 0.611383
Val:
Agent:
0.645453  0.65144
0.413752 0.451133
0.504261 0.533091
Train:
DSE:
0.660001 0.680603
0.496653 0.558163
0.566793 0.613332
Val:
DSE:
0.588904 0.613017
0.416697 0.463855
0.488055 0.528106
is from:
2645,1007,1313
Train:0.380718 0.321007 0.348322
836,299,383
Val:0.357656 0.254252 0.297217
285,95,118
Test:0.333333 0.272206 0.299685
is about:
3523,1312,1313
Train: 0.37241 0.418234 0.393994
1171,383,383
Val:0.327071  0.32568 0.326374
368,118,118
Test:0.320652 0.338109 0.329149
Epoch 50
Train:
Target:
0.221078 0.265703
0.691327 0.805572
 0.33502 0.399604
Val:
Target:
0.209648 0.261732
0.670731 0.780833
0.319448  0.39205
Train:
Agent:
0.649802 0.666005
0.582436  0.61976
0.614278 0.642051
Val:
Agent:
0.584636  0.60045
0.510463 0.555949
0.545038 0.577343
Train:
DSE:
0.570007 0.599292
0.626096  0.68648
0.596736 0.639929
Val:
DSE:
0.508582 0.541485
0.524945 0.577644
0.516634  0.55898
is from:
3835,1204,1646
Train: 0.31395 0.383806 0.345382
1299,388,512
Val:0.298691 0.329932 0.313535
443,121,162
Test:0.273138 0.346705 0.305556
is about:
4201,1212,1646
Train:0.288503 0.386356 0.330335
1457,399,512
Val: 0.27385 0.339286 0.303076
491,125,162
Test:0.254582 0.358166 0.297619
Epoch 55
Train:
Target:
0.315224 0.350238
 0.50759 0.661774
 0.38892 0.458054
Val:
Target:
 0.29685 0.338402
0.472795 0.611155
0.364712 0.435605
Train:
Agent:
0.687439 0.699292
0.550142 0.591455
0.611175 0.640869
Val:
Agent:
0.597777 0.609917
 0.47064 0.511331
0.526644  0.55629
Train:
DSE:
0.578913 0.609485
0.623387 0.681888
0.600327 0.643657
Val:
DSE:
0.509818 0.543671
0.520705 0.572959
0.515204 0.557931
is from:
3897,1295,1595
Train:0.332307 0.412815 0.368212
1312,389,470
Val:0.296494 0.330782 0.312701
449,132,152
Test:0.293987 0.378223 0.330827
is about:
3685,1147,1595
Train:0.311262 0.365636 0.336265
1238,345,470
Val:0.278675 0.293367 0.285833
447,119,152
Test:0.266219 0.340974 0.298995
Epoch 60
Train:
Target:
0.382725 0.409387
0.381878 0.552127
0.382301 0.470162
Val:
Target:
0.365627 0.398782
 0.35453 0.502749
0.359993 0.444771
Train:
Agent:
0.686487 0.701221
0.550236 0.589319
0.610856 0.640419
Val:
Agent:
0.602882 0.618015
0.470324 0.515581
0.528416  0.56217
Train:
DSE:
0.624887 0.649612
0.568829 0.632398
0.595542  0.64089
Val:
DSE:
0.544409 0.572378
0.469114 0.516064
0.503965 0.542764
is from:
3453,1209,1491
Train:0.35013  0.3854 0.36692
1132,361,441
Val:0.318905 0.306973 0.312825
360,114,139
Test:0.316667 0.326648  0.32158
is about:
3502,1123,1491
Train:0.320674 0.357985 0.338304
1161,342,441
Val:0.294574 0.290816 0.292683
394,113,139
Test:0.286802 0.323782 0.304172
Epoch 65
Train:
Target:
0.291008 0.335523
0.576741  0.70701
0.386831 0.455081
Val:
Target:
0.270872 0.323578
0.533919 0.652789
0.359407 0.432682
Train:
Agent:
0.702681  0.71387
0.535361 0.575701
0.607714 0.637384
Val:
Agent:
0.620699 0.632327
0.452183 0.494334
0.523207  0.55488
Train:
DSE:
0.592269 0.620464
0.610777 0.671173
0.601381 0.644823
Val:
DSE:
0.519358  0.55209
0.505846 0.553548
0.512513 0.552818
is from:
3616,1250,1544
Train:0.345686  0.39847 0.370206
1201,373,450
Val:0.310575 0.317177 0.313841
389,121,146
Test:0.311054 0.346705 0.327913
is about:
4673,1544,1544
Train:0.330409  0.49219 0.395391
1565,450,450
Val: 0.28754 0.382653 0.328347
509,146,146
Test:0.286837 0.418338 0.340326
Epoch 70
Train:
Target:
0.328136 0.364123
0.499045 0.648892
0.395934 0.466481
Val:
Target:
 0.31018  0.35312
0.460287 0.589945
0.370611 0.441797
Train:
Agent:
0.677011 0.692308
0.569196 0.609613
 0.61844 0.648334
Val:
Agent:
0.591747 0.607484
0.485306 0.532578
0.533267  0.56757
Train:
DSE:
0.585718 0.615331
0.619717 0.678061
0.602238 0.645175
Val:
DSE:
0.514313 0.547267
0.515284 0.566934
0.514798 0.556927
is from:
4224,1404,1612
Train:0.332386 0.447561  0.38147
1429,421,480
Val:0.294612 0.357993 0.323225
453,131,148
Test:0.289183 0.375358 0.326683
is about:
3912,1186,1612
Train: 0.30317 0.378068 0.336502
1318,376,480
Val:0.285281 0.319728 0.301524
425,115,148
Test:0.270588 0.329513 0.297158
Epoch 75
Train:
Target:
0.325227 0.363539
0.499756 0.640803
 0.39403 0.463899
Val:
Target:
0.308513 0.352216
0.460972 0.589159
0.369639 0.440868
Train:
Agent:
0.677695  0.69293
0.567375 0.608011
0.617647 0.647699
Val:
Agent:
0.594018   0.6096
0.482734 0.529037
0.532626 0.566468
Train:
DSE:
0.589906 0.619159
0.610965 0.668622
0.600251 0.642941
Val:
DSE:
0.520655  0.55298
0.505411 0.555556
 0.51292 0.554265
is from:
3144,1037,1584
Train:0.329835 0.330571 0.330202
1050,321,471
Val:0.305714 0.272959  0.28841
363,106,149
Test:0.292011 0.303725 0.297753
is about:
3914,1201,1584
Train:0.306847  0.38285 0.340661
1315,371,471
Val:0.282129 0.315476 0.297872
425,117,149
Test:0.275294 0.335244 0.302326
Epoch 80
Train:
Target:
0.343917 0.380086
0.473485 0.620431
0.398432 0.471391
Val:
Target:
0.323331 0.367015
0.435771 0.561665
0.371224 0.443941
Train:
Agent:
0.700234 0.712097
 0.54361 0.584513
0.612061 0.642028
Val:
Agent:
0.614237 0.627586
0.462449 0.503541
0.527643 0.558762
Train:
DSE:
0.603988 0.631604
0.599679 0.660204
0.601826 0.645588
Val:
DSE:
0.526556 0.557241
 0.49131 0.538153
0.508323 0.547531
is from:
2784,941,1531
Train:0.338003 0.299968 0.317852
919,292,444
Val:0.317737 0.248299 0.278759
322,99,146
Test:0.307453 0.283668 0.295082
is about:
4604,1530,1531
Train: 0.33232 0.487727 0.395298
1544,444,444
Val:0.287565 0.377551 0.326471
498,146,146
Test:0.293173 0.418338 0.344746
Epoch 85
Train:
Target:
0.334496 0.372635
0.491535 0.636309
0.398088 0.470018
Val:
Target:
 0.31384 0.356132
0.456771  0.58209
 0.37205 0.441901
Train:
Agent:
0.693383 0.706451
0.551881 0.593591
0.614593 0.645122
Val:
Agent:
0.609581  0.62415
0.468516 0.510623
0.529819 0.561708
Train:
DSE:
0.613487 0.639882
0.592763 0.654592
0.602947 0.647153
Val:
DSE:
0.530307     0.56
 0.48394 0.532129
0.506064 0.545709
is from:
2986,1020,1545
Train:0.341594 0.325151  0.33317
977,311,443
Val:0.318321 0.264456 0.288899
339,103,147
Test:0.303835 0.295129 0.299419
is about:
4595,1539,1545
Train:0.334929 0.490596 0.398086
1541,441,443
Val:0.286178    0.375 0.324623
502,147,147
Test:0.292829 0.421203 0.345476
Epoch 90
Train:
Target:
0.328235   0.3672
0.505722 0.649191
0.398091 0.469077
Val:
Target:
 0.30763 0.352986
0.467976 0.593087
0.371229 0.442569
Train:
Agent:
0.696197 0.709445
0.551033 0.592256
0.615168 0.645575
Val:
Agent:
0.609436 0.624576
0.468925 0.511331
0.530026 0.562309
Train:
DSE:
0.607395 0.634573
 0.59638 0.658163
0.601837 0.646153
Val:
DSE:
0.527395 0.557799
0.486491 0.534137
0.506118 0.545712
is from:
3685,1291,1549
Train:0.350339  0.41154 0.378481
1240,383,446
Val:0.308871  0.32568 0.317053
398,123,145
Test:0.309045 0.352436 0.329317
is about:
2923,934,1549
Train:0.319535 0.297737 0.308251
968,281,446
Val:0.290289 0.238946 0.262127
333,91,145
Test:0.273273 0.260745 0.266862
Epoch 95
Train:
Target:
 0.32675 0.365542
 0.50948 0.653984
0.398151  0.46896
Val:
Target:
0.307579 0.352518
0.470665 0.596229
0.372034 0.443072
Train:
Agent:
0.700805 0.712468
0.543874 0.585047
0.612447 0.642501
Val:
Agent:
0.613271 0.626516
0.461594 0.502125
 0.52673 0.557466
Train:
DSE:
 0.60309 0.630869
0.601155 0.661224
 0.60212  0.64569
Val:
DSE:
0.526387 0.556779
0.490641 0.538822
0.507885 0.547653
is from:
3247,1119,1543
Train:0.344626  0.35671 0.350564
1046,331,443
Val:0.316444 0.281463  0.29793
365,114,146
Test:0.312329 0.326648 0.319328
is about:
4593,1534,1543
Train:0.333987 0.489002 0.396895
1517,439,443
Val:0.289387 0.373299  0.32603
497,145,146
Test:0.291751 0.415473  0.34279
Epoch 100
Train:
Target:
0.325541 0.364411
0.512135 0.656081
0.398056 0.468565
Val:
Target:
0.304317 0.349438
0.473358 0.598586
0.370466 0.441273
Train:
Agent:
0.695653 0.708686
 0.55103  0.59279
0.614953 0.645578
Val:
Agent:
0.610165 0.624469
0.467719 0.510623
 0.52953 0.561837
Train:
DSE:
0.601545 0.629265
0.601589 0.661224
0.601567 0.644849
Val:
DSE:
0.526278 0.556546
0.491533 0.540161
0.508313 0.548231
is from:
3887,1349,1554
Train:0.347054 0.430029 0.384112
1294,393,449
Val:0.303709 0.334184 0.318219
422,127,146
Test:0.300948 0.363897 0.329442
is about:
3661,1157,1554
Train:0.316034 0.368824 0.340394
1213,354,449
Val:0.291838  0.30102 0.296358
407,115,146
Test:0.282555 0.329513 0.304233
Epoch 105
Train:
Target:
 0.33206 0.370209
0.493644 0.638107
0.397041 0.468569
Val:
Target:
0.315524 0.359684
0.457295 0.582875
0.373406 0.444854
Train:
Agent:
0.696312 0.709768
0.552379 0.594126
 0.61605 0.646819
Val:
Agent:
0.609189 0.624258
0.467932 0.511331
0.529298  0.56218
Train:
DSE:
0.601063  0.62875
0.602044  0.66148
0.601553   0.6447
Val:
DSE:
0.526602 0.556849
0.492202  0.54083
0.508822 0.548723
is from:
3264,1115,1559
Train:0.341605 0.355435 0.348383
1052,330,449
Val:0.313688 0.280612  0.29623
368,110,146
Test:0.298913 0.315186 0.306834
is about:
4501,1481,1559
Train:0.329038 0.472107 0.387798
1499,422,449
Val:0.281521 0.358844 0.315514
492,141,146
Test:0.286585 0.404011 0.335315
Epoch 110
Train:
Target:
0.329927 0.368449
0.501474 0.645596
0.398003 0.469149
Val:
Target:
0.313006  0.35742
0.463786 0.590731
0.373763  0.44537
Train:
Agent:
0.696636 0.709718
0.551775 0.593324
0.615801 0.646323
Val:
Agent:
0.609979 0.624258
0.467577 0.510623
0.529369 0.561751
Train:
DSE:
0.601834 0.629567
0.601589 0.661224
0.601712 0.645008
Val:
DSE:
0.525953 0.556241
0.491087 0.539491
0.507922 0.547738
is from:
3617,1245,1557
Train:0.344208 0.396876  0.36867
1195,370,449
Val:0.309623 0.314626 0.312105
391,120,146
Test:0.306905  0.34384 0.324324
is about:
3613,1143,1557
Train:0.316358 0.364361 0.338667
1203,352,449
Val:0.292602  0.29932 0.295923
407,115,146
Test:0.282555 0.329513 0.304233
Epoch 115
Train:
Target:
0.329326 0.368013
0.504395 0.647993
 0.39848 0.469426
Val:
Target:
0.311608  0.35618
0.468021 0.593087
0.374124 0.445071
Train:
Agent:
0.696855  0.70994
0.551858 0.593324
0.615938 0.646415
Val:
Agent:
0.610684    0.625
0.467499 0.510623
0.529584 0.562052
Train:
DSE:
0.602414 0.630173
0.601176 0.660969
0.601794 0.645204
Val:
DSE:
0.526278 0.556546
 0.49131 0.540161
0.508193 0.548231
is from:
3133,1071,1556
Train:0.341845 0.341409 0.341627
1028,323,450
Val:0.314202  0.27466 0.293103
357,107,146
Test: 0.29972  0.30659 0.303116
is about:
4450,1475,1556
Train:0.331461 0.470194 0.388823
1493,426,450
Val:0.285332 0.362245 0.319221
491,140,146
Test:0.285132 0.401146 0.333333
Epoch 120
Train:
Target:
0.331636 0.370175
0.497856 0.642301
0.398092 0.469668
Val:
Target:
0.314168 0.358794
0.460962 0.587588
0.373665 0.445535
Train:
Agent:
0.696765 0.709991
0.552401 0.594126
0.616241 0.646911
Val:
Agent:
0.608843 0.623939
 0.46779 0.510623
0.529077 0.561622
Train:
DSE:
0.601496 0.629203
0.602044  0.66148
 0.60177 0.644938
Val:
DSE:
0.526602 0.556849
0.491645  0.54083
0.508523 0.548723
is from:
3168,1075,1560
Train:0.339331 0.342684 0.340999
1031,325,449
Val:0.315228 0.276361 0.294517
360,107,146
Test:0.297222  0.30659 0.301834
is about:
4514,1497,1560
Train:0.331635 0.477208 0.391321
1510,430,449
Val:0.284768 0.365646 0.320179
494,142,146
Test:0.287449 0.406877 0.336892
Epoch 125
Train:
Target:
0.330129 0.368718
0.501001 0.644697
   0.398  0.46913
Val:
Target:
0.313302 0.357923
0.462971 0.589159
0.373708 0.445313
Train:
Agent:
0.697263 0.710345
0.552001 0.593858
0.616186   0.6469
Val:
Agent:
0.610127 0.625213
 0.46764 0.510623
0.529465 0.562138
Train:
DSE:
0.601352 0.629052
0.602044  0.66148
0.601698 0.644858
Val:
DSE:
0.526602 0.556849
0.491645  0.54083
0.508523 0.548723
is from:
2932,989,1560
Train:0.337312 0.315269 0.325919
954,303,449
Val: 0.31761 0.257653 0.284507
339,100,146
Test:0.294985 0.286533 0.290698
is about:
3690,1173,1560
Train:0.317886 0.373924 0.343636
1222,359,449
Val:0.293781 0.305272 0.299416
412,116,146
Test:0.281553 0.332378 0.304862
Epoch 130
Train:
Target:
0.330165 0.368796
0.500617 0.644697
0.397905 0.469193
Val:
Target:
0.313057 0.357644
0.462971 0.589159
0.373534 0.445097
Train:
Agent:
0.697263 0.710345
0.552067 0.593858
0.616228   0.6469
Val:
Agent:
0.610127 0.625213
 0.46764 0.510623
0.529465 0.562138
Train:
DSE:
0.601352 0.629052
0.602044  0.66148
0.601698 0.644858
Val:
DSE:
0.526602 0.556849
0.491645  0.54083
0.508523 0.548723
is from:
3754,1299,1560
Train:0.346031  0.41409 0.377013
1244,381,449
Val: 0.30627  0.32398 0.314876
409,124,146
Test:0.303178 0.355301 0.327177
is about:
4666,1553,1560
Train:0.332833 0.495059 0.398052
1549,445,449
Val:0.287282 0.378401 0.326606
503,145,146
Test: 0.28827 0.415473 0.340376
Epoch 135
Train:
Target:
0.330698 0.369272
0.499782 0.644398
0.398027 0.469498
Val:
Target:
0.313673 0.358203
0.462615 0.589159
0.373856 0.445529
Train:
Agent:
0.697263 0.710345
0.552067 0.593858
0.616228   0.6469
Val:
Agent:
0.610127 0.625213
 0.46764 0.510623
0.529465 0.562138
Train:
DSE:
0.601352 0.629052
0.602044  0.66148
0.601698 0.644858
Val:
DSE:
0.526602 0.556849
0.491645  0.54083
0.508523 0.548723
is from:
2958,997,1560
Train:0.337052  0.31782 0.327153
960,304,449
Val:0.316667 0.258503 0.284644
341,101,146
Test:0.296188 0.289398 0.292754
is about:
4694,1560,1560
Train:0.332339  0.49729 0.398417
1568,449,449
Val:0.286352 0.381803 0.327259
505,146,146
Test:0.289109 0.418338  0.34192
Epoch 140
Train:
Target:
 0.33032  0.36891
 0.50043 0.644697
0.397958 0.469285
Val:
Target:
0.313551 0.358063
0.462822 0.589159
0.373836 0.445421
Train:
Agent:
0.697263 0.710345
0.552067 0.593858
0.616228   0.6469
Val:
Agent:
0.610151 0.625213
0.467711 0.510623
0.529519 0.562138
Train:
DSE:
0.601208 0.628901
0.602044  0.66148
0.601625 0.644779
Val:
DSE:
0.526602 0.556849
0.491645  0.54083
0.508523 0.548723
is from:
3201,1092,1560
Train:0.341143 0.348103 0.344588
1036,330,449
Val:0.318533 0.280612 0.298373
364,110,146
Test:0.302198 0.315186 0.308555
is about:
4686,1559,1560
Train:0.332693 0.496972 0.398568
1563,448,449
Val:0.286628 0.380952 0.327127
505,146,146
Test:0.289109 0.418338  0.34192
Epoch 145
Train:
Target:
0.330164 0.368811
0.500505 0.644697
0.397869 0.469204
Val:
Target:
0.313424 0.358063
0.462822 0.589159
0.373746 0.445421
Train:
Agent:
0.697263 0.710345
0.552067 0.593858
0.616228   0.6469
Val:
Agent:
0.610151 0.625213
0.467711 0.510623
0.529519 0.562138
Train:
DSE:
0.601352 0.629052
0.602044  0.66148
0.601698 0.644858
Val:
DSE:
0.526602 0.556849
0.491645  0.54083
0.508523 0.548723
is from:
2865,968,1560
Train:0.337871 0.308575 0.322559
934,300,449
Val:0.321199 0.255102  0.28436
331,98,146
Test:0.296073 0.280802 0.288235
is about:
4694,1560,1560
Train:0.332339  0.49729 0.398417
1568,449,449
Val:0.286352 0.381803 0.327259
505,146,146
Test:0.289109 0.418338  0.34192
Epoch 150
Train:
Target:
0.330364 0.368959
0.500505 0.644697
0.398015 0.469325
Val:
Target:
0.313502 0.358063
0.462822 0.589159
0.373802 0.445421
Train:
Agent:
0.697263 0.710345
0.552156 0.593858
0.616283   0.6469
Val:
Agent:
0.610151 0.625213
0.467711 0.510623
0.529519 0.562138
Train:
DSE:
0.601352 0.629052
0.602044  0.66148
0.601698 0.644858
Val:
DSE:
0.526602 0.556849
0.491645  0.54083
0.508523 0.548723
is from:
2805,945,1560
Train:0.336898 0.301243 0.318075
921,292,449
Val:0.317047 0.248299 0.278493
327,98,146
Test:0.299694 0.280802 0.289941
is about:
4635,1545,1560
Train:0.333333 0.492509 0.397581
1545,443,449
Val:0.286731 0.376701 0.325616
502,145,146
Test:0.288845 0.415473 0.340776
Epoch 155
Train:
Target:
0.330364 0.368959
0.500445 0.644697
0.397996 0.469325
Val:
Target:
0.313624 0.358203
0.462822 0.589159
0.373889 0.445529
Train:
Agent:
0.697263 0.710345
0.552067 0.593858
0.616228   0.6469
Val:
Agent:
0.610151 0.625213
0.467711 0.510623
0.529519 0.562138
Train:
DSE:
0.601352 0.629052
0.602044  0.66148
0.601698 0.644858
Val:
DSE:
0.526602 0.556849
0.491645  0.54083
0.508523 0.548723
is from:
3658,1257,1560
Train: 0.34363 0.400701 0.369978
1202,371,449
Val:0.308652 0.315476 0.312027
399,124,146
Test:0.310777 0.355301 0.331551
is about:
4694,1560,1560
Train:0.332339  0.49729 0.398417
1568,449,449
Val:0.286352 0.381803 0.327259
505,146,146
Test:0.289109 0.418338  0.34192
Epoch 160
Train:
Target:
0.330364 0.368959
0.500505 0.644697
0.398015 0.469325
Val:
Target:
0.313424 0.358063
0.462822 0.589159
0.373746 0.445421
Train:
Agent:
0.697263 0.710345
0.552067 0.593858
0.616228   0.6469
Val:
Agent:
0.610151 0.625213
0.467711 0.510623
0.529519 0.562138
Train:
DSE:
0.601352 0.629052
0.602044  0.66148
0.601698 0.644858
Val:
DSE:
0.526602 0.556849
0.491645  0.54083
0.508523 0.548723
is from:
3249,1108,1560
Train:0.341028 0.353204 0.347009
1043,331,449
Val:0.317354 0.281463 0.298333
369,110,146
Test:0.298103 0.315186 0.306407
is about:
4011,1299,1560
Train:0.323859  0.41409 0.363458
1337,390,449
Val:0.291698 0.331633 0.310386
445,125,146
Test:0.280899 0.358166 0.314861
Epoch 165
Train:
Target:
0.330409 0.369009
0.500505 0.644697
0.398047 0.469365
Val:
Target:
0.313502 0.358063
0.462822 0.589159
0.373802 0.445421
Train:
Agent:
0.697263 0.710345
0.552067 0.593858
0.616228   0.6469
Val:
Agent:
0.610151 0.625213
0.467711 0.510623
0.529519 0.562138
Train:
DSE:
0.601352 0.629052
0.602044  0.66148
0.601698 0.644858
Val:
DSE:
0.526602 0.556849
0.491645  0.54083
0.508523 0.548723
is from:
3493,1201,1560
Train:0.343831  0.38285 0.362293
1130,354,449
Val:0.313274  0.30102 0.307025
385,117,146
Test:0.303896 0.335244 0.318801
is about:
4553,1511,1560
Train:0.331869  0.48167 0.392978
1518,431,449
Val:0.283926 0.366497  0.31997
496,142,146
Test: 0.28629 0.406877 0.336095
Epoch 170
Train:
Target:
0.330364 0.368959
0.500505 0.644697
0.398015 0.469325
Val:
Target:
0.313502 0.358063
0.462822 0.589159
0.373802 0.445421
Train:
Agent:
0.697263 0.710345
0.552067 0.593858
0.616228   0.6469
Val:
Agent:
0.610151 0.625213
0.467711 0.510623
0.529519 0.562138
Train:
DSE:
0.601352 0.629052
0.602044  0.66148
0.601698 0.644858
Val:
DSE:
0.526602 0.556849
0.491645  0.54083
0.508523 0.548723
is from:
3297,1132,1560
Train:0.343342 0.360854 0.351881
1064,337,449
Val:0.316729 0.286565 0.300893
370,111,146
Test:     0.3 0.318052 0.308762
is about:
3358,1062,1560
Train: 0.31626  0.33854 0.327021
1098,321,449
Val: 0.29235 0.272959 0.282322
381,108,146
Test:0.283465 0.309456  0.29589
Epoch 175
Train:
Target:
0.330409 0.369009
0.500505 0.644697
0.398047 0.469365
Val:
Target:
0.313502 0.358063
0.462822 0.589159
0.373802 0.445421
Train:
Agent:
0.697263 0.710345
0.552067 0.593858
0.616228   0.6469
Val:
Agent:
0.610151 0.625213
0.467711 0.510623
0.529519 0.562138
Train:
DSE:
0.601352 0.629052
0.602044  0.66148
0.601698 0.644858
Val:
DSE:
0.526602 0.556849
0.491645  0.54083
0.508523 0.548723
is from:
3411,1170,1560
Train:0.343008 0.372968 0.357361
1110,349,449
Val:0.314414 0.296769 0.305337
377,116,146
Test:0.307692 0.332378 0.319559
is about:
4693,1559,1560
Train:0.332197 0.496972 0.398212
1568,449,449
Val:0.286352 0.381803 0.327259
505,146,146
Test:0.289109 0.418338  0.34192
Epoch 180
Train:
Target:
 0.33041 0.368995
0.500805 0.644997
0.398142 0.469433
Val:
Target:
 0.31338 0.357923
0.462822 0.589159
0.373715 0.445313
Train:
Agent:
0.697263 0.710345
0.552067 0.593858
0.616228   0.6469
Val:
Agent:
0.610151 0.625213
0.467711 0.510623
0.529519 0.562138
Train:
DSE:
0.601352 0.629052
0.602044  0.66148
0.601698 0.644858
Val:
DSE:
0.526602 0.556849
0.491645  0.54083
0.508523 0.548723
is from:
3939,1375,1560
Train:0.349073 0.438317 0.388638
1304,396,449
Val:0.303681 0.336735 0.319355
424,129,146
Test:0.304245 0.369628 0.333765
is about:
4386,1442,1560
Train:0.328773 0.459675 0.383358
1458,416,449
Val:0.285322 0.353741 0.315869
485,138,146
Test:0.284536 0.395415 0.330935
Epoch 185
Train:
Target:
 0.33041 0.368995
0.500805 0.644997
0.398142 0.469433
Val:
Target:
 0.31338 0.357923
0.462822 0.589159
0.373715 0.445313
Train:
Agent:
0.697263 0.710345
0.552067 0.593858
0.616228   0.6469
Val:
Agent:
0.610151 0.625213
0.467711 0.510623
0.529519 0.562138
Train:
DSE:
0.601352 0.629052
0.602044  0.66148
0.601698 0.644858
Val:
DSE:
0.526602 0.556849
0.491645  0.54083
0.508523 0.548723
is from:
2769,933,1560
Train:0.336945 0.297418  0.31595
910,288,449
Val:0.316484 0.244898 0.276127
323,97,146
Test: 0.30031 0.277937  0.28869
is about:
3285,1039,1560
Train:0.316286 0.331208 0.323575
1073,310,449
Val: 0.28891 0.263605 0.275678
372,106,146
Test:0.284946 0.303725 0.294036
Epoch 190
Train:
Target:
 0.33041 0.368995
0.500805 0.644997
0.398142 0.469433
Val:
Target:
 0.31338 0.357923
0.462822 0.589159
0.373715 0.445313
Train:
Agent:
0.697263 0.710345
0.552067 0.593858
0.616228   0.6469
Val:
Agent:
0.610151 0.625213
0.467711 0.510623
0.529519 0.562138
Train:
DSE:
0.601352 0.629052
0.602044  0.66148
0.601698 0.644858
Val:
DSE:
0.526602 0.556849
0.491645  0.54083
0.508523 0.548723
is from:
3467,1195,1560
Train:0.344678 0.380937 0.361902
1126,353,449
Val:0.313499  0.30017  0.30669
379,116,146
Test:0.306069 0.332378 0.318681
is about:
4618,1532,1560
Train:0.331745 0.488365   0.3951
1535,438,449
Val:0.285342 0.372449 0.323128
500,144,146
Test:   0.288 0.412607 0.339223
Epoch 195
Train:
Target:
 0.33041 0.368995
0.500805 0.644997
0.398142 0.469433
Val:
Target:
 0.31338 0.357923
0.462822 0.589159
0.373715 0.445313
Train:
Agent:
0.697263 0.710345
0.552067 0.593858
0.616228   0.6469
Val:
Agent:
0.610151 0.625213
0.467711 0.510623
0.529519 0.562138
Train:
DSE:
0.601352 0.629052
0.602044  0.66148
0.601698 0.644858
Val:
DSE:
0.526602 0.556849
0.491645  0.54083
0.508523 0.548723
is from:
3299,1134,1560
Train:0.343741 0.361492 0.352393
1067,337,449
Val:0.315839 0.286565  0.30049
369,111,146
Test:0.300813 0.318052 0.309192
is about:
4694,1560,1560
Train:0.332339  0.49729 0.398417
1568,449,449
Val:0.286352 0.381803 0.327259
505,146,146
Test:0.289109 0.418338  0.34192
Best: 
OCLASS_WEIGHT Target:0.3
OCLASS_WEIGHT Agent:0.8
OCLASS_WEIGHT DSE:0.5
Validation:
Target
0.311608  0.35618
0.468021 0.593087
0.374124 0.445071
Agent
0.584636  0.60045
0.510463 0.555949
0.545038 0.577343
DSE
0.508582 0.541485
0.524945 0.577644
0.516634  0.55898
Test:
Target
0.278156 0.317073
 0.46463 0.587744
0.347986 0.411924
Agent
0.575763 0.588529
0.512373 0.536866
0.542221 0.561512
DSE
0.493476 0.512456
0.590153  0.65977
0.537502 0.576856
