16869 7507 734
Valid size: 2870
Epoch 0
Train
DSE:
P, R, F1: 
1 1
0 0
0 0
Target:
P, R, F1: 
1 1
0 0
0 0
Agent:
P, R, F1: 
1 1
0 0
0 0
All:
P, R, F1: 
1 1
0 0
0 0

Val
DSE:
P, R, F1: 
1 1
0 0
0 0
Target:
P, R, F1: 
1 1
0 0
0 0
Agent:
P, R, F1: 
1 1
0 0
0 0
All:
P, R, F1: 
1 1
0 0
0 0

Test
DSE:
P, R, F1: 
1 1
0 0
0 0
Target:
P, R, F1: 
1 1
0 0
0 0
Agent:
P, R, F1: 
1 1
0 0
0 0
All:
P, R, F1: 
1 1
0 0
0 0

Epoch 5
Train
DSE:
P, R, F1: 
1 1
0 0
0 0
Target:
P, R, F1: 
1 1
0 0
0 0
Agent:
P, R, F1: 
  0.060048   0.060048
0.00638041 0.00978189
 0.0115352  0.0168233
All:
P, R, F1: 
  0.060048   0.060048
0.00256553 0.00393324
0.00492081 0.00738289

Val
DSE:
P, R, F1: 
1 1
0 0
0 0
Target:
P, R, F1: 
1 1
0 0
0 0
Agent:
P, R, F1: 
 0.0525328  0.0525328
0.00535676 0.00902643
0.00972215  0.0154058
All:
P, R, F1: 
 0.0525328  0.0525328
0.00217382   0.003663
0.00417488 0.00684848

Test
DSE:
P, R, F1: 
1 1
0 0
0 0
Target:
P, R, F1: 
1 1
0 0
0 0
Agent:
P, R, F1: 
 0.0827068  0.0827068
0.00793854  0.0140845
 0.0144866    0.02407
All:
P, R, F1: 
 0.0827068  0.0827068
0.00310621 0.00551102
0.00598755  0.0103335

Epoch 10
Train
DSE:
P, R, F1: 
1 1
0 0
0 0
Target:
P, R, F1: 
1 1
0 0
0 0
Agent:
P, R, F1: 
1 1
0 0
0 0
All:
P, R, F1: 
1 1
0 0
0 0

Val
DSE:
P, R, F1: 
1 1
0 0
0 0
Target:
P, R, F1: 
1 1
0 0
0 0
Agent:
P, R, F1: 
1 1
0 0
0 0
All:
P, R, F1: 
1 1
0 0
0 0

Test
DSE:
P, R, F1: 
1 1
0 0
0 0
Target:
P, R, F1: 
1 1
0 0
0 0
Agent:
P, R, F1: 
1 1
0 0
0 0
All:
P, R, F1: 
1 1
0 0
0 0

Epoch 15
Train
DSE:
P, R, F1: 
1 1
0 0
0 0
Target:
P, R, F1: 
1 1
0 0
0 0
Agent:
P, R, F1: 
1 1
0 0
0 0
All:
P, R, F1: 
1 1
0 0
0 0

Val
DSE:
P, R, F1: 
1 1
0 0
0 0
Target:
P, R, F1: 
1 1
0 0
0 0
Agent:
P, R, F1: 
1 1
0 0
0 0
All:
P, R, F1: 
1 1
0 0
0 0

Test
DSE:
P, R, F1: 
1 1
0 0
0 0
Target:
P, R, F1: 
1 1
0 0
0 0
Agent:
P, R, F1: 
1 1
0 0
0 0
All:
P, R, F1: 
1 1
0 0
0 0

Epoch 20
Train
DSE:
P, R, F1: 
1 1
0 0
0 0
Target:
P, R, F1: 
1 1
0 0
0 0
Agent:
P, R, F1: 
   0    0
   0    0
-nan -nan
All:
P, R, F1: 
   0    0
   0    0
-nan -nan

Val
DSE:
P, R, F1: 
1 1
0 0
0 0
Target:
P, R, F1: 
1 1
0 0
0 0
Agent:
P, R, F1: 
          1           1
0.000107458 0.000322373
0.000214892 0.000644538
All:
P, R, F1: 
          1           1
4.36072e-05 0.000130822
8.72106e-05 0.000261609

Test
DSE:
P, R, F1: 
1 1
0 0
0 0
Target:
P, R, F1: 
1 1
0 0
0 0
Agent:
P, R, F1: 
   0    0
   0    0
-nan -nan
All:
P, R, F1: 
   0    0
   0    0
-nan -nan

Epoch 25
Train
DSE:
P, R, F1: 
0.186718 0.186718
0.776078 0.866619
0.301015  0.30724
Target:
P, R, F1: 
0.0965096  0.110923
 0.330246  0.608933
 0.149368  0.187662
Agent:
P, R, F1: 
0.233609 0.249795
0.453008 0.590615
0.308255 0.351097
All:
P, R, F1: 
0.160684 0.168887
0.546433 0.697991
0.248341 0.271968

Val
DSE:
P, R, F1: 
0.195855 0.195855
0.773174 0.850921
 0.31254  0.31842
Target:
P, R, F1: 
0.0939494  0.108959
 0.358315  0.649968
 0.148866  0.186632
Agent:
P, R, F1: 
0.243018 0.263368
0.460854 0.586074
0.318228 0.363423
All:
P, R, F1: 
0.165389 0.174457
 0.56193 0.702512
0.255561 0.279504

Test
DSE:
P, R, F1: 
0.205504 0.205504
0.767751 0.861675
0.324223 0.331861
Target:
P, R, F1: 
0.096681  0.11314
0.345191 0.644028
0.151055 0.192467
Agent:
P, R, F1: 
0.208532 0.226141
0.371627 0.494238
0.267155 0.310302
All:
P, R, F1: 
0.163985 0.173296
0.522357 0.671343
0.249609 0.275481

Epoch 30
Train
DSE:
P, R, F1: 
0.185798 0.185798
0.807436   0.8875
0.302083 0.307269
Target:
P, R, F1: 
0.140807 0.143376
 0.11963  0.36517
0.129357 0.205907
Agent:
P, R, F1: 
0.304205 0.316971
0.372463 0.521348
0.334891 0.394247
All:
P, R, F1: 
0.197602  0.20021
0.478662 0.623419
0.279727 0.303085

Val
DSE:
P, R, F1: 
0.196227 0.196227
0.806623 0.877722
0.315663 0.320747
Target:
P, R, F1: 
0.141629  0.14536
0.130102 0.384072
0.135621 0.210901
Agent:
P, R, F1: 
0.314634 0.333713
 0.37436 0.513862
0.341908 0.404642
All:
P, R, F1: 
0.206223 0.210034
0.493407 0.629513
0.290873 0.314977

Test
DSE:
P, R, F1: 
0.202728 0.202728
 0.79842 0.879442
0.323352 0.329499
Target:
P, R, F1: 
0.159514 0.161444
0.153471 0.395785
0.156434 0.229339
Agent:
P, R, F1: 
0.273155 0.286861
0.304118 0.428937
0.287806 0.343799
All:
P, R, F1: 
0.206727 0.209342
0.467036 0.599699
0.286596 0.310348

Epoch 35
Train
DSE:
P, R, F1: 
0.235634 0.235634
0.734561 0.835085
0.356809 0.367555
Target:
P, R, F1: 
1 1
0 0
0 0
Agent:
P, R, F1: 
0.167442 0.185037
0.939548 0.966292
 0.28423 0.310597
All:
P, R, F1: 
0.199585 0.208886
0.652652 0.701021
0.305688 0.321865

Val
DSE:
P, R, F1: 
0.245483 0.245483
0.729543 0.821106
0.367355 0.377966
Target:
P, R, F1: 
1 1
0 0
0 0
Agent:
P, R, F1: 
0.171021 0.191645
0.941145 0.964539
0.289445 0.319757
All:
P, R, F1: 
0.206171 0.217059
0.666813 0.712062
 0.31496 0.332701

Test
DSE:
P, R, F1: 
0.255399 0.255399
0.718047  0.82868
0.376782 0.390458
Target:
P, R, F1: 
1 1
0 0
0 0
Agent:
P, R, F1: 
0.171525  0.18696
0.953048 0.973111
0.290726 0.313658
All:
P, R, F1: 
0.210704 0.218929
0.656389 0.707916
0.319006 0.334432

Epoch 40
Train
DSE:
P, R, F1: 
0.224643 0.224643
0.755791 0.846875
0.346342 0.355093
Target:
P, R, F1: 
1 1
0 0
0 0
Agent:
P, R, F1: 
0.286223 0.293571
0.805613 0.907204
0.422381 0.443594
All:
P, R, F1: 
0.248455 0.251297
0.606741 0.681673
0.352546 0.367219

Val
DSE:
P, R, F1: 
0.234298 0.234298
0.752898 0.832831
0.357381 0.365711
Target:
P, R, F1: 
1 1
0 0
0 0
Agent:
P, R, F1: 
0.298292  0.30711
0.808822 0.907479
0.435845 0.458914
All:
P, R, F1: 
0.258939 0.262335
0.622235 0.693485
0.365697 0.380669

Test
DSE:
P, R, F1: 
 0.24526  0.24526
 0.74509 0.840102
0.369043 0.379677
Target:
P, R, F1: 
1 1
0 0
0 0
Agent:
P, R, F1: 
0.291233 0.296899
0.792292 0.892446
0.425909 0.445566
All:
P, R, F1: 
0.263246 0.265463
0.604164 0.680862
 0.36671 0.381991

Epoch 45
Train
DSE:
P, R, F1: 
0.269164 0.269164
0.683115 0.793892
0.386168 0.402024
Target:
P, R, F1: 
0.0968575  0.123729
 0.463859  0.705631
 0.160253  0.210541
Agent:
P, R, F1: 
0.245503 0.250723
0.834068 0.950165
0.379347 0.396753
All:
P, R, F1: 
0.193665  0.20593
0.694761 0.836983
0.302897 0.330536

Val
DSE:
P, R, F1: 
0.283882 0.283882
0.674665 0.776884
0.399615 0.415819
Target:
P, R, F1: 
0.0924396  0.120202
 0.488879  0.722543
  0.15548  0.206115
Agent:
P, R, F1: 
0.255759 0.262812
0.832437 0.946486
0.391295 0.411392
All:
P, R, F1: 
0.199503 0.212694
0.700848 0.834642
0.310592    0.339

Test
DSE:
P, R, F1: 
0.295661 0.295661
0.672426 0.785533
0.410728  0.42962
Target:
P, R, F1: 
0.094832 0.122306
 0.45557  0.70726
0.156986 0.208547
Agent:
P, R, F1: 
0.245294 0.248904
0.828447 0.942382
0.378515 0.393798
All:
P, R, F1: 
0.199117 0.211272
0.687083  0.83016
0.308756 0.336823

Epoch 50
Train
DSE:
P, R, F1: 
0.238017 0.238017
0.745918 0.847159
 0.36088 0.371623
Target:
P, R, F1: 
0.0977303  0.120793
 0.433182  0.674032
  0.15948  0.204871
Agent:
P, R, F1: 
0.250013 0.257303
0.857389 0.947389
0.387137 0.404695
All:
P, R, F1: 
0.190329 0.200828
0.720775  0.84873
0.301138 0.324801

Val
DSE:
P, R, F1: 
  0.2478   0.2478
0.741461 0.831491
0.371457 0.381812
Target:
P, R, F1: 
0.0942167  0.116545
 0.447818   0.69043
  0.15568  0.199427
Agent:
P, R, F1: 
0.260549  0.27003
0.854989 0.946164
0.399389 0.420152
All:
P, R, F1: 
0.195409 0.206264
 0.72772 0.849294
0.308089 0.331917

Test
DSE:
P, R, F1: 
0.258848 0.258848
0.733276 0.841371
0.382628 0.395898
Target:
P, R, F1: 
0.0972696  0.120817
 0.425977  0.669789
 0.158375  0.204708
Agent:
P, R, F1: 
0.255993 0.261724
0.845966 0.930858
0.393048 0.408572
All:
P, R, F1: 
0.198366 0.208704
 0.71163 0.839679
 0.31025 0.334314

Epoch 55
Train
DSE:
P, R, F1: 
0.264264 0.264264
0.699252 0.806676
0.383568 0.398109
Target:
P, R, F1: 
0.0899844  0.107254
 0.300821  0.563317
  0.13853  0.180199
Agent:
P, R, F1: 
0.189504 0.202016
0.944417  0.97885
0.315668 0.334912
All:
P, R, F1: 
0.173145 0.183978
0.708696 0.821463
0.278298 0.300627

Val
DSE:
P, R, F1: 
0.277155 0.277155
0.692821  0.79464
0.395925 0.410971
Target:
P, R, F1: 
0.0831888  0.100061
 0.315343  0.587669
 0.131648  0.171005
Agent:
P, R, F1: 
0.197264 0.211791
0.946696 0.978079
0.326495 0.348187
All:
P, R, F1: 
0.176969 0.188348
0.718957 0.826923
0.284026 0.306813

Test
DSE:
P, R, F1: 
0.288541 0.288541
0.689198 0.800761
0.406779 0.424221
Target:
P, R, F1: 
0.0857665  0.102315
 0.272452    0.5363
 0.130464  0.171845
Agent:
P, R, F1: 
0.191285 0.202529
 0.94654 0.974392
0.318254 0.335353
All:
P, R, F1: 
0.178128   0.1883
0.700738 0.812124
 0.28405 0.305716

Epoch 60
Train
DSE:
P, R, F1: 
0.256613 0.256613
0.721974 0.822727
0.378643 0.391206
Target:
P, R, F1: 
 0.152238  0.153069
0.0550907  0.229271
0.0809043  0.183576
Agent:
P, R, F1: 
0.248725 0.263038
0.896789 0.950033
0.389439 0.412003
All:
P, R, F1: 
0.241679 0.247703
0.643074  0.74115
0.351324 0.371309

Val
DSE:
P, R, F1: 
0.269439 0.269439
0.715156  0.80804
0.391411 0.404124
Target:
P, R, F1: 
 0.146655  0.147386
0.0563804  0.228003
0.0814486  0.179038
Agent:
P, R, F1: 
0.259489 0.277156
0.905846 0.954223
0.403416 0.429548
All:
P, R, F1: 
0.252105 0.259552
0.658354 0.749215
0.364595  0.38554

Test
DSE:
P, R, F1: 
0.278889 0.278889
   0.701 0.808376
0.399027 0.414705
Target:
P, R, F1: 
 0.135115  0.138677
0.0513802  0.224824
0.0744494  0.171542
Agent:
P, R, F1: 
0.251944 0.264686
0.895098 0.943662
 0.39321 0.413415
All:
P, R, F1: 
0.251722 0.257502
0.637976 0.736473
0.361005 0.381585

Epoch 65
Train
DSE:
P, R, F1: 
0.256566 0.256566
0.723211 0.823153
0.378763   0.3912
Target:
P, R, F1: 
 0.14273 0.146406
0.172291 0.463055
0.156124 0.222473
Agent:
P, R, F1: 
0.276228  0.28752
0.845851 0.925314
0.416455 0.438719
All:
P, R, F1: 
0.235143 0.239784
0.649274 0.783672
0.345249  0.36721

Val
DSE:
P, R, F1: 
0.268918 0.268918
0.715662 0.809045
0.390937 0.403663
Target:
P, R, F1: 
0.134412 0.138355
 0.17527  0.46885
0.152145  0.21366
Agent:
P, R, F1: 
0.289259 0.303256
0.849979 0.928756
0.431629 0.457221
All:
P, R, F1: 
0.243183 0.248798
0.660097 0.788331
0.355425 0.378227

Test
DSE:
P, R, F1: 
0.277613 0.277613
   0.701 0.807107
0.397719 0.413126
Target:
P, R, F1: 
 0.13733 0.142127
0.177649 0.480094
0.154909 0.219325
Agent:
P, R, F1: 
0.282803 0.293773
0.841534 0.925736
 0.42334 0.446009
All:
P, R, F1: 
0.245303 0.250186
0.644029 0.783567
0.355283 0.379274

Epoch 70
Train
DSE:
P, R, F1: 
 0.26283  0.26283
0.712052 0.814773
0.383941  0.39745
Target:
P, R, F1: 
0.0987466  0.119335
 0.390497  0.632217
 0.157632  0.200773
Agent:
P, R, F1: 
0.242345  0.25426
0.891866 0.954792
0.381128  0.40158
All:
P, R, F1: 
0.195009 0.206382
0.712417 0.830233
0.306201 0.330586

Val
DSE:
P, R, F1: 
0.276343 0.276343
0.704538  0.80268
0.396978 0.411141
Target:
P, R, F1: 
0.094587 0.114808
0.405386 0.649326
0.153385 0.195118
Agent:
P, R, F1: 
0.253544 0.268262
0.895038 0.954868
 0.39515 0.418852
All:
P, R, F1: 
0.201023 0.213123
 0.72091 0.833203
0.314382 0.339426

Test
DSE:
P, R, F1: 
0.285227 0.285227
0.692434 0.800761
0.404027 0.420628
Target:
P, R, F1: 
0.0956184  0.116756
 0.373246  0.625293
 0.152237  0.196771
Agent:
P, R, F1: 
0.246468 0.257061
0.890919 0.948784
0.386119 0.404522
All:
P, R, F1: 
0.201387 0.212658
0.701815 0.821142
0.312968 0.337827

Epoch 75
Train
DSE:
P, R, F1: 
0.260599 0.260599
0.716495  0.81875
 0.38219 0.395359
Target:
P, R, F1: 
0.121179 0.125742
 0.19427 0.489427
0.149257  0.20008
Agent:
P, R, F1: 
0.229811 0.245633
0.918642 0.959947
 0.36765 0.391173
All:
P, R, F1: 
0.209029  0.21587
0.680947  0.80185
0.319868 0.340163

Val
DSE:
P, R, F1: 
0.273763 0.273763
0.707972  0.80469
0.394845 0.408537
Target:
P, R, F1: 
0.118523 0.122682
0.192778 0.496468
0.146794 0.196746
Agent:
P, R, F1: 
0.240143 0.258877
0.925109 0.961638
0.381305 0.407936
All:
P, R, F1: 
 0.21666 0.224392
0.691149 0.805599
0.329903 0.351012

Test
DSE:
P, R, F1: 
0.281621 0.281621
0.694338  0.80203
0.400714 0.416866
Target:
P, R, F1: 
0.112481 0.119242
0.190011 0.461358
0.141311 0.189505
Agent:
P, R, F1: 
0.231657 0.246956
0.929131 0.957746
0.370852 0.392663
All:
P, R, F1: 
 0.21456 0.221883
0.678319  0.79008
0.326001 0.346466

Epoch 80
Train
DSE:
P, R, F1: 
0.261251 0.261251
0.716533 0.817756
0.382896 0.395993
Target:
P, R, F1: 
0.0997531  0.132183
  0.54907  0.757187
 0.168833  0.225075
Agent:
P, R, F1: 
0.297335 0.303411
0.756981 0.901124
0.426963 0.453969
All:
P, R, F1: 
0.208188 0.222394
0.695333 0.837727
0.320436  0.35148

Val
DSE:
P, R, F1: 
0.274153 0.274153
0.708888  0.80469
0.395393 0.408972
Target:
P, R, F1: 
0.0944675  0.126338
 0.562821  0.771997
 0.161781   0.21714
Agent:
P, R, F1: 
0.308135 0.315298
0.759637 0.902321
0.438429 0.467305
All:
P, R, F1: 
0.213306 0.227611
 0.69973  0.83765
0.326946 0.357956

Test
DSE:
P, R, F1: 
0.283349 0.283349
0.694972  0.80203
0.402566 0.418756
Target:
P, R, F1: 
0.100669 0.135389
0.534588 0.761124
0.169432 0.229886
Agent:
P, R, F1: 
0.302258 0.307604
0.751601 0.902689
0.431134 0.458849
All:
P, R, F1: 
0.216423 0.231554
0.682819 0.832665
0.328672 0.362344

Epoch 85
Train
DSE:
P, R, F1: 
0.258836 0.258836
0.719704 0.821165
0.380741 0.393605
Target:
P, R, F1: 
0.0975524  0.125906
 0.485442  0.703017
 0.162458  0.213564
Agent:
P, R, F1: 
 0.28113 0.290449
0.825279 0.922141
0.419394 0.441757
All:
P, R, F1: 
0.203033 0.216459
0.709747 0.835335
0.315743 0.343824

Val
DSE:
P, R, F1: 
0.271223 0.271223
0.710482  0.80603
0.392581 0.405873
Target:
P, R, F1: 
0.0934265  0.119871
 0.495292  0.713552
   0.1572   0.20526
Agent:
P, R, F1: 
0.293196 0.305636
0.829942 0.926177
0.433314 0.459604
All:
P, R, F1: 
0.208655 0.222246
0.715128  0.83595
0.323052 0.351138

Test
DSE:
P, R, F1: 
0.279771 0.279771
0.697616 0.803299
0.399376 0.415005
Target:
P, R, F1: 
0.0955641  0.124285
  0.46072   0.69555
 0.158294  0.210887
Agent:
P, R, F1: 
0.288166 0.296433
0.817038 0.915493
0.426062 0.447852
All:
P, R, F1: 
0.210389 0.223841
0.693665 0.824148
0.322856 0.352062

Epoch 90
Train
DSE:
P, R, F1: 
0.258691 0.258691
0.720069 0.821165
0.380635 0.393438
Target:
P, R, F1: 
0.107492 0.130644
0.469936 0.706819
0.174964 0.220527
Agent:
P, R, F1: 
 0.28959 0.297175
0.799715 0.913946
0.425206 0.448514
All:
P, R, F1: 
0.209246 0.220145
0.696135  0.83289
0.321773 0.348244

Val
DSE:
P, R, F1: 
0.271592 0.271592
0.713174 0.808375
0.393377 0.406583
Target:
P, R, F1: 
0.102757 0.125678
0.472969 0.707129
0.168833 0.213425
Agent:
P, R, F1: 
0.300934 0.310787
0.801126 0.913282
0.437519 0.463758
All:
P, R, F1: 
0.215179  0.22658
0.699938 0.830324
0.329165 0.356012

Test
DSE:
P, R, F1: 
0.279712 0.279712
0.700577 0.804569
  0.3998 0.415109
Target:
P, R, F1: 
 0.10648 0.132396
0.462453 0.709602
0.173103 0.223156
Agent:
P, R, F1: 
0.300479 0.306827
0.799694 0.911652
0.436824 0.459129
All:
P, R, F1: 
0.218532 0.230265
0.688418 0.826152
0.331752 0.360149

Epoch 95
Train
DSE:
P, R, F1: 
0.258973 0.258973
0.719654 0.820597
0.380882 0.393698
Target:
P, R, F1: 
0.103125 0.127745
 0.47246 0.700879
0.169297 0.216103
Agent:
P, R, F1: 
0.283218 0.291686
0.816596 0.919762
 0.42057  0.44291
All:
P, R, F1: 
0.205771 0.217527
0.703332 0.833688
0.318391 0.345028

Val
DSE:
P, R, F1: 
0.271898 0.271898
0.712121   0.8067
0.393538 0.406713
Target:
P, R, F1: 
0.0968165  0.120445
 0.475627  0.703918
 0.160884  0.205695
Agent:
P, R, F1: 
0.295407 0.306312
0.819788 0.921986
0.434312 0.459849
All:
P, R, F1: 
 0.21118 0.223224
0.707642 0.832548
0.325285 0.352055

Test
DSE:
P, R, F1: 
0.279916 0.279916
0.699731 0.804569
 0.39987 0.415334
Target:
P, R, F1: 
0.101105 0.128299
0.447872 0.688525
0.164969 0.216294
Agent:
P, R, F1: 
0.292052 0.298863
0.813083 0.918054
0.429744 0.450931
All:
P, R, F1: 
0.214004 0.226417
0.690204 0.824148
0.326709  0.35524

Epoch 100
Train
DSE:
P, R, F1: 
0.258191 0.258191
0.720448 0.821307
0.380146 0.392875
Target:
P, R, F1: 
0.104265 0.124728
 0.40066 0.646709
0.165469 0.209123
Agent:
P, R, F1: 
0.261612  0.27347
0.867246 0.938004
0.401967 0.423478
All:
P, R, F1: 
 0.20247 0.213445
0.707933  0.82917
0.314883 0.339496

Val
DSE:
P, R, F1: 
0.270048 0.270048
0.712431 0.807705
0.391643 0.404767
Target:
P, R, F1: 
0.102257 0.122244
0.410679 0.657033
0.163742 0.206136
Agent:
P, R, F1: 
0.272997 0.287418
 0.87155 0.941006
0.415764 0.440339
All:
P, R, F1: 
0.209079 0.220627
0.715539 0.831109
0.323602  0.34869

Test
DSE:
P, R, F1: 
0.279821 0.279821
0.703115 0.809645
0.400323 0.415902
Target:
P, R, F1: 
0.0987385  0.118823
 0.382105   0.63466
 0.156926  0.200169
Agent:
P, R, F1: 
0.267443 0.278376
0.861724 0.930858
0.408198 0.428582
All:
P, R, F1: 
0.208695 0.219357
0.696503 0.819639
 0.32116 0.346092

Epoch 105
Train
DSE:
P, R, F1: 
0.257242 0.257242
0.722279 0.823722
 0.37937  0.39205
Target:
P, R, F1: 
0.0998562   0.12058
 0.385403  0.626039
 0.158616  0.202212
Agent:
P, R, F1: 
0.251311   0.2648
0.888577 0.946728
0.391809 0.413847
All:
P, R, F1: 
0.197599 0.209193
0.713782 0.828957
0.309514 0.334078

Val
DSE:
P, R, F1: 
 0.26916  0.26916
0.716127  0.81139
0.391263 0.404228
Target:
P, R, F1: 
0.0960304  0.116581
  0.39726  0.639692
 0.154672   0.19722
Agent:
P, R, F1: 
0.262309  0.27886
0.894412 0.947776
 0.40565 0.430929
All:
P, R, F1: 
0.203552 0.215968
0.723527 0.831763
0.317719 0.342901

Test
DSE:
P, R, F1: 
0.279084 0.279084
0.703538 0.809645
0.399637 0.415087
Target:
P, R, F1: 
0.0946066  0.115129
 0.365779  0.611241
 0.150331  0.193762
Agent:
P, R, F1: 
0.254585 0.266711
0.884852  0.93726
0.395406 0.415256
All:
P, R, F1: 
 0.20316 0.214378
0.702227 0.817134
0.315146 0.339648

Epoch 110
Train
DSE:
P, R, F1: 
0.262582 0.262582
0.712926 0.814773
0.383803 0.397167
Target:
P, R, F1: 
0.110924 0.129178
0.391896  0.64861
0.172908 0.215447
Agent:
P, R, F1: 
0.270325 0.281245
0.852017 0.933245
 0.41043 0.432232
All:
P, R, F1: 
0.209147 0.219018
0.697034 0.825237
0.321751 0.346165

Val
DSE:
P, R, F1: 
0.276087 0.276087
0.705395 0.802345
0.396849 0.410813
Target:
P, R, F1: 
0.109693 0.127047
0.395761 0.657033
0.171775 0.212922
Agent:
P, R, F1: 
0.281476 0.295221
0.855336 0.934236
0.423564 0.448663
All:
P, R, F1: 
0.216271 0.226662
0.703174 0.826269
  0.3308 0.355738

Test
DSE:
P, R, F1: 
0.285316 0.285316
  0.6918 0.798223
0.404008 0.420374
Target:
P, R, F1: 
0.108089 0.127394
0.385029 0.655738
0.168793 0.213341
Agent:
P, R, F1: 
0.275793 0.286423
0.845694 0.927017
0.415942  0.43763
All:
P, R, F1: 
0.216376 0.226689
0.686389 0.818136
0.329029 0.355011

Epoch 115
Train
DSE:
P, R, F1: 
0.263522 0.263522
0.710789 0.813068
0.384494 0.398037
Target:
P, R, F1: 
0.105539  0.12674
0.416121 0.659539
0.168374 0.212622
Agent:
P, R, F1: 
0.269937 0.280857
0.851861  0.93351
0.409965 0.431801
All:
P, R, F1: 
0.205984 0.217095
0.701591  0.82715
0.318468 0.343923

Val
DSE:
P, R, F1: 
0.277351 0.277351
0.704139  0.80201
0.397953 0.412166
Target:
P, R, F1: 
0.102955 0.123438
0.425916 0.668593
0.165825 0.208401
Agent:
P, R, F1: 
0.280966 0.294676
0.855576 0.934558
0.423016 0.448071
All:
P, R, F1: 
0.212793 0.224454
0.708922 0.828624
0.327333 0.353228

Test
DSE:
P, R, F1: 
0.287274 0.287274
  0.6918 0.798223
0.405967 0.422495
Target:
P, R, F1: 
0.103075 0.124697
 0.40282  0.65808
0.164148 0.209665
Agent:
P, R, F1: 
0.275305 0.285916
0.845543 0.927017
0.415368 0.437039
All:
P, R, F1: 
 0.21362 0.224936
0.690136 0.818637
0.326254 0.352905

Epoch 120
Train
DSE:
P, R, F1: 
 0.26191  0.26191
0.714758 0.816477
0.383349 0.396599
Target:
P, R, F1: 
0.100283 0.124578
 0.45242 0.679971
0.164175 0.210576
Agent:
P, R, F1: 
0.273293 0.283387
0.843478 0.929941
0.412827 0.434397
All:
P, R, F1: 
0.203119 0.215276
0.707826 0.831562
0.315657 0.342011

Val
DSE:
P, R, F1: 
 0.27563  0.27563
0.708042  0.80469
0.396794 0.410613
Target:
P, R, F1: 
0.0965819  0.119424
 0.457404  0.691073
 0.159488  0.203654
Agent:
P, R, F1: 
0.284089 0.296855
0.848602 0.932624
0.425674 0.450359
All:
P, R, F1: 
0.209387 0.221746
 0.71403 0.833464
0.323816 0.350295

Test
DSE:
P, R, F1: 
0.285096 0.285096
0.692434 0.799492
0.403896 0.420311
Target:
P, R, F1: 
0.0978475  0.122199
 0.423942  0.662763
 0.158998  0.206351
Agent:
P, R, F1: 
0.279213 0.287949
0.837677 0.925736
0.418824 0.439265
All:
P, R, F1: 
 0.21072 0.222661
0.691827 0.819639
0.323045  0.35019

Epoch 125
Train
DSE:
P, R, F1: 
0.264829 0.264829
0.706546 0.809091
0.385256 0.399044
Target:
P, R, F1: 
1 1
0 0
0 0
Agent:
P, R, F1: 
0.228692 0.246409
0.921494 0.960079
0.366443 0.392167
All:
P, R, F1: 
0.246847 0.255663
 0.63491 0.688796
0.355484 0.372911

Val
DSE:
P, R, F1: 
0.279315 0.279315
0.700817  0.79799
0.399433 0.413793
Target:
P, R, F1: 
1 1
0 0
0 0
Agent:
P, R, F1: 
0.237103 0.257845
0.926211 0.960026
0.377555 0.406509
All:
P, R, F1: 
0.258337 0.268645
0.649535 0.701204
0.369654 0.388463

Test
DSE:
P, R, F1: 
0.289399 0.289399
0.691165 0.796954
0.407975 0.424609
Target:
P, R, F1: 
1 1
0 0
0 0
Agent:
P, R, F1: 
0.230213 0.247455
0.927981 0.953905
0.368907  0.39297
All:
P, R, F1: 
 0.25997 0.268543
0.635968 0.687876
0.369071 0.386284

Epoch 130
Train
DSE:
P, R, F1: 
0.258768 0.258768
0.719011 0.820455
0.380571 0.393445
Target:
P, R, F1: 
 0.10363 0.126447
 0.43752 0.671894
 0.16757 0.212839
Agent:
P, R, F1: 
0.273313 0.283251
0.844548 0.930073
0.412978 0.434251
All:
P, R, F1: 
0.204466 0.215853
0.706515 0.831296
0.317149 0.342716

Val
DSE:
P, R, F1: 
0.271092 0.271092
  0.7113 0.806365
0.392568 0.405769
Target:
P, R, F1: 
0.0989387  0.120829
 0.443341  0.680154
 0.161775  0.205204
Agent:
P, R, F1: 
0.284224 0.296525
 0.85006 0.932624
0.426008  0.44998
All:
P, R, F1: 
0.210131 0.221829
 0.71303 0.831894
0.324602  0.35026

Test
DSE:
P, R, F1: 
0.280264 0.280264
0.701635 0.809645
0.400536 0.416392
Target:
P, R, F1: 
0.102056 0.125331
0.417795 0.662763
0.164042 0.210799
Agent:
P, R, F1: 
0.278776 0.287841
0.838653 0.925736
0.418454  0.43914
All:
P, R, F1: 
 0.21207 0.223499
0.694526 0.823647
0.324926 0.351592

Epoch 135
Train
DSE:
P, R, F1: 
0.263352 0.263352
0.711526 0.813494
0.384421 0.397894
Target:
P, R, F1: 
0.096217  0.12628
0.493212 0.707294
0.161022 0.214299
Agent:
P, R, F1: 
0.278721 0.287878
0.825244 0.923199
0.416703 0.438897
All:
P, R, F1: 
0.203164 0.217314
0.708411 0.833847
 0.31577 0.344774

Val
DSE:
P, R, F1: 
0.277094 0.277094
0.704725 0.802345
0.397782 0.411927
Target:
P, R, F1: 
0.0916334  0.120298
 0.505225   0.71869
 0.155131  0.206098
Agent:
P, R, F1: 
 0.29019 0.302432
0.831354 0.929078
0.430212 0.456323
All:
P, R, F1: 
0.209073 0.223577
0.715476 0.836735
0.323589 0.352867

Test
DSE:
P, R, F1: 
0.286648 0.286648
  0.6918 0.798223
0.405342 0.421818
Target:
P, R, F1: 
0.0948424  0.126308
 0.472272  0.709602
 0.157962  0.214444
Agent:
P, R, F1: 
0.286015 0.294096
0.818444 0.918054
0.423894 0.445483
All:
P, R, F1: 
0.211482 0.226051
 0.69439 0.826152
 0.32422 0.354974

Epoch 140
Train
DSE:
P, R, F1: 
0.263041 0.263041
0.711775 0.813636
0.384126 0.397556
Target:
P, R, F1: 
0.0992569  0.128912
 0.505386  0.722975
 0.165926  0.218809
Agent:
P, R, F1: 
0.284076 0.292104
0.805181 0.918044
0.419979 0.443192
All:
P, R, F1: 
0.205203 0.218932
 0.70316 0.835335
0.317694 0.346936

Val
DSE:
P, R, F1: 
0.276635 0.276635
0.704921 0.802345
 0.39734 0.411419
Target:
P, R, F1: 
0.0940915  0.122005
 0.517672  0.734104
  0.15924  0.209236
Agent:
P, R, F1: 
0.297008 0.307625
0.808511 0.919729
0.434428 0.461043
All:
P, R, F1: 
0.211064  0.22486
0.708818 0.836081
0.325272 0.354405

Test
DSE:
P, R, F1: 
0.286114 0.286114
  0.6918 0.798223
0.404808 0.421239
Target:
P, R, F1: 
0.0980074  0.128431
 0.486154  0.728337
 0.163129  0.218358
Agent:
P, R, F1: 
0.293925 0.300735
0.803433 0.915493
0.430396 0.452746
All:
P, R, F1: 
 0.21416 0.228038
0.691487 0.829158
0.327034   0.3577

Epoch 145
Train
DSE:
P, R, F1: 
0.262389 0.262389
0.713842 0.815909
 0.38373 0.397081
Target:
P, R, F1: 
0.133587 0.137999
0.200559 0.502732
0.160361 0.216554
Agent:
P, R, F1: 
0.262831  0.27461
0.866706 0.937475
0.403346 0.424789
All:
P, R, F1: 
0.226518 0.231699
0.660478 0.794727
0.337341 0.358794

Val
DSE:
P, R, F1: 
0.276018 0.276018
  0.7063  0.80335
0.396921 0.410868
Target:
P, R, F1: 
0.131063 0.135394
0.204424 0.516378
0.159723 0.214536
Agent:
P, R, F1: 
0.274045  0.28807
0.872529 0.941651
 0.41709 0.441175
All:
P, R, F1: 
0.235083 0.241017
 0.67153  0.80102
0.348253 0.370542

Test
DSE:
P, R, F1: 
0.285139 0.285139
  0.6918 0.798223
0.403831 0.420182
Target:
P, R, F1: 
0.124213  0.12924
 0.20035 0.496487
0.153351 0.205093
Agent:
P, R, F1: 
0.268723 0.279693
0.860859 0.929577
 0.40959 0.430006
All:
P, R, F1: 
0.235089 0.240214
0.652815  0.78507
0.345689 0.367868

Epoch 150
Train
DSE:
P, R, F1: 
0.264112 0.264112
0.707769 0.810085
0.384678  0.39835
Target:
P, R, F1: 
 0.150223  0.151542
0.0737526  0.283915
0.0989335  0.197608
Agent:
P, R, F1: 
0.249641  0.26349
0.894278 0.948843
0.390323 0.412445
All:
P, R, F1: 
0.241705  0.24759
0.640924 0.748166
0.351029 0.372056

Val
DSE:
P, R, F1: 
0.278527 0.278527
0.701766  0.79933
 0.39878 0.413107
Target:
P, R, F1: 
 0.149039  0.149511
0.0760404  0.298009
 0.100702  0.199122
Agent:
P, R, F1: 
0.259508 0.276531
0.899525 0.949387
0.402808 0.428308
All:
P, R, F1: 
0.252529 0.259643
0.654565 0.758111
0.364453 0.386809

Test
DSE:
P, R, F1: 
0.288353 0.288353
  0.6918 0.798223
0.407044 0.423661
Target:
P, R, F1: 
 0.131595  0.132924
0.0638532  0.250585
0.0859846  0.173706
Agent:
P, R, F1: 
0.254815 0.267643
0.897486 0.944942
0.396933 0.417137
All:
P, R, F1: 
0.252949 0.258501
0.637946 0.738477
 0.36226 0.382951

Epoch 155
Train
DSE:
P, R, F1: 
 0.26292  0.26292
 0.71223 0.814063
0.384063 0.397469
Target:
P, R, F1: 
0.106257 0.128743
0.449467 0.688287
 0.17188 0.216913
Agent:
P, R, F1: 
0.280077 0.288736
0.821939 0.922009
0.417791 0.439758
All:
P, R, F1: 
0.207911 0.218923
0.697559 0.829329
0.320343 0.346404

Val
DSE:
P, R, F1: 
0.276442 0.276442
0.705116 0.802345
0.397172 0.411206
Target:
P, R, F1: 
0.102372 0.124364
0.456659 0.691715
 0.16725 0.210823
Agent:
P, R, F1: 
0.292217 0.303331
0.827978 0.926499
0.431977 0.457032
All:
P, R, F1: 
0.214662 0.226161
0.704366 0.830194
0.329045 0.355482

Test
DSE:
P, R, F1: 
0.286114 0.286114
  0.6918 0.798223
0.404808 0.421239
Target:
P, R, F1: 
0.104802 0.129694
0.436211 0.686183
   0.169 0.218155
Agent:
P, R, F1: 
0.288414 0.295636
0.815953 0.918054
0.426185 0.447248
All:
P, R, F1: 
0.216749 0.228404
0.685701 0.821142
0.329381 0.357397

Epoch 160
Train
DSE:
P, R, F1: 
0.258401 0.258401
0.719525 0.820739
0.380245 0.393053
Target:
P, R, F1: 
0.127702  0.13096
0.160123 0.445474
0.142087 0.202415
Agent:
P, R, F1: 
0.237152 0.253624
0.910939 0.955717
0.376331 0.400868
All:
P, R, F1: 
0.216779  0.22345
0.671344  0.79106
0.327732 0.348468

Val
DSE:
P, R, F1: 
0.270732 0.270732
0.712372  0.80737
0.392353 0.405492
Target:
P, R, F1: 
0.123563 0.126579
 0.16192 0.445729
0.140165 0.197167
Agent:
P, R, F1: 
0.245388  0.26501
 0.91643 0.955835
0.387119 0.414968
All:
P, R, F1: 
0.223385  0.23111
0.683059 0.793956
0.336668 0.358008

Test
DSE:
P, R, F1: 
0.280096 0.280096
0.701635 0.809645
0.400365 0.416206
Target:
P, R, F1: 
0.117149 0.120947
0.159706 0.421546
0.135156 0.187964
Agent:
P, R, F1: 
0.237133 0.252911
0.916863 0.948784
0.376809 0.399365
All:
P, R, F1: 
0.222119 0.228719
0.669916 0.781062
0.333622 0.353827

Epoch 165
Train
DSE:
P, R, F1: 
0.259692 0.259692
0.718246 0.820028
0.381461 0.394463
Target:
P, R, F1: 
0.100627 0.122812
0.419171 0.655263
0.162293 0.206855
Agent:
P, R, F1: 
0.262529 0.274772
0.865918 0.937475
0.402905 0.424983
All:
P, R, F1: 
0.200609 0.212466
0.710716 0.830392
0.312898 0.338359

Val
DSE:
P, R, F1: 
0.272565 0.272565
 0.71063 0.805695
0.394007 0.407331
Target:
P, R, F1: 
0.0966435  0.118063
 0.427342  0.666667
 0.157637    0.2006
Agent:
P, R, F1: 
0.273547 0.288367
0.870712 0.940361
0.416305 0.441382
All:
P, R, F1: 
 0.20654 0.218865
 0.71789 0.832025
0.320788 0.346566

Test
DSE:
P, R, F1: 
0.280882 0.280882
0.698462 0.805838
0.400646 0.416566
Target:
P, R, F1: 
0.0946606  0.116719
 0.392801  0.637002
 0.152557  0.197289
Agent:
P, R, F1: 
0.268514  0.28021
0.859484 0.929577
0.409191 0.430616
All:
P, R, F1: 
0.206288 0.218054
0.696078 0.818136
0.318258 0.344334

Epoch 170
Train
DSE:
P, R, F1: 
0.259655 0.259655
0.718151 0.819744
0.381408 0.394387
Target:
P, R, F1: 
0.102991 0.122748
0.383721 0.630316
0.162396 0.205481
Agent:
P, R, F1: 
 0.25545 0.268752
 0.88123 0.942102
0.396083 0.418203
All:
P, R, F1: 
0.200853 0.212027
0.708907 0.826565
0.313019 0.337484

Val
DSE:
P, R, F1: 
0.272565 0.272565
 0.71063 0.805695
0.394007 0.407331
Target:
P, R, F1: 
0.101222 0.120718
0.397485 0.645472
0.161354 0.203396
Agent:
P, R, F1: 
0.266982 0.282876
0.887345 0.945519
0.410465  0.43547
All:
P, R, F1: 
0.208004 0.219847
0.718558 0.829801
0.322618 0.347601

Test
DSE:
P, R, F1: 
0.280882 0.280882
0.698462 0.805838
0.400646 0.416566
Target:
P, R, F1: 
0.0975361  0.117234
 0.368426  0.615925
 0.154239  0.196976
Agent:
P, R, F1: 
0.259562 0.271546
0.875991  0.93598
0.400464 0.420962
All:
P, R, F1: 
0.206303 0.217168
0.697322 0.816132
0.318406 0.343052

Epoch 175
Train
DSE:
P, R, F1: 
0.263673 0.263673
0.709594 0.812216
 0.38448 0.398107
Target:
P, R, F1: 
0.134327 0.137339
0.128337 0.391542
0.131264  0.20335
Agent:
P, R, F1: 
0.247464 0.262035
0.897188 0.949901
0.387929  0.41076
All:
P, R, F1: 
0.228575 0.234672
0.654988 0.773467
0.338887 0.360091

Val
DSE:
P, R, F1: 
0.277907 0.277907
0.703413 0.801675
0.398409 0.412736
Target:
P, R, F1: 
0.132647 0.134868
0.130234 0.403982
0.131429 0.202224
Agent:
P, R, F1: 
0.256386  0.27458
0.903001 0.950677
0.399378 0.426093
All:
P, R, F1: 
0.237826 0.245139
0.667657 0.781136
0.350722 0.373169

Test
DSE:
P, R, F1: 
0.287543 0.287543
  0.6918 0.798223
0.406236 0.422786
Target:
P, R, F1: 
0.127636 0.130636
0.120837 0.391101
0.124143 0.195853
Agent:
P, R, F1: 
0.251357 0.265646
0.901212 0.946223
 0.39308 0.414831
All:
P, R, F1: 
0.238993 0.245055
0.651594 0.769038
0.349716 0.371675

Epoch 180
Train
DSE:
P, R, F1: 
 0.26528  0.26528
0.705859 0.808523
 0.38563 0.399486
Target:
P, R, F1: 
0.121554 0.132803
0.352725 0.632454
0.180802 0.219513
Agent:
P, R, F1: 
0.272889 0.283006
0.844853 0.930337
 0.41253 0.433993
All:
P, R, F1: 
0.215819 0.222867
0.682746 0.818114
0.327967 0.350306

Val
DSE:
P, R, F1: 
0.279935 0.279935
0.700286  0.79732
 0.39998 0.414382
Target:
P, R, F1: 
   0.118 0.129164
0.349343 0.637765
0.176412 0.214821
Agent:
P, R, F1: 
0.283673 0.296289
0.850859 0.932946
0.425489 0.449746
All:
P, R, F1: 
0.222637 0.230418
0.689907 0.819859
0.336638 0.359735

Test
DSE:
P, R, F1: 
 0.29018  0.29018
0.690848 0.796954
0.408694 0.425449
Target:
P, R, F1: 
0.123443 0.136659
0.350253 0.641686
0.182549  0.22533
Agent:
P, R, F1: 
0.277495 0.286577
0.839293 0.925736
0.417088 0.437667
All:
P, R, F1: 
0.226086 0.233593
0.676069 0.814128
0.338855 0.363025

Epoch 185
Train
DSE:
P, R, F1: 
0.261481 0.261481
0.715884 0.818182
0.383051 0.396307
Target:
P, R, F1: 
0.098073 0.128677
0.509186 0.723687
0.164468 0.218503
Agent:
P, R, F1: 
0.284035 0.292089
0.806452  0.91844
0.420107 0.443222
All:
P, R, F1: 
0.204636 0.218652
0.706059 0.837355
0.317307 0.346758

Val
DSE:
P, R, F1: 
 0.27502  0.27502
0.708293  0.80469
0.396201 0.409935
Target:
P, R, F1: 
0.0923453   0.12195
  0.52108  0.734104
 0.156887  0.209154
Agent:
P, R, F1: 
0.296284 0.307101
0.810274 0.921019
0.433906 0.460616
All:
P, R, F1: 
0.210273 0.224683
0.711545  0.83752
0.324617 0.354313

Test
DSE:
P, R, F1: 
0.283958 0.283958
0.694338 0.800761
0.403074 0.419247
Target:
P, R, F1: 
0.0969909  0.128571
 0.491143  0.728337
 0.161992  0.218561
Agent:
P, R, F1: 
0.293709 0.300514
0.803433 0.915493
0.430164 0.452495
All:
P, R, F1: 
0.213402 0.227661
0.693556  0.83016
 0.32638 0.357329

Epoch 190
Train
DSE:
P, R, F1: 
  0.2588   0.2588
0.719011 0.820455
0.380605 0.393482
Target:
P, R, F1: 
0.101025 0.126225
0.470445  0.69684
0.166332 0.213734
Agent:
P, R, F1: 
0.279361 0.288063
0.825244 0.923199
0.417418 0.439111
All:
P, R, F1: 
0.203987 0.216045
0.706118 0.834113
0.316532 0.343198

Val
DSE:
P, R, F1: 
0.271092 0.271092
  0.7113 0.806365
0.392568 0.405769
Target:
P, R, F1: 
0.0965559  0.120351
 0.474539  0.701991
 0.160462  0.205475
Agent:
P, R, F1: 
  0.2908 0.302041
0.831354 0.929078
0.430882 0.455877
All:
P, R, F1: 
 0.20972 0.221942
0.711793 0.834903
0.323983 0.350666

Test
DSE:
P, R, F1: 
0.280264 0.280264
0.701635 0.809645
0.400536 0.416392
Target:
P, R, F1: 
0.0988165  0.126107
 0.445339  0.686183
 0.161744  0.213059
Agent:
P, R, F1: 
0.286524 0.293372
0.818871 0.918054
0.424511 0.444652
All:
P, R, F1: 
 0.21186 0.224315
0.692679 0.825651
0.324477 0.352785

Epoch 195
Train
DSE:
P, R, F1: 
0.266009 0.266009
0.704593  0.80767
 0.38621 0.400208
Target:
P, R, F1: 
0.104261 0.125953
0.421172 0.661915
0.167145 0.211635
Agent:
P, R, F1: 
0.269529 0.280359
0.851372 0.933245
0.409437 0.431185
All:
P, R, F1: 
0.205463 0.216848
0.700206 0.825555
0.317702 0.343475

Val
DSE:
P, R, F1: 
 0.28034  0.28034
0.698433  0.79598
 0.40009 0.414645
Target:
P, R, F1: 
0.101092 0.122124
0.431087 0.671805
0.163777 0.206677
Agent:
P, R, F1: 
0.280862 0.294506
0.855932 0.934881
0.422942 0.447911
All:
P, R, F1: 
0.212265 0.224225
0.707892 0.827054
0.326598 0.352801

Test
DSE:
P, R, F1: 
0.291852 0.291852
0.689262 0.795685
 0.41007 0.427061
Target:
P, R, F1: 
0.101997  0.12347
0.408226 0.660422
0.163214 0.208045
Agent:
P, R, F1: 
  0.2755 0.286119
0.845543 0.927017
 0.41559 0.437275
All:
P, R, F1: 
0.213731 0.225113
0.690291 0.818136
  0.3264 0.353076

Best: 
Drop: 0
DSE:
P, R, F1: 
0.279315 0.279315
0.700817  0.79799
0.399433 0.413793
Target:
P, R, F1: 
1 1
0 0
0 0
Agent:
P, R, F1: 
0.237103 0.257845
0.926211 0.960026
0.377555 0.406509
All:
P, R, F1: 
0.258337 0.268645
0.649535 0.701204
0.369654 0.388463

